./stream_triad_cuda -min 8 -max 1e8 -align 1
STREAM triad of size        8 : min/avg/max: 2.73808e-06 2.75081e-06 2.75536e-06 seconds or  2.92175 MUPD/s or 0.070122 GB/s
STREAM triad of size       16 : min/avg/max: 2.73125e-06 2.75296e-06 2.76005e-06 seconds or  5.85813 MUPD/s or 0.140595 GB/s
STREAM triad of size       24 : min/avg/max: 2.73301e-06 2.75636e-06 2.76416e-06 seconds or  8.78153 MUPD/s or 0.210757 GB/s
STREAM triad of size       32 : min/avg/max: 2.73899e-06  2.7676e-06  2.7786e-06 seconds or  11.6831 MUPD/s or 0.280396 GB/s
STREAM triad of size       40 : min/avg/max: 2.69998e-06 2.74999e-06 2.77346e-06 seconds or  14.8149 MUPD/s or 0.355558 GB/s
STREAM triad of size       48 : min/avg/max: 2.70092e-06  2.7517e-06 2.76011e-06 seconds or  17.7717 MUPD/s or 0.426521 GB/s
STREAM triad of size       56 : min/avg/max: 2.73337e-06 2.76872e-06 2.78401e-06 seconds or  20.4875 MUPD/s or 0.491701 GB/s
STREAM triad of size       64 : min/avg/max: 2.72331e-06 2.76927e-06 2.78936e-06 seconds or  23.5008 MUPD/s or  0.56402 GB/s
STREAM triad of size       72 : min/avg/max: 2.62523e-06  2.7352e-06 2.77003e-06 seconds or  27.4262 MUPD/s or 0.658228 GB/s
STREAM triad of size       80 : min/avg/max: 2.73724e-06 2.75154e-06 2.76621e-06 seconds or  29.2265 MUPD/s or 0.701437 GB/s
STREAM triad of size       96 : min/avg/max: 2.74642e-06 2.76043e-06  2.7749e-06 seconds or  34.9546 MUPD/s or 0.838911 GB/s
STREAM triad of size      112 : min/avg/max: 2.74548e-06 2.76912e-06 2.80053e-06 seconds or  40.7943 MUPD/s or 0.979063 GB/s
STREAM triad of size      128 : min/avg/max: 2.76749e-06 2.77085e-06 2.78324e-06 seconds or  46.2513 MUPD/s or  1.11003 GB/s
STREAM triad of size      144 : min/avg/max: 2.74891e-06 2.75704e-06 2.78825e-06 seconds or  52.3844 MUPD/s or  1.25723 GB/s
STREAM triad of size      160 : min/avg/max:  2.7491e-06 2.75817e-06 2.77548e-06 seconds or  58.2008 MUPD/s or  1.39682 GB/s
STREAM triad of size      184 : min/avg/max: 2.68565e-06 2.75687e-06  2.7734e-06 seconds or  68.5122 MUPD/s or  1.64429 GB/s
STREAM triad of size      208 : min/avg/max: 2.75484e-06 2.76985e-06 2.78296e-06 seconds or  75.5034 MUPD/s or  1.81208 GB/s
STREAM triad of size      232 : min/avg/max: 2.76741e-06 2.77111e-06 2.77571e-06 seconds or  83.8329 MUPD/s or  2.01199 GB/s
STREAM triad of size      256 : min/avg/max: 2.74785e-06 2.76881e-06 2.77368e-06 seconds or  93.1638 MUPD/s or  2.23593 GB/s
STREAM triad of size      288 : min/avg/max: 2.74837e-06  2.7654e-06 2.81286e-06 seconds or  104.789 MUPD/s or  2.51494 GB/s
STREAM triad of size      320 : min/avg/max: 2.74812e-06 2.75291e-06 2.77177e-06 seconds or  116.443 MUPD/s or  2.79464 GB/s
STREAM triad of size      360 : min/avg/max: 2.74838e-06 2.75246e-06 2.77585e-06 seconds or  130.986 MUPD/s or  3.14367 GB/s
STREAM triad of size      400 : min/avg/max:  2.7662e-06 2.77586e-06 2.84125e-06 seconds or  144.603 MUPD/s or  3.47047 GB/s
STREAM triad of size      448 : min/avg/max: 2.76354e-06 2.76994e-06 2.78124e-06 seconds or  162.111 MUPD/s or  3.89067 GB/s
STREAM triad of size      496 : min/avg/max: 2.76758e-06 2.77862e-06 2.91708e-06 seconds or  179.218 MUPD/s or  4.30123 GB/s
STREAM triad of size      552 : min/avg/max: 2.76608e-06 2.77066e-06 2.77764e-06 seconds or  199.561 MUPD/s or  4.78946 GB/s
STREAM triad of size      608 : min/avg/max: 2.60709e-06 2.69877e-06 2.78445e-06 seconds or   233.21 MUPD/s or  5.59704 GB/s
STREAM triad of size      672 : min/avg/max:  2.7637e-06 2.77032e-06 2.77606e-06 seconds or  243.152 MUPD/s or  5.83565 GB/s
STREAM triad of size      744 : min/avg/max: 2.76743e-06 2.77011e-06 2.77535e-06 seconds or  268.842 MUPD/s or  6.45221 GB/s
STREAM triad of size      824 : min/avg/max: 2.74862e-06 2.75807e-06 2.79336e-06 seconds or  299.787 MUPD/s or  7.19488 GB/s
STREAM triad of size      912 : min/avg/max: 2.76329e-06  2.7711e-06 2.78037e-06 seconds or  330.041 MUPD/s or  7.92099 GB/s
STREAM triad of size     1008 : min/avg/max: 2.74514e-06 2.75472e-06 2.77396e-06 seconds or  367.194 MUPD/s or  8.81266 GB/s
STREAM triad of size     1112 : min/avg/max: 2.74421e-06 2.75359e-06 2.77773e-06 seconds or  405.217 MUPD/s or   9.7252 GB/s
STREAM triad of size     1224 : min/avg/max: 2.76377e-06 2.76979e-06 2.77765e-06 seconds or  442.873 MUPD/s or  10.6289 GB/s
STREAM triad of size     1352 : min/avg/max: 2.60569e-06 2.70568e-06 2.77573e-06 seconds or  518.865 MUPD/s or  12.4528 GB/s
STREAM triad of size     1488 : min/avg/max: 2.61463e-06 2.75547e-06 2.77809e-06 seconds or  569.105 MUPD/s or  13.6585 GB/s
STREAM triad of size     1640 : min/avg/max: 2.76374e-06 2.77079e-06 2.77784e-06 seconds or  593.398 MUPD/s or  14.2416 GB/s
STREAM triad of size     1808 : min/avg/max: 2.76158e-06 2.77283e-06 2.79624e-06 seconds or  654.697 MUPD/s or  15.7127 GB/s
STREAM triad of size     1992 : min/avg/max: 2.76291e-06 2.77052e-06 2.78715e-06 seconds or   720.98 MUPD/s or  17.3035 GB/s
STREAM triad of size     2192 : min/avg/max: 2.74537e-06 2.75768e-06 2.78201e-06 seconds or  798.434 MUPD/s or  19.1624 GB/s
STREAM triad of size     2416 : min/avg/max: 2.75876e-06 2.77239e-06 2.79481e-06 seconds or  875.757 MUPD/s or  21.0182 GB/s
STREAM triad of size     2664 : min/avg/max:  2.7629e-06 2.76937e-06 2.77689e-06 seconds or  964.204 MUPD/s or  23.1409 GB/s
STREAM triad of size     2936 : min/avg/max: 2.76437e-06 2.77515e-06 2.80403e-06 seconds or  1062.09 MUPD/s or  25.4901 GB/s
STREAM triad of size     3232 : min/avg/max: 2.76139e-06 2.78224e-06 2.87457e-06 seconds or  1170.43 MUPD/s or  28.0902 GB/s
STREAM triad of size     3560 : min/avg/max: 2.76206e-06 2.79351e-06 2.92908e-06 seconds or  1288.89 MUPD/s or  30.9334 GB/s
STREAM triad of size     3920 : min/avg/max: 2.76539e-06 2.77448e-06 2.79697e-06 seconds or  1417.52 MUPD/s or  34.0206 GB/s
STREAM triad of size     4320 : min/avg/max: 2.76169e-06  2.7734e-06 2.80561e-06 seconds or  1564.26 MUPD/s or  37.5422 GB/s
STREAM triad of size     4760 : min/avg/max:  2.7646e-06 2.77256e-06 2.79094e-06 seconds or  1721.77 MUPD/s or  41.3224 GB/s
STREAM triad of size     5240 : min/avg/max: 2.76329e-06 2.77093e-06 2.77829e-06 seconds or  1896.29 MUPD/s or   45.511 GB/s
STREAM triad of size     5768 : min/avg/max: 2.75922e-06 2.77274e-06 2.79133e-06 seconds or  2090.45 MUPD/s or  50.1707 GB/s
STREAM triad of size     6352 : min/avg/max: 2.76249e-06 2.77155e-06 2.79782e-06 seconds or  2299.37 MUPD/s or  55.1849 GB/s
STREAM triad of size     6992 : min/avg/max: 2.75899e-06 2.77178e-06 2.79794e-06 seconds or  2534.26 MUPD/s or  60.8223 GB/s
STREAM triad of size     7696 : min/avg/max: 2.75441e-06 2.77393e-06 2.80197e-06 seconds or  2794.06 MUPD/s or  67.0574 GB/s
STREAM triad of size     8472 : min/avg/max: 2.76427e-06 2.77596e-06 2.82835e-06 seconds or  3064.82 MUPD/s or  73.5557 GB/s
STREAM triad of size     9320 : min/avg/max: 2.76312e-06 2.77489e-06 2.80395e-06 seconds or     3373 MUPD/s or  80.9519 GB/s
STREAM triad of size    10256 : min/avg/max: 2.76005e-06 2.77335e-06 2.80985e-06 seconds or  3715.87 MUPD/s or  89.1809 GB/s
STREAM triad of size    11288 : min/avg/max: 2.75229e-06 2.77739e-06 2.80795e-06 seconds or  4101.31 MUPD/s or  98.4313 GB/s
STREAM triad of size    12424 : min/avg/max: 2.75845e-06 2.77166e-06 2.78172e-06 seconds or  4503.98 MUPD/s or  108.096 GB/s
STREAM triad of size    13672 : min/avg/max: 2.75856e-06 2.77718e-06 2.81495e-06 seconds or  4956.21 MUPD/s or  118.949 GB/s
STREAM triad of size    15040 : min/avg/max: 2.74753e-06 2.77324e-06 2.81374e-06 seconds or  5474.01 MUPD/s or  131.376 GB/s
STREAM triad of size    16552 : min/avg/max: 2.76038e-06 2.77162e-06 2.80229e-06 seconds or  5996.29 MUPD/s or  143.911 GB/s
STREAM triad of size    18208 : min/avg/max: 2.68804e-06 2.79127e-06 2.88027e-06 seconds or   6773.7 MUPD/s or  162.569 GB/s
STREAM triad of size    20032 : min/avg/max: 2.75907e-06 2.78147e-06 2.84386e-06 seconds or  7260.41 MUPD/s or   174.25 GB/s
STREAM triad of size    22040 : min/avg/max: 2.76454e-06 2.77842e-06 2.79307e-06 seconds or  7972.39 MUPD/s or  191.337 GB/s
STREAM triad of size    24248 : min/avg/max: 2.77233e-06 2.78598e-06 2.80676e-06 seconds or  8746.43 MUPD/s or  209.914 GB/s
STREAM triad of size    26680 : min/avg/max: 2.76268e-06 2.78631e-06 2.80675e-06 seconds or   9657.3 MUPD/s or  231.775 GB/s
STREAM triad of size    29352 : min/avg/max: 2.76165e-06 2.78371e-06 2.82514e-06 seconds or  10628.4 MUPD/s or  255.082 GB/s
STREAM triad of size    32288 : min/avg/max: 2.78256e-06 2.78752e-06 2.79826e-06 seconds or  11603.7 MUPD/s or  278.489 GB/s
STREAM triad of size    35520 : min/avg/max: 2.84921e-06  2.8547e-06 2.86149e-06 seconds or  12466.6 MUPD/s or  299.199 GB/s
STREAM triad of size    39080 : min/avg/max: 2.95437e-06  2.9589e-06   2.966e-06 seconds or  13227.8 MUPD/s or  317.468 GB/s
STREAM triad of size    42992 : min/avg/max: 3.22092e-06 3.22365e-06 3.22743e-06 seconds or  13347.8 MUPD/s or  320.346 GB/s
STREAM triad of size    47296 : min/avg/max: 3.35009e-06 3.35231e-06 3.35512e-06 seconds or  14117.8 MUPD/s or  338.828 GB/s
STREAM triad of size    52032 : min/avg/max: 3.45727e-06 3.46168e-06 3.46825e-06 seconds or    15050 MUPD/s or  361.201 GB/s
STREAM triad of size    57240 : min/avg/max: 3.59092e-06 3.59645e-06 3.59921e-06 seconds or  15940.2 MUPD/s or  382.564 GB/s
STREAM triad of size    62968 : min/avg/max: 3.87467e-06 3.87815e-06  3.8827e-06 seconds or  16251.2 MUPD/s or  390.028 GB/s
STREAM triad of size    69272 : min/avg/max: 4.11092e-06 4.11366e-06 4.11633e-06 seconds or  16850.7 MUPD/s or  404.418 GB/s
STREAM triad of size    76200 : min/avg/max: 4.26501e-06 4.26805e-06 4.27427e-06 seconds or  17866.3 MUPD/s or  428.792 GB/s
STREAM triad of size    83824 : min/avg/max: 4.63178e-06 4.63434e-06 4.63836e-06 seconds or  18097.6 MUPD/s or  434.342 GB/s
STREAM triad of size    92208 : min/avg/max: 4.85763e-06 4.86066e-06  4.8663e-06 seconds or  18982.1 MUPD/s or   455.57 GB/s
STREAM triad of size   101432 : min/avg/max:  5.1045e-06  5.1089e-06 5.11331e-06 seconds or  19871.1 MUPD/s or  476.906 GB/s
STREAM triad of size   111576 : min/avg/max: 5.52825e-06 5.53288e-06 5.53629e-06 seconds or  20182.9 MUPD/s or  484.389 GB/s
STREAM triad of size   122736 : min/avg/max: 5.86496e-06 5.86884e-06 5.87295e-06 seconds or    20927 MUPD/s or  502.248 GB/s
STREAM triad of size   135016 : min/avg/max: 6.28139e-06 6.28871e-06 6.29284e-06 seconds or  21494.6 MUPD/s or   515.87 GB/s
STREAM triad of size   148520 : min/avg/max: 6.84622e-06  6.8499e-06 6.85653e-06 seconds or  21693.7 MUPD/s or   520.65 GB/s
STREAM triad of size   163376 : min/avg/max: 7.23014e-06 7.23295e-06 7.23893e-06 seconds or  22596.5 MUPD/s or  542.316 GB/s
STREAM triad of size   179720 : min/avg/max: 1.27434e-05 1.27657e-05  1.2779e-05 seconds or  14102.9 MUPD/s or  338.471 GB/s
STREAM triad of size   197696 : min/avg/max: 1.99378e-05 1.99925e-05 2.00283e-05 seconds or  9915.65 MUPD/s or  237.976 GB/s
STREAM triad of size   217472 : min/avg/max: 2.15294e-05 2.15474e-05 2.15633e-05 seconds or  10101.2 MUPD/s or  242.428 GB/s
STREAM triad of size   239224 : min/avg/max: 2.37568e-05 2.37723e-05 2.37895e-05 seconds or  10069.7 MUPD/s or  241.673 GB/s
STREAM triad of size   263152 : min/avg/max: 2.60315e-05 2.60447e-05 2.60577e-05 seconds or    10109 MUPD/s or  242.616 GB/s
STREAM triad of size   289472 : min/avg/max: 2.92373e-05  2.9251e-05 2.92746e-05 seconds or  9900.79 MUPD/s or  237.619 GB/s
STREAM triad of size   318424 : min/avg/max: 3.19777e-05 3.19879e-05 3.20057e-05 seconds or   9957.7 MUPD/s or  238.985 GB/s
STREAM triad of size   350272 : min/avg/max: 3.49414e-05 3.49472e-05 3.49659e-05 seconds or  10024.6 MUPD/s or   240.59 GB/s
STREAM triad of size   385304 : min/avg/max: 3.81716e-05 3.81864e-05 3.82053e-05 seconds or    10094 MUPD/s or  242.256 GB/s
STREAM triad of size   423840 : min/avg/max: 4.17997e-05 4.18094e-05 4.18288e-05 seconds or  10139.8 MUPD/s or  243.355 GB/s
STREAM triad of size   466232 : min/avg/max: 4.57041e-05 4.57255e-05 4.57426e-05 seconds or  10201.1 MUPD/s or  244.827 GB/s
STREAM triad of size   512856 : min/avg/max:  5.0065e-05 5.00776e-05  5.0107e-05 seconds or  10243.8 MUPD/s or  245.851 GB/s
STREAM triad of size   564144 : min/avg/max: 5.50094e-05 5.50261e-05 5.50406e-05 seconds or  10255.4 MUPD/s or   246.13 GB/s
STREAM triad of size   620560 : min/avg/max: 6.02862e-05 6.03021e-05 6.03147e-05 seconds or  10293.6 MUPD/s or  247.046 GB/s
STREAM triad of size   682624 : min/avg/max: 6.60536e-05  6.6069e-05 6.60865e-05 seconds or  10334.4 MUPD/s or  248.026 GB/s
STREAM triad of size   750888 : min/avg/max: 7.24108e-05 7.24347e-05 7.24722e-05 seconds or  10369.8 MUPD/s or  248.876 GB/s
STREAM triad of size   825984 : min/avg/max: 7.94387e-05 7.94653e-05 7.95268e-05 seconds or  10397.8 MUPD/s or  249.546 GB/s
STREAM triad of size   908584 : min/avg/max: 8.72064e-05 8.72328e-05 8.72751e-05 seconds or  10418.8 MUPD/s or  250.051 GB/s
STREAM triad of size   999448 : min/avg/max: 9.57422e-05 9.57578e-05 9.57908e-05 seconds or  10438.9 MUPD/s or  250.535 GB/s
STREAM triad of size  1099400 : min/avg/max: 0.000105389 0.000105435 0.000105809 seconds or  10431.8 MUPD/s or  250.364 GB/s
STREAM triad of size  1209344 : min/avg/max: 0.000115377  0.00011541 0.000115502 seconds or  10481.6 MUPD/s or  251.559 GB/s
STREAM triad of size  1330280 : min/avg/max: 0.000126699 0.000126753 0.000126829 seconds or  10499.5 MUPD/s or  251.988 GB/s
STREAM triad of size  1463312 : min/avg/max: 0.000138946 0.000138992 0.000139077 seconds or  10531.5 MUPD/s or  252.756 GB/s
STREAM triad of size  1609648 : min/avg/max:  0.00015267 0.000152711 0.000152897 seconds or  10543.3 MUPD/s or   253.04 GB/s
STREAM triad of size  1770616 : min/avg/max: 0.000167632 0.000167658 0.000167773 seconds or  10562.5 MUPD/s or  253.501 GB/s
STREAM triad of size  1947680 : min/avg/max: 0.000184026 0.000184075 0.000184256 seconds or  10583.7 MUPD/s or   254.01 GB/s
STREAM triad of size  2142456 : min/avg/max: 0.000202714 0.000202794 0.000203033 seconds or  10568.9 MUPD/s or  253.652 GB/s
STREAM triad of size  2356704 : min/avg/max:  0.00022287 0.000222935 0.000223258 seconds or  10574.4 MUPD/s or  253.785 GB/s
STREAM triad of size  2592376 : min/avg/max:  0.00024477 0.000244832 0.000245259 seconds or  10591.1 MUPD/s or  254.186 GB/s
STREAM triad of size  2851616 : min/avg/max: 0.000268916 0.000268995 0.000269584 seconds or  10604.1 MUPD/s or  254.499 GB/s
STREAM triad of size  3136784 : min/avg/max: 0.000295405 0.000295512 0.000296271 seconds or  10618.6 MUPD/s or  254.847 GB/s
STREAM triad of size  3450464 : min/avg/max: 0.000324706  0.00032485  0.00032588 seconds or  10626.4 MUPD/s or  255.034 GB/s
STREAM triad of size  3795512 : min/avg/max:  0.00035647 0.000356596 0.000357835 seconds or  10647.5 MUPD/s or   255.54 GB/s
STREAM triad of size  4175064 : min/avg/max: 0.000393222 0.000393439 0.000395065 seconds or  10617.6 MUPD/s or  254.822 GB/s
STREAM triad of size  4592576 : min/avg/max:  0.00043187 0.000432082 0.000433824 seconds or  10634.2 MUPD/s or   255.22 GB/s
STREAM triad of size  5051840 : min/avg/max:  0.00047515 0.000475367 0.000477493 seconds or  10632.1 MUPD/s or   255.17 GB/s
STREAM triad of size  5557032 : min/avg/max: 0.000522625 0.000522894 0.000525121 seconds or  10632.9 MUPD/s or   255.19 GB/s
STREAM triad of size  6112736 : min/avg/max: 0.000573975 0.000574212 0.000576529 seconds or  10649.8 MUPD/s or  255.596 GB/s
STREAM triad of size  6724016 : min/avg/max: 0.000631222 0.000631552 0.000634039 seconds or  10652.4 MUPD/s or  255.657 GB/s
STREAM triad of size  7396424 : min/avg/max: 0.000694373  0.00069466 0.000697928 seconds or  10651.9 MUPD/s or  255.647 GB/s
STREAM triad of size  8136072 : min/avg/max: 0.000766678 0.000767138 0.000770367 seconds or  10612.1 MUPD/s or  254.691 GB/s
STREAM triad of size  8949680 : min/avg/max: 0.000839305 0.000839662 0.000843465 seconds or  10663.2 MUPD/s or  255.917 GB/s
STREAM triad of size  9844656 : min/avg/max: 0.000922789 0.000923158 0.000927003 seconds or  10668.4 MUPD/s or  256.041 GB/s
STREAM triad of size 10829128 : min/avg/max:  0.00101506  0.00101552  0.00102003 seconds or  10668.5 MUPD/s or  256.043 GB/s
STREAM triad of size 11912048 : min/avg/max:  0.00111811  0.00111858    0.001124 seconds or  10653.7 MUPD/s or   255.69 GB/s
STREAM triad of size 13103256 : min/avg/max:   0.0012285  0.00122914  0.00123458 seconds or    10666 MUPD/s or  255.984 GB/s
STREAM triad of size 14413584 : min/avg/max:  0.00135185  0.00135255  0.00135915 seconds or  10662.1 MUPD/s or   255.89 GB/s
STREAM triad of size 15854944 : min/avg/max:  0.00148595  0.00148654  0.00149293 seconds or  10669.9 MUPD/s or  256.078 GB/s
STREAM triad of size 17440440 : min/avg/max:  0.00163362   0.0016345  0.00164353 seconds or    10676 MUPD/s or  256.223 GB/s
STREAM triad of size 19184488 : min/avg/max:  0.00179698  0.00179776  0.00180599 seconds or  10675.9 MUPD/s or  256.222 GB/s
STREAM triad of size 21102944 : min/avg/max:  0.00197756  0.00197841   0.0019879 seconds or  10671.2 MUPD/s or  256.108 GB/s
STREAM triad of size 23213240 : min/avg/max:  0.00217275  0.00217383  0.00218307 seconds or  10683.8 MUPD/s or  256.411 GB/s
STREAM triad of size 25534568 : min/avg/max:  0.00239189  0.00239323  0.00240556 seconds or  10675.5 MUPD/s or  256.211 GB/s
STREAM triad of size 28088032 : min/avg/max:  0.00263127  0.00263247   0.0026456 seconds or  10674.7 MUPD/s or  256.193 GB/s
STREAM triad of size 30896840 : min/avg/max:  0.00289647  0.00289753  0.00291001 seconds or  10667.1 MUPD/s or   256.01 GB/s
STREAM triad of size 33986528 : min/avg/max:  0.00318278  0.00318485  0.00320366 seconds or  10678.2 MUPD/s or  256.278 GB/s
STREAM triad of size 37385184 : min/avg/max:   0.0034997  0.00350167  0.00351992 seconds or  10682.4 MUPD/s or  256.378 GB/s
STREAM triad of size 41123704 : min/avg/max:  0.00385014  0.00385216  0.00387107 seconds or  10681.1 MUPD/s or  256.346 GB/s
STREAM triad of size 45236080 : min/avg/max:  0.00423831  0.00424029  0.00425973 seconds or  10673.1 MUPD/s or  256.155 GB/s
STREAM triad of size 49759696 : min/avg/max:  0.00466048  0.00466296  0.00468308 seconds or    10677 MUPD/s or  256.247 GB/s
STREAM triad of size 54735672 : min/avg/max:   0.0051374  0.00514179  0.00517946 seconds or  10654.4 MUPD/s or  255.705 GB/s
STREAM triad of size 60209240 : min/avg/max:  0.00563449  0.00563799  0.00567678 seconds or  10685.8 MUPD/s or   256.46 GB/s
STREAM triad of size 66230168 : min/avg/max:  0.00619968  0.00620442  0.00624304 seconds or  10682.8 MUPD/s or  256.388 GB/s
STREAM triad of size 72853192 : min/avg/max:  0.00682173  0.00682556  0.00686558 seconds or  10679.6 MUPD/s or   256.31 GB/s
STREAM triad of size 80138512 : min/avg/max:  0.00750324   0.0075076  0.00754708 seconds or  10680.5 MUPD/s or  256.333 GB/s
STREAM triad of size 88152368 : min/avg/max:  0.00824906   0.0082525  0.00829025 seconds or  10686.4 MUPD/s or  256.472 GB/s
STREAM triad of size 96967608 : min/avg/max:  0.00907588  0.00907951   0.0091211 seconds or  10684.1 MUPD/s or  256.418 GB/s
