./stream_triad_cuda -min 8 -max 1e8 -align 1
STREAM triad of size        8 : min/avg/max: 2.67556e-06 2.68861e-06 2.69456e-06 seconds or  2.99002 MUPD/s or 0.0358803 GB/s
STREAM triad of size       16 : min/avg/max: 2.64996e-06 2.66931e-06 2.67493e-06 seconds or  6.03782 MUPD/s or 0.0724539 GB/s
STREAM triad of size       24 : min/avg/max: 2.63393e-06 2.66875e-06 2.68957e-06 seconds or  9.11187 MUPD/s or 0.109342 GB/s
STREAM triad of size       32 : min/avg/max: 2.62481e-06 2.66713e-06 2.69538e-06 seconds or  12.1914 MUPD/s or 0.146296 GB/s
STREAM triad of size       40 : min/avg/max: 2.61687e-06 2.66829e-06 2.69528e-06 seconds or  15.2854 MUPD/s or 0.183425 GB/s
STREAM triad of size       48 : min/avg/max: 2.61147e-06 2.67018e-06 2.69462e-06 seconds or  18.3805 MUPD/s or 0.220566 GB/s
STREAM triad of size       56 : min/avg/max: 2.56312e-06 2.66481e-06 2.68347e-06 seconds or  21.8484 MUPD/s or  0.26218 GB/s
STREAM triad of size       64 : min/avg/max: 2.63199e-06 2.67582e-06 2.69868e-06 seconds or  24.3162 MUPD/s or 0.291795 GB/s
STREAM triad of size       72 : min/avg/max: 2.64162e-06  2.6735e-06 2.69301e-06 seconds or  27.2561 MUPD/s or 0.327073 GB/s
STREAM triad of size       80 : min/avg/max: 2.55906e-06 2.66714e-06 2.69721e-06 seconds or  31.2615 MUPD/s or 0.375138 GB/s
STREAM triad of size       96 : min/avg/max: 2.66195e-06 2.67589e-06 2.68747e-06 seconds or  36.0638 MUPD/s or 0.432766 GB/s
STREAM triad of size      112 : min/avg/max: 2.59538e-06 2.67314e-06 2.69707e-06 seconds or  43.1535 MUPD/s or 0.517842 GB/s
STREAM triad of size      128 : min/avg/max:  2.6047e-06 2.67451e-06 2.69992e-06 seconds or   49.142 MUPD/s or 0.589704 GB/s
STREAM triad of size      144 : min/avg/max: 2.65192e-06 2.67826e-06 2.69576e-06 seconds or  54.3003 MUPD/s or 0.651604 GB/s
STREAM triad of size      160 : min/avg/max:  2.6916e-06  2.6945e-06 2.70193e-06 seconds or  59.4443 MUPD/s or 0.713331 GB/s
STREAM triad of size      184 : min/avg/max:  2.6719e-06 2.67829e-06 2.70023e-06 seconds or  68.8649 MUPD/s or 0.826379 GB/s
STREAM triad of size      208 : min/avg/max: 2.60822e-06 2.67562e-06 2.69573e-06 seconds or  79.7478 MUPD/s or 0.956974 GB/s
STREAM triad of size      232 : min/avg/max: 2.63183e-06 2.68693e-06  2.7078e-06 seconds or  88.1515 MUPD/s or  1.05782 GB/s
STREAM triad of size      256 : min/avg/max: 2.67326e-06 2.68661e-06 2.69788e-06 seconds or  95.7632 MUPD/s or  1.14916 GB/s
STREAM triad of size      288 : min/avg/max: 2.56552e-06 2.66482e-06   2.696e-06 seconds or  112.258 MUPD/s or  1.34709 GB/s
STREAM triad of size      320 : min/avg/max: 2.63313e-06 2.68887e-06 2.70074e-06 seconds or  121.529 MUPD/s or  1.45834 GB/s
STREAM triad of size      360 : min/avg/max: 2.68888e-06 2.69426e-06 2.69661e-06 seconds or  133.885 MUPD/s or  1.60662 GB/s
STREAM triad of size      400 : min/avg/max:   2.602e-06 2.68855e-06 2.70846e-06 seconds or  153.728 MUPD/s or  1.84473 GB/s
STREAM triad of size      448 : min/avg/max: 2.67111e-06 2.67495e-06 2.68571e-06 seconds or   167.72 MUPD/s or  2.01265 GB/s
STREAM triad of size      496 : min/avg/max: 2.66067e-06 2.68387e-06 2.70955e-06 seconds or  186.419 MUPD/s or  2.23703 GB/s
STREAM triad of size      552 : min/avg/max: 2.69143e-06 2.69607e-06 2.70722e-06 seconds or  205.096 MUPD/s or  2.46115 GB/s
STREAM triad of size      608 : min/avg/max: 2.56635e-06 2.67417e-06 2.70707e-06 seconds or  236.913 MUPD/s or  2.84295 GB/s
STREAM triad of size      672 : min/avg/max: 2.68979e-06 2.69467e-06 2.70545e-06 seconds or  249.834 MUPD/s or    2.998 GB/s
STREAM triad of size      744 : min/avg/max: 2.69064e-06 2.69596e-06 2.70641e-06 seconds or  276.514 MUPD/s or  3.31817 GB/s
STREAM triad of size      824 : min/avg/max: 2.68821e-06 2.69519e-06 2.70641e-06 seconds or  306.524 MUPD/s or  3.67829 GB/s
STREAM triad of size      912 : min/avg/max: 2.55962e-06 2.62621e-06 2.70068e-06 seconds or  356.303 MUPD/s or  4.27563 GB/s
STREAM triad of size     1008 : min/avg/max: 2.66959e-06 2.68155e-06 2.70674e-06 seconds or  377.587 MUPD/s or  4.53104 GB/s
STREAM triad of size     1112 : min/avg/max: 2.68832e-06 2.69548e-06 2.70996e-06 seconds or  413.641 MUPD/s or  4.96369 GB/s
STREAM triad of size     1224 : min/avg/max: 2.68848e-06 2.70157e-06 2.73658e-06 seconds or  455.276 MUPD/s or  5.46332 GB/s
STREAM triad of size     1352 : min/avg/max: 2.68903e-06 2.69652e-06 2.72147e-06 seconds or  502.783 MUPD/s or   6.0334 GB/s
STREAM triad of size     1488 : min/avg/max: 2.56459e-06 2.64284e-06 2.69949e-06 seconds or  580.209 MUPD/s or   6.9625 GB/s
STREAM triad of size     1640 : min/avg/max: 2.68884e-06 2.69547e-06 2.70482e-06 seconds or  609.927 MUPD/s or  7.31913 GB/s
STREAM triad of size     1808 : min/avg/max: 2.68684e-06 2.69549e-06 2.72043e-06 seconds or   672.91 MUPD/s or  8.07492 GB/s
STREAM triad of size     1992 : min/avg/max: 2.68741e-06  2.6946e-06 2.70953e-06 seconds or  741.234 MUPD/s or   8.8948 GB/s
STREAM triad of size     2192 : min/avg/max: 2.68521e-06 2.69558e-06 2.72279e-06 seconds or  816.325 MUPD/s or   9.7959 GB/s
STREAM triad of size     2416 : min/avg/max: 2.68472e-06 2.69388e-06 2.70796e-06 seconds or  899.906 MUPD/s or  10.7989 GB/s
STREAM triad of size     2664 : min/avg/max:  2.6862e-06 2.69592e-06 2.70906e-06 seconds or  991.736 MUPD/s or  11.9008 GB/s
STREAM triad of size     2936 : min/avg/max: 2.68414e-06 2.69728e-06 2.73256e-06 seconds or  1093.83 MUPD/s or   13.126 GB/s
STREAM triad of size     3232 : min/avg/max: 2.68562e-06 2.69851e-06 2.74136e-06 seconds or  1203.45 MUPD/s or  14.4414 GB/s
STREAM triad of size     3560 : min/avg/max: 2.68686e-06 2.69545e-06 2.71299e-06 seconds or  1324.97 MUPD/s or  15.8996 GB/s
STREAM triad of size     3920 : min/avg/max: 2.68512e-06 2.69654e-06 2.73776e-06 seconds or   1459.9 MUPD/s or  17.5188 GB/s
STREAM triad of size     4320 : min/avg/max: 2.56076e-06 2.67316e-06  2.7126e-06 seconds or     1687 MUPD/s or   20.244 GB/s
STREAM triad of size     4760 : min/avg/max:  2.5523e-06  2.5702e-06  2.5941e-06 seconds or  1864.98 MUPD/s or  22.3798 GB/s
STREAM triad of size     5240 : min/avg/max: 2.56247e-06 2.67026e-06 2.70352e-06 seconds or  2044.91 MUPD/s or  24.5389 GB/s
STREAM triad of size     5768 : min/avg/max: 2.68442e-06 2.69696e-06 2.72339e-06 seconds or  2148.69 MUPD/s or  25.7843 GB/s
STREAM triad of size     6352 : min/avg/max: 2.68167e-06 2.69712e-06 2.71343e-06 seconds or  2368.67 MUPD/s or   28.424 GB/s
STREAM triad of size     6992 : min/avg/max: 2.68247e-06 2.69932e-06 2.75822e-06 seconds or  2606.55 MUPD/s or  31.2786 GB/s
STREAM triad of size     7696 : min/avg/max: 2.68142e-06 2.69894e-06 2.73827e-06 seconds or  2870.13 MUPD/s or  34.4415 GB/s
STREAM triad of size     8472 : min/avg/max: 2.68815e-06  2.7014e-06 2.73064e-06 seconds or  3151.61 MUPD/s or  37.8193 GB/s
STREAM triad of size     9320 : min/avg/max:  2.6835e-06 2.70645e-06 2.75618e-06 seconds or  3473.07 MUPD/s or  41.6768 GB/s
STREAM triad of size    10256 : min/avg/max: 2.68282e-06 2.70304e-06 2.74375e-06 seconds or  3822.84 MUPD/s or  45.8741 GB/s
STREAM triad of size    11288 : min/avg/max: 2.66448e-06 2.69073e-06 2.74478e-06 seconds or  4236.47 MUPD/s or  50.8376 GB/s
STREAM triad of size    12424 : min/avg/max: 2.68577e-06 2.70063e-06 2.73467e-06 seconds or  4625.87 MUPD/s or  55.5104 GB/s
STREAM triad of size    13672 : min/avg/max: 2.68407e-06 2.70271e-06 2.74395e-06 seconds or  5093.76 MUPD/s or  61.1252 GB/s
STREAM triad of size    15040 : min/avg/max: 2.67744e-06 2.70169e-06 2.74222e-06 seconds or   5617.3 MUPD/s or  67.4076 GB/s
STREAM triad of size    16552 : min/avg/max: 2.67933e-06 2.70229e-06 2.73432e-06 seconds or  6177.67 MUPD/s or   74.132 GB/s
STREAM triad of size    18208 : min/avg/max: 2.69183e-06 2.71985e-06 2.76289e-06 seconds or  6764.18 MUPD/s or  81.1702 GB/s
STREAM triad of size    20032 : min/avg/max: 2.68684e-06   2.707e-06 2.76195e-06 seconds or  7455.61 MUPD/s or  89.4673 GB/s
STREAM triad of size    22040 : min/avg/max:  2.6925e-06 2.70654e-06 2.72686e-06 seconds or  8185.69 MUPD/s or  98.2283 GB/s
STREAM triad of size    24248 : min/avg/max:  2.6892e-06 2.72513e-06 2.76133e-06 seconds or  9016.81 MUPD/s or  108.202 GB/s
STREAM triad of size    26680 : min/avg/max: 2.67683e-06 2.71394e-06 2.75822e-06 seconds or  9967.02 MUPD/s or  119.604 GB/s
STREAM triad of size    29352 : min/avg/max: 2.71871e-06 2.73242e-06 2.75495e-06 seconds or  10796.3 MUPD/s or  129.555 GB/s
STREAM triad of size    32288 : min/avg/max: 2.69184e-06 2.73621e-06 2.77822e-06 seconds or  11994.8 MUPD/s or  143.937 GB/s
STREAM triad of size    35520 : min/avg/max: 2.68363e-06 2.70889e-06 2.73132e-06 seconds or  13235.8 MUPD/s or   158.83 GB/s
STREAM triad of size    39080 : min/avg/max: 2.68291e-06 2.71672e-06 2.73706e-06 seconds or  14566.3 MUPD/s or  174.795 GB/s
STREAM triad of size    42992 : min/avg/max: 2.68691e-06 2.70041e-06 2.73208e-06 seconds or  16000.5 MUPD/s or  192.006 GB/s
STREAM triad of size    47296 : min/avg/max: 2.71617e-06 2.74833e-06 2.79239e-06 seconds or  17412.8 MUPD/s or  208.953 GB/s
STREAM triad of size    52032 : min/avg/max: 2.68976e-06 2.72127e-06 2.76153e-06 seconds or  19344.5 MUPD/s or  232.134 GB/s
STREAM triad of size    57240 : min/avg/max: 2.68754e-06 2.70779e-06 2.74288e-06 seconds or  21298.3 MUPD/s or   255.58 GB/s
STREAM triad of size    62968 : min/avg/max: 2.69734e-06 2.71954e-06 2.77504e-06 seconds or  23344.5 MUPD/s or  280.133 GB/s
STREAM triad of size    69272 : min/avg/max: 2.69269e-06 2.72617e-06 2.76467e-06 seconds or  25725.9 MUPD/s or  308.711 GB/s
STREAM triad of size    76200 : min/avg/max: 2.71541e-06  2.7429e-06 2.77592e-06 seconds or  28062.1 MUPD/s or  336.745 GB/s
STREAM triad of size    83824 : min/avg/max:  2.7016e-06 2.73843e-06 2.80234e-06 seconds or  31027.5 MUPD/s or   372.33 GB/s
STREAM triad of size    92208 : min/avg/max:  2.7324e-06 2.74362e-06 2.75887e-06 seconds or  33746.2 MUPD/s or  404.954 GB/s
STREAM triad of size   101432 : min/avg/max: 2.80391e-06 2.81078e-06 2.82221e-06 seconds or  36175.2 MUPD/s or  434.103 GB/s
STREAM triad of size   111576 : min/avg/max: 2.89171e-06 2.90439e-06 2.91415e-06 seconds or  38584.8 MUPD/s or  463.017 GB/s
STREAM triad of size   122736 : min/avg/max: 3.01997e-06 3.02647e-06 3.03138e-06 seconds or  40641.5 MUPD/s or  487.697 GB/s
STREAM triad of size   135016 : min/avg/max: 3.18287e-06 3.18835e-06  3.1953e-06 seconds or  42419.6 MUPD/s or  509.035 GB/s
STREAM triad of size   148520 : min/avg/max: 3.31638e-06 3.32212e-06 3.33025e-06 seconds or  44783.8 MUPD/s or  537.405 GB/s
STREAM triad of size   163376 : min/avg/max: 3.49693e-06 3.50395e-06 3.51481e-06 seconds or  46719.9 MUPD/s or  560.639 GB/s
STREAM triad of size   179720 : min/avg/max: 3.69171e-06 3.70069e-06 3.71319e-06 seconds or    48682 MUPD/s or  584.184 GB/s
STREAM triad of size   197696 : min/avg/max: 3.90061e-06 3.90777e-06 3.91533e-06 seconds or  50683.4 MUPD/s or    608.2 GB/s
STREAM triad of size   217472 : min/avg/max: 4.14435e-06 4.14857e-06 4.15435e-06 seconds or  52474.4 MUPD/s or  629.693 GB/s
STREAM triad of size   239224 : min/avg/max: 4.33597e-06 4.34311e-06 4.35012e-06 seconds or  55171.9 MUPD/s or  662.063 GB/s
STREAM triad of size   263152 : min/avg/max: 4.62342e-06 4.65282e-06 4.67243e-06 seconds or  56917.2 MUPD/s or  683.006 GB/s
STREAM triad of size   289472 : min/avg/max: 4.98324e-06 4.99021e-06 5.00135e-06 seconds or  58089.1 MUPD/s or   697.07 GB/s
STREAM triad of size   318424 : min/avg/max: 5.25834e-06 5.26783e-06 5.27594e-06 seconds or  60555.9 MUPD/s or  726.671 GB/s
STREAM triad of size   350272 : min/avg/max: 9.53995e-06  9.5694e-06 9.60545e-06 seconds or  36716.3 MUPD/s or  440.596 GB/s
STREAM triad of size   385304 : min/avg/max: 1.91336e-05 1.92128e-05  1.9315e-05 seconds or  20137.6 MUPD/s or  241.651 GB/s
STREAM triad of size   423840 : min/avg/max: 2.09311e-05 2.09577e-05 2.09775e-05 seconds or  20249.3 MUPD/s or  242.992 GB/s
STREAM triad of size   466232 : min/avg/max: 2.30124e-05 2.30196e-05 2.30344e-05 seconds or    20260 MUPD/s or   243.12 GB/s
STREAM triad of size   512856 : min/avg/max: 2.54677e-05 2.54901e-05 2.55425e-05 seconds or  20137.5 MUPD/s or   241.65 GB/s
STREAM triad of size   564144 : min/avg/max: 2.82582e-05 2.82755e-05 2.83213e-05 seconds or  19963.9 MUPD/s or  239.567 GB/s
STREAM triad of size   620560 : min/avg/max: 3.09532e-05 3.09814e-05 3.10279e-05 seconds or  20048.4 MUPD/s or   240.58 GB/s
STREAM triad of size   682624 : min/avg/max: 3.38043e-05  3.3821e-05 3.38498e-05 seconds or  20193.4 MUPD/s or  242.321 GB/s
STREAM triad of size   750888 : min/avg/max: 3.70071e-05 3.70318e-05 3.70772e-05 seconds or  20290.4 MUPD/s or  243.484 GB/s
STREAM triad of size   825984 : min/avg/max: 4.07035e-05 4.07153e-05 4.07474e-05 seconds or  20292.7 MUPD/s or  243.512 GB/s
STREAM triad of size   908584 : min/avg/max: 4.44735e-05 4.44991e-05 4.45295e-05 seconds or  20429.8 MUPD/s or  245.157 GB/s
STREAM triad of size   999448 : min/avg/max: 4.86816e-05 4.87015e-05 4.87486e-05 seconds or  20530.3 MUPD/s or  246.364 GB/s
STREAM triad of size  1099400 : min/avg/max: 5.34009e-05 5.34323e-05  5.3587e-05 seconds or  20587.7 MUPD/s or  247.052 GB/s
STREAM triad of size  1209344 : min/avg/max: 5.86179e-05 5.86487e-05 5.86734e-05 seconds or    20631 MUPD/s or  247.572 GB/s
STREAM triad of size  1330280 : min/avg/max: 6.42167e-05 6.42498e-05 6.43084e-05 seconds or  20715.5 MUPD/s or  248.586 GB/s
STREAM triad of size  1463312 : min/avg/max: 7.04463e-05 7.04773e-05 7.05524e-05 seconds or    20772 MUPD/s or  249.264 GB/s
STREAM triad of size  1609648 : min/avg/max: 7.73314e-05 7.73648e-05 7.74362e-05 seconds or  20814.9 MUPD/s or  249.779 GB/s
STREAM triad of size  1770616 : min/avg/max: 8.47885e-05 8.48384e-05 8.49358e-05 seconds or  20882.7 MUPD/s or  250.593 GB/s
STREAM triad of size  1947680 : min/avg/max:  9.3024e-05 9.30656e-05 9.31374e-05 seconds or  20937.4 MUPD/s or  251.249 GB/s
STREAM triad of size  2142456 : min/avg/max: 0.000102303 0.000102334 0.000102425 seconds or  20942.2 MUPD/s or  251.306 GB/s
STREAM triad of size  2356704 : min/avg/max: 0.000112088 0.000112125 0.000112225 seconds or  21025.5 MUPD/s or  252.305 GB/s
STREAM triad of size  2592376 : min/avg/max: 0.000123246 0.000123339 0.000123532 seconds or  21034.2 MUPD/s or   252.41 GB/s
STREAM triad of size  2851616 : min/avg/max:  0.00013523 0.000135274 0.000135491 seconds or  21087.2 MUPD/s or  253.046 GB/s
STREAM triad of size  3136784 : min/avg/max: 0.000148493 0.000148553  0.00014871 seconds or  21124.1 MUPD/s or  253.489 GB/s
STREAM triad of size  3450464 : min/avg/max: 0.000162805 0.000162896 0.000163004 seconds or  21193.8 MUPD/s or  254.326 GB/s
STREAM triad of size  3795512 : min/avg/max: 0.000179522 0.000179613 0.000179912 seconds or  21142.3 MUPD/s or  253.708 GB/s
STREAM triad of size  4175064 : min/avg/max: 0.000196937 0.000197004 0.000197291 seconds or    21200 MUPD/s or    254.4 GB/s
STREAM triad of size  4592576 : min/avg/max: 0.000216746 0.000216829 0.000217363 seconds or  21188.8 MUPD/s or  254.265 GB/s
STREAM triad of size  5051840 : min/avg/max:  0.00023797 0.000238074 0.000238844 seconds or  21228.9 MUPD/s or  254.747 GB/s
STREAM triad of size  5557032 : min/avg/max: 0.000261479 0.000261616 0.000262589 seconds or  21252.3 MUPD/s or  255.028 GB/s
STREAM triad of size  6112736 : min/avg/max: 0.000287037 0.000287207 0.000288601 seconds or  21295.9 MUPD/s or  255.551 GB/s
STREAM triad of size  6724016 : min/avg/max:  0.00031563 0.000315948 0.000317756 seconds or  21303.5 MUPD/s or  255.642 GB/s
STREAM triad of size  7396424 : min/avg/max: 0.000347012 0.000347188 0.000349615 seconds or  21314.6 MUPD/s or  255.775 GB/s
STREAM triad of size  8136072 : min/avg/max: 0.000381967 0.000382255 0.000385106 seconds or  21300.5 MUPD/s or  255.606 GB/s
STREAM triad of size  8949680 : min/avg/max: 0.000419412 0.000419803 0.000423432 seconds or  21338.6 MUPD/s or  256.063 GB/s
STREAM triad of size  9844656 : min/avg/max: 0.000461696 0.000461996 0.000465957 seconds or  21322.8 MUPD/s or  255.874 GB/s
STREAM triad of size 10829128 : min/avg/max: 0.000507512 0.000507875 0.000512297 seconds or  21337.7 MUPD/s or  256.052 GB/s
STREAM triad of size 11912048 : min/avg/max:  0.00055898 0.000559411 0.000564429 seconds or  21310.3 MUPD/s or  255.724 GB/s
STREAM triad of size 13103256 : min/avg/max: 0.000613782 0.000614203 0.000619948 seconds or  21348.4 MUPD/s or  256.181 GB/s
STREAM triad of size 14413584 : min/avg/max: 0.000675515 0.000676046 0.000682701 seconds or  21337.2 MUPD/s or  256.046 GB/s
STREAM triad of size 15854944 : min/avg/max: 0.000741514 0.000742073 0.000748931 seconds or  21381.9 MUPD/s or  256.582 GB/s
STREAM triad of size 17440440 : min/avg/max: 0.000816413 0.000816994 0.000825001 seconds or  21362.3 MUPD/s or  256.347 GB/s
STREAM triad of size 19184488 : min/avg/max: 0.000897461 0.000898159 0.000905979 seconds or  21376.4 MUPD/s or  256.517 GB/s
STREAM triad of size 21102944 : min/avg/max: 0.000988333 0.000989089  0.00099912 seconds or  21352.1 MUPD/s or  256.225 GB/s
STREAM triad of size 23213240 : min/avg/max:  0.00108262   0.0010834  0.00109333 seconds or  21441.8 MUPD/s or  257.302 GB/s
STREAM triad of size 25534568 : min/avg/max:  0.00119429   0.0011953  0.00120896 seconds or  21380.5 MUPD/s or  256.566 GB/s
STREAM triad of size 28088032 : min/avg/max:  0.00131443  0.00131565  0.00133148 seconds or    21369 MUPD/s or  256.429 GB/s
STREAM triad of size 30896840 : min/avg/max:  0.00144486  0.00144583  0.00145935 seconds or    21384 MUPD/s or  256.609 GB/s
STREAM triad of size 33986528 : min/avg/max:  0.00158957  0.00159124  0.00161174 seconds or    21381 MUPD/s or  256.571 GB/s
STREAM triad of size 37385184 : min/avg/max:  0.00174848  0.00174997  0.00177237 seconds or  21381.6 MUPD/s or  256.579 GB/s
STREAM triad of size 41123704 : min/avg/max:  0.00192345  0.00192491  0.00194536 seconds or  21380.2 MUPD/s or  256.562 GB/s
STREAM triad of size 45236080 : min/avg/max:  0.00211379  0.00211519  0.00213459 seconds or  21400.4 MUPD/s or  256.805 GB/s
STREAM triad of size 49759696 : min/avg/max:  0.00232464  0.00232638  0.00235055 seconds or  21405.3 MUPD/s or  256.864 GB/s
STREAM triad of size 54735672 : min/avg/max:  0.00255888  0.00256195  0.00260247 seconds or  21390.5 MUPD/s or  256.686 GB/s
STREAM triad of size 60209240 : min/avg/max:  0.00281429  0.00281779  0.00285871 seconds or  21394.1 MUPD/s or  256.729 GB/s
STREAM triad of size 66230168 : min/avg/max:   0.0030965  0.00309976  0.00314054 seconds or  21388.7 MUPD/s or  256.665 GB/s
STREAM triad of size 72853192 : min/avg/max:  0.00340391  0.00340773  0.00346202 seconds or  21402.8 MUPD/s or  256.834 GB/s
STREAM triad of size 80138512 : min/avg/max:   0.0037427  0.00374592  0.00378604 seconds or    21412 MUPD/s or  256.944 GB/s
STREAM triad of size 88152368 : min/avg/max:   0.0041185  0.00412143  0.00416316 seconds or    21404 MUPD/s or  256.848 GB/s
STREAM triad of size 96967608 : min/avg/max:  0.00452801  0.00453117  0.00457141 seconds or  21415.1 MUPD/s or  256.981 GB/s
