./stream_triad_cuda -min 8 -max 1e8 -align 1
STREAM triad of size        8 : min/avg/max: 2.63539e-06 2.67303e-06 3.17496e-06 seconds or   3.0356 MUPD/s or 0.0728544 GB/s
STREAM triad of size       16 : min/avg/max: 2.62706e-06 2.63007e-06 2.63439e-06 seconds or  6.09045 MUPD/s or 0.146171 GB/s
STREAM triad of size       24 : min/avg/max: 2.62316e-06 2.62889e-06 2.64125e-06 seconds or  9.14928 MUPD/s or 0.219583 GB/s
STREAM triad of size       32 : min/avg/max: 2.61924e-06  2.6285e-06 2.64094e-06 seconds or  12.2173 MUPD/s or 0.293215 GB/s
STREAM triad of size       40 : min/avg/max: 2.62343e-06 2.63123e-06 2.64197e-06 seconds or  15.2472 MUPD/s or 0.365933 GB/s
STREAM triad of size       48 : min/avg/max: 2.62303e-06 2.62863e-06 2.64088e-06 seconds or  18.2994 MUPD/s or 0.439186 GB/s
STREAM triad of size       56 : min/avg/max:  2.6239e-06  2.6344e-06 2.66356e-06 seconds or  21.3423 MUPD/s or 0.512214 GB/s
STREAM triad of size       64 : min/avg/max:  2.6252e-06 2.63532e-06 2.65536e-06 seconds or  24.3791 MUPD/s or 0.585098 GB/s
STREAM triad of size       72 : min/avg/max:  2.6273e-06 2.63369e-06 2.65318e-06 seconds or  27.4046 MUPD/s or 0.657711 GB/s
STREAM triad of size       80 : min/avg/max: 2.62329e-06 2.63155e-06   2.654e-06 seconds or   30.496 MUPD/s or 0.731905 GB/s
STREAM triad of size       96 : min/avg/max: 2.62459e-06 2.63227e-06 2.64605e-06 seconds or  36.5771 MUPD/s or 0.877852 GB/s
STREAM triad of size      112 : min/avg/max: 2.62382e-06 2.63615e-06 2.67221e-06 seconds or  42.6859 MUPD/s or  1.02446 GB/s
STREAM triad of size      128 : min/avg/max:   2.624e-06 2.63881e-06 2.69002e-06 seconds or  48.7805 MUPD/s or  1.17073 GB/s
STREAM triad of size      144 : min/avg/max: 2.62331e-06 2.62854e-06 2.63943e-06 seconds or  54.8925 MUPD/s or  1.31742 GB/s
STREAM triad of size      160 : min/avg/max: 2.60801e-06 2.62777e-06 2.65943e-06 seconds or  61.3495 MUPD/s or  1.47239 GB/s
STREAM triad of size      184 : min/avg/max: 2.62276e-06 2.63045e-06 2.68946e-06 seconds or   70.155 MUPD/s or  1.68372 GB/s
STREAM triad of size      208 : min/avg/max: 2.60434e-06 2.62624e-06 2.63876e-06 seconds or  79.8667 MUPD/s or   1.9168 GB/s
STREAM triad of size      232 : min/avg/max:   2.624e-06 2.63452e-06 2.65225e-06 seconds or  88.4147 MUPD/s or  2.12195 GB/s
STREAM triad of size      256 : min/avg/max: 2.62379e-06  2.6334e-06 2.65162e-06 seconds or  97.5688 MUPD/s or  2.34165 GB/s
STREAM triad of size      288 : min/avg/max: 2.63589e-06  2.6431e-06 2.68082e-06 seconds or  109.261 MUPD/s or  2.62227 GB/s
STREAM triad of size      320 : min/avg/max: 2.61145e-06 2.62596e-06 2.63372e-06 seconds or  122.537 MUPD/s or   2.9409 GB/s
STREAM triad of size      360 : min/avg/max: 2.63061e-06  2.6395e-06 2.64884e-06 seconds or   136.85 MUPD/s or  3.28441 GB/s
STREAM triad of size      400 : min/avg/max: 2.63917e-06 2.65564e-06 2.74632e-06 seconds or  151.563 MUPD/s or   3.6375 GB/s
STREAM triad of size      448 : min/avg/max: 2.63366e-06 2.64093e-06 2.65145e-06 seconds or  170.106 MUPD/s or  4.08253 GB/s
STREAM triad of size      496 : min/avg/max: 2.63724e-06 2.65025e-06 2.72914e-06 seconds or  188.076 MUPD/s or  4.51382 GB/s
STREAM triad of size      552 : min/avg/max: 2.64882e-06 2.65311e-06 2.65653e-06 seconds or  208.394 MUPD/s or  5.00146 GB/s
STREAM triad of size      608 : min/avg/max: 2.63882e-06 2.65467e-06 2.73249e-06 seconds or  230.406 MUPD/s or  5.52974 GB/s
STREAM triad of size      672 : min/avg/max: 2.63633e-06 2.64871e-06 2.67573e-06 seconds or  254.899 MUPD/s or  6.11758 GB/s
STREAM triad of size      744 : min/avg/max: 2.62309e-06 2.63613e-06 2.65775e-06 seconds or  283.635 MUPD/s or  6.80725 GB/s
STREAM triad of size      824 : min/avg/max: 2.63897e-06 2.64822e-06 2.65752e-06 seconds or  312.243 MUPD/s or  7.49382 GB/s
STREAM triad of size      912 : min/avg/max: 2.64092e-06  2.6603e-06 2.77931e-06 seconds or  345.334 MUPD/s or  8.28802 GB/s
STREAM triad of size     1008 : min/avg/max: 2.62927e-06 2.63504e-06 2.64575e-06 seconds or  383.376 MUPD/s or  9.20103 GB/s
STREAM triad of size     1112 : min/avg/max: 2.65028e-06 2.66219e-06  2.6707e-06 seconds or  419.578 MUPD/s or  10.0699 GB/s
STREAM triad of size     1224 : min/avg/max: 2.69081e-06 2.69358e-06 2.69536e-06 seconds or  454.882 MUPD/s or  10.9172 GB/s
STREAM triad of size     1352 : min/avg/max: 3.04004e-06 3.04114e-06 3.04234e-06 seconds or  444.731 MUPD/s or  10.6735 GB/s
STREAM triad of size     1488 : min/avg/max: 3.14629e-06 3.14823e-06    3.15e-06 seconds or  472.938 MUPD/s or  11.3505 GB/s
STREAM triad of size     1640 : min/avg/max: 3.24102e-06 3.24173e-06 3.24338e-06 seconds or  506.014 MUPD/s or  12.1443 GB/s
STREAM triad of size     1808 : min/avg/max: 3.33279e-06  3.3338e-06 3.33482e-06 seconds or  542.488 MUPD/s or  13.0197 GB/s
STREAM triad of size     1992 : min/avg/max: 3.73573e-06 3.73638e-06 3.73719e-06 seconds or  533.229 MUPD/s or  12.7975 GB/s
STREAM triad of size     2192 : min/avg/max: 3.86393e-06 3.86482e-06 3.86561e-06 seconds or  567.298 MUPD/s or  13.6151 GB/s
STREAM triad of size     2416 : min/avg/max: 3.98713e-06 3.98917e-06 3.99963e-06 seconds or  605.949 MUPD/s or  14.5428 GB/s
STREAM triad of size     2664 : min/avg/max:  4.4155e-06 4.41847e-06 4.41965e-06 seconds or   603.33 MUPD/s or  14.4799 GB/s
STREAM triad of size     2936 : min/avg/max: 4.58731e-06 4.59018e-06 4.59145e-06 seconds or  640.027 MUPD/s or  15.3606 GB/s
STREAM triad of size     3232 : min/avg/max: 5.00465e-06 5.00585e-06 5.00711e-06 seconds or  645.799 MUPD/s or  15.4992 GB/s
STREAM triad of size     3560 : min/avg/max: 5.24651e-06 5.24767e-06 5.24847e-06 seconds or  678.546 MUPD/s or  16.2851 GB/s
STREAM triad of size     3920 : min/avg/max: 5.72621e-06 5.72775e-06  5.7293e-06 seconds or  684.572 MUPD/s or  16.4297 GB/s
STREAM triad of size     4320 : min/avg/max: 5.98585e-06 5.98742e-06 5.98878e-06 seconds or  721.702 MUPD/s or  17.3208 GB/s
STREAM triad of size     4760 : min/avg/max: 6.54323e-06 6.54401e-06 6.54464e-06 seconds or   727.47 MUPD/s or  17.4593 GB/s
STREAM triad of size     5240 : min/avg/max: 7.09662e-06 7.09743e-06 7.09845e-06 seconds or   738.38 MUPD/s or  17.7211 GB/s
STREAM triad of size     5768 : min/avg/max: 7.57616e-06 7.57931e-06  7.5816e-06 seconds or  761.336 MUPD/s or  18.2721 GB/s
STREAM triad of size     6352 : min/avg/max: 8.08634e-06 8.08795e-06  8.0897e-06 seconds or  785.522 MUPD/s or  18.8525 GB/s
STREAM triad of size     6992 : min/avg/max: 8.77195e-06 8.77608e-06 8.77847e-06 seconds or  797.086 MUPD/s or  19.1301 GB/s
STREAM triad of size     7696 : min/avg/max: 9.59065e-06 9.59335e-06 9.59525e-06 seconds or  802.449 MUPD/s or  19.2588 GB/s
STREAM triad of size     8472 : min/avg/max: 1.04542e-05 1.04557e-05 1.04579e-05 seconds or  810.392 MUPD/s or  19.4494 GB/s
STREAM triad of size     9320 : min/avg/max: 1.12767e-05 1.12789e-05 1.12805e-05 seconds or  826.483 MUPD/s or  19.8356 GB/s
STREAM triad of size    10256 : min/avg/max: 1.22466e-05 1.22486e-05 1.22503e-05 seconds or  837.457 MUPD/s or   20.099 GB/s
STREAM triad of size    11288 : min/avg/max: 1.33396e-05 1.33409e-05 1.33422e-05 seconds or    846.2 MUPD/s or  20.3088 GB/s
STREAM triad of size    12424 : min/avg/max: 1.45661e-05 1.45707e-05 1.45728e-05 seconds or  852.939 MUPD/s or  20.4705 GB/s
STREAM triad of size    13672 : min/avg/max: 1.58597e-05 1.58622e-05 1.58645e-05 seconds or  862.057 MUPD/s or  20.6894 GB/s
STREAM triad of size    15040 : min/avg/max:    1.73e-05 1.73021e-05 1.73048e-05 seconds or  869.363 MUPD/s or  20.8647 GB/s
STREAM triad of size    16552 : min/avg/max: 1.88471e-05 1.88512e-05 1.88579e-05 seconds or  878.223 MUPD/s or  21.0774 GB/s
STREAM triad of size    18208 : min/avg/max:  2.0605e-05 2.06071e-05 2.06106e-05 seconds or  883.669 MUPD/s or  21.2081 GB/s
STREAM triad of size    20032 : min/avg/max: 2.25629e-05 2.25662e-05  2.2572e-05 seconds or  887.828 MUPD/s or  21.3079 GB/s
STREAM triad of size    22040 : min/avg/max: 2.46434e-05 2.46452e-05  2.4648e-05 seconds or  894.356 MUPD/s or  21.4645 GB/s
STREAM triad of size    24248 : min/avg/max: 2.69375e-05 2.69424e-05 2.69483e-05 seconds or  900.156 MUPD/s or  21.6038 GB/s
STREAM triad of size    26680 : min/avg/max: 2.94956e-05 2.95035e-05 2.95085e-05 seconds or  904.541 MUPD/s or   21.709 GB/s
STREAM triad of size    29352 : min/avg/max: 3.22749e-05   3.228e-05 3.22912e-05 seconds or  909.437 MUPD/s or  21.8265 GB/s
STREAM triad of size    32288 : min/avg/max: 3.53601e-05 3.53644e-05 3.53755e-05 seconds or  913.119 MUPD/s or  21.9149 GB/s
STREAM triad of size    35520 : min/avg/max:   3.876e-05 3.87643e-05 3.87809e-05 seconds or  916.409 MUPD/s or  21.9938 GB/s
STREAM triad of size    39080 : min/avg/max: 4.24818e-05 4.24889e-05 4.25101e-05 seconds or  919.923 MUPD/s or  22.0782 GB/s
STREAM triad of size    42992 : min/avg/max: 4.65935e-05 4.66023e-05 4.66296e-05 seconds or  922.703 MUPD/s or  22.1449 GB/s
STREAM triad of size    47296 : min/avg/max: 5.10777e-05 5.10894e-05 5.11233e-05 seconds or  925.962 MUPD/s or  22.2231 GB/s
STREAM triad of size    52032 : min/avg/max: 5.60539e-05 5.60591e-05 5.60987e-05 seconds or  928.249 MUPD/s or   22.278 GB/s
STREAM triad of size    57240 : min/avg/max: 6.15193e-05 6.15247e-05 6.15738e-05 seconds or   930.44 MUPD/s or  22.3306 GB/s
STREAM triad of size    62968 : min/avg/max: 6.75007e-05 6.75083e-05 6.75628e-05 seconds or   932.85 MUPD/s or  22.3884 GB/s
STREAM triad of size    69272 : min/avg/max: 7.41307e-05 7.41447e-05 7.42052e-05 seconds or  934.457 MUPD/s or   22.427 GB/s
STREAM triad of size    76200 : min/avg/max: 8.13912e-05 8.14021e-05 8.14829e-05 seconds or  936.219 MUPD/s or  22.4693 GB/s
STREAM triad of size    83824 : min/avg/max: 8.94148e-05 8.94236e-05 8.95232e-05 seconds or  937.473 MUPD/s or  22.4994 GB/s
STREAM triad of size    92208 : min/avg/max: 9.81399e-05 9.81508e-05  9.8272e-05 seconds or  939.557 MUPD/s or  22.5494 GB/s
STREAM triad of size   101432 : min/avg/max: 0.000107819 0.000107839 0.000107981 seconds or  940.761 MUPD/s or  22.5783 GB/s
STREAM triad of size   111576 : min/avg/max: 0.000118463 0.000118482  0.00011866 seconds or  941.866 MUPD/s or  22.6048 GB/s
STREAM triad of size   122736 : min/avg/max: 0.000130218 0.000130239 0.000130471 seconds or  942.544 MUPD/s or   22.621 GB/s
STREAM triad of size   135016 : min/avg/max: 0.000142966 0.000143295  0.00014407 seconds or  944.393 MUPD/s or  22.6654 GB/s
STREAM triad of size   148520 : min/avg/max: 0.000158093 0.000158119 0.000158457 seconds or  939.446 MUPD/s or  22.5467 GB/s
STREAM triad of size   163376 : min/avg/max: 0.000173753  0.00017378 0.000174177 seconds or  940.279 MUPD/s or  22.5667 GB/s
STREAM triad of size   179720 : min/avg/max: 0.000193083 0.000193165 0.000193617 seconds or  930.794 MUPD/s or  22.3391 GB/s
STREAM triad of size   197696 : min/avg/max: 0.000214052 0.000214231 0.000214961 seconds or  923.589 MUPD/s or  22.1661 GB/s
STREAM triad of size   217472 : min/avg/max: 0.000234631 0.000234832 0.000235778 seconds or  926.869 MUPD/s or  22.2449 GB/s
STREAM triad of size   239224 : min/avg/max: 0.000257814 0.000257951 0.000258848 seconds or  927.895 MUPD/s or  22.2695 GB/s
STREAM triad of size   263152 : min/avg/max: 0.000297016 0.000297798 0.000299272 seconds or  885.985 MUPD/s or  21.2636 GB/s
STREAM triad of size   289472 : min/avg/max: 0.000319905 0.000320452 0.000321571 seconds or  904.867 MUPD/s or  21.7168 GB/s
STREAM triad of size   318424 : min/avg/max: 0.000358528 0.000359224 0.000361344 seconds or  888.142 MUPD/s or  21.3154 GB/s
STREAM triad of size   350272 : min/avg/max:  0.00039031 0.000391137 0.000393504 seconds or   897.42 MUPD/s or  21.5381 GB/s
STREAM triad of size   385304 : min/avg/max: 0.000428738  0.00042931  0.00043161 seconds or  898.693 MUPD/s or  21.5686 GB/s
STREAM triad of size   423840 : min/avg/max:  0.00048105 0.000482015  0.00048428 seconds or  881.073 MUPD/s or  21.1458 GB/s
STREAM triad of size   466232 : min/avg/max: 0.000523161 0.000524311 0.000527615 seconds or  891.183 MUPD/s or  21.3884 GB/s
STREAM triad of size   512856 : min/avg/max: 0.000576024 0.000576894 0.000580917 seconds or  890.337 MUPD/s or  21.3681 GB/s
STREAM triad of size   564144 : min/avg/max: 0.000613737 0.000614602 0.000619567 seconds or  919.195 MUPD/s or  22.0607 GB/s
STREAM triad of size   620560 : min/avg/max: 0.000672887 0.000673675 0.000680413 seconds or  922.235 MUPD/s or  22.1336 GB/s
STREAM triad of size   682624 : min/avg/max: 0.000740509 0.000741534 0.000750035 seconds or  921.831 MUPD/s or  22.1239 GB/s
STREAM triad of size   750888 : min/avg/max: 0.000812916 0.000813788 0.000822858 seconds or  923.696 MUPD/s or  22.1687 GB/s
STREAM triad of size   825984 : min/avg/max: 0.000888222 0.000889664 0.000901849 seconds or   929.93 MUPD/s or  22.3183 GB/s
STREAM triad of size   908584 : min/avg/max: 0.000976204 0.000978562 0.000991843 seconds or  930.731 MUPD/s or  22.3375 GB/s
STREAM triad of size   999448 : min/avg/max:  0.00107669  0.00107867  0.00109466 seconds or  928.263 MUPD/s or  22.2783 GB/s
STREAM triad of size  1099400 : min/avg/max:  0.00120078  0.00120319  0.00122417 seconds or  915.573 MUPD/s or  21.9737 GB/s
STREAM triad of size  1209344 : min/avg/max:  0.00132178  0.00132441  0.00134739 seconds or  914.935 MUPD/s or  21.9584 GB/s
STREAM triad of size  1330280 : min/avg/max:   0.0014425  0.00144536   0.0014744 seconds or  922.207 MUPD/s or   22.133 GB/s
STREAM triad of size  1463312 : min/avg/max:  0.00160879  0.00161216  0.00164474 seconds or  909.575 MUPD/s or  21.8298 GB/s
STREAM triad of size  1609648 : min/avg/max:  0.00177159  0.00177632   0.0018171 seconds or  908.589 MUPD/s or  21.8061 GB/s
STREAM triad of size  1770616 : min/avg/max:  0.00194775  0.00194885  0.00195033 seconds or  909.056 MUPD/s or  21.8173 GB/s
STREAM triad of size  1947680 : min/avg/max:  0.00214946   0.0021524  0.00215714 seconds or  906.127 MUPD/s or   21.747 GB/s
STREAM triad of size  2142456 : min/avg/max:  0.00234422  0.00234592  0.00234798 seconds or  913.931 MUPD/s or  21.9343 GB/s
STREAM triad of size  2356704 : min/avg/max:  0.00258263  0.00258582  0.00258813 seconds or  912.522 MUPD/s or  21.9005 GB/s
STREAM triad of size  2592376 : min/avg/max:  0.00285715  0.00286093  0.00286452 seconds or  907.329 MUPD/s or  21.7759 GB/s
STREAM triad of size  2851616 : min/avg/max:  0.00310752  0.00311145  0.00311444 seconds or  917.649 MUPD/s or  22.0236 GB/s
STREAM triad of size  3136784 : min/avg/max:  0.00349318  0.00349775  0.00350178 seconds or  897.973 MUPD/s or  21.5514 GB/s
STREAM triad of size  3450464 : min/avg/max:   0.0038277  0.00383402  0.00384188 seconds or  901.445 MUPD/s or  21.6347 GB/s
STREAM triad of size  3795512 : min/avg/max:  0.00415571  0.00415965  0.00416434 seconds or  913.325 MUPD/s or  21.9198 GB/s
STREAM triad of size  4175064 : min/avg/max:  0.00453227  0.00453819  0.00454408 seconds or  921.186 MUPD/s or  22.1085 GB/s
STREAM triad of size  4592576 : min/avg/max:  0.00508694  0.00509447   0.0050997 seconds or  902.818 MUPD/s or  21.6676 GB/s
STREAM triad of size  5051840 : min/avg/max:  0.00557235  0.00557927  0.00559048 seconds or   906.59 MUPD/s or  21.7582 GB/s
STREAM triad of size  5557032 : min/avg/max:  0.00603082  0.00603907  0.00604845 seconds or  921.439 MUPD/s or  22.1145 GB/s
STREAM triad of size  6112736 : min/avg/max:  0.00676206  0.00677215  0.00678169 seconds or  903.975 MUPD/s or  21.6954 GB/s
STREAM triad of size  6724016 : min/avg/max:   0.0073332  0.00734654  0.00736683 seconds or  916.928 MUPD/s or  22.0063 GB/s
STREAM triad of size  7396424 : min/avg/max:  0.00815275  0.00816433  0.00817422 seconds or   907.23 MUPD/s or  21.7735 GB/s
STREAM triad of size  8136072 : min/avg/max:  0.00906428  0.00907661  0.00908593 seconds or  897.597 MUPD/s or  21.5423 GB/s
STREAM triad of size  8949680 : min/avg/max:  0.00985059  0.00986317  0.00988024 seconds or  908.543 MUPD/s or   21.805 GB/s
STREAM triad of size  9844656 : min/avg/max:   0.0107823   0.0108076   0.0108222 seconds or   913.04 MUPD/s or   21.913 GB/s
STREAM triad of size 10829128 : min/avg/max:    0.011759   0.0117729   0.0117903 seconds or  920.926 MUPD/s or  22.1022 GB/s
STREAM triad of size 11912048 : min/avg/max:   0.0130997   0.0131204   0.0131343 seconds or  909.339 MUPD/s or  21.8241 GB/s
STREAM triad of size 13103256 : min/avg/max:   0.0144482   0.0144695   0.0144836 seconds or  906.915 MUPD/s or   21.766 GB/s
STREAM triad of size 14413584 : min/avg/max:    0.015837   0.0158803    0.015908 seconds or  910.122 MUPD/s or  21.8429 GB/s
STREAM triad of size 15854944 : min/avg/max:   0.0173891   0.0174151   0.0174382 seconds or  911.773 MUPD/s or  21.8825 GB/s
STREAM triad of size 17440440 : min/avg/max:   0.0191416   0.0191732   0.0192074 seconds or  911.127 MUPD/s or  21.8671 GB/s
STREAM triad of size 19184488 : min/avg/max:   0.0209639    0.020997   0.0210293 seconds or   915.12 MUPD/s or  21.9629 GB/s
STREAM triad of size 21102944 : min/avg/max:   0.0233007    0.023339    0.023373 seconds or  905.677 MUPD/s or  21.7362 GB/s
STREAM triad of size 23213240 : min/avg/max:    0.025252   0.0252864   0.0253316 seconds or  919.262 MUPD/s or  22.0623 GB/s
STREAM triad of size 25534568 : min/avg/max:   0.0276762   0.0277249   0.0277696 seconds or   922.62 MUPD/s or  22.1429 GB/s
STREAM triad of size 28088032 : min/avg/max:   0.0309171   0.0309565   0.0310104 seconds or  908.494 MUPD/s or  21.8039 GB/s
STREAM triad of size 30896840 : min/avg/max:   0.0337448   0.0337944   0.0338627 seconds or  915.604 MUPD/s or  21.9745 GB/s
STREAM triad of size 33986528 : min/avg/max:   0.0370135   0.0370638   0.0371626 seconds or  918.219 MUPD/s or  22.0372 GB/s
STREAM triad of size 37385184 : min/avg/max:   0.0407535   0.0408028   0.0408582 seconds or  917.348 MUPD/s or  22.0164 GB/s
STREAM triad of size 41123704 : min/avg/max:    0.045247   0.0453089   0.0453796 seconds or  908.871 MUPD/s or  21.8129 GB/s
STREAM triad of size 45236080 : min/avg/max:   0.0492844   0.0493396   0.0494126 seconds or  917.857 MUPD/s or  22.0286 GB/s
STREAM triad of size 49759696 : min/avg/max:   0.0545031   0.0545613   0.0546548 seconds or   912.97 MUPD/s or  21.9113 GB/s
STREAM triad of size 54735672 : min/avg/max:   0.0597799   0.0598703   0.0599531 seconds or   915.62 MUPD/s or  21.9749 GB/s
STREAM triad of size 60209240 : min/avg/max:   0.0654454   0.0655768   0.0657402 seconds or  919.992 MUPD/s or  22.0798 GB/s
STREAM triad of size 66230168 : min/avg/max:   0.0719346   0.0720603   0.0721493 seconds or  920.699 MUPD/s or  22.0968 GB/s
STREAM triad of size 72853192 : min/avg/max:   0.0800286   0.0801697   0.0803202 seconds or  910.339 MUPD/s or  21.8481 GB/s
STREAM triad of size 80138512 : min/avg/max:   0.0878471   0.0879537   0.0880745 seconds or   912.25 MUPD/s or   21.894 GB/s
STREAM triad of size 88152368 : min/avg/max:   0.0958815   0.0960429   0.0961743 seconds or  919.388 MUPD/s or  22.0653 GB/s
STREAM triad of size 96967608 : min/avg/max:    0.105903    0.106057    0.106247 seconds or  915.628 MUPD/s or  21.9751 GB/s
