./stream_triad_cuda -min 8 -max 1e8 -align 1
STREAM triad of size        8 : min/avg/max: 2.48132e-06 2.48364e-06 2.48846e-06 seconds or   3.2241 MUPD/s or 0.0773783 GB/s
STREAM triad of size       16 : min/avg/max:  2.4715e-06 2.47396e-06 2.47867e-06 seconds or  6.47379 MUPD/s or 0.155371 GB/s
STREAM triad of size       24 : min/avg/max: 2.47168e-06 2.47585e-06 2.49063e-06 seconds or  9.70998 MUPD/s or 0.233039 GB/s
STREAM triad of size       32 : min/avg/max:  2.4711e-06 2.47638e-06 2.48262e-06 seconds or  12.9497 MUPD/s or 0.310793 GB/s
STREAM triad of size       40 : min/avg/max: 2.46859e-06 2.47602e-06 2.48897e-06 seconds or  16.2036 MUPD/s or 0.388886 GB/s
STREAM triad of size       48 : min/avg/max: 2.47121e-06 2.47986e-06 2.48997e-06 seconds or  19.4237 MUPD/s or 0.466168 GB/s
STREAM triad of size       56 : min/avg/max: 2.48825e-06 2.48906e-06  2.4909e-06 seconds or  22.5058 MUPD/s or 0.540138 GB/s
STREAM triad of size       64 : min/avg/max: 2.47333e-06 2.48428e-06 2.49031e-06 seconds or   25.876 MUPD/s or 0.621024 GB/s
STREAM triad of size       72 : min/avg/max: 2.47289e-06 2.47749e-06  2.4899e-06 seconds or  29.1158 MUPD/s or 0.698779 GB/s
STREAM triad of size       80 : min/avg/max: 2.47258e-06  2.4839e-06 2.49522e-06 seconds or  32.3548 MUPD/s or 0.776516 GB/s
STREAM triad of size       96 : min/avg/max: 2.48748e-06 2.48941e-06 2.49948e-06 seconds or  38.5932 MUPD/s or 0.926238 GB/s
STREAM triad of size      112 : min/avg/max: 2.47102e-06 2.48146e-06 2.51009e-06 seconds or  45.3254 MUPD/s or  1.08781 GB/s
STREAM triad of size      128 : min/avg/max: 2.45745e-06 2.47994e-06 2.51548e-06 seconds or  52.0865 MUPD/s or  1.25007 GB/s
STREAM triad of size      144 : min/avg/max: 2.47321e-06 2.47882e-06 2.50249e-06 seconds or  58.2239 MUPD/s or  1.39737 GB/s
STREAM triad of size      160 : min/avg/max:  2.4729e-06  2.4853e-06 2.51067e-06 seconds or  64.7013 MUPD/s or  1.55283 GB/s
STREAM triad of size      184 : min/avg/max: 2.47231e-06 2.47679e-06 2.49805e-06 seconds or  74.4244 MUPD/s or  1.78619 GB/s
STREAM triad of size      208 : min/avg/max: 2.47196e-06 2.47933e-06 2.50786e-06 seconds or  84.1437 MUPD/s or  2.01945 GB/s
STREAM triad of size      232 : min/avg/max: 2.47266e-06 2.48165e-06 2.49028e-06 seconds or  93.8259 MUPD/s or  2.25182 GB/s
STREAM triad of size      256 : min/avg/max: 2.47193e-06 2.48278e-06 2.50623e-06 seconds or  103.563 MUPD/s or  2.48551 GB/s
STREAM triad of size      288 : min/avg/max: 2.46003e-06 2.50845e-06 2.68716e-06 seconds or  117.072 MUPD/s or  2.80972 GB/s
STREAM triad of size      320 : min/avg/max: 2.48298e-06 2.48595e-06 2.50218e-06 seconds or  128.877 MUPD/s or  3.09306 GB/s
STREAM triad of size      360 : min/avg/max: 2.48161e-06 2.48596e-06 2.50229e-06 seconds or  145.067 MUPD/s or  3.48161 GB/s
STREAM triad of size      400 : min/avg/max:  2.4817e-06 2.48474e-06 2.49414e-06 seconds or   161.18 MUPD/s or  3.86832 GB/s
STREAM triad of size      448 : min/avg/max: 2.46878e-06 2.48675e-06 2.51525e-06 seconds or  181.466 MUPD/s or  4.35519 GB/s
STREAM triad of size      496 : min/avg/max: 2.48203e-06 2.48555e-06 2.49521e-06 seconds or  199.837 MUPD/s or  4.79608 GB/s
STREAM triad of size      552 : min/avg/max: 2.48025e-06 2.48569e-06 2.50062e-06 seconds or  222.558 MUPD/s or  5.34139 GB/s
STREAM triad of size      608 : min/avg/max: 2.47914e-06 2.48363e-06 2.49135e-06 seconds or  245.246 MUPD/s or  5.88591 GB/s
STREAM triad of size      672 : min/avg/max: 2.48076e-06 2.48466e-06 2.49422e-06 seconds or  270.884 MUPD/s or  6.50123 GB/s
STREAM triad of size      744 : min/avg/max: 2.48191e-06 2.48569e-06 2.50978e-06 seconds or  299.769 MUPD/s or  7.19444 GB/s
STREAM triad of size      824 : min/avg/max: 2.48257e-06 2.48581e-06 2.49041e-06 seconds or  331.914 MUPD/s or  7.96595 GB/s
STREAM triad of size      912 : min/avg/max: 2.48094e-06 2.48484e-06 2.50033e-06 seconds or  367.602 MUPD/s or  8.82245 GB/s
STREAM triad of size     1008 : min/avg/max: 2.47951e-06 2.48991e-06 2.54063e-06 seconds or  406.533 MUPD/s or  9.75678 GB/s
STREAM triad of size     1112 : min/avg/max: 2.47976e-06 2.48423e-06 2.50777e-06 seconds or   448.43 MUPD/s or  10.7623 GB/s
STREAM triad of size     1224 : min/avg/max: 2.45537e-06 2.48261e-06  2.5017e-06 seconds or  498.499 MUPD/s or   11.964 GB/s
STREAM triad of size     1352 : min/avg/max: 2.47859e-06 2.48612e-06 2.51645e-06 seconds or   545.47 MUPD/s or  13.0913 GB/s
STREAM triad of size     1488 : min/avg/max: 2.47957e-06  2.4858e-06  2.5109e-06 seconds or  600.104 MUPD/s or  14.4025 GB/s
STREAM triad of size     1640 : min/avg/max: 2.48136e-06 2.48508e-06 2.50384e-06 seconds or  660.929 MUPD/s or  15.8623 GB/s
STREAM triad of size     1808 : min/avg/max: 2.48073e-06 2.48741e-06  2.5149e-06 seconds or  728.818 MUPD/s or  17.4916 GB/s
STREAM triad of size     1992 : min/avg/max: 2.48067e-06  2.4866e-06  2.5175e-06 seconds or  803.009 MUPD/s or  19.2722 GB/s
STREAM triad of size     2192 : min/avg/max: 2.47867e-06 2.48587e-06 2.50666e-06 seconds or  884.346 MUPD/s or  21.2243 GB/s
STREAM triad of size     2416 : min/avg/max: 2.47841e-06 2.48726e-06 2.54798e-06 seconds or  974.818 MUPD/s or  23.3956 GB/s
STREAM triad of size     2664 : min/avg/max: 2.48078e-06 2.49574e-06 2.53052e-06 seconds or  1073.86 MUPD/s or  25.7726 GB/s
STREAM triad of size     2936 : min/avg/max: 2.46497e-06 2.49381e-06 2.57509e-06 seconds or  1191.09 MUPD/s or  28.5862 GB/s
STREAM triad of size     3232 : min/avg/max: 2.46378e-06 2.49974e-06 2.54868e-06 seconds or   1311.8 MUPD/s or  31.4833 GB/s
STREAM triad of size     3560 : min/avg/max: 2.47826e-06 2.48815e-06 2.49943e-06 seconds or  1436.49 MUPD/s or  34.4758 GB/s
STREAM triad of size     3920 : min/avg/max: 2.47741e-06 2.49302e-06 2.52065e-06 seconds or   1582.3 MUPD/s or  37.9751 GB/s
STREAM triad of size     4320 : min/avg/max: 2.47524e-06  2.4889e-06 2.51844e-06 seconds or  1745.28 MUPD/s or  41.8868 GB/s
STREAM triad of size     4760 : min/avg/max: 2.47771e-06 2.48969e-06 2.53492e-06 seconds or  1921.12 MUPD/s or   46.107 GB/s
STREAM triad of size     5240 : min/avg/max: 2.47726e-06 2.48944e-06 2.52335e-06 seconds or  2115.24 MUPD/s or  50.7657 GB/s
STREAM triad of size     5768 : min/avg/max: 2.47262e-06 2.48836e-06 2.52404e-06 seconds or  2332.75 MUPD/s or  55.9861 GB/s
STREAM triad of size     6352 : min/avg/max: 2.47701e-06 2.49078e-06 2.58017e-06 seconds or  2564.38 MUPD/s or  61.5451 GB/s
STREAM triad of size     6992 : min/avg/max: 2.49817e-06 2.50973e-06 2.54391e-06 seconds or  2798.85 MUPD/s or  67.1723 GB/s
STREAM triad of size     7696 : min/avg/max: 2.47726e-06 2.49358e-06 2.55772e-06 seconds or  3106.66 MUPD/s or  74.5599 GB/s
STREAM triad of size     8472 : min/avg/max: 2.47791e-06  2.4986e-06 2.54106e-06 seconds or  3419.01 MUPD/s or  82.0562 GB/s
STREAM triad of size     9320 : min/avg/max: 2.47675e-06 2.48941e-06 2.55556e-06 seconds or     3763 MUPD/s or   90.312 GB/s
STREAM triad of size    10256 : min/avg/max: 2.47535e-06 2.48492e-06 2.51161e-06 seconds or  4143.25 MUPD/s or   99.438 GB/s
STREAM triad of size    11288 : min/avg/max: 2.47557e-06 2.49105e-06 2.54113e-06 seconds or  4559.75 MUPD/s or  109.434 GB/s
STREAM triad of size    12424 : min/avg/max: 2.48538e-06 2.51423e-06 2.55989e-06 seconds or  4998.83 MUPD/s or  119.972 GB/s
STREAM triad of size    13672 : min/avg/max: 2.47809e-06 2.49674e-06 2.55721e-06 seconds or  5517.15 MUPD/s or  132.412 GB/s
STREAM triad of size    15040 : min/avg/max: 2.47862e-06 2.50318e-06  2.5516e-06 seconds or   6067.9 MUPD/s or   145.63 GB/s
STREAM triad of size    16552 : min/avg/max: 2.49528e-06 2.51706e-06 2.53775e-06 seconds or  6633.32 MUPD/s or    159.2 GB/s
STREAM triad of size    18208 : min/avg/max: 2.49255e-06 2.50389e-06 2.55536e-06 seconds or  7304.97 MUPD/s or  175.319 GB/s
STREAM triad of size    20032 : min/avg/max:  2.4894e-06 2.50818e-06 2.53151e-06 seconds or  8046.92 MUPD/s or  193.126 GB/s
STREAM triad of size    22040 : min/avg/max: 2.47539e-06 2.50153e-06 2.58282e-06 seconds or  8903.65 MUPD/s or  213.687 GB/s
STREAM triad of size    24248 : min/avg/max: 2.48812e-06 2.50927e-06 2.55831e-06 seconds or  9745.51 MUPD/s or  233.892 GB/s
STREAM triad of size    26680 : min/avg/max: 2.49328e-06 2.51461e-06 2.56029e-06 seconds or  10700.8 MUPD/s or  256.819 GB/s
STREAM triad of size    29352 : min/avg/max: 2.47322e-06 2.51967e-06 2.58156e-06 seconds or  11867.9 MUPD/s or  284.831 GB/s
STREAM triad of size    32288 : min/avg/max: 2.48818e-06 2.50653e-06 2.54466e-06 seconds or  12976.6 MUPD/s or  311.437 GB/s
STREAM triad of size    35520 : min/avg/max: 2.49214e-06 2.50916e-06 2.53983e-06 seconds or  14252.8 MUPD/s or  342.067 GB/s
STREAM triad of size    39080 : min/avg/max: 2.46797e-06 2.49139e-06 2.54647e-06 seconds or  15834.9 MUPD/s or  380.037 GB/s
STREAM triad of size    42992 : min/avg/max: 2.49893e-06 2.52797e-06 2.56547e-06 seconds or  17204.2 MUPD/s or  412.901 GB/s
STREAM triad of size    47296 : min/avg/max: 2.47693e-06 2.50541e-06  2.5498e-06 seconds or  19094.6 MUPD/s or   458.27 GB/s
STREAM triad of size    52032 : min/avg/max: 2.49902e-06 2.51048e-06 2.53084e-06 seconds or    20821 MUPD/s or  499.704 GB/s
STREAM triad of size    57240 : min/avg/max: 2.58879e-06 2.59547e-06 2.60246e-06 seconds or  22110.7 MUPD/s or  530.656 GB/s
STREAM triad of size    62968 : min/avg/max: 2.66005e-06 2.66326e-06 2.66601e-06 seconds or  23671.7 MUPD/s or  568.121 GB/s
STREAM triad of size    69272 : min/avg/max: 2.76656e-06 2.77127e-06 2.77454e-06 seconds or    25039 MUPD/s or  600.936 GB/s
STREAM triad of size    76200 : min/avg/max: 2.85857e-06  2.8649e-06 2.87229e-06 seconds or  26656.7 MUPD/s or  639.761 GB/s
STREAM triad of size    83824 : min/avg/max: 2.97364e-06 2.97725e-06 2.98154e-06 seconds or  28189.1 MUPD/s or  676.537 GB/s
STREAM triad of size    92208 : min/avg/max: 3.03791e-06 3.04733e-06 3.05718e-06 seconds or  30352.5 MUPD/s or  728.459 GB/s
STREAM triad of size   101432 : min/avg/max: 3.18704e-06 3.19209e-06 3.19823e-06 seconds or  31826.4 MUPD/s or  763.835 GB/s
STREAM triad of size   111576 : min/avg/max: 3.32897e-06 3.33329e-06 3.34057e-06 seconds or  33516.7 MUPD/s or  804.401 GB/s
STREAM triad of size   122736 : min/avg/max: 3.48222e-06 3.48731e-06 3.49372e-06 seconds or  35246.5 MUPD/s or  845.916 GB/s
STREAM triad of size   135016 : min/avg/max: 3.64554e-06 3.64824e-06 3.65529e-06 seconds or  37035.9 MUPD/s or  888.862 GB/s
STREAM triad of size   148520 : min/avg/max:  3.8258e-06 3.83147e-06  3.8384e-06 seconds or  38820.6 MUPD/s or  931.694 GB/s
STREAM triad of size   163376 : min/avg/max: 4.02281e-06 4.02753e-06  4.0387e-06 seconds or  40612.5 MUPD/s or  974.699 GB/s
STREAM triad of size   179720 : min/avg/max: 1.02217e-05 1.02673e-05 1.03229e-05 seconds or  17582.2 MUPD/s or  421.972 GB/s
STREAM triad of size   197696 : min/avg/max: 1.96869e-05 1.97201e-05 1.97505e-05 seconds or    10042 MUPD/s or  241.008 GB/s
STREAM triad of size   217472 : min/avg/max:  2.1283e-05 2.13005e-05 2.13148e-05 seconds or  10218.1 MUPD/s or  245.234 GB/s
STREAM triad of size   239224 : min/avg/max: 2.29037e-05 2.29189e-05  2.2946e-05 seconds or  10444.8 MUPD/s or  250.675 GB/s
STREAM triad of size   263152 : min/avg/max: 2.51406e-05 2.52174e-05 2.53161e-05 seconds or  10467.2 MUPD/s or  251.213 GB/s
STREAM triad of size   289472 : min/avg/max: 2.75322e-05 2.75807e-05 2.76134e-05 seconds or    10514 MUPD/s or  252.335 GB/s
STREAM triad of size   318424 : min/avg/max: 3.27381e-05 3.27833e-05 3.28788e-05 seconds or  9726.41 MUPD/s or  233.434 GB/s
STREAM triad of size   350272 : min/avg/max: 3.64049e-05 3.64628e-05 3.65142e-05 seconds or  9621.57 MUPD/s or  230.918 GB/s
STREAM triad of size   385304 : min/avg/max: 3.98843e-05 3.99373e-05 4.00038e-05 seconds or  9660.55 MUPD/s or  231.853 GB/s
STREAM triad of size   423840 : min/avg/max: 4.38455e-05 4.39048e-05 4.39556e-05 seconds or  9666.66 MUPD/s or      232 GB/s
STREAM triad of size   466232 : min/avg/max: 4.76009e-05 4.76542e-05 4.76937e-05 seconds or  9794.61 MUPD/s or  235.071 GB/s
STREAM triad of size   512856 : min/avg/max: 5.17547e-05 5.18271e-05 5.18747e-05 seconds or  9909.36 MUPD/s or  237.825 GB/s
STREAM triad of size   564144 : min/avg/max: 5.52299e-05 5.53972e-05 5.55473e-05 seconds or  10214.5 MUPD/s or  245.147 GB/s
STREAM triad of size   620560 : min/avg/max: 6.02473e-05 6.03101e-05  6.0359e-05 seconds or  10300.2 MUPD/s or  247.205 GB/s
STREAM triad of size   682624 : min/avg/max: 6.59626e-05 6.59853e-05 6.60163e-05 seconds or  10348.6 MUPD/s or  248.367 GB/s
STREAM triad of size   750888 : min/avg/max: 7.20966e-05 7.21298e-05 7.22103e-05 seconds or    10415 MUPD/s or   249.96 GB/s
STREAM triad of size   825984 : min/avg/max: 7.92323e-05 7.92865e-05 7.93453e-05 seconds or  10424.8 MUPD/s or  250.196 GB/s
STREAM triad of size   908584 : min/avg/max:   8.686e-05 8.69076e-05 8.69681e-05 seconds or  10460.3 MUPD/s or  251.048 GB/s
STREAM triad of size   999448 : min/avg/max: 9.52996e-05 9.53363e-05 9.53815e-05 seconds or  10487.4 MUPD/s or  251.698 GB/s
STREAM triad of size  1099400 : min/avg/max: 0.000106819 0.000106888 0.000106971 seconds or  10292.2 MUPD/s or  247.013 GB/s
STREAM triad of size  1209344 : min/avg/max: 0.000116503 0.000116714 0.000116892 seconds or  10380.4 MUPD/s or   249.13 GB/s
STREAM triad of size  1330280 : min/avg/max: 0.000128041 0.000128138 0.000128263 seconds or  10389.5 MUPD/s or  249.348 GB/s
STREAM triad of size  1463312 : min/avg/max: 0.000140479 0.000140639 0.000140812 seconds or  10416.6 MUPD/s or  249.999 GB/s
STREAM triad of size  1609648 : min/avg/max: 0.000153191 0.000153373  0.00015352 seconds or  10507.4 MUPD/s or  252.178 GB/s
STREAM triad of size  1770616 : min/avg/max: 0.000168456 0.000168634 0.000168871 seconds or  10510.8 MUPD/s or   252.26 GB/s
STREAM triad of size  1947680 : min/avg/max: 0.000185887  0.00018602 0.000186257 seconds or  10477.8 MUPD/s or  251.466 GB/s
STREAM triad of size  2142456 : min/avg/max: 0.000204468 0.000204742 0.000205206 seconds or  10478.2 MUPD/s or  251.477 GB/s
STREAM triad of size  2356704 : min/avg/max: 0.000226675 0.000226832 0.000227095 seconds or  10396.8 MUPD/s or  249.524 GB/s
STREAM triad of size  2592376 : min/avg/max: 0.000246428 0.000246674 0.000247154 seconds or  10519.8 MUPD/s or  252.475 GB/s
STREAM triad of size  2851616 : min/avg/max: 0.000270868 0.000271078  0.00027168 seconds or  10527.7 MUPD/s or  252.664 GB/s
STREAM triad of size  3136784 : min/avg/max: 0.000301672 0.000301948 0.000302667 seconds or    10398 MUPD/s or  249.552 GB/s
STREAM triad of size  3450464 : min/avg/max:   0.0003319 0.000332208  0.00033362 seconds or  10396.1 MUPD/s or  249.506 GB/s
STREAM triad of size  3795512 : min/avg/max: 0.000357535 0.000357872 0.000359102 seconds or  10615.8 MUPD/s or  254.779 GB/s
STREAM triad of size  4175064 : min/avg/max: 0.000395986 0.000396239 0.000397959 seconds or  10543.5 MUPD/s or  253.043 GB/s
STREAM triad of size  4592576 : min/avg/max: 0.000438753 0.000439085 0.000440818 seconds or  10467.3 MUPD/s or  251.216 GB/s
STREAM triad of size  5051840 : min/avg/max: 0.000482975 0.000483705 0.000485838 seconds or  10459.8 MUPD/s or  251.036 GB/s
STREAM triad of size  5557032 : min/avg/max: 0.000528344 0.000528896 0.000531085 seconds or  10517.8 MUPD/s or  252.428 GB/s
STREAM triad of size  6112736 : min/avg/max: 0.000581923  0.00058243 0.000585197 seconds or  10504.4 MUPD/s or  252.105 GB/s
STREAM triad of size  6724016 : min/avg/max: 0.000637186 0.000637831 0.000640775 seconds or  10552.7 MUPD/s or  253.264 GB/s
STREAM triad of size  7396424 : min/avg/max: 0.000702913 0.000703617  0.00070663 seconds or  10522.5 MUPD/s or  252.541 GB/s
STREAM triad of size  8136072 : min/avg/max: 0.000776053 0.000776721  0.00078048 seconds or  10483.9 MUPD/s or  251.614 GB/s
STREAM triad of size  8949680 : min/avg/max:  0.00084712 0.000848307 0.000851789 seconds or  10564.8 MUPD/s or  253.556 GB/s
STREAM triad of size  9844656 : min/avg/max: 0.000932165 0.000932929  0.00093683 seconds or  10561.1 MUPD/s or  253.466 GB/s
STREAM triad of size 10829128 : min/avg/max:  0.00102608  0.00102704  0.00103157 seconds or  10553.9 MUPD/s or  253.294 GB/s
STREAM triad of size 11912048 : min/avg/max:  0.00113355  0.00113488     0.00114 seconds or  10508.7 MUPD/s or  252.208 GB/s
STREAM triad of size 13103256 : min/avg/max:  0.00125028  0.00125149  0.00125698 seconds or  10480.2 MUPD/s or  251.525 GB/s
STREAM triad of size 14413584 : min/avg/max:  0.00137347  0.00137567  0.00138181 seconds or  10494.3 MUPD/s or  251.862 GB/s
STREAM triad of size 15854944 : min/avg/max:  0.00150747  0.00150876  0.00151584 seconds or  10517.6 MUPD/s or  252.422 GB/s
STREAM triad of size 17440440 : min/avg/max:  0.00165727  0.00165946  0.00166642 seconds or  10523.6 MUPD/s or  252.567 GB/s
STREAM triad of size 19184488 : min/avg/max:  0.00182266  0.00182465  0.00183234 seconds or  10525.6 MUPD/s or  252.613 GB/s
STREAM triad of size 21102944 : min/avg/max:  0.00200579  0.00200806  0.00201868 seconds or    10521 MUPD/s or  252.505 GB/s
STREAM triad of size 23213240 : min/avg/max:  0.00219828  0.00220062  0.00220975 seconds or  10559.7 MUPD/s or  253.434 GB/s
STREAM triad of size 25534568 : min/avg/max:  0.00241999  0.00242402  0.00243705 seconds or  10551.5 MUPD/s or  253.236 GB/s
STREAM triad of size 28088032 : min/avg/max:   0.0026726  0.00267511    0.002689 seconds or  10509.6 MUPD/s or  252.231 GB/s
STREAM triad of size 30896840 : min/avg/max:  0.00293698  0.00294032  0.00295406 seconds or  10519.9 MUPD/s or  252.478 GB/s
STREAM triad of size 33986528 : min/avg/max:  0.00321934  0.00322401  0.00324561 seconds or    10557 MUPD/s or  253.368 GB/s
STREAM triad of size 37385184 : min/avg/max:  0.00354727  0.00355169  0.00357093 seconds or  10539.1 MUPD/s or  252.939 GB/s
STREAM triad of size 41123704 : min/avg/max:  0.00391307  0.00391841  0.00393702 seconds or  10509.3 MUPD/s or  252.224 GB/s
STREAM triad of size 45236080 : min/avg/max:  0.00429788  0.00430465  0.00432219 seconds or  10525.2 MUPD/s or  252.605 GB/s
STREAM triad of size 49759696 : min/avg/max:  0.00472617  0.00473212  0.00475177 seconds or  10528.5 MUPD/s or  252.685 GB/s
STREAM triad of size 54735672 : min/avg/max:  0.00519625  0.00520244  0.00524591 seconds or  10533.7 MUPD/s or  252.809 GB/s
STREAM triad of size 60209240 : min/avg/max:  0.00570928  0.00571779  0.00576101 seconds or  10545.9 MUPD/s or  253.101 GB/s
STREAM triad of size 66230168 : min/avg/max:  0.00629152  0.00629919  0.00633946 seconds or  10526.9 MUPD/s or  252.645 GB/s
STREAM triad of size 72853192 : min/avg/max:  0.00690959  0.00691683  0.00696116 seconds or  10543.8 MUPD/s or  253.051 GB/s
STREAM triad of size 80138512 : min/avg/max:  0.00759927   0.0076069  0.00764251 seconds or  10545.5 MUPD/s or  253.093 GB/s
STREAM triad of size 88152368 : min/avg/max:  0.00835327  0.00836006  0.00840642 seconds or    10553 MUPD/s or  253.273 GB/s
STREAM triad of size 96967608 : min/avg/max:  0.00920624   0.0092147  0.00925695 seconds or  10532.8 MUPD/s or  252.788 GB/s
