Please look at https://www.uppmax.uu.se/support/faq/running-jobs-faq/using-matlab-s-distributed-computing/ for instructions on how to use MATLAB in the best way.
./stream_triad_cuda -min 8 -max 1e8 -align 0
STREAM triad of size        8 : min/avg/max: 2.46182e-06 2.46429e-06 2.46933e-06 seconds or  3.24963 MUPD/s or 0.0389955 GB/s
STREAM triad of size       16 : min/avg/max: 2.46152e-06 2.46451e-06 2.47369e-06 seconds or  6.50004 MUPD/s or 0.0780005 GB/s
STREAM triad of size       24 : min/avg/max: 2.45956e-06 2.46241e-06  2.4686e-06 seconds or  9.75784 MUPD/s or 0.117094 GB/s
STREAM triad of size       32 : min/avg/max: 2.45897e-06 2.46596e-06  2.4892e-06 seconds or  13.0136 MUPD/s or 0.156163 GB/s
STREAM triad of size       40 : min/avg/max: 2.45964e-06 2.46456e-06 2.47255e-06 seconds or  16.2625 MUPD/s or  0.19515 GB/s
STREAM triad of size       48 : min/avg/max: 2.45924e-06 2.46444e-06   2.479e-06 seconds or  19.5182 MUPD/s or 0.234218 GB/s
STREAM triad of size       56 : min/avg/max: 2.45911e-06 2.46469e-06 2.49607e-06 seconds or  22.7724 MUPD/s or 0.273269 GB/s
STREAM triad of size       64 : min/avg/max: 2.45929e-06 2.46201e-06 2.47055e-06 seconds or  26.0238 MUPD/s or 0.312286 GB/s
STREAM triad of size       72 : min/avg/max: 2.45881e-06  2.4653e-06 2.52274e-06 seconds or  29.2825 MUPD/s or 0.351389 GB/s
STREAM triad of size       80 : min/avg/max: 2.45804e-06 2.46254e-06 2.47315e-06 seconds or  32.5462 MUPD/s or 0.390554 GB/s
STREAM triad of size       96 : min/avg/max:  2.4589e-06 2.46349e-06 2.47107e-06 seconds or  39.0418 MUPD/s or 0.468502 GB/s
STREAM triad of size      112 : min/avg/max: 2.45926e-06 2.46656e-06 2.48218e-06 seconds or  45.5422 MUPD/s or 0.546506 GB/s
STREAM triad of size      128 : min/avg/max: 2.45829e-06 2.46797e-06 2.47182e-06 seconds or  52.0686 MUPD/s or 0.624824 GB/s
STREAM triad of size      144 : min/avg/max: 2.44738e-06 2.46823e-06 2.47343e-06 seconds or  58.8385 MUPD/s or 0.706062 GB/s
STREAM triad of size      160 : min/avg/max: 2.45787e-06 2.46314e-06  2.4706e-06 seconds or  65.0971 MUPD/s or 0.781166 GB/s
STREAM triad of size      184 : min/avg/max: 2.45766e-06 2.46147e-06 2.48375e-06 seconds or  74.8678 MUPD/s or 0.898414 GB/s
STREAM triad of size      208 : min/avg/max: 2.45729e-06  2.4618e-06 2.47138e-06 seconds or  84.6461 MUPD/s or  1.01575 GB/s
STREAM triad of size      232 : min/avg/max: 2.46722e-06 2.47444e-06 2.51693e-06 seconds or   94.033 MUPD/s or   1.1284 GB/s
STREAM triad of size      256 : min/avg/max: 2.45785e-06 2.47948e-06 2.59617e-06 seconds or  104.156 MUPD/s or  1.24987 GB/s
STREAM triad of size      288 : min/avg/max: 2.46784e-06 2.47069e-06 2.48125e-06 seconds or  116.701 MUPD/s or  1.40042 GB/s
STREAM triad of size      320 : min/avg/max:  2.4568e-06 2.46231e-06 2.47269e-06 seconds or  130.251 MUPD/s or  1.56301 GB/s
STREAM triad of size      360 : min/avg/max: 2.45804e-06 2.46858e-06 2.48074e-06 seconds or  146.458 MUPD/s or   1.7575 GB/s
STREAM triad of size      400 : min/avg/max: 2.45721e-06 2.46402e-06 2.47219e-06 seconds or  162.786 MUPD/s or  1.95343 GB/s
STREAM triad of size      448 : min/avg/max: 2.46698e-06 2.46967e-06 2.47393e-06 seconds or  181.599 MUPD/s or  2.17919 GB/s
STREAM triad of size      496 : min/avg/max:  2.4534e-06  2.4687e-06 2.53332e-06 seconds or  202.169 MUPD/s or  2.42602 GB/s
STREAM triad of size      552 : min/avg/max: 2.46648e-06   2.469e-06 2.47455e-06 seconds or    223.8 MUPD/s or   2.6856 GB/s
STREAM triad of size      608 : min/avg/max: 2.45838e-06 2.47008e-06 2.50765e-06 seconds or  247.317 MUPD/s or   2.9678 GB/s
STREAM triad of size      672 : min/avg/max: 2.46701e-06 2.47009e-06 2.47792e-06 seconds or  272.394 MUPD/s or  3.26873 GB/s
STREAM triad of size      744 : min/avg/max:   2.467e-06 2.47006e-06 2.48351e-06 seconds or   301.58 MUPD/s or  3.61897 GB/s
STREAM triad of size      824 : min/avg/max: 2.45636e-06 2.46428e-06 2.47328e-06 seconds or  335.456 MUPD/s or  4.02547 GB/s
STREAM triad of size      912 : min/avg/max: 2.46616e-06 2.48266e-06 2.53801e-06 seconds or  369.806 MUPD/s or  4.43768 GB/s
STREAM triad of size     1008 : min/avg/max: 2.46478e-06  2.4702e-06 2.47701e-06 seconds or  408.961 MUPD/s or  4.90753 GB/s
STREAM triad of size     1112 : min/avg/max: 2.46699e-06 2.46977e-06 2.48327e-06 seconds or  450.751 MUPD/s or  5.40902 GB/s
STREAM triad of size     1224 : min/avg/max: 2.45597e-06 2.46681e-06 2.48752e-06 seconds or  498.378 MUPD/s or  5.98053 GB/s
STREAM triad of size     1352 : min/avg/max: 2.46605e-06 2.47075e-06 2.50547e-06 seconds or  548.246 MUPD/s or  6.57895 GB/s
STREAM triad of size     1488 : min/avg/max:  2.4654e-06 2.47006e-06 2.48288e-06 seconds or  603.554 MUPD/s or  7.24265 GB/s
STREAM triad of size     1640 : min/avg/max: 2.46678e-06  2.4751e-06 2.53108e-06 seconds or  664.833 MUPD/s or    7.978 GB/s
STREAM triad of size     1808 : min/avg/max: 2.46645e-06 2.46997e-06  2.4794e-06 seconds or  733.037 MUPD/s or  8.79644 GB/s
STREAM triad of size     1992 : min/avg/max: 2.46778e-06 2.47192e-06 2.50377e-06 seconds or  807.202 MUPD/s or  9.68642 GB/s
STREAM triad of size     2192 : min/avg/max: 2.46611e-06 2.47241e-06 2.49257e-06 seconds or  888.848 MUPD/s or  10.6662 GB/s
STREAM triad of size     2416 : min/avg/max: 2.46478e-06 2.47078e-06 2.48472e-06 seconds or   980.21 MUPD/s or  11.7625 GB/s
STREAM triad of size     2664 : min/avg/max: 2.45487e-06 2.46387e-06 2.48937e-06 seconds or  1085.19 MUPD/s or  13.0223 GB/s
STREAM triad of size     2936 : min/avg/max: 2.46493e-06 2.46949e-06 2.48034e-06 seconds or  1191.11 MUPD/s or  14.2933 GB/s
STREAM triad of size     3232 : min/avg/max: 2.46447e-06  2.4695e-06 2.49685e-06 seconds or  1311.44 MUPD/s or  15.7373 GB/s
STREAM triad of size     3560 : min/avg/max: 2.46318e-06 2.46946e-06 2.47532e-06 seconds or  1445.29 MUPD/s or  17.3434 GB/s
STREAM triad of size     3920 : min/avg/max:  2.4636e-06 2.47144e-06 2.48842e-06 seconds or  1591.17 MUPD/s or   19.094 GB/s
STREAM triad of size     4320 : min/avg/max: 2.46396e-06 2.47182e-06 2.51879e-06 seconds or  1753.27 MUPD/s or  21.0393 GB/s
STREAM triad of size     4760 : min/avg/max: 2.46426e-06 2.47095e-06 2.49228e-06 seconds or  1931.61 MUPD/s or  23.1793 GB/s
STREAM triad of size     5240 : min/avg/max: 2.46403e-06 2.47031e-06 2.48981e-06 seconds or   2126.6 MUPD/s or  25.5191 GB/s
STREAM triad of size     5768 : min/avg/max: 2.46509e-06 2.47009e-06 2.48193e-06 seconds or  2339.87 MUPD/s or  28.0784 GB/s
STREAM triad of size     6352 : min/avg/max: 2.46561e-06 2.47117e-06 2.49175e-06 seconds or  2576.24 MUPD/s or  30.9149 GB/s
STREAM triad of size     6992 : min/avg/max: 2.46301e-06 2.46995e-06 2.48986e-06 seconds or   2838.8 MUPD/s or  34.0656 GB/s
STREAM triad of size     7696 : min/avg/max: 2.46658e-06 2.47235e-06 2.49427e-06 seconds or  3120.11 MUPD/s or  37.4414 GB/s
STREAM triad of size     8472 : min/avg/max: 2.46238e-06 2.47041e-06 2.47759e-06 seconds or  3440.57 MUPD/s or  41.2868 GB/s
STREAM triad of size     9320 : min/avg/max: 2.46469e-06 2.47124e-06 2.49162e-06 seconds or  3781.41 MUPD/s or  45.3769 GB/s
STREAM triad of size    10256 : min/avg/max: 2.46484e-06 2.48036e-06 2.60274e-06 seconds or  4160.93 MUPD/s or  49.9311 GB/s
STREAM triad of size    11288 : min/avg/max: 2.46107e-06 2.47056e-06 2.50184e-06 seconds or  4586.63 MUPD/s or  55.0395 GB/s
STREAM triad of size    12424 : min/avg/max: 2.46284e-06 2.47121e-06 2.50673e-06 seconds or  5044.59 MUPD/s or   60.535 GB/s
STREAM triad of size    13672 : min/avg/max:  2.4616e-06 2.47508e-06 2.54186e-06 seconds or  5554.11 MUPD/s or  66.6493 GB/s
STREAM triad of size    15040 : min/avg/max: 2.46298e-06 2.47409e-06 2.51269e-06 seconds or  6106.42 MUPD/s or   73.277 GB/s
STREAM triad of size    16552 : min/avg/max: 2.46116e-06 2.47326e-06 2.50102e-06 seconds or   6725.3 MUPD/s or  80.7036 GB/s
STREAM triad of size    18208 : min/avg/max: 2.45544e-06 2.47518e-06 2.50992e-06 seconds or  7415.37 MUPD/s or  88.9844 GB/s
STREAM triad of size    20032 : min/avg/max:  2.4632e-06 2.47595e-06 2.51538e-06 seconds or  8132.52 MUPD/s or  97.5902 GB/s
STREAM triad of size    22040 : min/avg/max: 2.46193e-06 2.47505e-06 2.52217e-06 seconds or  8952.32 MUPD/s or  107.428 GB/s
STREAM triad of size    24248 : min/avg/max: 2.46172e-06 2.47438e-06 2.50494e-06 seconds or  9850.04 MUPD/s or  118.201 GB/s
STREAM triad of size    26680 : min/avg/max: 2.47441e-06 2.49568e-06  2.5677e-06 seconds or  10782.4 MUPD/s or  129.388 GB/s
STREAM triad of size    29352 : min/avg/max: 2.46001e-06 2.47993e-06 2.55292e-06 seconds or  11931.7 MUPD/s or   143.18 GB/s
STREAM triad of size    32288 : min/avg/max: 2.45811e-06 2.47576e-06  2.5132e-06 seconds or  13135.3 MUPD/s or  157.624 GB/s
STREAM triad of size    35520 : min/avg/max: 2.46286e-06 2.48111e-06 2.55608e-06 seconds or  14422.3 MUPD/s or  173.067 GB/s
STREAM triad of size    39080 : min/avg/max: 2.46126e-06 2.47083e-06 2.50666e-06 seconds or  15878.1 MUPD/s or  190.537 GB/s
STREAM triad of size    42992 : min/avg/max: 2.45285e-06 2.46469e-06 2.48035e-06 seconds or  17527.3 MUPD/s or  210.328 GB/s
STREAM triad of size    47296 : min/avg/max: 2.45363e-06 2.47149e-06 2.52702e-06 seconds or  19275.9 MUPD/s or  231.311 GB/s
STREAM triad of size    52032 : min/avg/max: 2.45672e-06 2.47443e-06  2.5354e-06 seconds or  21179.5 MUPD/s or  254.154 GB/s
STREAM triad of size    57240 : min/avg/max: 2.46189e-06 2.47484e-06 2.52513e-06 seconds or  23250.5 MUPD/s or  279.006 GB/s
STREAM triad of size    62968 : min/avg/max: 2.45947e-06 2.49212e-06  2.6814e-06 seconds or  25602.2 MUPD/s or  307.227 GB/s
STREAM triad of size    69272 : min/avg/max: 2.46509e-06 2.48166e-06 2.53596e-06 seconds or  28101.2 MUPD/s or  337.215 GB/s
STREAM triad of size    76200 : min/avg/max: 2.45797e-06 2.48622e-06 2.57514e-06 seconds or  31001.2 MUPD/s or  372.015 GB/s
STREAM triad of size    83824 : min/avg/max: 2.62062e-06 2.64308e-06 2.86831e-06 seconds or  31986.3 MUPD/s or  383.836 GB/s
STREAM triad of size    92208 : min/avg/max: 2.73528e-06 2.74247e-06 2.74854e-06 seconds or  33710.6 MUPD/s or  404.528 GB/s
STREAM triad of size   101432 : min/avg/max: 2.79841e-06 2.80617e-06 2.82081e-06 seconds or  36246.3 MUPD/s or  434.955 GB/s
STREAM triad of size   111576 : min/avg/max: 2.89323e-06 2.90135e-06  2.9101e-06 seconds or  38564.5 MUPD/s or  462.774 GB/s
STREAM triad of size   122736 : min/avg/max: 3.01886e-06 3.02456e-06 3.03158e-06 seconds or  40656.4 MUPD/s or  487.877 GB/s
STREAM triad of size   135016 : min/avg/max: 3.19002e-06 3.19702e-06 3.20315e-06 seconds or  42324.4 MUPD/s or  507.893 GB/s
STREAM triad of size   148520 : min/avg/max: 3.31766e-06 3.32431e-06 3.33067e-06 seconds or  44766.6 MUPD/s or  537.199 GB/s
STREAM triad of size   163376 : min/avg/max: 3.50697e-06  3.5153e-06  3.5237e-06 seconds or  46586.1 MUPD/s or  559.033 GB/s
STREAM triad of size   179720 : min/avg/max: 3.70378e-06 3.70969e-06 3.72087e-06 seconds or  48523.4 MUPD/s or  582.281 GB/s
STREAM triad of size   197696 : min/avg/max: 3.89899e-06 3.90458e-06  3.9105e-06 seconds or  50704.5 MUPD/s or  608.454 GB/s
STREAM triad of size   217472 : min/avg/max: 4.13717e-06 4.14137e-06 4.14669e-06 seconds or  52565.4 MUPD/s or  630.785 GB/s
STREAM triad of size   239224 : min/avg/max: 4.34952e-06 4.36287e-06 4.36821e-06 seconds or  55000.1 MUPD/s or  660.002 GB/s
STREAM triad of size   263152 : min/avg/max: 4.59312e-06 4.59958e-06 4.60786e-06 seconds or  57292.6 MUPD/s or  687.511 GB/s
STREAM triad of size   289472 : min/avg/max: 4.90288e-06 4.92063e-06 4.93413e-06 seconds or  59041.2 MUPD/s or  708.495 GB/s
STREAM triad of size   318424 : min/avg/max: 5.20638e-06 5.21444e-06 5.22069e-06 seconds or  61160.3 MUPD/s or  733.924 GB/s
STREAM triad of size   350272 : min/avg/max:  9.5468e-06 9.56589e-06 9.58422e-06 seconds or    36690 MUPD/s or   440.28 GB/s
STREAM triad of size   385304 : min/avg/max: 1.92811e-05 1.93433e-05 1.94529e-05 seconds or  19983.5 MUPD/s or  239.802 GB/s
STREAM triad of size   423840 : min/avg/max: 2.09172e-05 2.09484e-05 2.09818e-05 seconds or  20262.7 MUPD/s or  243.153 GB/s
STREAM triad of size   466232 : min/avg/max: 2.30047e-05 2.30264e-05 2.30757e-05 seconds or  20266.8 MUPD/s or  243.202 GB/s
STREAM triad of size   512856 : min/avg/max: 2.54664e-05 2.54867e-05 2.54988e-05 seconds or  20138.5 MUPD/s or  241.662 GB/s
STREAM triad of size   564144 : min/avg/max: 2.82542e-05  2.8268e-05 2.82786e-05 seconds or  19966.8 MUPD/s or  239.601 GB/s
STREAM triad of size   620560 : min/avg/max: 3.09477e-05 3.09681e-05 3.09838e-05 seconds or  20051.9 MUPD/s or  240.623 GB/s
STREAM triad of size   682624 : min/avg/max: 3.37938e-05  3.3814e-05  3.3831e-05 seconds or  20199.7 MUPD/s or  242.396 GB/s
STREAM triad of size   750888 : min/avg/max: 3.69778e-05 3.69987e-05 3.70267e-05 seconds or  20306.4 MUPD/s or  243.677 GB/s
STREAM triad of size   825984 : min/avg/max: 4.06985e-05 4.07099e-05 4.07433e-05 seconds or  20295.2 MUPD/s or  243.542 GB/s
STREAM triad of size   908584 : min/avg/max: 4.44551e-05 4.44892e-05 4.45138e-05 seconds or  20438.2 MUPD/s or  245.259 GB/s
STREAM triad of size   999448 : min/avg/max: 4.86732e-05 4.86951e-05 4.87493e-05 seconds or  20533.8 MUPD/s or  246.406 GB/s
STREAM triad of size  1099400 : min/avg/max: 5.33892e-05 5.34222e-05 5.34653e-05 seconds or  20592.2 MUPD/s or  247.106 GB/s
STREAM triad of size  1209344 : min/avg/max: 5.86074e-05 5.86384e-05 5.86959e-05 seconds or  20634.7 MUPD/s or  247.616 GB/s
STREAM triad of size  1330280 : min/avg/max: 6.41973e-05 6.42462e-05 6.43031e-05 seconds or  20721.8 MUPD/s or  248.661 GB/s
STREAM triad of size  1463312 : min/avg/max: 7.04696e-05 7.04975e-05   7.056e-05 seconds or  20765.1 MUPD/s or  249.182 GB/s
STREAM triad of size  1609648 : min/avg/max: 7.73125e-05 7.73519e-05 7.74196e-05 seconds or    20820 MUPD/s or   249.84 GB/s
STREAM triad of size  1770616 : min/avg/max: 8.47833e-05 8.48156e-05 8.49253e-05 seconds or    20884 MUPD/s or  250.608 GB/s
STREAM triad of size  1947680 : min/avg/max: 9.30112e-05 9.30469e-05 9.31403e-05 seconds or  20940.3 MUPD/s or  251.283 GB/s
STREAM triad of size  2142456 : min/avg/max: 0.000102287 0.000102331 0.000102412 seconds or  20945.6 MUPD/s or  251.347 GB/s
STREAM triad of size  2356704 : min/avg/max: 0.000112072 0.000112114 0.000112218 seconds or  21028.5 MUPD/s or  252.342 GB/s
STREAM triad of size  2592376 : min/avg/max: 0.000123235  0.00012329 0.000123425 seconds or    21036 MUPD/s or  252.432 GB/s
STREAM triad of size  2851616 : min/avg/max: 0.000135206 0.000135264 0.000135397 seconds or  21090.8 MUPD/s or   253.09 GB/s
STREAM triad of size  3136784 : min/avg/max: 0.000148407 0.000148453 0.000148613 seconds or  21136.4 MUPD/s or  253.636 GB/s
STREAM triad of size  3450464 : min/avg/max: 0.000162922 0.000163005 0.000163197 seconds or  21178.6 MUPD/s or  254.143 GB/s
STREAM triad of size  3795512 : min/avg/max:  0.00017918 0.000179248 0.000179521 seconds or  21182.7 MUPD/s or  254.193 GB/s
STREAM triad of size  4175064 : min/avg/max: 0.000196935 0.000197026 0.000197453 seconds or  21200.2 MUPD/s or  254.403 GB/s
STREAM triad of size  4592576 : min/avg/max: 0.000216701 0.000216809 0.000217273 seconds or  21193.2 MUPD/s or  254.318 GB/s
STREAM triad of size  5051840 : min/avg/max: 0.000237941  0.00023806 0.000239007 seconds or  21231.4 MUPD/s or  254.777 GB/s
STREAM triad of size  5557032 : min/avg/max: 0.000261416 0.000261553 0.000262485 seconds or  21257.4 MUPD/s or  255.089 GB/s
STREAM triad of size  6112736 : min/avg/max: 0.000287025 0.000287195 0.000288464 seconds or  21296.9 MUPD/s or  255.562 GB/s
STREAM triad of size  6724016 : min/avg/max: 0.000315602 0.000315893 0.000318053 seconds or  21305.4 MUPD/s or  255.664 GB/s
STREAM triad of size  7396424 : min/avg/max: 0.000346955 0.000347151 0.000349327 seconds or  21318.1 MUPD/s or  255.817 GB/s
STREAM triad of size  8136072 : min/avg/max:  0.00038194   0.0003822 0.000385134 seconds or    21302 MUPD/s or  255.624 GB/s
STREAM triad of size  8949680 : min/avg/max: 0.000419497 0.000419769 0.000423191 seconds or  21334.3 MUPD/s or  256.012 GB/s
STREAM triad of size  9844656 : min/avg/max: 0.000461679 0.000461966  0.00046607 seconds or  21323.6 MUPD/s or  255.883 GB/s
STREAM triad of size 10829128 : min/avg/max: 0.000507494 0.000507852 0.000512579 seconds or  21338.4 MUPD/s or  256.061 GB/s
STREAM triad of size 11912048 : min/avg/max: 0.000558953  0.00055938 0.000564682 seconds or  21311.4 MUPD/s or  255.736 GB/s
STREAM triad of size 13103256 : min/avg/max:  0.00061372 0.000614145 0.000620084 seconds or  21350.6 MUPD/s or  256.207 GB/s
STREAM triad of size 14413584 : min/avg/max: 0.000675454 0.000675953 0.000683033 seconds or  21339.1 MUPD/s or  256.069 GB/s
STREAM triad of size 15854944 : min/avg/max: 0.000741516    0.000742 0.000748925 seconds or  21381.8 MUPD/s or  256.581 GB/s
STREAM triad of size 17440440 : min/avg/max: 0.000816145 0.000816947 0.000826478 seconds or  21369.3 MUPD/s or  256.431 GB/s
STREAM triad of size 19184488 : min/avg/max: 0.000897482 0.000898181 0.000906803 seconds or  21375.9 MUPD/s or  256.511 GB/s
STREAM triad of size 21102944 : min/avg/max: 0.000988224  0.00098906 0.000999605 seconds or  21354.4 MUPD/s or  256.253 GB/s
STREAM triad of size 23213240 : min/avg/max:  0.00108246  0.00108328  0.00109423 seconds or    21445 MUPD/s or   257.34 GB/s
STREAM triad of size 25534568 : min/avg/max:  0.00119415  0.00119513  0.00120889 seconds or  21383.1 MUPD/s or  256.598 GB/s
STREAM triad of size 28088032 : min/avg/max:  0.00131442   0.0013154  0.00132993 seconds or  21369.2 MUPD/s or  256.431 GB/s
STREAM triad of size 30896840 : min/avg/max:  0.00144439  0.00144565   0.0014599 seconds or    21391 MUPD/s or  256.692 GB/s
STREAM triad of size 33986528 : min/avg/max:  0.00158938  0.00159114  0.00161553 seconds or  21383.5 MUPD/s or  256.602 GB/s
STREAM triad of size 37385184 : min/avg/max:   0.0017478  0.00174948  0.00177113 seconds or  21389.9 MUPD/s or  256.679 GB/s
STREAM triad of size 41123704 : min/avg/max:  0.00192315  0.00192469   0.0019452 seconds or  21383.6 MUPD/s or  256.603 GB/s
STREAM triad of size 45236080 : min/avg/max:  0.00211346  0.00211505  0.00213658 seconds or  21403.8 MUPD/s or  256.846 GB/s
STREAM triad of size 49759696 : min/avg/max:  0.00232456   0.0023261    0.002347 seconds or    21406 MUPD/s or  256.872 GB/s
STREAM triad of size 54735672 : min/avg/max:  0.00255869  0.00256158  0.00260333 seconds or  21392.1 MUPD/s or  256.705 GB/s
STREAM triad of size 60209240 : min/avg/max:  0.00281365  0.00281717  0.00285971 seconds or    21399 MUPD/s or  256.788 GB/s
STREAM triad of size 66230168 : min/avg/max:   0.0030958  0.00309938  0.00314313 seconds or  21393.5 MUPD/s or  256.722 GB/s
STREAM triad of size 72853192 : min/avg/max:  0.00340358  0.00340666  0.00344814 seconds or  21404.9 MUPD/s or  256.858 GB/s
STREAM triad of size 80138512 : min/avg/max:  0.00374203  0.00374536  0.00378756 seconds or  21415.8 MUPD/s or   256.99 GB/s
STREAM triad of size 88152368 : min/avg/max:  0.00411778  0.00412082  0.00416331 seconds or  21407.7 MUPD/s or  256.893 GB/s
STREAM triad of size 96967608 : min/avg/max:  0.00452774  0.00453081  0.00457273 seconds or  21416.3 MUPD/s or  256.996 GB/s
