Please look at https://www.uppmax.uu.se/support/faq/running-jobs-faq/using-matlab-s-distributed-computing/ for instructions on how to use MATLAB in the best way.
./stream_triad_cuda -min 8 -max 1e8 -align 1
STREAM triad of size        8 : min/avg/max: 2.41752e-06 2.42026e-06 2.42487e-06 seconds or  3.30917 MUPD/s or  0.03971 GB/s
STREAM triad of size       16 : min/avg/max: 2.43789e-06 2.44054e-06 2.44719e-06 seconds or  6.56306 MUPD/s or 0.0787568 GB/s
STREAM triad of size       24 : min/avg/max: 2.43714e-06 2.43917e-06 2.45184e-06 seconds or  9.84759 MUPD/s or 0.118171 GB/s
STREAM triad of size       32 : min/avg/max: 2.43421e-06 2.44138e-06 2.46476e-06 seconds or   13.146 MUPD/s or 0.157751 GB/s
STREAM triad of size       40 : min/avg/max: 2.43724e-06 2.44164e-06 2.45767e-06 seconds or   16.412 MUPD/s or 0.196944 GB/s
STREAM triad of size       48 : min/avg/max: 2.43647e-06 2.44164e-06 2.45711e-06 seconds or  19.7006 MUPD/s or 0.236408 GB/s
STREAM triad of size       56 : min/avg/max: 2.43739e-06 2.44123e-06 2.45717e-06 seconds or  22.9754 MUPD/s or 0.275704 GB/s
STREAM triad of size       64 : min/avg/max: 2.43749e-06 2.44898e-06 2.46343e-06 seconds or  26.2565 MUPD/s or 0.315078 GB/s
STREAM triad of size       72 : min/avg/max:   2.435e-06  2.4506e-06 2.46423e-06 seconds or  29.5688 MUPD/s or 0.354825 GB/s
STREAM triad of size       80 : min/avg/max: 2.43737e-06 2.45036e-06 2.46503e-06 seconds or  32.8223 MUPD/s or 0.393867 GB/s
STREAM triad of size       96 : min/avg/max: 2.43673e-06 2.44566e-06 2.46465e-06 seconds or  39.3971 MUPD/s or 0.472765 GB/s
STREAM triad of size      112 : min/avg/max:  2.4367e-06  2.4432e-06 2.47132e-06 seconds or  45.9638 MUPD/s or 0.551565 GB/s
STREAM triad of size      128 : min/avg/max: 2.43734e-06 2.45204e-06 2.46461e-06 seconds or  52.5163 MUPD/s or 0.630195 GB/s
STREAM triad of size      144 : min/avg/max: 2.43736e-06 2.45501e-06 2.46632e-06 seconds or  59.0802 MUPD/s or 0.708963 GB/s
STREAM triad of size      160 : min/avg/max:  2.4557e-06 2.46268e-06 2.49898e-06 seconds or  65.1545 MUPD/s or 0.781854 GB/s
STREAM triad of size      184 : min/avg/max: 2.43496e-06 2.44672e-06 2.49218e-06 seconds or  75.5659 MUPD/s or 0.906791 GB/s
STREAM triad of size      208 : min/avg/max: 2.45537e-06 2.45777e-06 2.46032e-06 seconds or  84.7123 MUPD/s or  1.01655 GB/s
STREAM triad of size      232 : min/avg/max: 2.43607e-06  2.4438e-06 2.46761e-06 seconds or  95.2352 MUPD/s or  1.14282 GB/s
STREAM triad of size      256 : min/avg/max: 2.43778e-06 2.45076e-06 2.46811e-06 seconds or  105.014 MUPD/s or  1.26016 GB/s
STREAM triad of size      288 : min/avg/max: 2.45563e-06 2.46047e-06 2.49326e-06 seconds or  117.281 MUPD/s or  1.40738 GB/s
STREAM triad of size      320 : min/avg/max: 2.43593e-06 2.44841e-06 2.46512e-06 seconds or  131.367 MUPD/s or   1.5764 GB/s
STREAM triad of size      360 : min/avg/max: 2.45555e-06 2.45797e-06 2.46121e-06 seconds or  146.607 MUPD/s or  1.75928 GB/s
STREAM triad of size      400 : min/avg/max: 2.45522e-06 2.45793e-06 2.46245e-06 seconds or  162.918 MUPD/s or  1.95502 GB/s
STREAM triad of size      448 : min/avg/max:  2.4549e-06 2.45889e-06 2.47754e-06 seconds or  182.492 MUPD/s or  2.18991 GB/s
STREAM triad of size      496 : min/avg/max: 2.45656e-06 2.45886e-06 2.46241e-06 seconds or  201.908 MUPD/s or   2.4229 GB/s
STREAM triad of size      552 : min/avg/max:  2.4546e-06 2.45866e-06 2.47469e-06 seconds or  224.884 MUPD/s or  2.69861 GB/s
STREAM triad of size      608 : min/avg/max: 2.45547e-06 2.46442e-06 2.56363e-06 seconds or  247.611 MUPD/s or  2.97133 GB/s
STREAM triad of size      672 : min/avg/max:  2.4528e-06 2.45788e-06  2.4651e-06 seconds or  273.972 MUPD/s or  3.28767 GB/s
STREAM triad of size      744 : min/avg/max: 2.43328e-06 2.44536e-06 2.46138e-06 seconds or   305.76 MUPD/s or  3.66912 GB/s
STREAM triad of size      824 : min/avg/max: 2.45473e-06 2.45895e-06 2.47021e-06 seconds or  335.679 MUPD/s or  4.02814 GB/s
STREAM triad of size      912 : min/avg/max: 2.45342e-06  2.4578e-06 2.46909e-06 seconds or  371.726 MUPD/s or  4.46071 GB/s
STREAM triad of size     1008 : min/avg/max: 2.43452e-06 2.43921e-06 2.44611e-06 seconds or  414.044 MUPD/s or  4.96853 GB/s
STREAM triad of size     1112 : min/avg/max: 2.45294e-06 2.45895e-06  2.4832e-06 seconds or  453.334 MUPD/s or  5.44001 GB/s
STREAM triad of size     1224 : min/avg/max: 2.45029e-06 2.46059e-06 2.47893e-06 seconds or  499.533 MUPD/s or   5.9944 GB/s
STREAM triad of size     1352 : min/avg/max: 2.45298e-06 2.45869e-06 2.46839e-06 seconds or  551.167 MUPD/s or  6.61401 GB/s
STREAM triad of size     1488 : min/avg/max: 2.45334e-06 2.46165e-06 2.52753e-06 seconds or   606.52 MUPD/s or  7.27823 GB/s
STREAM triad of size     1640 : min/avg/max: 2.45206e-06 2.45868e-06 2.47174e-06 seconds or  668.826 MUPD/s or  8.02592 GB/s
STREAM triad of size     1808 : min/avg/max: 2.43322e-06 2.44552e-06 2.53341e-06 seconds or  743.049 MUPD/s or  8.91659 GB/s
STREAM triad of size     1992 : min/avg/max: 2.45006e-06 2.45988e-06 2.49023e-06 seconds or  813.042 MUPD/s or  9.75651 GB/s
STREAM triad of size     2192 : min/avg/max: 2.45015e-06 2.45625e-06 2.46083e-06 seconds or  894.638 MUPD/s or  10.7357 GB/s
STREAM triad of size     2416 : min/avg/max: 2.45175e-06 2.45817e-06 2.47381e-06 seconds or  985.419 MUPD/s or   11.825 GB/s
STREAM triad of size     2664 : min/avg/max: 2.45239e-06 2.46022e-06 2.50807e-06 seconds or  1086.29 MUPD/s or  13.0354 GB/s
STREAM triad of size     2936 : min/avg/max: 2.45192e-06  2.4573e-06 2.46534e-06 seconds or  1197.43 MUPD/s or  14.3691 GB/s
STREAM triad of size     3232 : min/avg/max: 2.44847e-06 2.45701e-06  2.4904e-06 seconds or  1320.01 MUPD/s or  15.8401 GB/s
STREAM triad of size     3560 : min/avg/max: 2.45044e-06 2.46033e-06 2.48199e-06 seconds or   1452.8 MUPD/s or  17.4336 GB/s
STREAM triad of size     3920 : min/avg/max: 2.44873e-06 2.45865e-06 2.47734e-06 seconds or  1600.83 MUPD/s or    19.21 GB/s
STREAM triad of size     4320 : min/avg/max: 2.45133e-06 2.45866e-06 2.47041e-06 seconds or  1762.31 MUPD/s or  21.1477 GB/s
STREAM triad of size     4760 : min/avg/max: 2.44884e-06 2.45965e-06 2.47087e-06 seconds or  1943.78 MUPD/s or  23.3253 GB/s
STREAM triad of size     5240 : min/avg/max: 2.45211e-06 2.45989e-06 2.50954e-06 seconds or  2136.94 MUPD/s or  25.6432 GB/s
STREAM triad of size     5768 : min/avg/max: 2.44563e-06 2.46618e-06 2.50757e-06 seconds or  2358.49 MUPD/s or  28.3019 GB/s
STREAM triad of size     6352 : min/avg/max: 2.44767e-06 2.45949e-06 2.47035e-06 seconds or  2595.12 MUPD/s or  31.1414 GB/s
STREAM triad of size     6992 : min/avg/max: 2.44951e-06 2.46008e-06 2.48349e-06 seconds or  2854.45 MUPD/s or  34.2534 GB/s
STREAM triad of size     7696 : min/avg/max: 2.44898e-06 2.46137e-06 2.48926e-06 seconds or  3142.53 MUPD/s or  37.7103 GB/s
STREAM triad of size     8472 : min/avg/max: 2.45208e-06 2.46077e-06 2.47287e-06 seconds or  3455.02 MUPD/s or  41.4603 GB/s
STREAM triad of size     9320 : min/avg/max: 2.45168e-06   2.462e-06 2.48522e-06 seconds or  3801.48 MUPD/s or  45.6177 GB/s
STREAM triad of size    10256 : min/avg/max:  2.4494e-06 2.45868e-06 2.48084e-06 seconds or  4187.15 MUPD/s or  50.2458 GB/s
STREAM triad of size    11288 : min/avg/max: 2.44678e-06 2.46093e-06 2.47767e-06 seconds or   4613.4 MUPD/s or  55.3608 GB/s
STREAM triad of size    12424 : min/avg/max: 2.45045e-06 2.46684e-06 2.53768e-06 seconds or  5070.09 MUPD/s or  60.8411 GB/s
STREAM triad of size    13672 : min/avg/max: 2.44991e-06 2.46232e-06  2.4874e-06 seconds or   5580.6 MUPD/s or  66.9672 GB/s
STREAM triad of size    15040 : min/avg/max: 2.45228e-06 2.46393e-06 2.48646e-06 seconds or  6133.06 MUPD/s or  73.5967 GB/s
STREAM triad of size    16552 : min/avg/max: 2.45085e-06 2.45978e-06 2.48614e-06 seconds or  6753.57 MUPD/s or  81.0428 GB/s
STREAM triad of size    18208 : min/avg/max: 2.45509e-06  2.4685e-06  2.5047e-06 seconds or  7416.43 MUPD/s or  88.9972 GB/s
STREAM triad of size    20032 : min/avg/max: 2.44642e-06 2.45883e-06 2.48236e-06 seconds or   8188.3 MUPD/s or  98.2596 GB/s
STREAM triad of size    22040 : min/avg/max: 2.45264e-06 2.46955e-06 2.49326e-06 seconds or  8986.24 MUPD/s or  107.835 GB/s
STREAM triad of size    24248 : min/avg/max: 2.48789e-06 2.49999e-06 2.53561e-06 seconds or  9746.41 MUPD/s or  116.957 GB/s
STREAM triad of size    26680 : min/avg/max: 2.44921e-06 2.46229e-06 2.48649e-06 seconds or  10893.3 MUPD/s or   130.72 GB/s
STREAM triad of size    29352 : min/avg/max: 2.46018e-06  2.4734e-06 2.51376e-06 seconds or  11930.8 MUPD/s or   143.17 GB/s
STREAM triad of size    32288 : min/avg/max: 2.44639e-06 2.46399e-06  2.4946e-06 seconds or  13198.2 MUPD/s or  158.379 GB/s
STREAM triad of size    35520 : min/avg/max: 2.44513e-06 2.45996e-06 2.49815e-06 seconds or  14526.8 MUPD/s or  174.322 GB/s
STREAM triad of size    39080 : min/avg/max: 2.45529e-06 2.48633e-06 2.54291e-06 seconds or  15916.7 MUPD/s or      191 GB/s
STREAM triad of size    42992 : min/avg/max:  2.4468e-06 2.47428e-06 2.52877e-06 seconds or  17570.7 MUPD/s or  210.849 GB/s
STREAM triad of size    47296 : min/avg/max: 2.45467e-06 2.47122e-06  2.5108e-06 seconds or  19267.7 MUPD/s or  231.213 GB/s
STREAM triad of size    52032 : min/avg/max: 2.46016e-06  2.4728e-06 2.49923e-06 seconds or  21149.8 MUPD/s or  253.798 GB/s
STREAM triad of size    57240 : min/avg/max: 2.45349e-06 2.47683e-06 2.52149e-06 seconds or    23330 MUPD/s or   279.96 GB/s
STREAM triad of size    62968 : min/avg/max: 2.46344e-06 2.48566e-06 2.52065e-06 seconds or    25561 MUPD/s or  306.732 GB/s
STREAM triad of size    69272 : min/avg/max: 2.46852e-06 2.50555e-06 2.55145e-06 seconds or  28062.1 MUPD/s or  336.746 GB/s
STREAM triad of size    76200 : min/avg/max: 2.48642e-06 2.50434e-06 2.53631e-06 seconds or  30646.5 MUPD/s or  367.758 GB/s
STREAM triad of size    83824 : min/avg/max: 2.63555e-06 2.64369e-06 2.65259e-06 seconds or  31805.1 MUPD/s or  381.661 GB/s
STREAM triad of size    92208 : min/avg/max: 2.73032e-06 2.73766e-06 2.74129e-06 seconds or  33771.9 MUPD/s or  405.263 GB/s
STREAM triad of size   101432 : min/avg/max: 2.81356e-06 2.81727e-06 2.82415e-06 seconds or  36051.1 MUPD/s or  432.614 GB/s
STREAM triad of size   111576 : min/avg/max: 2.89271e-06 2.90309e-06 2.91162e-06 seconds or  38571.4 MUPD/s or  462.857 GB/s
STREAM triad of size   122736 : min/avg/max: 3.02016e-06 3.02703e-06 3.03413e-06 seconds or  40638.9 MUPD/s or  487.667 GB/s
STREAM triad of size   135016 : min/avg/max: 3.17873e-06 3.19045e-06 3.20277e-06 seconds or  42474.8 MUPD/s or  509.698 GB/s
STREAM triad of size   148520 : min/avg/max: 3.31516e-06 3.32439e-06 3.33795e-06 seconds or  44800.2 MUPD/s or  537.602 GB/s
STREAM triad of size   163376 : min/avg/max: 3.49779e-06 3.50308e-06 3.51096e-06 seconds or  46708.4 MUPD/s or  560.501 GB/s
STREAM triad of size   179720 : min/avg/max: 3.68066e-06 3.70145e-06 3.86193e-06 seconds or  48828.2 MUPD/s or  585.939 GB/s
STREAM triad of size   197696 : min/avg/max: 3.87902e-06 3.89218e-06 3.92018e-06 seconds or  50965.5 MUPD/s or  611.586 GB/s
STREAM triad of size   217472 : min/avg/max: 4.18342e-06 4.18752e-06 4.19286e-06 seconds or  51984.3 MUPD/s or  623.812 GB/s
STREAM triad of size   239224 : min/avg/max: 4.36778e-06 4.37336e-06 4.38486e-06 seconds or  54770.2 MUPD/s or  657.242 GB/s
STREAM triad of size   263152 : min/avg/max: 4.62151e-06 4.65229e-06 4.68118e-06 seconds or  56940.7 MUPD/s or  683.288 GB/s
STREAM triad of size   289472 : min/avg/max:  4.9207e-06 4.92933e-06 4.94255e-06 seconds or  58827.4 MUPD/s or  705.929 GB/s
STREAM triad of size   318424 : min/avg/max: 5.18585e-06 5.19214e-06 5.20849e-06 seconds or  61402.5 MUPD/s or   736.83 GB/s
STREAM triad of size   350272 : min/avg/max: 9.55373e-06 9.59173e-06 9.62159e-06 seconds or  36663.4 MUPD/s or  439.961 GB/s
STREAM triad of size   385304 : min/avg/max: 1.90674e-05  1.9179e-05 1.92203e-05 seconds or  20207.5 MUPD/s or  242.489 GB/s
STREAM triad of size   423840 : min/avg/max: 2.09178e-05 2.09478e-05 2.09763e-05 seconds or  20262.1 MUPD/s or  243.146 GB/s
STREAM triad of size   466232 : min/avg/max: 2.30123e-05 2.30214e-05 2.30599e-05 seconds or  20260.1 MUPD/s or  243.121 GB/s
STREAM triad of size   512856 : min/avg/max: 2.54482e-05 2.54771e-05 2.55163e-05 seconds or    20153 MUPD/s or  241.836 GB/s
STREAM triad of size   564144 : min/avg/max: 2.82563e-05 2.82724e-05 2.83209e-05 seconds or  19965.3 MUPD/s or  239.583 GB/s
STREAM triad of size   620560 : min/avg/max: 3.09427e-05 3.09654e-05 3.09981e-05 seconds or  20055.1 MUPD/s or  240.661 GB/s
STREAM triad of size   682624 : min/avg/max: 3.37975e-05 3.38111e-05 3.38445e-05 seconds or  20197.5 MUPD/s or   242.37 GB/s
STREAM triad of size   750888 : min/avg/max: 3.69783e-05 3.69956e-05 3.70462e-05 seconds or  20306.2 MUPD/s or  243.674 GB/s
STREAM triad of size   825984 : min/avg/max: 4.06923e-05 4.07096e-05 4.07465e-05 seconds or  20298.3 MUPD/s or  243.579 GB/s
STREAM triad of size   908584 : min/avg/max: 4.44703e-05 4.44991e-05  4.4575e-05 seconds or  20431.2 MUPD/s or  245.175 GB/s
STREAM triad of size   999448 : min/avg/max: 4.86756e-05 4.86939e-05  4.8728e-05 seconds or  20532.9 MUPD/s or  246.394 GB/s
STREAM triad of size  1099400 : min/avg/max: 5.33975e-05 5.34177e-05 5.35302e-05 seconds or    20589 MUPD/s or  247.068 GB/s
STREAM triad of size  1209344 : min/avg/max: 5.86179e-05 5.86372e-05 5.86925e-05 seconds or    20631 MUPD/s or  247.572 GB/s
STREAM triad of size  1330280 : min/avg/max: 6.41994e-05 6.42365e-05 6.43116e-05 seconds or  20721.1 MUPD/s or  248.653 GB/s
STREAM triad of size  1463312 : min/avg/max: 7.04329e-05 7.04552e-05   7.053e-05 seconds or    20776 MUPD/s or  249.312 GB/s
STREAM triad of size  1609648 : min/avg/max: 7.73324e-05 7.73511e-05 7.74149e-05 seconds or  20814.7 MUPD/s or  249.776 GB/s
STREAM triad of size  1770616 : min/avg/max: 8.47828e-05 8.48106e-05  8.4875e-05 seconds or  20884.1 MUPD/s or   250.61 GB/s
STREAM triad of size  1947680 : min/avg/max: 9.30007e-05 9.30406e-05 9.31305e-05 seconds or  20942.6 MUPD/s or  251.312 GB/s
STREAM triad of size  2142456 : min/avg/max: 0.000102279 0.000102323 0.000102422 seconds or  20947.2 MUPD/s or  251.366 GB/s
STREAM triad of size  2356704 : min/avg/max: 0.000112065 0.000112109 0.000112239 seconds or  21029.8 MUPD/s or  252.357 GB/s
STREAM triad of size  2592376 : min/avg/max: 0.000123259 0.000123294 0.000123474 seconds or    21032 MUPD/s or  252.384 GB/s
STREAM triad of size  2851616 : min/avg/max: 0.000135219 0.000135251 0.000135385 seconds or  21088.9 MUPD/s or  253.066 GB/s
STREAM triad of size  3136784 : min/avg/max: 0.000148392 0.000148458 0.000148613 seconds or  21138.5 MUPD/s or  253.662 GB/s
STREAM triad of size  3450464 : min/avg/max: 0.000162962 0.000163018 0.000163293 seconds or  21173.4 MUPD/s or  254.081 GB/s
STREAM triad of size  3795512 : min/avg/max: 0.000179201 0.000179256 0.000179563 seconds or  21180.2 MUPD/s or  254.163 GB/s
STREAM triad of size  4175064 : min/avg/max: 0.000196919 0.000197013 0.000197513 seconds or  21201.9 MUPD/s or  254.423 GB/s
STREAM triad of size  4592576 : min/avg/max: 0.000216712 0.000216808   0.0002175 seconds or    21192 MUPD/s or  254.304 GB/s
STREAM triad of size  5051840 : min/avg/max: 0.000237938 0.000238034 0.000238569 seconds or  21231.7 MUPD/s or  254.781 GB/s
STREAM triad of size  5557032 : min/avg/max: 0.000261431 0.000261577 0.000262661 seconds or  21256.2 MUPD/s or  255.074 GB/s
STREAM triad of size  6112736 : min/avg/max: 0.000287047  0.00028753 0.000294106 seconds or  21295.2 MUPD/s or  255.543 GB/s
STREAM triad of size  6724016 : min/avg/max: 0.000315613 0.000315908 0.000317926 seconds or  21304.6 MUPD/s or  255.655 GB/s
STREAM triad of size  7396424 : min/avg/max: 0.000346957 0.000347163  0.00034947 seconds or    21318 MUPD/s or  255.816 GB/s
STREAM triad of size  8136072 : min/avg/max: 0.000381939 0.000382214 0.000385372 seconds or    21302 MUPD/s or  255.624 GB/s
STREAM triad of size  8949680 : min/avg/max: 0.000419535 0.000419781 0.000423088 seconds or  21332.4 MUPD/s or  255.988 GB/s
STREAM triad of size  9844656 : min/avg/max: 0.000461686 0.000461978 0.000466036 seconds or  21323.3 MUPD/s or  255.879 GB/s
STREAM triad of size 10829128 : min/avg/max: 0.000507463 0.000507841 0.000512357 seconds or  21339.8 MUPD/s or  256.077 GB/s
STREAM triad of size 11912048 : min/avg/max: 0.000558957 0.000559366 0.000564653 seconds or  21311.2 MUPD/s or  255.734 GB/s
STREAM triad of size 13103256 : min/avg/max: 0.000613724 0.000614199 0.000619956 seconds or  21350.4 MUPD/s or  256.205 GB/s
STREAM triad of size 14413584 : min/avg/max: 0.000675543 0.000676054 0.000683215 seconds or  21336.3 MUPD/s or  256.036 GB/s
STREAM triad of size 15854944 : min/avg/max: 0.000741501 0.000742047  0.00074934 seconds or  21382.2 MUPD/s or  256.587 GB/s
STREAM triad of size 17440440 : min/avg/max: 0.000816389 0.000817013 0.000825389 seconds or  21362.9 MUPD/s or  256.355 GB/s
STREAM triad of size 19184488 : min/avg/max: 0.000897484 0.000898192  0.00090707 seconds or  21375.9 MUPD/s or   256.51 GB/s
STREAM triad of size 21102944 : min/avg/max: 0.000988227 0.000989219 0.000999752 seconds or  21354.4 MUPD/s or  256.252 GB/s
STREAM triad of size 23213240 : min/avg/max:  0.00108248  0.00108337  0.00109345 seconds or  21444.4 MUPD/s or  257.333 GB/s
STREAM triad of size 25534568 : min/avg/max:  0.00119399  0.00119515  0.00120878 seconds or  21385.9 MUPD/s or  256.631 GB/s
STREAM triad of size 28088032 : min/avg/max:  0.00131435  0.00131546  0.00132906 seconds or  21370.2 MUPD/s or  256.443 GB/s
STREAM triad of size 30896840 : min/avg/max:  0.00144454   0.0014457  0.00145932 seconds or  21388.8 MUPD/s or  256.665 GB/s
STREAM triad of size 33986528 : min/avg/max:  0.00158938  0.00159106  0.00161281 seconds or  21383.6 MUPD/s or  256.603 GB/s
STREAM triad of size 37385184 : min/avg/max:   0.0017482  0.00174973  0.00177034 seconds or    21385 MUPD/s or  256.619 GB/s
STREAM triad of size 41123704 : min/avg/max:  0.00192296  0.00192474   0.0019461 seconds or  21385.6 MUPD/s or  256.627 GB/s
STREAM triad of size 45236080 : min/avg/max:  0.00211359  0.00211521   0.0021363 seconds or  21402.5 MUPD/s or   256.83 GB/s
STREAM triad of size 49759696 : min/avg/max:  0.00232468  0.00232623   0.0023471 seconds or    21405 MUPD/s or  256.859 GB/s
STREAM triad of size 54735672 : min/avg/max:  0.00255863  0.00256194  0.00260303 seconds or  21392.5 MUPD/s or   256.71 GB/s
STREAM triad of size 60209240 : min/avg/max:  0.00281431  0.00281726  0.00285838 seconds or  21393.9 MUPD/s or  256.727 GB/s
STREAM triad of size 66230168 : min/avg/max:   0.0030959  0.00309961  0.00314088 seconds or  21392.8 MUPD/s or  256.714 GB/s
STREAM triad of size 72853192 : min/avg/max:  0.00340327  0.00340695  0.00344676 seconds or  21406.8 MUPD/s or  256.882 GB/s
STREAM triad of size 80138512 : min/avg/max:  0.00374189  0.00374576  0.00378953 seconds or  21416.6 MUPD/s or  256.999 GB/s
STREAM triad of size 88152368 : min/avg/max:  0.00411773  0.00412086  0.00416095 seconds or    21408 MUPD/s or  256.896 GB/s
STREAM triad of size 96967608 : min/avg/max:   0.0045273  0.00453083  0.00457149 seconds or  21418.4 MUPD/s or  257.021 GB/s
