./stream_triad_cuda -min 8 -max 1e8 -align 1
STREAM triad of size        8 : min/avg/max: 2.47954e-06 2.48096e-06 2.48293e-06 seconds or  3.22641 MUPD/s or 0.0774338 GB/s
STREAM triad of size       16 : min/avg/max: 2.47985e-06 2.48354e-06 2.50215e-06 seconds or    6.452 MUPD/s or 0.154848 GB/s
STREAM triad of size       24 : min/avg/max: 2.47905e-06 2.48419e-06 2.49441e-06 seconds or  9.68112 MUPD/s or 0.232347 GB/s
STREAM triad of size       32 : min/avg/max: 2.47719e-06  2.4848e-06 2.49837e-06 seconds or  12.9178 MUPD/s or 0.310028 GB/s
STREAM triad of size       40 : min/avg/max: 2.47752e-06 2.48808e-06 2.50205e-06 seconds or  16.1452 MUPD/s or 0.387485 GB/s
STREAM triad of size       48 : min/avg/max:  2.4789e-06  2.4871e-06 2.50231e-06 seconds or  19.3634 MUPD/s or 0.464721 GB/s
STREAM triad of size       56 : min/avg/max: 2.47963e-06  2.4888e-06 2.49982e-06 seconds or   22.584 MUPD/s or 0.542016 GB/s
STREAM triad of size       64 : min/avg/max: 2.47797e-06   2.486e-06 2.50328e-06 seconds or  25.8276 MUPD/s or 0.619863 GB/s
STREAM triad of size       72 : min/avg/max: 2.47882e-06 2.48438e-06 2.49646e-06 seconds or  29.0461 MUPD/s or 0.697106 GB/s
STREAM triad of size       80 : min/avg/max: 2.47895e-06 2.48397e-06 2.49958e-06 seconds or  32.2717 MUPD/s or 0.774522 GB/s
STREAM triad of size       96 : min/avg/max: 2.45516e-06  2.4809e-06 2.50476e-06 seconds or  39.1013 MUPD/s or 0.938431 GB/s
STREAM triad of size      112 : min/avg/max: 2.47976e-06 2.49451e-06 2.51547e-06 seconds or  45.1656 MUPD/s or  1.08398 GB/s
STREAM triad of size      128 : min/avg/max: 2.47603e-06 2.48509e-06 2.51195e-06 seconds or  51.6958 MUPD/s or   1.2407 GB/s
STREAM triad of size      144 : min/avg/max: 2.49021e-06 2.49399e-06 2.51353e-06 seconds or  57.8264 MUPD/s or  1.38783 GB/s
STREAM triad of size      160 : min/avg/max: 2.49225e-06 2.49573e-06 2.51806e-06 seconds or  64.1989 MUPD/s or  1.54077 GB/s
STREAM triad of size      184 : min/avg/max: 2.49218e-06  2.4952e-06 2.51235e-06 seconds or   73.831 MUPD/s or  1.77194 GB/s
STREAM triad of size      208 : min/avg/max: 2.47827e-06 2.48576e-06 2.50508e-06 seconds or  83.9293 MUPD/s or   2.0143 GB/s
STREAM triad of size      232 : min/avg/max: 2.47837e-06 2.48453e-06 2.50001e-06 seconds or  93.6101 MUPD/s or  2.24664 GB/s
STREAM triad of size      256 : min/avg/max: 2.47769e-06 2.48428e-06 2.49825e-06 seconds or  103.322 MUPD/s or  2.47973 GB/s
STREAM triad of size      288 : min/avg/max: 2.47755e-06 2.48835e-06 2.50232e-06 seconds or  116.244 MUPD/s or  2.78985 GB/s
STREAM triad of size      320 : min/avg/max: 2.49072e-06   2.496e-06 2.52192e-06 seconds or  128.477 MUPD/s or  3.08344 GB/s
STREAM triad of size      360 : min/avg/max: 2.49254e-06 2.49944e-06 2.54614e-06 seconds or  144.431 MUPD/s or  3.46634 GB/s
STREAM triad of size      400 : min/avg/max:  2.4929e-06 2.49603e-06 2.51343e-06 seconds or  160.456 MUPD/s or  3.85094 GB/s
STREAM triad of size      448 : min/avg/max: 2.49036e-06 2.49591e-06 2.50859e-06 seconds or  179.893 MUPD/s or  4.31744 GB/s
STREAM triad of size      496 : min/avg/max: 2.47545e-06 2.49617e-06 2.53208e-06 seconds or  200.368 MUPD/s or  4.80883 GB/s
STREAM triad of size      552 : min/avg/max:  2.4874e-06 2.49324e-06 2.50245e-06 seconds or  221.918 MUPD/s or  5.32604 GB/s
STREAM triad of size      608 : min/avg/max: 2.48741e-06  2.4964e-06 2.55042e-06 seconds or  244.431 MUPD/s or  5.86635 GB/s
STREAM triad of size      672 : min/avg/max: 2.48717e-06 2.49176e-06 2.49972e-06 seconds or  270.186 MUPD/s or  6.48447 GB/s
STREAM triad of size      744 : min/avg/max: 2.48972e-06  2.4943e-06 2.51771e-06 seconds or  298.828 MUPD/s or  7.17188 GB/s
STREAM triad of size      824 : min/avg/max: 2.49002e-06 2.49366e-06 2.50573e-06 seconds or  330.921 MUPD/s or   7.9421 GB/s
STREAM triad of size      912 : min/avg/max: 2.47969e-06 2.51001e-06 2.62001e-06 seconds or  367.787 MUPD/s or  8.82689 GB/s
STREAM triad of size     1008 : min/avg/max: 2.48813e-06 2.49306e-06 2.49974e-06 seconds or  405.124 MUPD/s or  9.72296 GB/s
STREAM triad of size     1112 : min/avg/max: 2.48714e-06 2.49525e-06 2.53059e-06 seconds or  447.101 MUPD/s or  10.7304 GB/s
STREAM triad of size     1224 : min/avg/max: 2.48934e-06 2.49618e-06  2.5336e-06 seconds or  491.696 MUPD/s or  11.8007 GB/s
STREAM triad of size     1352 : min/avg/max: 2.48765e-06 2.49409e-06 2.51851e-06 seconds or  543.485 MUPD/s or  13.0436 GB/s
STREAM triad of size     1488 : min/avg/max:  2.4896e-06 2.49573e-06 2.53781e-06 seconds or  597.686 MUPD/s or  14.3445 GB/s
STREAM triad of size     1640 : min/avg/max: 2.48834e-06 2.50397e-06 2.59504e-06 seconds or  659.075 MUPD/s or  15.8178 GB/s
STREAM triad of size     1808 : min/avg/max:   2.488e-06 2.49537e-06 2.51144e-06 seconds or  726.689 MUPD/s or  17.4405 GB/s
STREAM triad of size     1992 : min/avg/max: 2.48537e-06 2.49259e-06 2.52805e-06 seconds or  801.489 MUPD/s or  19.2357 GB/s
STREAM triad of size     2192 : min/avg/max: 2.48553e-06 2.49687e-06 2.52319e-06 seconds or  881.905 MUPD/s or  21.1657 GB/s
STREAM triad of size     2416 : min/avg/max: 2.48588e-06 2.50141e-06 2.52497e-06 seconds or  971.888 MUPD/s or  23.3253 GB/s
STREAM triad of size     2664 : min/avg/max: 2.48469e-06 2.49839e-06  2.5358e-06 seconds or  1072.17 MUPD/s or   25.732 GB/s
STREAM triad of size     2936 : min/avg/max: 2.48955e-06 2.50479e-06 2.55353e-06 seconds or  1179.33 MUPD/s or  28.3039 GB/s
STREAM triad of size     3232 : min/avg/max: 2.48561e-06 2.49556e-06 2.52432e-06 seconds or  1300.28 MUPD/s or  31.2068 GB/s
STREAM triad of size     3560 : min/avg/max: 2.48397e-06 2.49207e-06 2.53602e-06 seconds or  1433.19 MUPD/s or  34.3966 GB/s
STREAM triad of size     3920 : min/avg/max: 2.48468e-06 2.49755e-06 2.55191e-06 seconds or  1577.67 MUPD/s or   37.864 GB/s
STREAM triad of size     4320 : min/avg/max: 2.47974e-06 2.50507e-06 2.55689e-06 seconds or  1742.12 MUPD/s or  41.8108 GB/s
STREAM triad of size     4760 : min/avg/max: 2.48384e-06 2.49844e-06 2.54643e-06 seconds or  1916.39 MUPD/s or  45.9933 GB/s
STREAM triad of size     5240 : min/avg/max: 2.48524e-06 2.49827e-06 2.55473e-06 seconds or  2108.44 MUPD/s or  50.6027 GB/s
STREAM triad of size     5768 : min/avg/max: 2.48055e-06 2.49748e-06 2.56761e-06 seconds or  2325.29 MUPD/s or   55.807 GB/s
STREAM triad of size     6352 : min/avg/max: 2.47455e-06 2.50165e-06 2.59843e-06 seconds or  2566.93 MUPD/s or  61.6063 GB/s
STREAM triad of size     6992 : min/avg/max: 2.46885e-06 2.49637e-06 2.51326e-06 seconds or  2832.09 MUPD/s or  67.9701 GB/s
STREAM triad of size     7696 : min/avg/max: 2.48169e-06 2.49457e-06 2.52698e-06 seconds or  3101.12 MUPD/s or  74.4268 GB/s
STREAM triad of size     8472 : min/avg/max: 2.48113e-06 2.49293e-06 2.51494e-06 seconds or  3414.57 MUPD/s or  81.9497 GB/s
STREAM triad of size     9320 : min/avg/max: 2.49964e-06 2.52042e-06 2.54102e-06 seconds or  3728.54 MUPD/s or  89.4849 GB/s
STREAM triad of size    10256 : min/avg/max: 2.48982e-06  2.5102e-06 2.54283e-06 seconds or  4119.17 MUPD/s or  98.8601 GB/s
STREAM triad of size    11288 : min/avg/max: 2.48567e-06 2.49622e-06 2.54518e-06 seconds or  4541.23 MUPD/s or  108.989 GB/s
STREAM triad of size    12424 : min/avg/max: 2.50836e-06 2.52755e-06 2.56123e-06 seconds or  4953.03 MUPD/s or  118.873 GB/s
STREAM triad of size    13672 : min/avg/max: 2.47681e-06 2.49297e-06 2.51533e-06 seconds or     5520 MUPD/s or   132.48 GB/s
STREAM triad of size    15040 : min/avg/max: 2.47412e-06 2.50183e-06 2.54185e-06 seconds or  6078.92 MUPD/s or  145.894 GB/s
STREAM triad of size    16552 : min/avg/max: 2.48195e-06 2.51308e-06 2.54284e-06 seconds or  6668.94 MUPD/s or  160.055 GB/s
STREAM triad of size    18208 : min/avg/max: 2.47678e-06 2.49697e-06 2.54552e-06 seconds or  7351.47 MUPD/s or  176.435 GB/s
STREAM triad of size    20032 : min/avg/max: 2.49488e-06 2.50728e-06 2.51857e-06 seconds or  8029.25 MUPD/s or  192.702 GB/s
STREAM triad of size    22040 : min/avg/max: 2.48193e-06 2.51284e-06 2.54913e-06 seconds or   8880.2 MUPD/s or  213.125 GB/s
STREAM triad of size    24248 : min/avg/max: 2.47905e-06 2.49611e-06 2.52283e-06 seconds or  9781.18 MUPD/s or  234.748 GB/s
STREAM triad of size    26680 : min/avg/max: 2.51159e-06 2.52755e-06 2.54011e-06 seconds or  10622.7 MUPD/s or  254.946 GB/s
STREAM triad of size    29352 : min/avg/max: 2.48112e-06 2.50499e-06 2.58006e-06 seconds or  11830.1 MUPD/s or  283.923 GB/s
STREAM triad of size    32288 : min/avg/max: 2.48255e-06 2.50441e-06 2.56528e-06 seconds or    13006 MUPD/s or  312.144 GB/s
STREAM triad of size    35520 : min/avg/max: 2.49665e-06 2.52362e-06 2.57177e-06 seconds or    14227 MUPD/s or  341.449 GB/s
STREAM triad of size    39080 : min/avg/max:  2.5007e-06 2.53154e-06 2.56771e-06 seconds or  15627.6 MUPD/s or  375.063 GB/s
STREAM triad of size    42992 : min/avg/max: 2.94425e-06 2.94986e-06 2.95564e-06 seconds or    14602 MUPD/s or  350.448 GB/s
STREAM triad of size    47296 : min/avg/max: 3.09943e-06 3.10509e-06 3.10805e-06 seconds or  15259.6 MUPD/s or   366.23 GB/s
STREAM triad of size    52032 : min/avg/max: 3.25201e-06 3.25607e-06 3.26211e-06 seconds or    16000 MUPD/s or  383.999 GB/s
STREAM triad of size    57240 : min/avg/max:  3.3593e-06 3.36417e-06 3.36823e-06 seconds or  17039.3 MUPD/s or  408.942 GB/s
STREAM triad of size    62968 : min/avg/max: 3.36204e-06 3.37005e-06 3.37732e-06 seconds or  18729.1 MUPD/s or  449.499 GB/s
STREAM triad of size    69272 : min/avg/max: 3.45638e-06 3.46041e-06 3.46377e-06 seconds or  20041.8 MUPD/s or  481.003 GB/s
STREAM triad of size    76200 : min/avg/max: 3.54145e-06 3.55147e-06 3.56681e-06 seconds or  21516.6 MUPD/s or  516.399 GB/s
STREAM triad of size    83824 : min/avg/max: 3.84733e-06 3.88821e-06 3.90485e-06 seconds or  21787.6 MUPD/s or  522.902 GB/s
STREAM triad of size    92208 : min/avg/max: 4.15882e-06 4.16317e-06 4.16712e-06 seconds or  22171.7 MUPD/s or  532.121 GB/s
STREAM triad of size   101432 : min/avg/max: 4.33591e-06 4.33884e-06 4.34512e-06 seconds or  23393.5 MUPD/s or  561.444 GB/s
STREAM triad of size   111576 : min/avg/max: 4.50437e-06 4.51045e-06 4.51939e-06 seconds or  24770.6 MUPD/s or  594.495 GB/s
STREAM triad of size   122736 : min/avg/max: 4.75422e-06 4.76151e-06 4.76941e-06 seconds or  25816.2 MUPD/s or  619.589 GB/s
STREAM triad of size   135016 : min/avg/max: 5.04984e-06 5.05597e-06 5.06212e-06 seconds or  26736.7 MUPD/s or   641.68 GB/s
STREAM triad of size   148520 : min/avg/max: 5.38644e-06 5.39275e-06 5.39973e-06 seconds or    27573 MUPD/s or  661.751 GB/s
STREAM triad of size   163376 : min/avg/max: 5.73005e-06 5.73632e-06 5.74452e-06 seconds or  28512.1 MUPD/s or  684.292 GB/s
STREAM triad of size   179720 : min/avg/max: 1.02245e-05 1.02803e-05  1.0326e-05 seconds or  17577.4 MUPD/s or  421.859 GB/s
STREAM triad of size   197696 : min/avg/max: 1.94241e-05 1.95726e-05 1.97053e-05 seconds or  10177.9 MUPD/s or   244.27 GB/s
STREAM triad of size   217472 : min/avg/max: 2.12691e-05 2.12866e-05 2.13089e-05 seconds or  10224.8 MUPD/s or  245.395 GB/s
STREAM triad of size   239224 : min/avg/max: 2.30507e-05 2.30762e-05 2.30955e-05 seconds or  10378.2 MUPD/s or  249.076 GB/s
STREAM triad of size   263152 : min/avg/max: 2.52499e-05  2.5273e-05 2.53095e-05 seconds or  10421.9 MUPD/s or  250.126 GB/s
STREAM triad of size   289472 : min/avg/max: 2.79464e-05 2.79699e-05 2.80216e-05 seconds or  10358.1 MUPD/s or  248.594 GB/s
STREAM triad of size   318424 : min/avg/max: 3.22076e-05  3.2244e-05  3.2281e-05 seconds or  9886.61 MUPD/s or  237.279 GB/s
STREAM triad of size   350272 : min/avg/max: 3.55493e-05 3.55919e-05 3.56321e-05 seconds or  9853.13 MUPD/s or  236.475 GB/s
STREAM triad of size   385304 : min/avg/max: 3.89825e-05 3.90489e-05 3.90988e-05 seconds or  9884.02 MUPD/s or  237.217 GB/s
STREAM triad of size   423840 : min/avg/max: 4.32413e-05  4.3275e-05 4.33115e-05 seconds or  9801.74 MUPD/s or  235.242 GB/s
STREAM triad of size   466232 : min/avg/max: 4.70877e-05 4.71497e-05 4.72004e-05 seconds or  9901.35 MUPD/s or  237.632 GB/s
STREAM triad of size   512856 : min/avg/max: 5.11439e-05 5.11886e-05 5.12395e-05 seconds or  10027.7 MUPD/s or  240.665 GB/s
STREAM triad of size   564144 : min/avg/max: 5.49818e-05 5.49959e-05 5.50141e-05 seconds or  10260.6 MUPD/s or  246.253 GB/s
STREAM triad of size   620560 : min/avg/max: 6.02795e-05 6.02994e-05 6.03129e-05 seconds or  10294.7 MUPD/s or  247.073 GB/s
STREAM triad of size   682624 : min/avg/max: 6.60993e-05 6.61278e-05  6.6163e-05 seconds or  10327.3 MUPD/s or  247.854 GB/s
STREAM triad of size   750888 : min/avg/max: 7.23281e-05 7.23504e-05 7.23861e-05 seconds or  10381.7 MUPD/s or   249.16 GB/s
STREAM triad of size   825984 : min/avg/max: 7.92307e-05 7.92601e-05 7.93027e-05 seconds or  10425.1 MUPD/s or  250.201 GB/s
STREAM triad of size   908584 : min/avg/max: 8.69125e-05 8.69342e-05 8.69764e-05 seconds or    10454 MUPD/s or  250.896 GB/s
STREAM triad of size   999448 : min/avg/max: 9.53319e-05 9.53533e-05 9.53878e-05 seconds or  10483.9 MUPD/s or  251.613 GB/s
STREAM triad of size  1099400 : min/avg/max:  0.00010616 0.000106261 0.000106395 seconds or  10356.1 MUPD/s or  248.546 GB/s
STREAM triad of size  1209344 : min/avg/max: 0.000115439 0.000115463 0.000115512 seconds or    10476 MUPD/s or  251.424 GB/s
STREAM triad of size  1330280 : min/avg/max: 0.000126956 0.000127009 0.000127103 seconds or  10478.3 MUPD/s or  251.479 GB/s
STREAM triad of size  1463312 : min/avg/max: 0.000139539 0.000139599 0.000139691 seconds or  10486.7 MUPD/s or  251.682 GB/s
STREAM triad of size  1609648 : min/avg/max: 0.000152499 0.000152545 0.000152625 seconds or  10555.1 MUPD/s or  253.323 GB/s
STREAM triad of size  1770616 : min/avg/max: 0.000167716 0.000167801 0.000167958 seconds or  10557.2 MUPD/s or  253.373 GB/s
STREAM triad of size  1947680 : min/avg/max: 0.000184687 0.000184828 0.000185017 seconds or  10545.8 MUPD/s or    253.1 GB/s
STREAM triad of size  2142456 : min/avg/max: 0.000202349 0.000202439 0.000202677 seconds or  10587.9 MUPD/s or   254.11 GB/s
STREAM triad of size  2356704 : min/avg/max: 0.000224003  0.00022409 0.000224374 seconds or  10520.9 MUPD/s or  252.501 GB/s
STREAM triad of size  2592376 : min/avg/max: 0.000244711 0.000244819 0.000245199 seconds or  10593.6 MUPD/s or  254.247 GB/s
STREAM triad of size  2851616 : min/avg/max: 0.000269455 0.000269545 0.000270032 seconds or  10582.9 MUPD/s or   253.99 GB/s
STREAM triad of size  3136784 : min/avg/max: 0.000295771 0.000296014  0.00029686 seconds or  10605.5 MUPD/s or  254.531 GB/s
STREAM triad of size  3450464 : min/avg/max:  0.00032759 0.000327823 0.000328781 seconds or  10532.9 MUPD/s or  252.789 GB/s
STREAM triad of size  3795512 : min/avg/max: 0.000356015 0.000356162 0.000357467 seconds or  10661.1 MUPD/s or  255.866 GB/s
STREAM triad of size  4175064 : min/avg/max:  0.00039263 0.000392786 0.000394305 seconds or  10633.6 MUPD/s or  255.206 GB/s
STREAM triad of size  4592576 : min/avg/max: 0.000434571 0.000434859 0.000436564 seconds or  10568.1 MUPD/s or  253.634 GB/s
STREAM triad of size  5051840 : min/avg/max: 0.000476123 0.000476395 0.000478559 seconds or  10610.4 MUPD/s or  254.649 GB/s
STREAM triad of size  5557032 : min/avg/max: 0.000523382 0.000523772 0.000526521 seconds or  10617.5 MUPD/s or  254.821 GB/s
STREAM triad of size  6112736 : min/avg/max: 0.000576817 0.000577232 0.000580011 seconds or  10597.4 MUPD/s or  254.337 GB/s
STREAM triad of size  6724016 : min/avg/max: 0.000631613 0.000631982 0.000635375 seconds or  10645.8 MUPD/s or  255.499 GB/s
STREAM triad of size  7396424 : min/avg/max: 0.000697005 0.000697428 0.000700327 seconds or  10611.7 MUPD/s or  254.682 GB/s
STREAM triad of size  8136072 : min/avg/max: 0.000768454 0.000768927 0.000772353 seconds or  10587.6 MUPD/s or  254.102 GB/s
STREAM triad of size  8949680 : min/avg/max: 0.000841166 0.000841606 0.000845511 seconds or  10639.6 MUPD/s or  255.351 GB/s
STREAM triad of size  9844656 : min/avg/max: 0.000925464 0.000926061  0.00093043 seconds or  10637.5 MUPD/s or  255.301 GB/s
STREAM triad of size 10829128 : min/avg/max:  0.00101748  0.00101802  0.00102277 seconds or  10643.1 MUPD/s or  255.435 GB/s
STREAM triad of size 11912048 : min/avg/max:  0.00112023  0.00112082  0.00112586 seconds or  10633.6 MUPD/s or  255.207 GB/s
STREAM triad of size 13103256 : min/avg/max:  0.00123148  0.00123221   0.0012382 seconds or  10640.2 MUPD/s or  255.366 GB/s
STREAM triad of size 14413584 : min/avg/max:  0.00135441  0.00135528  0.00136156 seconds or  10641.9 MUPD/s or  255.407 GB/s
STREAM triad of size 15854944 : min/avg/max:  0.00149179  0.00149266  0.00149971 seconds or  10628.1 MUPD/s or  255.075 GB/s
STREAM triad of size 17440440 : min/avg/max:  0.00163882  0.00163959  0.00164739 seconds or  10642.1 MUPD/s or   255.41 GB/s
STREAM triad of size 19184488 : min/avg/max:  0.00180209  0.00180326  0.00181121 seconds or  10645.7 MUPD/s or  255.497 GB/s
STREAM triad of size 21102944 : min/avg/max:  0.00198089  0.00198256  0.00199314 seconds or  10653.3 MUPD/s or  255.679 GB/s
STREAM triad of size 23213240 : min/avg/max:  0.00217627  0.00217799    0.002188 seconds or  10666.5 MUPD/s or  255.996 GB/s
STREAM triad of size 25534568 : min/avg/max:  0.00239635  0.00239825  0.00241407 seconds or  10655.6 MUPD/s or  255.735 GB/s
STREAM triad of size 28088032 : min/avg/max:  0.00263576  0.00263784  0.00265661 seconds or  10656.5 MUPD/s or  255.757 GB/s
STREAM triad of size 30896840 : min/avg/max:  0.00289887  0.00290064  0.00291607 seconds or  10658.2 MUPD/s or  255.797 GB/s
STREAM triad of size 33986528 : min/avg/max:   0.0031863  0.00318856   0.0032094 seconds or  10666.5 MUPD/s or  255.995 GB/s
STREAM triad of size 37385184 : min/avg/max:  0.00350682  0.00350924  0.00353061 seconds or  10660.7 MUPD/s or  255.857 GB/s
STREAM triad of size 41123704 : min/avg/max:  0.00385921  0.00386278  0.00388223 seconds or    10656 MUPD/s or  255.744 GB/s
STREAM triad of size 45236080 : min/avg/max:   0.0042453  0.00424902  0.00427148 seconds or  10655.6 MUPD/s or  255.734 GB/s
STREAM triad of size 49759696 : min/avg/max:  0.00466868  0.00467268  0.00469483 seconds or  10658.2 MUPD/s or  255.796 GB/s
STREAM triad of size 54735672 : min/avg/max:  0.00514322  0.00514766  0.00518754 seconds or  10642.3 MUPD/s or  255.415 GB/s
STREAM triad of size 60209240 : min/avg/max:  0.00564389  0.00564881  0.00569245 seconds or    10668 MUPD/s or  256.033 GB/s
STREAM triad of size 66230168 : min/avg/max:  0.00621468  0.00622423  0.00626651 seconds or  10657.1 MUPD/s or  255.769 GB/s
STREAM triad of size 72853192 : min/avg/max:  0.00683036   0.0068361  0.00687582 seconds or  10666.1 MUPD/s or  255.986 GB/s
STREAM triad of size 80138512 : min/avg/max:  0.00750941   0.0075172  0.00756318 seconds or  10671.7 MUPD/s or  256.122 GB/s
STREAM triad of size 88152368 : min/avg/max:   0.0082631  0.00827037  0.00831175 seconds or  10668.2 MUPD/s or  256.037 GB/s
STREAM triad of size 96967608 : min/avg/max:  0.00909066  0.00909913  0.00919521 seconds or  10666.7 MUPD/s or  256.002 GB/s
