./stream_triad_cuda -min 8 -max 1e8 -align 1
STREAM triad of size        8 : min/avg/max: 2.51545e-06 2.51862e-06   2.525e-06 seconds or  3.18034 MUPD/s or 0.0381641 GB/s
STREAM triad of size       16 : min/avg/max: 2.50932e-06 2.51973e-06  2.5382e-06 seconds or  6.37622 MUPD/s or 0.0765146 GB/s
STREAM triad of size       24 : min/avg/max: 2.51034e-06 2.51627e-06 2.51938e-06 seconds or  9.56045 MUPD/s or 0.114725 GB/s
STREAM triad of size       32 : min/avg/max: 2.51599e-06 2.53153e-06 2.54652e-06 seconds or  12.7187 MUPD/s or 0.152624 GB/s
STREAM triad of size       40 : min/avg/max: 2.51576e-06 2.52712e-06 2.54265e-06 seconds or  15.8998 MUPD/s or 0.190797 GB/s
STREAM triad of size       48 : min/avg/max: 2.51349e-06 2.52038e-06 2.54125e-06 seconds or   19.097 MUPD/s or 0.229164 GB/s
STREAM triad of size       56 : min/avg/max: 2.53705e-06 2.53985e-06  2.5498e-06 seconds or  22.0729 MUPD/s or 0.264874 GB/s
STREAM triad of size       64 : min/avg/max:  2.5149e-06  2.5174e-06 2.53133e-06 seconds or  25.4483 MUPD/s or  0.30538 GB/s
STREAM triad of size       72 : min/avg/max: 2.49937e-06 2.51685e-06 2.53347e-06 seconds or  28.8072 MUPD/s or 0.345687 GB/s
STREAM triad of size       80 : min/avg/max: 2.51836e-06  2.5389e-06 2.56276e-06 seconds or  31.7667 MUPD/s or 0.381201 GB/s
STREAM triad of size       96 : min/avg/max: 2.50423e-06 2.52186e-06 2.54618e-06 seconds or  38.3352 MUPD/s or 0.460022 GB/s
STREAM triad of size      112 : min/avg/max:  2.4879e-06  2.5232e-06 2.54262e-06 seconds or  45.0178 MUPD/s or 0.540214 GB/s
STREAM triad of size      128 : min/avg/max: 2.51531e-06 2.52516e-06 2.54242e-06 seconds or  50.8883 MUPD/s or  0.61066 GB/s
STREAM triad of size      144 : min/avg/max:  2.5142e-06 2.53022e-06 2.54616e-06 seconds or  57.2746 MUPD/s or 0.687296 GB/s
STREAM triad of size      160 : min/avg/max: 2.51527e-06 2.52585e-06 2.54282e-06 seconds or  63.6115 MUPD/s or 0.763338 GB/s
STREAM triad of size      184 : min/avg/max: 2.51195e-06 2.52098e-06 2.55158e-06 seconds or  73.2498 MUPD/s or 0.878998 GB/s
STREAM triad of size      208 : min/avg/max: 2.51523e-06 2.52855e-06 2.54056e-06 seconds or  82.6961 MUPD/s or 0.992353 GB/s
STREAM triad of size      232 : min/avg/max: 2.53607e-06 2.53888e-06 2.54338e-06 seconds or  91.4802 MUPD/s or  1.09776 GB/s
STREAM triad of size      256 : min/avg/max: 2.53573e-06 2.53831e-06 2.54739e-06 seconds or  100.957 MUPD/s or  1.21149 GB/s
STREAM triad of size      288 : min/avg/max:  2.5365e-06 2.54014e-06 2.55733e-06 seconds or  113.542 MUPD/s or  1.36251 GB/s
STREAM triad of size      320 : min/avg/max: 2.51802e-06 2.53834e-06 2.55384e-06 seconds or  127.084 MUPD/s or  1.52501 GB/s
STREAM triad of size      360 : min/avg/max: 2.53553e-06 2.54017e-06 2.55181e-06 seconds or  141.982 MUPD/s or  1.70378 GB/s
STREAM triad of size      400 : min/avg/max: 2.53597e-06 2.54084e-06  2.5771e-06 seconds or   157.73 MUPD/s or  1.89276 GB/s
STREAM triad of size      448 : min/avg/max: 2.51384e-06 2.52593e-06 2.54865e-06 seconds or  178.213 MUPD/s or  2.13856 GB/s
STREAM triad of size      496 : min/avg/max: 2.53568e-06 2.54155e-06 2.57292e-06 seconds or  195.608 MUPD/s or   2.3473 GB/s
STREAM triad of size      552 : min/avg/max: 2.53513e-06 2.54098e-06 2.56788e-06 seconds or  217.741 MUPD/s or  2.61289 GB/s
STREAM triad of size      608 : min/avg/max: 2.53668e-06 2.54148e-06 2.55258e-06 seconds or  239.683 MUPD/s or   2.8762 GB/s
STREAM triad of size      672 : min/avg/max: 2.53484e-06 2.54273e-06 2.61006e-06 seconds or  265.105 MUPD/s or  3.18126 GB/s
STREAM triad of size      744 : min/avg/max: 2.53442e-06 2.53964e-06 2.55736e-06 seconds or  293.558 MUPD/s or   3.5227 GB/s
STREAM triad of size      824 : min/avg/max: 2.53362e-06 2.53828e-06 2.54624e-06 seconds or  325.227 MUPD/s or  3.90272 GB/s
STREAM triad of size      912 : min/avg/max: 2.53658e-06 2.54032e-06 2.56136e-06 seconds or  359.539 MUPD/s or  4.31447 GB/s
STREAM triad of size     1008 : min/avg/max: 2.51278e-06 2.52534e-06 2.54782e-06 seconds or  401.149 MUPD/s or  4.81379 GB/s
STREAM triad of size     1112 : min/avg/max: 2.53409e-06  2.5393e-06 2.55115e-06 seconds or  438.817 MUPD/s or   5.2658 GB/s
STREAM triad of size     1224 : min/avg/max:  2.5344e-06 2.53966e-06 2.54533e-06 seconds or  482.955 MUPD/s or  5.79546 GB/s
STREAM triad of size     1352 : min/avg/max: 2.53152e-06 2.53945e-06 2.55571e-06 seconds or  534.067 MUPD/s or   6.4088 GB/s
STREAM triad of size     1488 : min/avg/max: 2.53397e-06 2.53808e-06 2.54676e-06 seconds or  587.221 MUPD/s or  7.04665 GB/s
STREAM triad of size     1640 : min/avg/max: 2.53494e-06 2.54066e-06 2.55662e-06 seconds or  646.958 MUPD/s or   7.7635 GB/s
STREAM triad of size     1808 : min/avg/max: 2.53319e-06 2.54749e-06 2.58114e-06 seconds or  713.725 MUPD/s or   8.5647 GB/s
STREAM triad of size     1992 : min/avg/max: 2.53105e-06 2.54608e-06 2.59948e-06 seconds or  787.024 MUPD/s or  9.44429 GB/s
STREAM triad of size     2192 : min/avg/max: 2.53276e-06 2.54169e-06 2.56638e-06 seconds or  865.461 MUPD/s or  10.3855 GB/s
STREAM triad of size     2416 : min/avg/max: 2.53355e-06 2.54095e-06 2.55835e-06 seconds or  953.603 MUPD/s or  11.4432 GB/s
STREAM triad of size     2664 : min/avg/max: 2.53316e-06 2.54021e-06 2.55888e-06 seconds or  1051.65 MUPD/s or  12.6198 GB/s
STREAM triad of size     2936 : min/avg/max: 2.53343e-06 2.54083e-06 2.56204e-06 seconds or   1158.9 MUPD/s or  13.9068 GB/s
STREAM triad of size     3232 : min/avg/max: 2.53431e-06 2.54344e-06 2.55814e-06 seconds or   1275.3 MUPD/s or  15.3036 GB/s
STREAM triad of size     3560 : min/avg/max: 2.53043e-06 2.54048e-06 2.55105e-06 seconds or  1406.87 MUPD/s or  16.8825 GB/s
STREAM triad of size     3920 : min/avg/max: 2.52915e-06 2.53985e-06 2.56236e-06 seconds or  1549.93 MUPD/s or  18.5991 GB/s
STREAM triad of size     4320 : min/avg/max: 2.52802e-06 2.53968e-06 2.56257e-06 seconds or  1708.85 MUPD/s or  20.5062 GB/s
STREAM triad of size     4760 : min/avg/max: 2.53145e-06 2.54219e-06 2.56639e-06 seconds or  1880.35 MUPD/s or  22.5642 GB/s
STREAM triad of size     5240 : min/avg/max: 2.53145e-06 2.54226e-06 2.56146e-06 seconds or  2069.96 MUPD/s or  24.8396 GB/s
STREAM triad of size     5768 : min/avg/max: 2.52448e-06 2.54918e-06 2.57398e-06 seconds or  2284.83 MUPD/s or  27.4179 GB/s
STREAM triad of size     6352 : min/avg/max: 2.52875e-06 2.54799e-06 2.58209e-06 seconds or  2511.91 MUPD/s or   30.143 GB/s
STREAM triad of size     6992 : min/avg/max: 2.53395e-06 2.54502e-06 2.56494e-06 seconds or  2759.33 MUPD/s or  33.1119 GB/s
STREAM triad of size     7696 : min/avg/max: 2.52701e-06 2.54522e-06 2.57324e-06 seconds or   3045.5 MUPD/s or   36.546 GB/s
STREAM triad of size     8472 : min/avg/max: 2.53203e-06 2.54096e-06 2.55523e-06 seconds or  3345.93 MUPD/s or  40.1512 GB/s
STREAM triad of size     9320 : min/avg/max: 2.52723e-06 2.54376e-06  2.5897e-06 seconds or  3687.84 MUPD/s or  44.2541 GB/s
STREAM triad of size    10256 : min/avg/max: 2.53042e-06 2.54346e-06 2.58317e-06 seconds or  4053.08 MUPD/s or  48.6369 GB/s
STREAM triad of size    11288 : min/avg/max:  2.5298e-06 2.54087e-06 2.56857e-06 seconds or  4462.01 MUPD/s or  53.5441 GB/s
STREAM triad of size    12424 : min/avg/max:   2.534e-06 2.55151e-06 2.57622e-06 seconds or  4902.92 MUPD/s or   58.835 GB/s
STREAM triad of size    13672 : min/avg/max: 2.53001e-06  2.5428e-06 2.57191e-06 seconds or  5403.94 MUPD/s or  64.8473 GB/s
STREAM triad of size    15040 : min/avg/max: 2.53436e-06 2.54442e-06 2.55771e-06 seconds or  5934.43 MUPD/s or  71.2131 GB/s
STREAM triad of size    16552 : min/avg/max: 2.53295e-06 2.54975e-06 2.57284e-06 seconds or  6534.67 MUPD/s or  78.4161 GB/s
STREAM triad of size    18208 : min/avg/max: 2.52848e-06 2.54294e-06 2.56905e-06 seconds or  7201.16 MUPD/s or  86.4139 GB/s
STREAM triad of size    20032 : min/avg/max: 2.52698e-06 2.54089e-06  2.5782e-06 seconds or  7927.26 MUPD/s or  95.1271 GB/s
STREAM triad of size    22040 : min/avg/max: 2.52533e-06 2.54275e-06 2.56985e-06 seconds or  8727.59 MUPD/s or  104.731 GB/s
STREAM triad of size    24248 : min/avg/max: 2.53153e-06 2.54648e-06 2.57281e-06 seconds or  9578.38 MUPD/s or  114.941 GB/s
STREAM triad of size    26680 : min/avg/max: 2.54392e-06 2.55849e-06 2.60735e-06 seconds or  10487.7 MUPD/s or  125.853 GB/s
STREAM triad of size    29352 : min/avg/max: 2.52216e-06 2.54629e-06 2.58112e-06 seconds or  11637.6 MUPD/s or  139.652 GB/s
STREAM triad of size    32288 : min/avg/max: 2.53348e-06 2.55073e-06 2.59062e-06 seconds or  12744.5 MUPD/s or  152.934 GB/s
STREAM triad of size    35520 : min/avg/max: 2.53677e-06 2.55161e-06 2.59234e-06 seconds or  14002.1 MUPD/s or  168.025 GB/s
STREAM triad of size    39080 : min/avg/max: 2.52524e-06  2.5452e-06 2.58812e-06 seconds or  15475.8 MUPD/s or  185.709 GB/s
STREAM triad of size    42992 : min/avg/max: 2.53501e-06 2.55127e-06 2.57909e-06 seconds or  16959.3 MUPD/s or  203.512 GB/s
STREAM triad of size    47296 : min/avg/max:  2.5283e-06 2.55134e-06 2.57026e-06 seconds or  18706.6 MUPD/s or  224.479 GB/s
STREAM triad of size    52032 : min/avg/max: 2.52034e-06 2.55113e-06 2.58269e-06 seconds or  20644.9 MUPD/s or  247.738 GB/s
STREAM triad of size    57240 : min/avg/max: 2.55246e-06 2.57056e-06  2.6205e-06 seconds or  22425.4 MUPD/s or  269.105 GB/s
STREAM triad of size    62968 : min/avg/max: 2.53521e-06 2.55439e-06 2.57948e-06 seconds or  24837.4 MUPD/s or  298.049 GB/s
STREAM triad of size    69272 : min/avg/max: 2.53914e-06 2.56229e-06 2.60671e-06 seconds or  27281.7 MUPD/s or   327.38 GB/s
STREAM triad of size    76200 : min/avg/max: 2.54204e-06 2.56155e-06 2.59854e-06 seconds or  29975.9 MUPD/s or  359.711 GB/s
STREAM triad of size    83824 : min/avg/max: 2.53754e-06 2.57839e-06 2.64045e-06 seconds or  33033.5 MUPD/s or  396.403 GB/s
STREAM triad of size    92208 : min/avg/max: 2.55918e-06 2.57907e-06 2.62913e-06 seconds or  36030.2 MUPD/s or  432.363 GB/s
STREAM triad of size   101432 : min/avg/max: 2.65024e-06 2.65532e-06  2.6635e-06 seconds or  38272.8 MUPD/s or  459.274 GB/s
STREAM triad of size   111576 : min/avg/max: 2.71405e-06 2.71981e-06 2.72841e-06 seconds or  41110.5 MUPD/s or  493.326 GB/s
STREAM triad of size   122736 : min/avg/max: 2.84754e-06 2.86274e-06 3.04872e-06 seconds or  43102.4 MUPD/s or  517.229 GB/s
STREAM triad of size   135016 : min/avg/max: 3.00638e-06 3.01445e-06 3.02936e-06 seconds or  44909.8 MUPD/s or  538.917 GB/s
STREAM triad of size   148520 : min/avg/max: 3.09866e-06 3.10585e-06 3.11121e-06 seconds or  47930.4 MUPD/s or  575.165 GB/s
STREAM triad of size   163376 : min/avg/max: 3.22975e-06 3.23904e-06 3.24662e-06 seconds or  50584.7 MUPD/s or  607.016 GB/s
STREAM triad of size   179720 : min/avg/max: 3.48673e-06  3.4901e-06 3.49516e-06 seconds or    51544 MUPD/s or  618.529 GB/s
STREAM triad of size   197696 : min/avg/max:  3.6115e-06 3.61757e-06 3.62904e-06 seconds or  54740.7 MUPD/s or  656.888 GB/s
STREAM triad of size   217472 : min/avg/max: 3.85759e-06 3.86192e-06 3.87584e-06 seconds or  56375.1 MUPD/s or  676.501 GB/s
STREAM triad of size   239224 : min/avg/max: 4.03172e-06 4.03647e-06  4.0405e-06 seconds or  59335.5 MUPD/s or  712.026 GB/s
STREAM triad of size   263152 : min/avg/max: 4.32682e-06 4.33201e-06 4.34008e-06 seconds or  60818.8 MUPD/s or  729.826 GB/s
STREAM triad of size   289472 : min/avg/max: 4.55789e-06 4.56791e-06 4.58001e-06 seconds or  63510.1 MUPD/s or  762.122 GB/s
STREAM triad of size   318424 : min/avg/max: 4.84641e-06 4.85193e-06 4.86339e-06 seconds or  65703.1 MUPD/s or  788.437 GB/s
STREAM triad of size   350272 : min/avg/max: 9.51162e-06 9.53302e-06 9.55511e-06 seconds or  36825.7 MUPD/s or  441.908 GB/s
STREAM triad of size   385304 : min/avg/max: 1.90924e-05 1.91593e-05  1.9228e-05 seconds or    20181 MUPD/s or  242.172 GB/s
STREAM triad of size   423840 : min/avg/max: 2.08296e-05 2.08769e-05 2.09069e-05 seconds or    20348 MUPD/s or  244.176 GB/s
STREAM triad of size   466232 : min/avg/max: 2.28996e-05 2.29376e-05 2.29708e-05 seconds or  20359.8 MUPD/s or  244.317 GB/s
STREAM triad of size   512856 : min/avg/max: 2.52785e-05  2.5309e-05  2.5333e-05 seconds or  20288.2 MUPD/s or  243.459 GB/s
STREAM triad of size   564144 : min/avg/max: 2.81785e-05 2.81908e-05 2.82292e-05 seconds or  20020.4 MUPD/s or  240.245 GB/s
STREAM triad of size   620560 : min/avg/max: 3.08926e-05 3.09168e-05 3.09349e-05 seconds or  20087.6 MUPD/s or  241.052 GB/s
STREAM triad of size   682624 : min/avg/max: 3.37299e-05  3.3741e-05 3.37514e-05 seconds or    20238 MUPD/s or  242.856 GB/s
STREAM triad of size   750888 : min/avg/max: 3.69468e-05 3.69662e-05 3.69883e-05 seconds or  20323.5 MUPD/s or  243.882 GB/s
STREAM triad of size   825984 : min/avg/max: 4.06209e-05 4.06419e-05 4.06702e-05 seconds or    20334 MUPD/s or  244.008 GB/s
STREAM triad of size   908584 : min/avg/max:  4.4397e-05 4.44322e-05 4.44661e-05 seconds or    20465 MUPD/s or   245.58 GB/s
STREAM triad of size   999448 : min/avg/max: 4.85881e-05  4.8607e-05  4.8638e-05 seconds or  20569.8 MUPD/s or  246.837 GB/s
STREAM triad of size  1099400 : min/avg/max: 5.33233e-05  5.3341e-05 5.33887e-05 seconds or  20617.6 MUPD/s or  247.411 GB/s
STREAM triad of size  1209344 : min/avg/max:  5.8519e-05  5.8539e-05  5.8609e-05 seconds or  20665.8 MUPD/s or   247.99 GB/s
STREAM triad of size  1330280 : min/avg/max: 6.41093e-05 6.41688e-05 6.42646e-05 seconds or  20750.2 MUPD/s or  249.002 GB/s
STREAM triad of size  1463312 : min/avg/max: 7.03481e-05 7.03874e-05 7.04528e-05 seconds or    20801 MUPD/s or  249.612 GB/s
STREAM triad of size  1609648 : min/avg/max: 7.71754e-05 7.72557e-05 7.73679e-05 seconds or    20857 MUPD/s or  250.284 GB/s
STREAM triad of size  1770616 : min/avg/max: 8.46964e-05 8.47242e-05 8.47809e-05 seconds or  20905.5 MUPD/s or  250.865 GB/s
STREAM triad of size  1947680 : min/avg/max: 9.29385e-05 9.29839e-05  9.3058e-05 seconds or  20956.7 MUPD/s or   251.48 GB/s
STREAM triad of size  2142456 : min/avg/max: 0.000102261  0.00010231 0.000102403 seconds or  20950.8 MUPD/s or   251.41 GB/s
STREAM triad of size  2356704 : min/avg/max: 0.000112062 0.000112088 0.000112189 seconds or  21030.5 MUPD/s or  252.365 GB/s
STREAM triad of size  2592376 : min/avg/max: 0.000123115 0.000123157 0.000123273 seconds or  21056.6 MUPD/s or  252.679 GB/s
STREAM triad of size  2851616 : min/avg/max:   0.0001351 0.000135142 0.000135276 seconds or  21107.4 MUPD/s or  253.289 GB/s
STREAM triad of size  3136784 : min/avg/max: 0.000148311 0.000148341 0.000148505 seconds or    21150 MUPD/s or  253.801 GB/s
STREAM triad of size  3450464 : min/avg/max:  0.00016284 0.000162899 0.000163213 seconds or  21189.3 MUPD/s or  254.271 GB/s
STREAM triad of size  3795512 : min/avg/max: 0.000179025 0.000179088 0.000179371 seconds or    21201 MUPD/s or  254.412 GB/s
STREAM triad of size  4175064 : min/avg/max:  0.00019674 0.000196797 0.000197234 seconds or  21221.2 MUPD/s or  254.655 GB/s
STREAM triad of size  4592576 : min/avg/max: 0.000216614 0.000216699  0.00021719 seconds or  21201.6 MUPD/s or   254.42 GB/s
STREAM triad of size  5051840 : min/avg/max: 0.000237732 0.000237873 0.000238974 seconds or  21250.1 MUPD/s or  255.002 GB/s
STREAM triad of size  5557032 : min/avg/max: 0.000261302 0.000261411 0.000262344 seconds or  21266.7 MUPD/s or    255.2 GB/s
STREAM triad of size  6112736 : min/avg/max: 0.000286862 0.000286999 0.000288052 seconds or    21309 MUPD/s or  255.707 GB/s
STREAM triad of size  6724016 : min/avg/max: 0.000315494 0.000315737 0.000317705 seconds or  21312.7 MUPD/s or  255.752 GB/s
STREAM triad of size  7396424 : min/avg/max: 0.000346755 0.000347004  0.00034984 seconds or  21330.4 MUPD/s or  255.965 GB/s
STREAM triad of size  8136072 : min/avg/max: 0.000381786 0.000382059 0.000384921 seconds or  21310.6 MUPD/s or  255.727 GB/s
STREAM triad of size  8949680 : min/avg/max: 0.000419375 0.000419708 0.000423642 seconds or  21340.5 MUPD/s or  256.086 GB/s
STREAM triad of size  9844656 : min/avg/max:  0.00046133 0.000461707 0.000466003 seconds or  21339.7 MUPD/s or  256.076 GB/s
STREAM triad of size 10829128 : min/avg/max: 0.000507147 0.000507545 0.000512116 seconds or    21353 MUPD/s or  256.236 GB/s
STREAM triad of size 11912048 : min/avg/max: 0.000558637 0.000559068 0.000564411 seconds or  21323.4 MUPD/s or  255.881 GB/s
STREAM triad of size 13103256 : min/avg/max: 0.000613378  0.00061385 0.000620027 seconds or  21362.4 MUPD/s or  256.349 GB/s
STREAM triad of size 14413584 : min/avg/max: 0.000674938 0.000675427 0.000682407 seconds or  21355.4 MUPD/s or  256.265 GB/s
STREAM triad of size 15854944 : min/avg/max: 0.000741204 0.000741826 0.000749234 seconds or  21390.8 MUPD/s or  256.689 GB/s
STREAM triad of size 17440440 : min/avg/max: 0.000815869 0.000816584 0.000826148 seconds or  21376.5 MUPD/s or  256.518 GB/s
STREAM triad of size 19184488 : min/avg/max: 0.000897068 0.000897732 0.000905863 seconds or  21385.8 MUPD/s or  256.629 GB/s
STREAM triad of size 21102944 : min/avg/max: 0.000987905 0.000988699 0.000998951 seconds or  21361.3 MUPD/s or  256.336 GB/s
STREAM triad of size 23213240 : min/avg/max:  0.00108232  0.00108302  0.00109386 seconds or  21447.8 MUPD/s or  257.373 GB/s
STREAM triad of size 25534568 : min/avg/max:  0.00119356  0.00119471  0.00120855 seconds or  21393.6 MUPD/s or  256.724 GB/s
STREAM triad of size 28088032 : min/avg/max:   0.0013137  0.00131469  0.00132933 seconds or  21380.9 MUPD/s or  256.571 GB/s
STREAM triad of size 30896840 : min/avg/max:  0.00144394  0.00144518  0.00145926 seconds or  21397.6 MUPD/s or  256.772 GB/s
STREAM triad of size 33986528 : min/avg/max:  0.00158846  0.00159017   0.0016112 seconds or  21395.8 MUPD/s or   256.75 GB/s
STREAM triad of size 37385184 : min/avg/max:  0.00174718  0.00174943  0.00177176 seconds or  21397.4 MUPD/s or  256.769 GB/s
STREAM triad of size 41123704 : min/avg/max:  0.00192219  0.00192384   0.0019453 seconds or  21394.2 MUPD/s or   256.73 GB/s
STREAM triad of size 45236080 : min/avg/max:  0.00211296  0.00211454   0.0021358 seconds or  21408.9 MUPD/s or  256.907 GB/s
STREAM triad of size 49759696 : min/avg/max:  0.00232404  0.00232577  0.00234781 seconds or  21410.9 MUPD/s or   256.93 GB/s
STREAM triad of size 54735672 : min/avg/max:  0.00255809  0.00256121  0.00260403 seconds or  21397.1 MUPD/s or  256.765 GB/s
STREAM triad of size 60209240 : min/avg/max:  0.00281332  0.00281664  0.00285981 seconds or  21401.5 MUPD/s or  256.818 GB/s
STREAM triad of size 66230168 : min/avg/max:   0.0030963  0.00310031  0.00315147 seconds or  21390.1 MUPD/s or  256.681 GB/s
STREAM triad of size 72853192 : min/avg/max:  0.00340202  0.00340549  0.00345345 seconds or  21414.7 MUPD/s or  256.976 GB/s
STREAM triad of size 80138512 : min/avg/max:  0.00374157  0.00374466  0.00378832 seconds or  21418.4 MUPD/s or  257.021 GB/s
STREAM triad of size 88152368 : min/avg/max:  0.00411601  0.00411971  0.00416409 seconds or    21417 MUPD/s or  257.003 GB/s
STREAM triad of size 96967608 : min/avg/max:  0.00452597  0.00452939  0.00457134 seconds or  21424.7 MUPD/s or  257.096 GB/s
