Please look at https://www.uppmax.uu.se/support/faq/running-jobs-faq/using-matlab-s-distributed-computing/ for instructions on how to use MATLAB in the best way.

Currently Loaded Modules:
  1) gcc/12.1.0

 

STREAM triad of size        8 : min/avg/max: 1.67412e-09 1.69415e-09 1.74866e-09 seconds or  4778.63 MUPD/s or  57.3436 GB/s
STREAM triad of size       16 : min/avg/max: 3.35202e-09 3.70022e-09 4.08632e-09 seconds or  4773.24 MUPD/s or  57.2788 GB/s
STREAM triad of size       24 : min/avg/max: 4.87389e-09 5.03504e-09 5.29344e-09 seconds or   4924.2 MUPD/s or  59.0904 GB/s
STREAM triad of size       32 : min/avg/max: 6.02751e-09 6.23781e-09 6.41894e-09 seconds or  5308.99 MUPD/s or  63.7079 GB/s
STREAM triad of size       40 : min/avg/max: 7.71682e-09 7.88057e-09 8.16423e-09 seconds or  5183.48 MUPD/s or  62.2018 GB/s
STREAM triad of size       48 : min/avg/max: 9.08605e-09 9.35766e-09 9.59212e-09 seconds or  5282.83 MUPD/s or  63.3939 GB/s
STREAM triad of size       56 : min/avg/max: 1.03281e-08 1.06448e-08 1.11372e-08 seconds or  5422.11 MUPD/s or  65.0654 GB/s
STREAM triad of size       64 : min/avg/max: 1.17091e-08 1.19304e-08 1.20815e-08 seconds or  5465.83 MUPD/s or  65.5899 GB/s
STREAM triad of size       72 : min/avg/max: 1.29295e-08 1.33128e-08 1.36544e-08 seconds or  5568.68 MUPD/s or  66.8241 GB/s
STREAM triad of size       80 : min/avg/max: 1.45982e-08 1.48137e-08 1.51348e-08 seconds or  5480.13 MUPD/s or  65.7616 GB/s
STREAM triad of size       96 : min/avg/max: 1.71066e-08 1.75991e-08 1.80116e-08 seconds or  5611.86 MUPD/s or  67.3423 GB/s
STREAM triad of size      112 : min/avg/max: 1.98822e-08 2.02207e-08 2.07096e-08 seconds or  5633.19 MUPD/s or  67.5983 GB/s
STREAM triad of size      128 : min/avg/max: 2.26967e-08 2.30002e-08 2.34483e-08 seconds or  5639.59 MUPD/s or  67.6751 GB/s
STREAM triad of size      144 : min/avg/max:  2.5141e-08 2.55655e-08 2.61679e-08 seconds or  5727.69 MUPD/s or  68.7323 GB/s
STREAM triad of size      160 : min/avg/max: 2.79782e-08 2.82968e-08 2.87277e-08 seconds or  5718.74 MUPD/s or  68.6249 GB/s
STREAM triad of size      184 : min/avg/max: 3.21456e-08 3.24847e-08 3.32275e-08 seconds or  5723.95 MUPD/s or  68.6874 GB/s
STREAM triad of size      208 : min/avg/max: 3.59584e-08 3.63902e-08 3.68244e-08 seconds or  5784.47 MUPD/s or  69.4136 GB/s
STREAM triad of size      232 : min/avg/max: 3.98916e-08 4.04064e-08 4.07196e-08 seconds or  5815.76 MUPD/s or  69.7891 GB/s
STREAM triad of size      256 : min/avg/max: 4.39884e-08 4.44753e-08 4.47902e-08 seconds or  5819.72 MUPD/s or  69.8367 GB/s
STREAM triad of size      288 : min/avg/max: 5.52458e-08 5.53163e-08 5.55448e-08 seconds or  5213.07 MUPD/s or  62.5568 GB/s
STREAM triad of size      320 : min/avg/max: 6.05991e-08 6.06734e-08 6.10357e-08 seconds or  5280.61 MUPD/s or  63.3673 GB/s
STREAM triad of size      360 : min/avg/max: 6.69561e-08 6.70679e-08 6.79032e-08 seconds or  5376.66 MUPD/s or  64.5199 GB/s
STREAM triad of size      400 : min/avg/max: 7.39855e-08 7.40806e-08 7.45416e-08 seconds or  5406.46 MUPD/s or  64.8775 GB/s
STREAM triad of size      448 : min/avg/max: 8.20234e-08 8.21255e-08  8.2412e-08 seconds or  5461.85 MUPD/s or  65.5422 GB/s
STREAM triad of size      496 : min/avg/max: 9.00611e-08 9.01234e-08 9.05674e-08 seconds or  5507.37 MUPD/s or  66.0885 GB/s
STREAM triad of size      552 : min/avg/max: 9.91045e-08  9.9185e-08 9.94079e-08 seconds or  5569.88 MUPD/s or  66.8386 GB/s
STREAM triad of size      608 : min/avg/max: 1.08808e-07 1.08911e-07 1.09651e-07 seconds or  5587.81 MUPD/s or  67.0537 GB/s
STREAM triad of size      672 : min/avg/max: 1.19526e-07 1.19623e-07 1.20009e-07 seconds or  5622.19 MUPD/s or  67.4663 GB/s
STREAM triad of size      744 : min/avg/max: 1.31247e-07 1.31321e-07  1.3196e-07 seconds or  5668.68 MUPD/s or  68.0242 GB/s
STREAM triad of size      824 : min/avg/max: 1.44913e-07 1.45106e-07 1.45759e-07 seconds or  5686.18 MUPD/s or  68.2342 GB/s
STREAM triad of size      912 : min/avg/max:  1.5971e-07 1.59939e-07 1.60614e-07 seconds or  5710.34 MUPD/s or   68.524 GB/s
STREAM triad of size     1008 : min/avg/max: 1.75782e-07 1.75909e-07 1.77106e-07 seconds or  5734.39 MUPD/s or  68.8127 GB/s
STREAM triad of size     1112 : min/avg/max: 1.93127e-07  1.9324e-07 1.93769e-07 seconds or  5757.87 MUPD/s or  69.0944 GB/s
STREAM triad of size     1224 : min/avg/max:  2.1159e-07   2.119e-07  2.1284e-07 seconds or  5784.77 MUPD/s or  69.4172 GB/s
STREAM triad of size     1352 : min/avg/max:  2.3302e-07 2.33266e-07 2.34217e-07 seconds or  5802.07 MUPD/s or  69.6248 GB/s
STREAM triad of size     1488 : min/avg/max: 2.56128e-07 2.59669e-07 2.65616e-07 seconds or  5809.61 MUPD/s or  69.7153 GB/s
STREAM triad of size     1640 : min/avg/max: 2.81253e-07  2.8776e-07 2.97122e-07 seconds or  5831.05 MUPD/s or  69.9726 GB/s
STREAM triad of size     1808 : min/avg/max: 3.09717e-07 3.11071e-07 3.16195e-07 seconds or  5837.59 MUPD/s or   70.051 GB/s
STREAM triad of size     1992 : min/avg/max:  3.4023e-07 3.41392e-07  3.4793e-07 seconds or  5854.86 MUPD/s or  70.2584 GB/s
STREAM triad of size     2192 : min/avg/max: 3.74021e-07 3.75339e-07 3.82903e-07 seconds or  5860.63 MUPD/s or  70.3275 GB/s
STREAM triad of size     2416 : min/avg/max: 4.11557e-07 4.13064e-07 4.21509e-07 seconds or  5870.39 MUPD/s or  70.4446 GB/s
STREAM triad of size     2664 : min/avg/max: 4.52773e-07 4.53177e-07 4.55525e-07 seconds or  5883.74 MUPD/s or  70.6049 GB/s
STREAM triad of size     2936 : min/avg/max: 5.98208e-07 6.02672e-07 6.10567e-07 seconds or  4907.99 MUPD/s or  58.8959 GB/s
STREAM triad of size     3232 : min/avg/max: 7.59588e-07 7.68466e-07 7.89427e-07 seconds or  4254.94 MUPD/s or  51.0593 GB/s
STREAM triad of size     3560 : min/avg/max: 8.88971e-07  8.9472e-07 9.02304e-07 seconds or  4004.63 MUPD/s or  48.0556 GB/s
STREAM triad of size     3920 : min/avg/max: 9.47762e-07 9.55525e-07 9.73931e-07 seconds or  4136.06 MUPD/s or  49.6327 GB/s
STREAM triad of size     4320 : min/avg/max: 1.02912e-06 1.04287e-06 1.05921e-06 seconds or  4197.77 MUPD/s or  50.3732 GB/s
STREAM triad of size     4760 : min/avg/max: 1.11576e-06 1.12927e-06  1.1496e-06 seconds or  4266.15 MUPD/s or  51.1937 GB/s
STREAM triad of size     5240 : min/avg/max: 1.23516e-06 1.25486e-06  1.2874e-06 seconds or  4242.36 MUPD/s or  50.9083 GB/s
STREAM triad of size     5768 : min/avg/max: 1.37211e-06 1.38237e-06 1.40832e-06 seconds or  4203.73 MUPD/s or  50.4448 GB/s
STREAM triad of size     6352 : min/avg/max:  1.5129e-06 1.52261e-06 1.54407e-06 seconds or  4198.56 MUPD/s or  50.3827 GB/s
STREAM triad of size     6992 : min/avg/max: 1.66974e-06 1.68358e-06 1.69904e-06 seconds or  4187.48 MUPD/s or  50.2498 GB/s
STREAM triad of size     7696 : min/avg/max: 1.98009e-06 1.99133e-06 2.01265e-06 seconds or  3886.69 MUPD/s or  46.6403 GB/s
STREAM triad of size     8472 : min/avg/max: 2.01147e-06 2.03684e-06 2.05483e-06 seconds or  4211.85 MUPD/s or  50.5422 GB/s
STREAM triad of size     9320 : min/avg/max: 2.23714e-06 2.26744e-06  2.2953e-06 seconds or  4166.03 MUPD/s or  49.9924 GB/s
STREAM triad of size    10256 : min/avg/max: 2.86563e-06     2.9e-06 2.92085e-06 seconds or  3578.97 MUPD/s or  42.9476 GB/s
STREAM triad of size    11288 : min/avg/max: 3.11304e-06 3.15751e-06 3.20646e-06 seconds or  3626.04 MUPD/s or  43.5125 GB/s
STREAM triad of size    12424 : min/avg/max: 2.96027e-06 3.00488e-06 3.04167e-06 seconds or  4196.91 MUPD/s or  50.3629 GB/s
STREAM triad of size    13672 : min/avg/max: 3.28895e-06  3.3123e-06 3.33998e-06 seconds or  4156.96 MUPD/s or  49.8835 GB/s
STREAM triad of size    15040 : min/avg/max: 3.65757e-06 3.67632e-06  3.7057e-06 seconds or  4112.02 MUPD/s or  49.3443 GB/s
STREAM triad of size    16552 : min/avg/max: 4.16154e-06  4.1957e-06 4.22333e-06 seconds or  3977.38 MUPD/s or  47.7285 GB/s
STREAM triad of size    18208 : min/avg/max: 4.66365e-06  4.6921e-06 4.73155e-06 seconds or  3904.24 MUPD/s or  46.8509 GB/s
STREAM triad of size    20032 : min/avg/max: 5.24868e-06 5.26906e-06 5.28754e-06 seconds or  3816.58 MUPD/s or   45.799 GB/s
STREAM triad of size    22040 : min/avg/max: 6.30708e-06 6.32605e-06 6.38603e-06 seconds or  3494.49 MUPD/s or  41.9339 GB/s
STREAM triad of size    24248 : min/avg/max: 6.97855e-06 7.00929e-06 7.12344e-06 seconds or  3474.65 MUPD/s or  41.6958 GB/s
STREAM triad of size    26680 : min/avg/max: 8.72322e-06 8.73647e-06 8.78483e-06 seconds or   3058.5 MUPD/s or   36.702 GB/s
STREAM triad of size    29352 : min/avg/max:  1.1595e-05 1.16117e-05 1.16335e-05 seconds or  2531.44 MUPD/s or  30.3772 GB/s
STREAM triad of size    32288 : min/avg/max: 1.31125e-05 1.31282e-05 1.31633e-05 seconds or  2462.38 MUPD/s or  29.5486 GB/s
STREAM triad of size    35520 : min/avg/max: 1.42428e-05 1.42543e-05 1.42908e-05 seconds or  2493.89 MUPD/s or  29.9266 GB/s
STREAM triad of size    39080 : min/avg/max: 1.70524e-05 1.70693e-05 1.71081e-05 seconds or  2291.76 MUPD/s or  27.5011 GB/s
STREAM triad of size    42992 : min/avg/max:  1.8854e-05 1.88764e-05 1.89564e-05 seconds or  2280.25 MUPD/s or   27.363 GB/s
STREAM triad of size    47296 : min/avg/max: 2.08203e-05 2.08351e-05 2.08834e-05 seconds or  2271.63 MUPD/s or  27.2596 GB/s
STREAM triad of size    52032 : min/avg/max: 2.29218e-05 2.29325e-05  2.2963e-05 seconds or  2269.98 MUPD/s or  27.2397 GB/s
STREAM triad of size    57240 : min/avg/max: 2.52219e-05  2.5247e-05 2.53115e-05 seconds or  2269.46 MUPD/s or  27.2335 GB/s
STREAM triad of size    62968 : min/avg/max: 2.77446e-05 2.77645e-05 2.78228e-05 seconds or  2269.56 MUPD/s or  27.2347 GB/s
STREAM triad of size    69272 : min/avg/max:  3.0498e-05 3.05278e-05 3.06187e-05 seconds or  2271.36 MUPD/s or  27.2563 GB/s
STREAM triad of size    76200 : min/avg/max: 3.35201e-05 3.35865e-05  3.3797e-05 seconds or  2273.26 MUPD/s or  27.2792 GB/s
STREAM triad of size    83824 : min/avg/max: 3.69036e-05 3.69431e-05 3.70447e-05 seconds or  2271.43 MUPD/s or  27.2572 GB/s
STREAM triad of size    92208 : min/avg/max: 4.06125e-05 4.07454e-05 4.17617e-05 seconds or  2270.43 MUPD/s or  27.2452 GB/s
STREAM triad of size   101432 : min/avg/max: 4.46649e-05 4.47028e-05 4.48089e-05 seconds or  2270.96 MUPD/s or  27.2515 GB/s
STREAM triad of size   111576 : min/avg/max: 4.91381e-05 4.91867e-05 4.96001e-05 seconds or  2270.66 MUPD/s or  27.2479 GB/s
STREAM triad of size   122736 : min/avg/max: 5.40573e-05 5.41144e-05 5.42631e-05 seconds or  2270.48 MUPD/s or  27.2457 GB/s
STREAM triad of size   135016 : min/avg/max: 5.94647e-05 5.95108e-05 5.96741e-05 seconds or  2270.52 MUPD/s or  27.2463 GB/s
STREAM triad of size   148520 : min/avg/max: 6.54328e-05 6.54722e-05 6.56198e-05 seconds or  2269.81 MUPD/s or  27.2377 GB/s
STREAM triad of size   163376 : min/avg/max: 7.20276e-05  7.2076e-05 7.21979e-05 seconds or  2268.24 MUPD/s or  27.2189 GB/s
STREAM triad of size   179720 : min/avg/max:  7.9315e-05  7.9372e-05 7.96399e-05 seconds or   2265.9 MUPD/s or  27.1908 GB/s
STREAM triad of size   197696 : min/avg/max: 8.74821e-05 8.75603e-05 8.77395e-05 seconds or  2259.85 MUPD/s or  27.1181 GB/s
STREAM triad of size   217472 : min/avg/max: 9.64928e-05 9.66824e-05 9.71952e-05 seconds or  2253.76 MUPD/s or  27.0452 GB/s
STREAM triad of size   239224 : min/avg/max: 0.000106473 0.000106583 0.000107063 seconds or  2246.81 MUPD/s or  26.9617 GB/s
STREAM triad of size   263152 : min/avg/max: 0.000117154 0.000117259 0.000117596 seconds or  2246.21 MUPD/s or  26.9545 GB/s
STREAM triad of size   289472 : min/avg/max: 0.000128917 0.000129009 0.000129371 seconds or  2245.41 MUPD/s or  26.9449 GB/s
STREAM triad of size   318424 : min/avg/max: 0.000141736 0.000141827 0.000142085 seconds or  2246.59 MUPD/s or  26.9591 GB/s
STREAM triad of size   350272 : min/avg/max: 0.000155929 0.000156052 0.000156414 seconds or  2246.36 MUPD/s or  26.9563 GB/s
STREAM triad of size   385304 : min/avg/max: 0.000171406 0.000171558 0.000172005 seconds or   2247.9 MUPD/s or  26.9748 GB/s
STREAM triad of size   423840 : min/avg/max: 0.000188534 0.000188621  0.00018907 seconds or  2248.08 MUPD/s or   26.977 GB/s
STREAM triad of size   466232 : min/avg/max: 0.000207362 0.000207469  0.00020773 seconds or   2248.4 MUPD/s or  26.9808 GB/s
STREAM triad of size   512856 : min/avg/max: 0.000228188 0.000228357 0.000229044 seconds or  2247.51 MUPD/s or  26.9701 GB/s
STREAM triad of size   564144 : min/avg/max:  0.00025099 0.000251221 0.000251853 seconds or  2247.67 MUPD/s or  26.9721 GB/s
STREAM triad of size   620560 : min/avg/max: 0.000276062 0.000276324 0.000277207 seconds or   2247.9 MUPD/s or  26.9748 GB/s
STREAM triad of size   682624 : min/avg/max: 0.000303632   0.0003046 0.000309585 seconds or  2248.19 MUPD/s or  26.9783 GB/s
STREAM triad of size   750888 : min/avg/max: 0.000333993 0.000334314 0.000334966 seconds or  2248.21 MUPD/s or  26.9786 GB/s
STREAM triad of size   825984 : min/avg/max: 0.000367497 0.000368585 0.000375061 seconds or  2247.59 MUPD/s or  26.9711 GB/s
STREAM triad of size   908584 : min/avg/max: 0.000404123 0.000404315 0.000405053 seconds or  2248.29 MUPD/s or  26.9794 GB/s
STREAM triad of size   999448 : min/avg/max:  0.00045051 0.000452032 0.000458751 seconds or  2218.48 MUPD/s or  26.6218 GB/s
STREAM triad of size  1099400 : min/avg/max: 0.000510566 0.000511013 0.000512164 seconds or   2153.3 MUPD/s or  25.8396 GB/s
STREAM triad of size  1209344 : min/avg/max: 0.000582252 0.000583168 0.000584774 seconds or  2077.01 MUPD/s or  24.9241 GB/s
STREAM triad of size  1330280 : min/avg/max: 0.000710875 0.000734595 0.000779797 seconds or  1871.33 MUPD/s or  22.4559 GB/s
STREAM triad of size  1463312 : min/avg/max: 0.000835267 0.000837561 0.000842845 seconds or  1751.91 MUPD/s or  21.0229 GB/s
STREAM triad of size  1609648 : min/avg/max:   0.0010299   0.0010323  0.00103646 seconds or  1562.92 MUPD/s or   18.755 GB/s
STREAM triad of size  1770616 : min/avg/max:  0.00127433  0.00128398  0.00137717 seconds or  1389.45 MUPD/s or  16.6734 GB/s
STREAM triad of size  1947680 : min/avg/max:  0.00152551  0.00152791  0.00153474 seconds or  1276.74 MUPD/s or  15.3209 GB/s
STREAM triad of size  2142456 : min/avg/max:  0.00181461  0.00181753  0.00182306 seconds or  1180.67 MUPD/s or   14.168 GB/s
STREAM triad of size  2356704 : min/avg/max:  0.00210015  0.00210313  0.00210892 seconds or  1122.16 MUPD/s or  13.4659 GB/s
STREAM triad of size  2592376 : min/avg/max:   0.0023871  0.00239118  0.00240264 seconds or  1085.99 MUPD/s or  13.0319 GB/s
STREAM triad of size  2851616 : min/avg/max:   0.0026833  0.00268754  0.00269865 seconds or  1062.73 MUPD/s or  12.7527 GB/s
STREAM triad of size  3136784 : min/avg/max:  0.00300024  0.00300611  0.00301183 seconds or  1045.51 MUPD/s or  12.5461 GB/s
STREAM triad of size  3450464 : min/avg/max:  0.00332956  0.00333406  0.00334046 seconds or  1036.31 MUPD/s or  12.4357 GB/s
STREAM triad of size  3795512 : min/avg/max:  0.00369461   0.0036991  0.00370953 seconds or  1027.31 MUPD/s or  12.3277 GB/s
STREAM triad of size  4175064 : min/avg/max:  0.00408413   0.0040882  0.00409977 seconds or  1022.27 MUPD/s or  12.2672 GB/s
STREAM triad of size  4592576 : min/avg/max:  0.00449236  0.00450182  0.00453041 seconds or  1022.31 MUPD/s or  12.2677 GB/s
STREAM triad of size  5051840 : min/avg/max:  0.00494434  0.00499035  0.00522911 seconds or  1021.74 MUPD/s or  12.2609 GB/s
STREAM triad of size  5557032 : min/avg/max:  0.00543382  0.00544133  0.00545131 seconds or  1022.68 MUPD/s or  12.2721 GB/s
STREAM triad of size  6112736 : min/avg/max:    0.005984  0.00599084  0.00600657 seconds or  1021.51 MUPD/s or  12.2582 GB/s
STREAM triad of size  6724016 : min/avg/max:  0.00658127  0.00658836  0.00660013 seconds or  1021.69 MUPD/s or  12.2603 GB/s
STREAM triad of size  7396424 : min/avg/max:  0.00725482  0.00726451  0.00727905 seconds or  1019.52 MUPD/s or  12.2342 GB/s
STREAM triad of size  8136072 : min/avg/max:  0.00796839  0.00798085  0.00800242 seconds or  1021.04 MUPD/s or  12.2525 GB/s
STREAM triad of size  8949680 : min/avg/max:  0.00876329  0.00877836  0.00879763 seconds or  1021.27 MUPD/s or  12.2552 GB/s
STREAM triad of size  9844656 : min/avg/max:  0.00963963  0.00965112  0.00967549 seconds or  1021.27 MUPD/s or  12.2552 GB/s
STREAM triad of size 10829128 : min/avg/max:   0.0106219   0.0106347   0.0106663 seconds or  1019.51 MUPD/s or  12.2341 GB/s
STREAM triad of size 11912048 : min/avg/max:   0.0116684   0.0116899   0.0117241 seconds or  1020.88 MUPD/s or  12.2505 GB/s
STREAM triad of size 13103256 : min/avg/max:   0.0128541   0.0128778   0.0129195 seconds or  1019.38 MUPD/s or  12.2326 GB/s
STREAM triad of size 14413584 : min/avg/max:   0.0141226   0.0141473   0.0141923 seconds or  1020.61 MUPD/s or  12.2473 GB/s
STREAM triad of size 15854944 : min/avg/max:    0.015199   0.0156501     0.01594 seconds or  1043.15 MUPD/s or  12.5178 GB/s
STREAM triad of size 17440440 : min/avg/max:   0.0171041   0.0176644   0.0274518 seconds or  1019.67 MUPD/s or   12.236 GB/s
STREAM triad of size 19184488 : min/avg/max:   0.0187986    0.018834   0.0188963 seconds or  1020.53 MUPD/s or  12.2463 GB/s
STREAM triad of size 21102944 : min/avg/max:   0.0206739   0.0207235   0.0210022 seconds or  1020.75 MUPD/s or   12.249 GB/s
STREAM triad of size 23213240 : min/avg/max:   0.0227472   0.0227672   0.0228134 seconds or  1020.49 MUPD/s or  12.2458 GB/s
STREAM triad of size 25534568 : min/avg/max:   0.0250206   0.0250498   0.0251025 seconds or  1020.54 MUPD/s or  12.2465 GB/s
STREAM triad of size 28088032 : min/avg/max:   0.0275154   0.0275668   0.0276814 seconds or  1020.81 MUPD/s or  12.2497 GB/s
STREAM triad of size 30896840 : min/avg/max:   0.0302414   0.0302925   0.0303671 seconds or  1021.67 MUPD/s or  12.2601 GB/s
STREAM triad of size 33986528 : min/avg/max:   0.0332835   0.0333311   0.0334293 seconds or  1021.12 MUPD/s or  12.2535 GB/s
STREAM triad of size 37385184 : min/avg/max:   0.0365823   0.0366318   0.0367566 seconds or  1021.95 MUPD/s or  12.2634 GB/s
STREAM triad of size 41123704 : min/avg/max:   0.0402173   0.0403885   0.0421546 seconds or  1022.54 MUPD/s or  12.2705 GB/s
STREAM triad of size 45236080 : min/avg/max:   0.0442272   0.0442923   0.0443938 seconds or  1022.81 MUPD/s or  12.2737 GB/s
STREAM triad of size 49759696 : min/avg/max:   0.0486844   0.0487448   0.0488542 seconds or  1022.09 MUPD/s or  12.2651 GB/s
STREAM triad of size 54735672 : min/avg/max:   0.0534235    0.053611   0.0540419 seconds or  1024.56 MUPD/s or  12.2947 GB/s
STREAM triad of size 60209240 : min/avg/max:   0.0587831   0.0588969   0.0590702 seconds or  1024.26 MUPD/s or  12.2911 GB/s
STREAM triad of size 66230168 : min/avg/max:   0.0648488   0.0649987   0.0651689 seconds or   1021.3 MUPD/s or  12.2556 GB/s
STREAM triad of size 72853192 : min/avg/max:   0.0711378   0.0713397    0.071519 seconds or  1024.11 MUPD/s or  12.2894 GB/s
STREAM triad of size 80138512 : min/avg/max:    0.078336   0.0784021   0.0785326 seconds or  1023.01 MUPD/s or  12.2761 GB/s
STREAM triad of size 88152368 : min/avg/max:   0.0844526   0.0863592   0.0868536 seconds or  1043.81 MUPD/s or  12.5257 GB/s
STREAM triad of size 96967608 : min/avg/max:   0.0951499   0.0953256   0.0958268 seconds or   1019.1 MUPD/s or  12.2292 GB/s
