Please look at https://www.uppmax.uu.se/support/faq/running-jobs-faq/using-matlab-s-distributed-computing/ for instructions on how to use MATLAB in the best way.

Currently Loaded Modules:
  1) gcc/12.1.0

 

STREAM triad of size        8 : min/avg/max: 1.67411e-09 1.69471e-09 1.72653e-09 seconds or  4778.65 MUPD/s or  57.3438 GB/s
STREAM triad of size       16 : min/avg/max:  3.3485e-09  3.7332e-09 4.12651e-09 seconds or  4778.25 MUPD/s or   57.339 GB/s
STREAM triad of size       24 : min/avg/max: 4.68851e-09  5.0484e-09 5.26784e-09 seconds or   5118.9 MUPD/s or  61.4268 GB/s
STREAM triad of size       32 : min/avg/max: 6.02691e-09 6.16655e-09 6.36975e-09 seconds or  5309.52 MUPD/s or  63.7143 GB/s
STREAM triad of size       40 : min/avg/max: 7.72999e-09 7.90493e-09 8.03509e-09 seconds or  5174.65 MUPD/s or  62.0958 GB/s
STREAM triad of size       48 : min/avg/max: 9.08622e-09 9.35172e-09 9.69583e-09 seconds or  5282.72 MUPD/s or  63.3927 GB/s
STREAM triad of size       56 : min/avg/max: 1.04484e-08 1.06536e-08 1.09655e-08 seconds or   5359.7 MUPD/s or  64.3163 GB/s
STREAM triad of size       64 : min/avg/max: 1.16478e-08 1.19354e-08 1.21357e-08 seconds or  5494.62 MUPD/s or  65.9354 GB/s
STREAM triad of size       72 : min/avg/max:  1.3188e-08 1.33537e-08 1.36094e-08 seconds or  5459.52 MUPD/s or  65.5142 GB/s
STREAM triad of size       80 : min/avg/max: 1.45239e-08 1.47493e-08 1.49294e-08 seconds or  5508.17 MUPD/s or   66.098 GB/s
STREAM triad of size       96 : min/avg/max: 1.70843e-08 1.75848e-08  1.7952e-08 seconds or  5619.18 MUPD/s or  67.4302 GB/s
STREAM triad of size      112 : min/avg/max: 1.99263e-08 2.02682e-08 2.07697e-08 seconds or   5620.7 MUPD/s or  67.4484 GB/s
STREAM triad of size      128 : min/avg/max:  2.2541e-08  2.2858e-08 2.32527e-08 seconds or  5678.55 MUPD/s or  68.1426 GB/s
STREAM triad of size      144 : min/avg/max: 2.52264e-08 2.56302e-08 2.59006e-08 seconds or   5708.3 MUPD/s or  68.4996 GB/s
STREAM triad of size      160 : min/avg/max: 2.78178e-08 2.83423e-08 2.88201e-08 seconds or   5751.7 MUPD/s or  69.0204 GB/s
STREAM triad of size      184 : min/avg/max: 3.18955e-08 3.22969e-08 3.26669e-08 seconds or  5768.84 MUPD/s or  69.2261 GB/s
STREAM triad of size      208 : min/avg/max: 3.59521e-08  3.6295e-08 3.66533e-08 seconds or  5785.47 MUPD/s or  69.4256 GB/s
STREAM triad of size      232 : min/avg/max: 3.99047e-08  4.0354e-08 4.08971e-08 seconds or  5813.86 MUPD/s or  69.7663 GB/s
STREAM triad of size      256 : min/avg/max: 4.39777e-08 4.43773e-08 4.47679e-08 seconds or  5821.13 MUPD/s or  69.8535 GB/s
STREAM triad of size      288 : min/avg/max:   5.524e-08 5.52534e-08 5.53139e-08 seconds or  5213.62 MUPD/s or  62.5634 GB/s
STREAM triad of size      320 : min/avg/max: 6.06047e-08 6.06219e-08 6.06695e-08 seconds or  5280.12 MUPD/s or  63.3614 GB/s
STREAM triad of size      360 : min/avg/max:  6.6962e-08 6.70922e-08 6.82332e-08 seconds or  5376.19 MUPD/s or  64.5142 GB/s
STREAM triad of size      400 : min/avg/max: 7.39924e-08 7.40003e-08 7.40188e-08 seconds or  5405.96 MUPD/s or  64.8716 GB/s
STREAM triad of size      448 : min/avg/max:  8.2031e-08 8.20552e-08 8.21298e-08 seconds or  5461.35 MUPD/s or  65.5362 GB/s
STREAM triad of size      496 : min/avg/max: 9.00573e-08 9.15757e-08 9.32411e-08 seconds or   5507.6 MUPD/s or  66.0913 GB/s
STREAM triad of size      552 : min/avg/max: 9.91143e-08 1.01455e-07 1.02669e-07 seconds or  5569.33 MUPD/s or  66.8319 GB/s
STREAM triad of size      608 : min/avg/max: 1.08809e-07 1.08856e-07    1.09e-07 seconds or   5587.8 MUPD/s or  67.0535 GB/s
STREAM triad of size      672 : min/avg/max: 1.19525e-07 1.19556e-07 1.19712e-07 seconds or  5622.25 MUPD/s or   67.467 GB/s
STREAM triad of size      744 : min/avg/max: 1.31233e-07 1.31273e-07 1.31372e-07 seconds or  5669.32 MUPD/s or  68.0318 GB/s
STREAM triad of size      824 : min/avg/max: 1.44901e-07 1.44967e-07 1.45098e-07 seconds or  5686.64 MUPD/s or  68.2397 GB/s
STREAM triad of size      912 : min/avg/max: 1.59689e-07 1.59731e-07 1.59792e-07 seconds or  5711.09 MUPD/s or  68.5331 GB/s
STREAM triad of size     1008 : min/avg/max: 1.75779e-07 1.75815e-07 1.75953e-07 seconds or  5734.47 MUPD/s or  68.8136 GB/s
STREAM triad of size     1112 : min/avg/max: 1.93114e-07 1.93173e-07 1.93362e-07 seconds or  5758.27 MUPD/s or  69.0992 GB/s
STREAM triad of size     1224 : min/avg/max: 2.11592e-07 2.11655e-07 2.12007e-07 seconds or  5784.73 MUPD/s or  69.4167 GB/s
STREAM triad of size     1352 : min/avg/max: 2.33016e-07  2.3309e-07 2.33285e-07 seconds or  5802.18 MUPD/s or  69.6261 GB/s
STREAM triad of size     1488 : min/avg/max:  2.5615e-07 2.56215e-07 2.56423e-07 seconds or  5809.09 MUPD/s or  69.7091 GB/s
STREAM triad of size     1640 : min/avg/max: 2.81246e-07 2.81333e-07 2.81534e-07 seconds or  5831.19 MUPD/s or  69.9743 GB/s
STREAM triad of size     1808 : min/avg/max: 3.09741e-07 3.09859e-07 3.11131e-07 seconds or  5837.14 MUPD/s or  70.0457 GB/s
STREAM triad of size     1992 : min/avg/max:  3.4019e-07 3.40307e-07 3.40554e-07 seconds or  5855.55 MUPD/s or  70.2666 GB/s
STREAM triad of size     2192 : min/avg/max: 3.74022e-07 3.74149e-07 3.74545e-07 seconds or  5860.62 MUPD/s or  70.3274 GB/s
STREAM triad of size     2416 : min/avg/max: 4.11555e-07 4.11684e-07 4.12293e-07 seconds or  5870.42 MUPD/s or  70.4451 GB/s
STREAM triad of size     2664 : min/avg/max:  4.5277e-07 4.52912e-07 4.53175e-07 seconds or  5883.78 MUPD/s or  70.6054 GB/s
STREAM triad of size     2936 : min/avg/max: 5.97009e-07 6.00818e-07 6.06649e-07 seconds or  4917.85 MUPD/s or  59.0142 GB/s
STREAM triad of size     3232 : min/avg/max: 7.61225e-07 7.66598e-07 7.83981e-07 seconds or  4245.79 MUPD/s or  50.9495 GB/s
STREAM triad of size     3560 : min/avg/max: 8.89209e-07   8.945e-07 9.04338e-07 seconds or  4003.56 MUPD/s or  48.0427 GB/s
STREAM triad of size     3920 : min/avg/max: 9.48779e-07 9.61608e-07 9.88676e-07 seconds or  4131.63 MUPD/s or  49.5795 GB/s
STREAM triad of size     4320 : min/avg/max: 1.01858e-06 1.03996e-06 1.06075e-06 seconds or  4241.22 MUPD/s or  50.8946 GB/s
STREAM triad of size     4760 : min/avg/max: 1.10632e-06 1.12313e-06 1.14257e-06 seconds or  4302.54 MUPD/s or  51.6305 GB/s
STREAM triad of size     5240 : min/avg/max:  1.2249e-06 1.24456e-06 1.29568e-06 seconds or  4277.92 MUPD/s or   51.335 GB/s
STREAM triad of size     5768 : min/avg/max: 1.34389e-06 1.36815e-06 1.41489e-06 seconds or  4292.02 MUPD/s or  51.5042 GB/s
STREAM triad of size     6352 : min/avg/max: 1.50802e-06 1.53297e-06 1.58631e-06 seconds or  4212.16 MUPD/s or  50.5459 GB/s
STREAM triad of size     6992 : min/avg/max: 1.69427e-06 1.71402e-06  1.7376e-06 seconds or  4126.86 MUPD/s or  49.5223 GB/s
STREAM triad of size     7696 : min/avg/max: 1.99321e-06 2.00968e-06 2.03129e-06 seconds or  3861.11 MUPD/s or  46.3333 GB/s
STREAM triad of size     8472 : min/avg/max: 2.05088e-06  2.0751e-06 2.09991e-06 seconds or  4130.91 MUPD/s or  49.5709 GB/s
STREAM triad of size     9320 : min/avg/max: 2.27904e-06 2.29056e-06 2.30586e-06 seconds or  4089.45 MUPD/s or  49.0734 GB/s
STREAM triad of size    10256 : min/avg/max: 2.90313e-06 2.91938e-06 2.93651e-06 seconds or  3532.74 MUPD/s or  42.3929 GB/s
STREAM triad of size    11288 : min/avg/max: 3.16837e-06  3.1768e-06 3.19765e-06 seconds or  3562.71 MUPD/s or  42.7526 GB/s
STREAM triad of size    12424 : min/avg/max: 3.07793e-06 3.08774e-06 3.09809e-06 seconds or  4036.48 MUPD/s or  48.4378 GB/s
STREAM triad of size    13672 : min/avg/max: 3.48967e-06 3.50581e-06  3.5384e-06 seconds or  3917.85 MUPD/s or  47.0142 GB/s
STREAM triad of size    15040 : min/avg/max: 3.92289e-06 3.93725e-06 3.95751e-06 seconds or   3833.9 MUPD/s or  46.0069 GB/s
STREAM triad of size    16552 : min/avg/max: 4.52653e-06 4.53863e-06 4.55248e-06 seconds or  3656.66 MUPD/s or  43.8799 GB/s
STREAM triad of size    18208 : min/avg/max: 4.90517e-06 4.91047e-06  4.9183e-06 seconds or     3712 MUPD/s or   44.544 GB/s
STREAM triad of size    20032 : min/avg/max: 5.49014e-06 5.49743e-06 5.51256e-06 seconds or  3648.73 MUPD/s or  43.7847 GB/s
STREAM triad of size    22040 : min/avg/max: 6.53998e-06 6.54367e-06 6.54695e-06 seconds or  3370.04 MUPD/s or  40.4405 GB/s
STREAM triad of size    24248 : min/avg/max: 7.06343e-06 7.06747e-06 7.07196e-06 seconds or  3432.89 MUPD/s or  41.1947 GB/s
STREAM triad of size    26680 : min/avg/max: 8.79851e-06 8.82173e-06 8.90472e-06 seconds or  3032.33 MUPD/s or   36.388 GB/s
STREAM triad of size    29352 : min/avg/max: 9.61448e-06 9.63394e-06 9.71716e-06 seconds or  3052.89 MUPD/s or  36.6347 GB/s
STREAM triad of size    32288 : min/avg/max: 1.16913e-05 1.17169e-05 1.19115e-05 seconds or  2761.72 MUPD/s or  33.1406 GB/s
STREAM triad of size    35520 : min/avg/max: 1.48709e-05  1.4886e-05 1.49951e-05 seconds or  2388.56 MUPD/s or  28.6627 GB/s
STREAM triad of size    39080 : min/avg/max:  1.6818e-05 1.68215e-05 1.68359e-05 seconds or   2323.7 MUPD/s or  27.8844 GB/s
STREAM triad of size    42992 : min/avg/max: 1.86115e-05 1.86142e-05  1.8623e-05 seconds or  2309.97 MUPD/s or  27.7196 GB/s
STREAM triad of size    47296 : min/avg/max: 2.07299e-05  2.0734e-05 2.07413e-05 seconds or  2281.53 MUPD/s or  27.3784 GB/s
STREAM triad of size    52032 : min/avg/max: 2.28064e-05 2.28113e-05 2.28241e-05 seconds or  2281.47 MUPD/s or  27.3776 GB/s
STREAM triad of size    57240 : min/avg/max: 2.50866e-05 2.50972e-05 2.52275e-05 seconds or  2281.69 MUPD/s or  27.3803 GB/s
STREAM triad of size    62968 : min/avg/max: 2.75925e-05  2.7608e-05  2.7799e-05 seconds or  2282.07 MUPD/s or  27.3849 GB/s
STREAM triad of size    69272 : min/avg/max: 3.03658e-05 3.03723e-05 3.03873e-05 seconds or  2281.25 MUPD/s or   27.375 GB/s
STREAM triad of size    76200 : min/avg/max: 3.34059e-05 3.34097e-05 3.34199e-05 seconds or  2281.03 MUPD/s or  27.3724 GB/s
STREAM triad of size    83824 : min/avg/max: 3.67208e-05 3.67312e-05 3.67933e-05 seconds or  2282.74 MUPD/s or  27.3929 GB/s
STREAM triad of size    92208 : min/avg/max: 4.04032e-05 4.04284e-05 4.07242e-05 seconds or  2282.19 MUPD/s or  27.3863 GB/s
STREAM triad of size   101432 : min/avg/max: 4.44635e-05 4.44891e-05  4.4805e-05 seconds or  2281.24 MUPD/s or  27.3749 GB/s
STREAM triad of size   111576 : min/avg/max: 4.89096e-05 4.89189e-05 4.89322e-05 seconds or  2281.27 MUPD/s or  27.3753 GB/s
STREAM triad of size   122736 : min/avg/max: 5.37912e-05 5.38078e-05 5.38363e-05 seconds or  2281.71 MUPD/s or  27.3805 GB/s
STREAM triad of size   135016 : min/avg/max: 5.91831e-05 5.91975e-05 5.93349e-05 seconds or  2281.33 MUPD/s or  27.3759 GB/s
STREAM triad of size   148520 : min/avg/max: 6.51107e-05 6.51208e-05 6.51487e-05 seconds or  2281.04 MUPD/s or  27.3725 GB/s
STREAM triad of size   163376 : min/avg/max:  7.1647e-05 7.16663e-05 7.17101e-05 seconds or  2280.29 MUPD/s or  27.3635 GB/s
STREAM triad of size   179720 : min/avg/max: 7.90733e-05 7.90857e-05 7.91141e-05 seconds or  2272.83 MUPD/s or  27.2739 GB/s
STREAM triad of size   197696 : min/avg/max: 8.70847e-05 8.71069e-05 8.72072e-05 seconds or  2270.16 MUPD/s or  27.2419 GB/s
STREAM triad of size   217472 : min/avg/max: 9.59712e-05 9.59902e-05 9.60324e-05 seconds or  2266.01 MUPD/s or  27.1922 GB/s
STREAM triad of size   239224 : min/avg/max: 0.000105789  0.00010581  0.00010584 seconds or  2261.34 MUPD/s or  27.1361 GB/s
STREAM triad of size   263152 : min/avg/max: 0.000116486 0.000116508 0.000116537 seconds or  2259.08 MUPD/s or  27.1089 GB/s
STREAM triad of size   289472 : min/avg/max:  0.00012817  0.00012828 0.000129199 seconds or   2258.5 MUPD/s or   27.102 GB/s
STREAM triad of size   318424 : min/avg/max: 0.000141008 0.000141046 0.000141184 seconds or  2258.21 MUPD/s or  27.0985 GB/s
STREAM triad of size   350272 : min/avg/max: 0.000155104 0.000155143 0.000155195 seconds or  2258.31 MUPD/s or  27.0997 GB/s
STREAM triad of size   385304 : min/avg/max: 0.000170586 0.000170618 0.000170771 seconds or  2258.71 MUPD/s or  27.1046 GB/s
STREAM triad of size   423840 : min/avg/max: 0.000187662 0.000187694 0.000187776 seconds or  2258.53 MUPD/s or  27.1023 GB/s
STREAM triad of size   466232 : min/avg/max: 0.000206365 0.000206428 0.000206779 seconds or  2259.26 MUPD/s or  27.1111 GB/s
STREAM triad of size   512856 : min/avg/max: 0.000227165   0.0002276 0.000234872 seconds or  2257.64 MUPD/s or  27.0916 GB/s
STREAM triad of size   564144 : min/avg/max: 0.000249813 0.000249879 0.000249994 seconds or  2258.27 MUPD/s or  27.0992 GB/s
STREAM triad of size   620560 : min/avg/max:  0.00027481 0.000274868 0.000274945 seconds or  2258.14 MUPD/s or  27.0977 GB/s
STREAM triad of size   682624 : min/avg/max: 0.000302336 0.000302852 0.000304802 seconds or  2257.84 MUPD/s or   27.094 GB/s
STREAM triad of size   750888 : min/avg/max: 0.000332505 0.000332598 0.000333091 seconds or  2258.27 MUPD/s or  27.0993 GB/s
STREAM triad of size   825984 : min/avg/max: 0.000365857 0.000366195 0.000371487 seconds or  2257.67 MUPD/s or  27.0921 GB/s
STREAM triad of size   908584 : min/avg/max:  0.00040871 0.000412968 0.000431438 seconds or  2223.06 MUPD/s or  26.6767 GB/s
STREAM triad of size   999448 : min/avg/max: 0.000460082 0.000460503 0.000464181 seconds or  2172.32 MUPD/s or  26.0679 GB/s
STREAM triad of size  1099400 : min/avg/max: 0.000518112 0.000518829  0.00052073 seconds or  2121.94 MUPD/s or  25.4632 GB/s
STREAM triad of size  1209344 : min/avg/max: 0.000595326 0.000596104 0.000600416 seconds or   2031.4 MUPD/s or  24.3768 GB/s
STREAM triad of size  1330280 : min/avg/max: 0.000721997 0.000723814 0.000728262 seconds or   1842.5 MUPD/s or    22.11 GB/s
STREAM triad of size  1463312 : min/avg/max:  0.00087186 0.000873386  0.00087656 seconds or  1678.38 MUPD/s or  20.1406 GB/s
STREAM triad of size  1609648 : min/avg/max:  0.00104393  0.00104621  0.00105015 seconds or  1541.91 MUPD/s or  18.5029 GB/s
STREAM triad of size  1770616 : min/avg/max:  0.00124833  0.00125018  0.00125583 seconds or  1418.38 MUPD/s or  17.0206 GB/s
STREAM triad of size  1947680 : min/avg/max:  0.00151371  0.00151667  0.00152506 seconds or  1286.69 MUPD/s or  15.4403 GB/s
STREAM triad of size  2142456 : min/avg/max:  0.00180399   0.0018068  0.00181338 seconds or  1187.62 MUPD/s or  14.2514 GB/s
STREAM triad of size  2356704 : min/avg/max:  0.00209299  0.00209683   0.0021037 seconds or     1126 MUPD/s or   13.512 GB/s
STREAM triad of size  2592376 : min/avg/max:  0.00238176  0.00238393  0.00239179 seconds or  1088.43 MUPD/s or  13.0611 GB/s
STREAM triad of size  2851616 : min/avg/max:  0.00267701     0.00268  0.00268448 seconds or  1065.23 MUPD/s or  12.7827 GB/s
STREAM triad of size  3136784 : min/avg/max:  0.00299745  0.00300218  0.00301049 seconds or  1046.48 MUPD/s or  12.5578 GB/s
STREAM triad of size  3450464 : min/avg/max:  0.00333269  0.00333755  0.00334549 seconds or  1035.34 MUPD/s or  12.4241 GB/s
STREAM triad of size  3795512 : min/avg/max:  0.00369171  0.00369713  0.00370384 seconds or  1028.12 MUPD/s or  12.3374 GB/s
STREAM triad of size  4175064 : min/avg/max:  0.00389873  0.00406025  0.00409993 seconds or  1070.88 MUPD/s or  12.8505 GB/s
STREAM triad of size  4592576 : min/avg/max:  0.00448809  0.00450028   0.0045327 seconds or  1023.28 MUPD/s or  12.2794 GB/s
STREAM triad of size  5051840 : min/avg/max:  0.00493127  0.00498868  0.00581783 seconds or  1024.45 MUPD/s or  12.2934 GB/s
STREAM triad of size  5557032 : min/avg/max:  0.00543418  0.00544309  0.00546116 seconds or  1022.61 MUPD/s or  12.2713 GB/s
STREAM triad of size  6112736 : min/avg/max:  0.00597295  0.00598013  0.00599527 seconds or   1023.4 MUPD/s or  12.2808 GB/s
STREAM triad of size  6724016 : min/avg/max:  0.00657539  0.00658842   0.0066109 seconds or   1022.6 MUPD/s or  12.2712 GB/s
STREAM triad of size  7396424 : min/avg/max:   0.0072379  0.00724943   0.0072679 seconds or   1021.9 MUPD/s or  12.2628 GB/s
STREAM triad of size  8136072 : min/avg/max:   0.0079533   0.0079627  0.00798939 seconds or  1022.98 MUPD/s or  12.2758 GB/s
STREAM triad of size  8949680 : min/avg/max:  0.00875923  0.00877391  0.00881965 seconds or  1021.74 MUPD/s or  12.2609 GB/s
STREAM triad of size  9844656 : min/avg/max:  0.00963187  0.00964681  0.00966159 seconds or  1022.09 MUPD/s or  12.2651 GB/s
STREAM triad of size 10829128 : min/avg/max:   0.0106115   0.0106307   0.0106546 seconds or   1020.5 MUPD/s or   12.246 GB/s
STREAM triad of size 11912048 : min/avg/max:   0.0116554   0.0116701   0.0116953 seconds or  1022.02 MUPD/s or  12.2642 GB/s
STREAM triad of size 13103256 : min/avg/max:   0.0126547   0.0128862   0.0131737 seconds or  1035.44 MUPD/s or  12.4253 GB/s
STREAM triad of size 14413584 : min/avg/max:    0.014106   0.0141322   0.0141754 seconds or  1021.81 MUPD/s or  12.2617 GB/s
STREAM triad of size 15854944 : min/avg/max:    0.015519   0.0155492   0.0155922 seconds or  1021.65 MUPD/s or  12.2598 GB/s
STREAM triad of size 17440440 : min/avg/max:   0.0170892   0.0171261   0.0171679 seconds or  1020.56 MUPD/s or  12.2467 GB/s
STREAM triad of size 19184488 : min/avg/max:   0.0187974   0.0188784   0.0194049 seconds or  1020.59 MUPD/s or  12.2471 GB/s
STREAM triad of size 21102944 : min/avg/max:    0.020663   0.0207039   0.0208126 seconds or  1021.29 MUPD/s or  12.2555 GB/s
STREAM triad of size 23213240 : min/avg/max:   0.0227252   0.0227624   0.0228683 seconds or  1021.48 MUPD/s or  12.2577 GB/s
STREAM triad of size 25534568 : min/avg/max:   0.0249845   0.0250521   0.0251765 seconds or  1022.02 MUPD/s or  12.2642 GB/s
STREAM triad of size 28088032 : min/avg/max:   0.0275058   0.0275536   0.0276453 seconds or  1021.17 MUPD/s or   12.254 GB/s
STREAM triad of size 30896840 : min/avg/max:   0.0302647   0.0303264   0.0305133 seconds or  1020.89 MUPD/s or  12.2506 GB/s
STREAM triad of size 33986528 : min/avg/max:   0.0332813   0.0333444    0.033472 seconds or  1021.19 MUPD/s or  12.2543 GB/s
STREAM triad of size 37385184 : min/avg/max:   0.0353245    0.036585    0.036823 seconds or  1058.34 MUPD/s or     12.7 GB/s
STREAM triad of size 41123704 : min/avg/max:   0.0403017   0.0403594   0.0404184 seconds or   1020.4 MUPD/s or  12.2448 GB/s
STREAM triad of size 45236080 : min/avg/max:    0.044327   0.0444195   0.0446721 seconds or  1020.51 MUPD/s or  12.2461 GB/s
STREAM triad of size 49759696 : min/avg/max:     0.04874   0.0488418   0.0490402 seconds or  1020.92 MUPD/s or  12.2511 GB/s
STREAM triad of size 54735672 : min/avg/max:    0.053538   0.0536993   0.0539412 seconds or  1022.37 MUPD/s or  12.2685 GB/s
STREAM triad of size 60209240 : min/avg/max:   0.0588652   0.0590141   0.0592906 seconds or  1022.83 MUPD/s or   12.274 GB/s
STREAM triad of size 66230168 : min/avg/max:    0.064861    0.064972   0.0652059 seconds or  1021.11 MUPD/s or  12.2533 GB/s
STREAM triad of size 72853192 : min/avg/max:   0.0712238   0.0713379   0.0715736 seconds or  1022.88 MUPD/s or  12.2745 GB/s
STREAM triad of size 80138512 : min/avg/max:   0.0783909   0.0785033   0.0788753 seconds or  1022.29 MUPD/s or  12.2675 GB/s
STREAM triad of size 88152368 : min/avg/max:   0.0863474   0.0865756   0.0868796 seconds or   1020.9 MUPD/s or  12.2508 GB/s
STREAM triad of size 96967608 : min/avg/max:   0.0951091   0.0952312   0.0956076 seconds or  1019.54 MUPD/s or  12.2345 GB/s
