./stream_triad_cuda -min 8 -max 1e8 -align 1
STREAM triad of size        8 : min/avg/max: 2.47475e-06 2.47699e-06 2.48935e-06 seconds or  3.23264 MUPD/s or 0.0775835 GB/s
STREAM triad of size       16 : min/avg/max: 2.45962e-06 2.46677e-06 2.53031e-06 seconds or  6.50507 MUPD/s or 0.156122 GB/s
STREAM triad of size       24 : min/avg/max: 2.45978e-06 2.46559e-06 2.47582e-06 seconds or  9.75698 MUPD/s or 0.234168 GB/s
STREAM triad of size       32 : min/avg/max: 2.45314e-06 2.46119e-06 2.46696e-06 seconds or  13.0445 MUPD/s or 0.313068 GB/s
STREAM triad of size       40 : min/avg/max:    2.46e-06 2.74794e-06 3.03241e-06 seconds or  16.2602 MUPD/s or 0.390244 GB/s
STREAM triad of size       48 : min/avg/max: 2.77821e-06 2.99663e-06 3.03015e-06 seconds or  17.2773 MUPD/s or 0.414656 GB/s
STREAM triad of size       56 : min/avg/max: 2.95244e-06 3.01863e-06 3.02762e-06 seconds or  18.9674 MUPD/s or 0.455217 GB/s
STREAM triad of size       64 : min/avg/max: 2.97734e-06  3.0222e-06 3.04512e-06 seconds or  21.4957 MUPD/s or 0.515897 GB/s
STREAM triad of size       72 : min/avg/max: 2.98735e-06 3.03798e-06 3.04817e-06 seconds or  24.1016 MUPD/s or 0.578438 GB/s
STREAM triad of size       80 : min/avg/max: 2.96855e-06 3.01911e-06 3.04562e-06 seconds or  26.9492 MUPD/s or 0.646781 GB/s
STREAM triad of size       96 : min/avg/max: 2.96256e-06 3.03225e-06 3.05018e-06 seconds or  32.4044 MUPD/s or 0.777705 GB/s
STREAM triad of size      112 : min/avg/max: 2.92161e-06 3.02536e-06 3.04807e-06 seconds or   38.335 MUPD/s or  0.92004 GB/s
STREAM triad of size      128 : min/avg/max: 3.01023e-06 3.02517e-06 3.04934e-06 seconds or  42.5216 MUPD/s or  1.02052 GB/s
STREAM triad of size      144 : min/avg/max: 2.94962e-06 3.01772e-06 3.04511e-06 seconds or  48.8198 MUPD/s or  1.17168 GB/s
STREAM triad of size      160 : min/avg/max: 2.94858e-06 3.03651e-06 3.04909e-06 seconds or  54.2634 MUPD/s or  1.30232 GB/s
STREAM triad of size      184 : min/avg/max: 2.93868e-06 3.03008e-06 3.04693e-06 seconds or  62.6131 MUPD/s or  1.50271 GB/s
STREAM triad of size      208 : min/avg/max: 2.93136e-06 3.04031e-06  3.0517e-06 seconds or  70.9567 MUPD/s or  1.70296 GB/s
STREAM triad of size      232 : min/avg/max:  2.9709e-06 3.04246e-06 3.04958e-06 seconds or  78.0908 MUPD/s or  1.87418 GB/s
STREAM triad of size      256 : min/avg/max: 2.95485e-06  3.0412e-06  3.0508e-06 seconds or  86.6373 MUPD/s or   2.0793 GB/s
STREAM triad of size      288 : min/avg/max: 2.97554e-06 3.04162e-06 3.04891e-06 seconds or   96.789 MUPD/s or  2.32294 GB/s
STREAM triad of size      320 : min/avg/max: 3.00539e-06 3.02942e-06 3.04778e-06 seconds or  106.475 MUPD/s or  2.55541 GB/s
STREAM triad of size      360 : min/avg/max: 3.04341e-06 3.04614e-06 3.05398e-06 seconds or  118.288 MUPD/s or  2.83892 GB/s
STREAM triad of size      400 : min/avg/max: 2.96847e-06 3.04058e-06 3.04904e-06 seconds or  134.749 MUPD/s or  3.23399 GB/s
STREAM triad of size      448 : min/avg/max: 3.02402e-06 3.04435e-06  3.0496e-06 seconds or  148.147 MUPD/s or  3.55553 GB/s
STREAM triad of size      496 : min/avg/max: 3.02229e-06 3.04544e-06 3.05558e-06 seconds or  164.114 MUPD/s or  3.93873 GB/s
STREAM triad of size      552 : min/avg/max: 3.04377e-06 3.04606e-06 3.05696e-06 seconds or  181.354 MUPD/s or   4.3525 GB/s
STREAM triad of size      608 : min/avg/max:  2.7835e-06  3.0204e-06 3.05123e-06 seconds or   218.43 MUPD/s or  5.24233 GB/s
STREAM triad of size      672 : min/avg/max: 3.04258e-06 3.04763e-06 3.06259e-06 seconds or  220.865 MUPD/s or  5.30076 GB/s
STREAM triad of size      744 : min/avg/max: 3.04093e-06 3.04573e-06 3.05749e-06 seconds or  244.662 MUPD/s or  5.87188 GB/s
STREAM triad of size      824 : min/avg/max: 2.94225e-06 3.04623e-06 3.11031e-06 seconds or  280.058 MUPD/s or  6.72139 GB/s
STREAM triad of size      912 : min/avg/max: 3.02612e-06 3.04589e-06 3.06318e-06 seconds or  301.376 MUPD/s or  7.23303 GB/s
STREAM triad of size     1008 : min/avg/max: 2.92581e-06 3.04497e-06 3.06393e-06 seconds or   344.52 MUPD/s or  8.26849 GB/s
STREAM triad of size     1112 : min/avg/max: 3.04262e-06   3.046e-06 3.05048e-06 seconds or  365.474 MUPD/s or  8.77138 GB/s
STREAM triad of size     1224 : min/avg/max: 2.97289e-06  3.0391e-06 3.04947e-06 seconds or   411.72 MUPD/s or  9.88128 GB/s
STREAM triad of size     1352 : min/avg/max:  3.0421e-06  3.0464e-06 3.05958e-06 seconds or  444.429 MUPD/s or  10.6663 GB/s
STREAM triad of size     1488 : min/avg/max: 3.04138e-06 3.04604e-06  3.0529e-06 seconds or  489.251 MUPD/s or   11.742 GB/s
STREAM triad of size     1640 : min/avg/max: 3.03963e-06  3.0511e-06  3.0707e-06 seconds or   539.54 MUPD/s or   12.949 GB/s
STREAM triad of size     1808 : min/avg/max: 3.02649e-06 3.04666e-06 3.06545e-06 seconds or  597.392 MUPD/s or  14.3374 GB/s
STREAM triad of size     1992 : min/avg/max: 3.04083e-06 3.04681e-06 3.05589e-06 seconds or  655.085 MUPD/s or   15.722 GB/s
STREAM triad of size     2192 : min/avg/max:    3.04e-06  3.0468e-06 3.06519e-06 seconds or  721.052 MUPD/s or  17.3052 GB/s
STREAM triad of size     2416 : min/avg/max: 2.74848e-06 2.96409e-06 3.03386e-06 seconds or  879.033 MUPD/s or  21.0968 GB/s
STREAM triad of size     2664 : min/avg/max:  3.0385e-06 3.04698e-06 3.07061e-06 seconds or  876.748 MUPD/s or   21.042 GB/s
STREAM triad of size     2936 : min/avg/max: 3.03998e-06 3.04601e-06 3.06821e-06 seconds or  965.796 MUPD/s or  23.1791 GB/s
STREAM triad of size     3232 : min/avg/max: 3.04189e-06 3.05211e-06 3.07542e-06 seconds or   1062.5 MUPD/s or     25.5 GB/s
STREAM triad of size     3560 : min/avg/max: 3.03894e-06 3.04993e-06 3.07478e-06 seconds or  1171.46 MUPD/s or   28.115 GB/s
STREAM triad of size     3920 : min/avg/max: 3.04006e-06 3.04879e-06 3.06739e-06 seconds or  1289.45 MUPD/s or  30.9468 GB/s
STREAM triad of size     4320 : min/avg/max: 3.04016e-06 3.04924e-06 3.07312e-06 seconds or  1420.98 MUPD/s or  34.1035 GB/s
STREAM triad of size     4760 : min/avg/max: 3.03822e-06 3.04414e-06 3.05523e-06 seconds or  1566.71 MUPD/s or  37.6009 GB/s
STREAM triad of size     5240 : min/avg/max: 3.03909e-06 3.04858e-06  3.0774e-06 seconds or   1724.2 MUPD/s or  41.3809 GB/s
STREAM triad of size     5768 : min/avg/max: 3.03622e-06 3.04886e-06 3.08039e-06 seconds or  1899.73 MUPD/s or  45.5935 GB/s
STREAM triad of size     6352 : min/avg/max: 3.04085e-06 3.05797e-06 3.15415e-06 seconds or  2088.89 MUPD/s or  50.1334 GB/s
STREAM triad of size     6992 : min/avg/max: 3.03924e-06 3.04671e-06 3.05864e-06 seconds or  2300.58 MUPD/s or  55.2138 GB/s
STREAM triad of size     7696 : min/avg/max: 3.03836e-06 3.05009e-06 3.09449e-06 seconds or  2532.95 MUPD/s or  60.7908 GB/s
STREAM triad of size     8472 : min/avg/max: 3.03762e-06 3.05126e-06 3.09761e-06 seconds or  2789.03 MUPD/s or  66.9367 GB/s
STREAM triad of size     9320 : min/avg/max: 3.03764e-06 3.04801e-06 3.07843e-06 seconds or  3068.17 MUPD/s or  73.6361 GB/s
STREAM triad of size    10256 : min/avg/max: 3.03503e-06 3.04611e-06 3.07009e-06 seconds or  3379.21 MUPD/s or   81.101 GB/s
STREAM triad of size    11288 : min/avg/max: 3.03626e-06 3.05093e-06 3.07799e-06 seconds or  3717.73 MUPD/s or  89.2256 GB/s
STREAM triad of size    12424 : min/avg/max:  3.0349e-06 3.04926e-06 3.09596e-06 seconds or  4093.71 MUPD/s or   98.249 GB/s
STREAM triad of size    13672 : min/avg/max: 3.03148e-06 3.04884e-06 3.08304e-06 seconds or     4510 MUPD/s or   108.24 GB/s
STREAM triad of size    15040 : min/avg/max: 3.03731e-06 3.05299e-06 3.07948e-06 seconds or  4951.75 MUPD/s or  118.842 GB/s
STREAM triad of size    16552 : min/avg/max: 3.03799e-06 3.04911e-06 3.07903e-06 seconds or  5448.34 MUPD/s or   130.76 GB/s
STREAM triad of size    18208 : min/avg/max: 3.03621e-06 3.06182e-06 3.18683e-06 seconds or  5996.96 MUPD/s or  143.927 GB/s
STREAM triad of size    20032 : min/avg/max: 3.04051e-06 3.06137e-06 3.09261e-06 seconds or  6588.37 MUPD/s or  158.121 GB/s
STREAM triad of size    22040 : min/avg/max: 3.02729e-06 3.05132e-06 3.11967e-06 seconds or  7280.45 MUPD/s or  174.731 GB/s
STREAM triad of size    24248 : min/avg/max: 3.03176e-06 3.07007e-06  3.1691e-06 seconds or  7997.99 MUPD/s or  191.952 GB/s
STREAM triad of size    26680 : min/avg/max: 2.78656e-06   3.002e-06 3.09348e-06 seconds or  9574.54 MUPD/s or  229.789 GB/s
STREAM triad of size    29352 : min/avg/max: 2.78495e-06 2.81381e-06  2.8654e-06 seconds or  10539.5 MUPD/s or  252.948 GB/s
STREAM triad of size    32288 : min/avg/max: 2.77741e-06 2.95202e-06 3.11229e-06 seconds or  11625.2 MUPD/s or  279.005 GB/s
STREAM triad of size    35520 : min/avg/max: 2.75411e-06 2.94878e-06 3.07098e-06 seconds or  12897.1 MUPD/s or  309.531 GB/s
STREAM triad of size    39080 : min/avg/max:  2.7728e-06 2.96582e-06 3.17711e-06 seconds or  14094.1 MUPD/s or  338.258 GB/s
STREAM triad of size    42992 : min/avg/max: 3.04528e-06 3.08043e-06 3.20099e-06 seconds or  14117.6 MUPD/s or  338.822 GB/s
STREAM triad of size    47296 : min/avg/max:  3.0475e-06 3.06406e-06 3.07472e-06 seconds or  15519.6 MUPD/s or  372.471 GB/s
STREAM triad of size    52032 : min/avg/max: 3.05147e-06 3.07245e-06 3.10059e-06 seconds or  17051.4 MUPD/s or  409.235 GB/s
STREAM triad of size    57240 : min/avg/max: 3.07916e-06 3.09124e-06 3.10291e-06 seconds or  18589.5 MUPD/s or  446.148 GB/s
STREAM triad of size    62968 : min/avg/max: 3.05128e-06 3.08927e-06 3.14175e-06 seconds or  20636.6 MUPD/s or  495.277 GB/s
STREAM triad of size    69272 : min/avg/max: 3.01907e-06 3.04155e-06 3.09209e-06 seconds or  22944.8 MUPD/s or  550.676 GB/s
STREAM triad of size    76200 : min/avg/max: 3.05584e-06 3.06241e-06 3.07511e-06 seconds or  24935.9 MUPD/s or  598.461 GB/s
STREAM triad of size    83824 : min/avg/max: 3.24824e-06 3.25343e-06 3.25769e-06 seconds or    25806 MUPD/s or  619.343 GB/s
STREAM triad of size    92208 : min/avg/max: 3.40171e-06 3.40662e-06 3.41123e-06 seconds or  27106.4 MUPD/s or  650.553 GB/s
STREAM triad of size   101432 : min/avg/max: 3.58235e-06 3.58844e-06 3.61849e-06 seconds or  28314.4 MUPD/s or  679.545 GB/s
STREAM triad of size   111576 : min/avg/max: 3.73853e-06 3.74145e-06 3.74972e-06 seconds or  29844.9 MUPD/s or  716.278 GB/s
STREAM triad of size   122736 : min/avg/max:  3.8395e-06 3.86597e-06 3.89257e-06 seconds or  31966.6 MUPD/s or  767.199 GB/s
STREAM triad of size   135016 : min/avg/max: 4.05044e-06 4.05846e-06 4.08263e-06 seconds or  33333.7 MUPD/s or  800.008 GB/s
STREAM triad of size   148520 : min/avg/max: 4.25423e-06  4.2626e-06 4.34372e-06 seconds or  34911.1 MUPD/s or  837.867 GB/s
STREAM triad of size   163376 : min/avg/max: 4.48564e-06 4.49128e-06 4.49997e-06 seconds or    36422 MUPD/s or  874.127 GB/s
STREAM triad of size   179720 : min/avg/max: 1.02679e-05 1.03575e-05 1.04334e-05 seconds or  17503.1 MUPD/s or  420.073 GB/s
STREAM triad of size   197696 : min/avg/max: 1.98251e-05 1.98632e-05 1.99233e-05 seconds or  9971.99 MUPD/s or  239.328 GB/s
STREAM triad of size   217472 : min/avg/max: 2.14026e-05 2.14269e-05 2.14601e-05 seconds or    10161 MUPD/s or  243.864 GB/s
STREAM triad of size   239224 : min/avg/max: 2.29933e-05 2.30131e-05 2.30383e-05 seconds or  10404.1 MUPD/s or  249.697 GB/s
STREAM triad of size   263152 : min/avg/max: 2.51073e-05 2.51563e-05 2.52218e-05 seconds or  10481.1 MUPD/s or  251.546 GB/s
STREAM triad of size   289472 : min/avg/max: 2.75515e-05 2.75877e-05 2.76171e-05 seconds or  10506.6 MUPD/s or  252.158 GB/s
STREAM triad of size   318424 : min/avg/max: 3.21984e-05  3.2244e-05 3.22867e-05 seconds or  9889.44 MUPD/s or  237.347 GB/s
STREAM triad of size   350272 : min/avg/max: 3.57017e-05 3.57754e-05 3.58318e-05 seconds or  9811.08 MUPD/s or  235.466 GB/s
STREAM triad of size   385304 : min/avg/max: 3.93324e-05 3.93756e-05 3.94159e-05 seconds or   9796.1 MUPD/s or  235.106 GB/s
STREAM triad of size   423840 : min/avg/max: 4.33469e-05  4.3399e-05 4.34617e-05 seconds or  9777.86 MUPD/s or  234.669 GB/s
STREAM triad of size   466232 : min/avg/max: 4.72456e-05 4.72889e-05 4.73516e-05 seconds or  9868.26 MUPD/s or  236.838 GB/s
STREAM triad of size   512856 : min/avg/max: 5.13274e-05  5.1379e-05 5.14261e-05 seconds or  9991.85 MUPD/s or  239.804 GB/s
STREAM triad of size   564144 : min/avg/max: 5.49233e-05 5.49402e-05 5.49703e-05 seconds or  10271.5 MUPD/s or  246.516 GB/s
STREAM triad of size   620560 : min/avg/max: 6.01614e-05  6.0187e-05 6.02169e-05 seconds or  10314.9 MUPD/s or  247.558 GB/s
STREAM triad of size   682624 : min/avg/max: 6.59694e-05 6.59963e-05 6.60583e-05 seconds or  10347.6 MUPD/s or  248.342 GB/s
STREAM triad of size   750888 : min/avg/max: 7.21474e-05 7.21748e-05 7.22724e-05 seconds or  10407.7 MUPD/s or  249.785 GB/s
STREAM triad of size   825984 : min/avg/max: 7.91586e-05 7.91892e-05 7.92306e-05 seconds or  10434.5 MUPD/s or  250.429 GB/s
STREAM triad of size   908584 : min/avg/max: 8.67512e-05 8.67735e-05 8.68046e-05 seconds or  10473.4 MUPD/s or  251.363 GB/s
STREAM triad of size   999448 : min/avg/max: 9.52054e-05 9.52283e-05 9.52927e-05 seconds or  10497.8 MUPD/s or  251.947 GB/s
STREAM triad of size  1099400 : min/avg/max: 0.000106482 0.000106622 0.000106697 seconds or  10324.7 MUPD/s or  247.794 GB/s
STREAM triad of size  1209344 : min/avg/max: 0.000115331 0.000115373 0.000115423 seconds or  10485.9 MUPD/s or  251.661 GB/s
STREAM triad of size  1330280 : min/avg/max: 0.000127273 0.000127328 0.000127398 seconds or  10452.2 MUPD/s or  250.852 GB/s
STREAM triad of size  1463312 : min/avg/max: 0.000141153 0.000141534 0.000141801 seconds or  10366.9 MUPD/s or  248.805 GB/s
STREAM triad of size  1609648 : min/avg/max: 0.000154469 0.000154547 0.000154749 seconds or  10420.5 MUPD/s or  250.093 GB/s
STREAM triad of size  1770616 : min/avg/max: 0.000168849  0.00016897 0.000169153 seconds or  10486.4 MUPD/s or  251.673 GB/s
STREAM triad of size  1947680 : min/avg/max: 0.000185839 0.000186082 0.000186251 seconds or  10480.5 MUPD/s or  251.532 GB/s
STREAM triad of size  2142456 : min/avg/max: 0.000202659 0.000202772  0.00020296 seconds or  10571.7 MUPD/s or  253.722 GB/s
STREAM triad of size  2356704 : min/avg/max: 0.000225053 0.000225294 0.000225527 seconds or  10471.8 MUPD/s or  251.323 GB/s
STREAM triad of size  2592376 : min/avg/max: 0.000245197 0.000245344 0.000245686 seconds or  10572.6 MUPD/s or  253.743 GB/s
STREAM triad of size  2851616 : min/avg/max: 0.000269989 0.000270219  0.00027074 seconds or    10562 MUPD/s or  253.487 GB/s
STREAM triad of size  3136784 : min/avg/max: 0.000297482 0.000297737 0.000298293 seconds or  10544.4 MUPD/s or  253.067 GB/s
STREAM triad of size  3450464 : min/avg/max: 0.000330735 0.000331053 0.000331639 seconds or  10432.7 MUPD/s or  250.385 GB/s
STREAM triad of size  3795512 : min/avg/max: 0.000356122 0.000356256 0.000357111 seconds or  10657.9 MUPD/s or   255.79 GB/s
STREAM triad of size  4175064 : min/avg/max: 0.000394791 0.000395114  0.00039645 seconds or  10575.4 MUPD/s or  253.809 GB/s
STREAM triad of size  4592576 : min/avg/max: 0.000436812 0.000437049 0.000438365 seconds or  10513.9 MUPD/s or  252.333 GB/s
STREAM triad of size  5051840 : min/avg/max: 0.000477515 0.000477928  0.00047985 seconds or  10579.4 MUPD/s or  253.906 GB/s
STREAM triad of size  5557032 : min/avg/max: 0.000526188 0.000526535  0.00052849 seconds or  10560.9 MUPD/s or  253.462 GB/s
STREAM triad of size  6112736 : min/avg/max:  0.00058268 0.000583222   0.0005851 seconds or  10490.7 MUPD/s or  251.778 GB/s
STREAM triad of size  6724016 : min/avg/max: 0.000634231 0.000634732 0.000637775 seconds or  10601.8 MUPD/s or  254.444 GB/s
STREAM triad of size  7396424 : min/avg/max: 0.000699731 0.000700224 0.000702894 seconds or  10570.4 MUPD/s or  253.689 GB/s
STREAM triad of size  8136072 : min/avg/max:  0.00077045 0.000770946 0.000773063 seconds or  10560.2 MUPD/s or  253.444 GB/s
STREAM triad of size  8949680 : min/avg/max: 0.000844224 0.000844852 0.000847828 seconds or  10601.1 MUPD/s or  254.426 GB/s
STREAM triad of size  9844656 : min/avg/max: 0.000929199 0.000929897 0.000932711 seconds or  10594.8 MUPD/s or  254.275 GB/s
STREAM triad of size 10829128 : min/avg/max:  0.00102124  0.00102189  0.00102472 seconds or  10603.9 MUPD/s or  254.493 GB/s
STREAM triad of size 11912048 : min/avg/max:  0.00112502  0.00112616  0.00112964 seconds or  10588.3 MUPD/s or  254.119 GB/s
STREAM triad of size 13103256 : min/avg/max:  0.00123897  0.00124107  0.00124495 seconds or  10575.9 MUPD/s or  253.823 GB/s
STREAM triad of size 14413584 : min/avg/max:  0.00136124  0.00136239  0.00136772 seconds or  10588.5 MUPD/s or  254.125 GB/s
STREAM triad of size 15854944 : min/avg/max:  0.00149831  0.00150017  0.00150616 seconds or  10581.9 MUPD/s or  253.965 GB/s
STREAM triad of size 17440440 : min/avg/max:  0.00164566  0.00164677  0.00165307 seconds or  10597.8 MUPD/s or  254.348 GB/s
STREAM triad of size 19184488 : min/avg/max:  0.00181531  0.00181655  0.00182128 seconds or  10568.2 MUPD/s or  253.636 GB/s
STREAM triad of size 21102944 : min/avg/max:   0.0019913  0.00199297  0.00200013 seconds or  10597.6 MUPD/s or  254.342 GB/s
STREAM triad of size 23213240 : min/avg/max:  0.00218478  0.00218679  0.00219388 seconds or    10625 MUPD/s or      255 GB/s
STREAM triad of size 25534568 : min/avg/max:  0.00240761  0.00241008   0.0024204 seconds or  10605.8 MUPD/s or  254.538 GB/s
STREAM triad of size 28088032 : min/avg/max:  0.00265183  0.00265425  0.00266454 seconds or  10591.9 MUPD/s or  254.206 GB/s
STREAM triad of size 30896840 : min/avg/max:  0.00291818  0.00292125  0.00293203 seconds or  10587.7 MUPD/s or  254.105 GB/s
STREAM triad of size 33986528 : min/avg/max:   0.0032002  0.00320322  0.00321757 seconds or  10620.1 MUPD/s or  254.883 GB/s
STREAM triad of size 37385184 : min/avg/max:  0.00352415  0.00352673    0.003543 seconds or  10608.3 MUPD/s or  254.599 GB/s
STREAM triad of size 41123704 : min/avg/max:  0.00387814  0.00388218  0.00389871 seconds or    10604 MUPD/s or  254.495 GB/s
STREAM triad of size 45236080 : min/avg/max:  0.00426824  0.00427396  0.00428971 seconds or  10598.3 MUPD/s or  254.359 GB/s
STREAM triad of size 49759696 : min/avg/max:  0.00469291  0.00469814  0.00473545 seconds or  10603.2 MUPD/s or  254.476 GB/s
STREAM triad of size 54735672 : min/avg/max:  0.00516651  0.00517356  0.00521121 seconds or  10594.3 MUPD/s or  254.264 GB/s
STREAM triad of size 60209240 : min/avg/max:  0.00567983  0.00568542  0.00571779 seconds or  10600.5 MUPD/s or  254.413 GB/s
STREAM triad of size 66230168 : min/avg/max:  0.00625716  0.00626317  0.00629692 seconds or  10584.7 MUPD/s or  254.033 GB/s
STREAM triad of size 72853192 : min/avg/max:  0.00687068   0.0068793  0.00690574 seconds or  10603.5 MUPD/s or  254.484 GB/s
STREAM triad of size 80138512 : min/avg/max:  0.00754837  0.00755759  0.00758765 seconds or  10616.7 MUPD/s or    254.8 GB/s
STREAM triad of size 88152368 : min/avg/max:      0.0083  0.00830606   0.0083367 seconds or  10620.8 MUPD/s or  254.899 GB/s
STREAM triad of size 96967608 : min/avg/max:  0.00914741  0.00915834  0.00918346 seconds or  10600.6 MUPD/s or  254.413 GB/s
