./stream_triad_cuda -min 8 -max 1e8 -align 1
STREAM triad of size        8 : min/avg/max: 2.47211e-06 2.47608e-06 2.48793e-06 seconds or   3.2361 MUPD/s or 0.0388332 GB/s
STREAM triad of size       16 : min/avg/max: 2.45969e-06 2.46419e-06 2.46952e-06 seconds or  6.50488 MUPD/s or 0.0780586 GB/s
STREAM triad of size       24 : min/avg/max: 2.46046e-06 2.46461e-06 2.47571e-06 seconds or  9.75429 MUPD/s or 0.117051 GB/s
STREAM triad of size       32 : min/avg/max: 2.46066e-06 2.46516e-06 2.48177e-06 seconds or  13.0046 MUPD/s or 0.156055 GB/s
STREAM triad of size       40 : min/avg/max: 2.45898e-06 2.46446e-06 2.47928e-06 seconds or  16.2669 MUPD/s or 0.195203 GB/s
STREAM triad of size       48 : min/avg/max: 2.46018e-06 2.46655e-06 2.49505e-06 seconds or  19.5108 MUPD/s or 0.234129 GB/s
STREAM triad of size       56 : min/avg/max: 2.46023e-06  2.4644e-06 2.48262e-06 seconds or  22.7621 MUPD/s or 0.273145 GB/s
STREAM triad of size       64 : min/avg/max: 2.45971e-06 2.46421e-06 2.48584e-06 seconds or  26.0193 MUPD/s or 0.312232 GB/s
STREAM triad of size       72 : min/avg/max: 2.46002e-06 2.46662e-06  2.4864e-06 seconds or   29.268 MUPD/s or 0.351216 GB/s
STREAM triad of size       80 : min/avg/max: 2.45964e-06 2.46561e-06 2.49239e-06 seconds or  32.5251 MUPD/s or 0.390302 GB/s
STREAM triad of size       96 : min/avg/max:  2.4601e-06 2.46619e-06  2.4995e-06 seconds or  39.0228 MUPD/s or 0.468274 GB/s
STREAM triad of size      112 : min/avg/max: 2.46002e-06 2.46611e-06 2.48706e-06 seconds or   45.528 MUPD/s or 0.546336 GB/s
STREAM triad of size      128 : min/avg/max: 2.44368e-06 2.46852e-06 2.52393e-06 seconds or  52.3801 MUPD/s or 0.628561 GB/s
STREAM triad of size      144 : min/avg/max: 2.45979e-06 2.46665e-06 2.48592e-06 seconds or  58.5415 MUPD/s or 0.702498 GB/s
STREAM triad of size      160 : min/avg/max: 2.45951e-06 2.47103e-06 2.52066e-06 seconds or  65.0536 MUPD/s or 0.780644 GB/s
STREAM triad of size      184 : min/avg/max: 2.45948e-06 2.46572e-06 2.48983e-06 seconds or  74.8127 MUPD/s or 0.897752 GB/s
STREAM triad of size      208 : min/avg/max: 2.45942e-06  2.4709e-06 2.50916e-06 seconds or  84.5729 MUPD/s or  1.01487 GB/s
STREAM triad of size      232 : min/avg/max: 2.45982e-06 2.47377e-06 2.50371e-06 seconds or   94.316 MUPD/s or  1.13179 GB/s
STREAM triad of size      256 : min/avg/max: 2.46869e-06 2.47643e-06 2.51739e-06 seconds or  103.699 MUPD/s or  1.24439 GB/s
STREAM triad of size      288 : min/avg/max: 2.45911e-06 2.46927e-06 2.50808e-06 seconds or  117.116 MUPD/s or  1.40539 GB/s
STREAM triad of size      320 : min/avg/max: 2.45909e-06 2.46259e-06 2.47526e-06 seconds or  130.129 MUPD/s or  1.56155 GB/s
STREAM triad of size      360 : min/avg/max: 2.45851e-06 2.47028e-06 2.51882e-06 seconds or   146.43 MUPD/s or  1.75716 GB/s
STREAM triad of size      400 : min/avg/max: 2.47052e-06 2.47274e-06 2.48326e-06 seconds or  161.909 MUPD/s or  1.94291 GB/s
STREAM triad of size      448 : min/avg/max: 2.45907e-06 2.46906e-06 2.55311e-06 seconds or  182.183 MUPD/s or  2.18619 GB/s
STREAM triad of size      496 : min/avg/max: 2.46222e-06 2.47239e-06 2.49489e-06 seconds or  201.445 MUPD/s or  2.41733 GB/s
STREAM triad of size      552 : min/avg/max: 2.46927e-06 2.47373e-06 2.48683e-06 seconds or  223.548 MUPD/s or  2.68258 GB/s
STREAM triad of size      608 : min/avg/max: 2.46882e-06  2.4789e-06 2.56819e-06 seconds or  246.272 MUPD/s or  2.95526 GB/s
STREAM triad of size      672 : min/avg/max: 2.46911e-06 2.47294e-06 2.49496e-06 seconds or  272.162 MUPD/s or  3.26595 GB/s
STREAM triad of size      744 : min/avg/max: 2.46208e-06 2.47189e-06 2.48438e-06 seconds or  302.183 MUPD/s or   3.6262 GB/s
STREAM triad of size      824 : min/avg/max: 2.46847e-06 2.48947e-06  2.5726e-06 seconds or  333.809 MUPD/s or  4.00571 GB/s
STREAM triad of size      912 : min/avg/max:  2.4586e-06  2.4632e-06 2.48549e-06 seconds or  370.944 MUPD/s or  4.45132 GB/s
STREAM triad of size     1008 : min/avg/max: 2.46947e-06 2.47505e-06 2.50384e-06 seconds or  408.185 MUPD/s or  4.89822 GB/s
STREAM triad of size     1112 : min/avg/max: 2.46908e-06 2.47389e-06 2.49748e-06 seconds or  450.371 MUPD/s or  5.40445 GB/s
STREAM triad of size     1224 : min/avg/max:  2.4679e-06 2.47319e-06 2.49191e-06 seconds or  495.969 MUPD/s or  5.95163 GB/s
STREAM triad of size     1352 : min/avg/max: 2.46987e-06 2.48064e-06 2.53355e-06 seconds or  547.398 MUPD/s or  6.56877 GB/s
STREAM triad of size     1488 : min/avg/max: 2.46685e-06 2.47503e-06 2.51576e-06 seconds or  603.199 MUPD/s or  7.23839 GB/s
STREAM triad of size     1640 : min/avg/max: 2.45679e-06 2.46482e-06 2.49014e-06 seconds or  667.538 MUPD/s or  8.01045 GB/s
STREAM triad of size     1808 : min/avg/max: 2.46824e-06 2.47403e-06 2.50233e-06 seconds or  732.506 MUPD/s or  8.79007 GB/s
STREAM triad of size     1992 : min/avg/max: 2.46617e-06  2.4764e-06 2.50053e-06 seconds or  807.731 MUPD/s or  9.69277 GB/s
STREAM triad of size     2192 : min/avg/max: 2.46847e-06 2.47362e-06 2.50751e-06 seconds or  887.998 MUPD/s or   10.656 GB/s
STREAM triad of size     2416 : min/avg/max: 2.46392e-06 2.47171e-06  2.4956e-06 seconds or  980.552 MUPD/s or  11.7666 GB/s
STREAM triad of size     2664 : min/avg/max: 2.46733e-06 2.47669e-06 2.51128e-06 seconds or  1079.71 MUPD/s or  12.9565 GB/s
STREAM triad of size     2936 : min/avg/max: 2.46525e-06 2.47256e-06 2.48694e-06 seconds or  1190.95 MUPD/s or  14.2914 GB/s
STREAM triad of size     3232 : min/avg/max:  2.4649e-06  2.4715e-06 2.48565e-06 seconds or  1311.21 MUPD/s or  15.7345 GB/s
STREAM triad of size     3560 : min/avg/max:  2.4677e-06  2.4758e-06 2.50415e-06 seconds or  1442.64 MUPD/s or  17.3117 GB/s
STREAM triad of size     3920 : min/avg/max: 2.46671e-06  2.4737e-06  2.5054e-06 seconds or  1589.16 MUPD/s or  19.0699 GB/s
STREAM triad of size     4320 : min/avg/max: 2.46381e-06 2.47868e-06  2.5209e-06 seconds or  1753.38 MUPD/s or  21.0406 GB/s
STREAM triad of size     4760 : min/avg/max: 2.46743e-06  2.5265e-06 2.62181e-06 seconds or  1929.14 MUPD/s or  23.1496 GB/s
STREAM triad of size     5240 : min/avg/max: 2.53548e-06 2.54807e-06 2.59542e-06 seconds or  2066.67 MUPD/s or     24.8 GB/s
STREAM triad of size     5768 : min/avg/max:  2.4635e-06  2.4881e-06 2.58462e-06 seconds or  2341.39 MUPD/s or  28.0966 GB/s
STREAM triad of size     6352 : min/avg/max: 2.46524e-06 2.47195e-06 2.48246e-06 seconds or  2576.63 MUPD/s or  30.9195 GB/s
STREAM triad of size     6992 : min/avg/max: 2.46078e-06 2.47289e-06 2.49416e-06 seconds or  2841.37 MUPD/s or  34.0965 GB/s
STREAM triad of size     7696 : min/avg/max: 2.45894e-06 2.47483e-06 2.50167e-06 seconds or   3129.8 MUPD/s or  37.5576 GB/s
STREAM triad of size     8472 : min/avg/max: 2.46501e-06 2.47291e-06 2.50108e-06 seconds or   3436.9 MUPD/s or  41.2429 GB/s
STREAM triad of size     9320 : min/avg/max: 2.46146e-06 2.47486e-06 2.51016e-06 seconds or  3786.37 MUPD/s or  45.4364 GB/s
STREAM triad of size    10256 : min/avg/max:  2.4664e-06 2.47622e-06 2.50288e-06 seconds or  4158.29 MUPD/s or  49.8995 GB/s
STREAM triad of size    11288 : min/avg/max: 2.45835e-06 2.47248e-06 2.52875e-06 seconds or  4591.69 MUPD/s or  55.1003 GB/s
STREAM triad of size    12424 : min/avg/max: 2.46083e-06 2.47926e-06 2.52504e-06 seconds or   5048.7 MUPD/s or  60.5843 GB/s
STREAM triad of size    13672 : min/avg/max: 2.46162e-06 2.47182e-06 2.48854e-06 seconds or  5554.06 MUPD/s or  66.6488 GB/s
STREAM triad of size    15040 : min/avg/max: 2.45669e-06 2.47616e-06  2.5284e-06 seconds or  6122.05 MUPD/s or  73.4646 GB/s
STREAM triad of size    16552 : min/avg/max:  2.4648e-06 2.47679e-06 2.50941e-06 seconds or  6715.35 MUPD/s or  80.5843 GB/s
STREAM triad of size    18208 : min/avg/max:  2.4662e-06 2.48319e-06 2.52005e-06 seconds or  7383.01 MUPD/s or  88.5961 GB/s
STREAM triad of size    20032 : min/avg/max: 2.45944e-06 2.47572e-06  2.5253e-06 seconds or  8144.96 MUPD/s or  97.7395 GB/s
STREAM triad of size    22040 : min/avg/max: 2.46137e-06 2.48369e-06 2.51693e-06 seconds or  8954.37 MUPD/s or  107.452 GB/s
STREAM triad of size    24248 : min/avg/max:  2.4612e-06 2.48797e-06 2.55507e-06 seconds or   9852.1 MUPD/s or  118.225 GB/s
STREAM triad of size    26680 : min/avg/max: 2.46494e-06 2.49096e-06 2.55316e-06 seconds or  10823.8 MUPD/s or  129.886 GB/s
STREAM triad of size    29352 : min/avg/max: 2.47143e-06 2.50444e-06 2.56505e-06 seconds or  11876.5 MUPD/s or  142.519 GB/s
STREAM triad of size    32288 : min/avg/max: 2.46853e-06 2.50481e-06 2.53948e-06 seconds or  13079.8 MUPD/s or  156.958 GB/s
STREAM triad of size    35520 : min/avg/max: 2.47755e-06 2.50679e-06 2.56398e-06 seconds or  14336.8 MUPD/s or  172.041 GB/s
STREAM triad of size    39080 : min/avg/max: 2.47929e-06 2.49843e-06 2.54049e-06 seconds or  15762.6 MUPD/s or  189.151 GB/s
STREAM triad of size    42992 : min/avg/max: 2.48605e-06 2.50709e-06 2.53638e-06 seconds or  17293.3 MUPD/s or   207.52 GB/s
STREAM triad of size    47296 : min/avg/max: 2.49813e-06 2.51875e-06  2.5719e-06 seconds or  18932.5 MUPD/s or  227.191 GB/s
STREAM triad of size    52032 : min/avg/max: 2.45891e-06 2.48423e-06  2.5308e-06 seconds or  21160.6 MUPD/s or  253.927 GB/s
STREAM triad of size    57240 : min/avg/max: 2.45063e-06 2.48931e-06 2.53448e-06 seconds or  23357.3 MUPD/s or  280.287 GB/s
STREAM triad of size    62968 : min/avg/max: 2.48633e-06 2.49726e-06 2.52299e-06 seconds or  25325.7 MUPD/s or  303.909 GB/s
STREAM triad of size    69272 : min/avg/max: 2.49635e-06 2.51551e-06 2.54008e-06 seconds or  27749.3 MUPD/s or  332.991 GB/s
STREAM triad of size    76200 : min/avg/max: 2.54523e-06 2.55843e-06 2.56462e-06 seconds or  29938.3 MUPD/s or   359.26 GB/s
STREAM triad of size    83824 : min/avg/max: 2.86051e-06 2.86964e-06  2.8796e-06 seconds or  29303.9 MUPD/s or  351.647 GB/s
STREAM triad of size    92208 : min/avg/max: 2.97346e-06 2.98028e-06 2.99046e-06 seconds or  31010.3 MUPD/s or  372.124 GB/s
STREAM triad of size   101432 : min/avg/max: 2.98696e-06 3.00057e-06 3.01203e-06 seconds or  33958.3 MUPD/s or  407.499 GB/s
STREAM triad of size   111576 : min/avg/max: 3.05982e-06 3.06722e-06 3.07652e-06 seconds or  36464.9 MUPD/s or  437.579 GB/s
STREAM triad of size   122736 : min/avg/max:  3.2171e-06  3.2394e-06 3.25377e-06 seconds or  38151.1 MUPD/s or  457.813 GB/s
STREAM triad of size   135016 : min/avg/max: 3.50226e-06 3.50908e-06 3.53246e-06 seconds or  38551.1 MUPD/s or  462.613 GB/s
STREAM triad of size   148520 : min/avg/max: 3.64373e-06 3.65641e-06 3.67119e-06 seconds or  40760.4 MUPD/s or  489.125 GB/s
STREAM triad of size   163376 : min/avg/max: 3.78408e-06 3.78823e-06 3.79612e-06 seconds or  43174.5 MUPD/s or  518.094 GB/s
STREAM triad of size   179720 : min/avg/max: 4.11767e-06 4.12264e-06 4.12775e-06 seconds or  43646.1 MUPD/s or  523.753 GB/s
STREAM triad of size   197696 : min/avg/max: 4.29526e-06 4.29975e-06 4.30482e-06 seconds or  46026.5 MUPD/s or  552.318 GB/s
STREAM triad of size   217472 : min/avg/max: 4.64585e-06 4.65221e-06 4.65761e-06 seconds or    46810 MUPD/s or  561.719 GB/s
STREAM triad of size   239224 : min/avg/max: 4.81823e-06 4.82331e-06 4.82781e-06 seconds or  49649.7 MUPD/s or  595.797 GB/s
STREAM triad of size   263152 : min/avg/max: 5.16435e-06 5.16956e-06 5.17928e-06 seconds or  50955.5 MUPD/s or  611.466 GB/s
STREAM triad of size   289472 : min/avg/max: 5.54175e-06 5.55318e-06 5.56281e-06 seconds or  52234.8 MUPD/s or  626.817 GB/s
STREAM triad of size   318424 : min/avg/max: 5.87209e-06 5.87729e-06 5.88555e-06 seconds or  54226.7 MUPD/s or   650.72 GB/s
STREAM triad of size   350272 : min/avg/max: 9.86209e-06 9.87547e-06 9.89849e-06 seconds or    35517 MUPD/s or  426.204 GB/s
STREAM triad of size   385304 : min/avg/max: 1.92999e-05 1.95106e-05 1.96642e-05 seconds or    19964 MUPD/s or  239.569 GB/s
STREAM triad of size   423840 : min/avg/max:  2.0945e-05 2.09941e-05 2.10593e-05 seconds or  20235.8 MUPD/s or   242.83 GB/s
STREAM triad of size   466232 : min/avg/max: 2.31162e-05 2.31296e-05 2.31442e-05 seconds or  20169.1 MUPD/s or  242.029 GB/s
STREAM triad of size   512856 : min/avg/max: 2.56433e-05 2.56625e-05 2.57055e-05 seconds or  19999.6 MUPD/s or  239.995 GB/s
STREAM triad of size   564144 : min/avg/max: 2.83551e-05 2.83694e-05 2.83854e-05 seconds or  19895.7 MUPD/s or  238.748 GB/s
STREAM triad of size   620560 : min/avg/max: 3.10829e-05 3.11063e-05 3.11371e-05 seconds or  19964.7 MUPD/s or  239.576 GB/s
STREAM triad of size   682624 : min/avg/max: 3.39402e-05 3.39573e-05 3.39779e-05 seconds or  20112.5 MUPD/s or  241.351 GB/s
STREAM triad of size   750888 : min/avg/max: 3.70512e-05 3.70739e-05  3.7113e-05 seconds or  20266.2 MUPD/s or  243.195 GB/s
STREAM triad of size   825984 : min/avg/max: 4.08099e-05 4.08273e-05 4.08673e-05 seconds or  20239.8 MUPD/s or  242.877 GB/s
STREAM triad of size   908584 : min/avg/max: 4.45896e-05 4.46048e-05 4.46507e-05 seconds or  20376.6 MUPD/s or  244.519 GB/s
STREAM triad of size   999448 : min/avg/max:  4.8774e-05 4.87947e-05 4.88372e-05 seconds or  20491.4 MUPD/s or  245.897 GB/s
STREAM triad of size  1099400 : min/avg/max: 5.36262e-05 5.36617e-05  5.3708e-05 seconds or  20501.2 MUPD/s or  246.014 GB/s
STREAM triad of size  1209344 : min/avg/max: 5.87207e-05 5.87469e-05 5.88054e-05 seconds or  20594.9 MUPD/s or  247.138 GB/s
STREAM triad of size  1330280 : min/avg/max:  6.4443e-05 6.44723e-05 6.45406e-05 seconds or  20642.7 MUPD/s or  247.713 GB/s
STREAM triad of size  1463312 : min/avg/max: 7.05331e-05 7.05635e-05 7.06255e-05 seconds or  20746.5 MUPD/s or  248.958 GB/s
STREAM triad of size  1609648 : min/avg/max: 7.75596e-05 7.75891e-05 7.76977e-05 seconds or  20753.7 MUPD/s or  249.044 GB/s
STREAM triad of size  1770616 : min/avg/max: 8.48448e-05 8.48769e-05 8.50508e-05 seconds or  20868.9 MUPD/s or  250.427 GB/s
STREAM triad of size  1947680 : min/avg/max: 9.30667e-05 9.31172e-05 9.32118e-05 seconds or  20927.8 MUPD/s or  251.133 GB/s
STREAM triad of size  2142456 : min/avg/max: 0.000102415 0.000102459 0.000102576 seconds or  20919.4 MUPD/s or  251.032 GB/s
STREAM triad of size  2356704 : min/avg/max: 0.000112137 0.000112189 0.000112275 seconds or  21016.3 MUPD/s or  252.196 GB/s
STREAM triad of size  2592376 : min/avg/max:   0.0001233 0.000123364 0.000123484 seconds or    21025 MUPD/s or    252.3 GB/s
STREAM triad of size  2851616 : min/avg/max: 0.000135307 0.000135347 0.000135451 seconds or  21075.2 MUPD/s or  252.903 GB/s
STREAM triad of size  3136784 : min/avg/max:  0.00014855 0.000148613 0.000148782 seconds or    21116 MUPD/s or  253.392 GB/s
STREAM triad of size  3450464 : min/avg/max: 0.000163183 0.000163245 0.000163425 seconds or  21144.7 MUPD/s or  253.736 GB/s
STREAM triad of size  3795512 : min/avg/max: 0.000179411 0.000179487 0.000179778 seconds or  21155.4 MUPD/s or  253.865 GB/s
STREAM triad of size  4175064 : min/avg/max: 0.000197128 0.000197285 0.000197749 seconds or  21179.5 MUPD/s or  254.154 GB/s
STREAM triad of size  4592576 : min/avg/max: 0.000216937 0.000217091 0.000217649 seconds or  21170.1 MUPD/s or  254.041 GB/s
STREAM triad of size  5051840 : min/avg/max: 0.000238082 0.000238174 0.000238729 seconds or  21218.9 MUPD/s or  254.626 GB/s
STREAM triad of size  5557032 : min/avg/max: 0.000261613 0.000261707  0.00026258 seconds or  21241.4 MUPD/s or  254.897 GB/s
STREAM triad of size  6112736 : min/avg/max: 0.000287134 0.000287275 0.000288372 seconds or  21288.8 MUPD/s or  255.465 GB/s
STREAM triad of size  6724016 : min/avg/max: 0.000315898 0.000316033 0.000317319 seconds or  21285.4 MUPD/s or  255.425 GB/s
STREAM triad of size  7396424 : min/avg/max: 0.000347216 0.000347382 0.000349218 seconds or  21302.1 MUPD/s or  255.625 GB/s
STREAM triad of size  8136072 : min/avg/max: 0.000382227 0.000382407 0.000384466 seconds or    21286 MUPD/s or  255.432 GB/s
STREAM triad of size  8949680 : min/avg/max: 0.000419513 0.000419755 0.000422072 seconds or  21333.5 MUPD/s or  256.002 GB/s
STREAM triad of size  9844656 : min/avg/max: 0.000461921 0.000462217 0.000465217 seconds or  21312.4 MUPD/s or  255.749 GB/s
STREAM triad of size 10829128 : min/avg/max: 0.000507839   0.0005081 0.000511521 seconds or  21323.9 MUPD/s or  255.887 GB/s
STREAM triad of size 11912048 : min/avg/max: 0.000559408 0.000559729  0.00056349 seconds or    21294 MUPD/s or  255.528 GB/s
STREAM triad of size 13103256 : min/avg/max: 0.000613991 0.000614417 0.000618977 seconds or  21341.1 MUPD/s or  256.093 GB/s
STREAM triad of size 14413584 : min/avg/max: 0.000676154 0.000676616 0.000681936 seconds or    21317 MUPD/s or  255.804 GB/s
STREAM triad of size 15854944 : min/avg/max: 0.000742011  0.00074245 0.000747589 seconds or  21367.5 MUPD/s or   256.41 GB/s
STREAM triad of size 17440440 : min/avg/max: 0.000816293 0.000816883 0.000823076 seconds or  21365.4 MUPD/s or  256.385 GB/s
STREAM triad of size 19184488 : min/avg/max: 0.000898241 0.000898723 0.000904472 seconds or  21357.8 MUPD/s or  256.294 GB/s
STREAM triad of size 21102944 : min/avg/max: 0.000988551 0.000996739     0.00113 seconds or  21347.4 MUPD/s or  256.168 GB/s
STREAM triad of size 23213240 : min/avg/max:  0.00108279  0.00108342  0.00109138 seconds or  21438.3 MUPD/s or   257.26 GB/s
STREAM triad of size 25534568 : min/avg/max:  0.00119428  0.00119532  0.00120564 seconds or  21380.8 MUPD/s or   256.57 GB/s
STREAM triad of size 28088032 : min/avg/max:  0.00131562  0.00131665  0.00132694 seconds or  21349.6 MUPD/s or  256.195 GB/s
STREAM triad of size 30896840 : min/avg/max:  0.00144532  0.00144605   0.0014555 seconds or  21377.2 MUPD/s or  256.526 GB/s
STREAM triad of size 33986528 : min/avg/max:  0.00159008   0.0015913  0.00160676 seconds or  21374.1 MUPD/s or  256.489 GB/s
STREAM triad of size 37385184 : min/avg/max:  0.00174883  0.00175039   0.0017686 seconds or  21377.3 MUPD/s or  256.527 GB/s
STREAM triad of size 41123704 : min/avg/max:  0.00192372  0.00192507  0.00194096 seconds or  21377.1 MUPD/s or  256.526 GB/s
STREAM triad of size 45236080 : min/avg/max:  0.00211399  0.00211531  0.00213139 seconds or  21398.4 MUPD/s or  256.781 GB/s
STREAM triad of size 49759696 : min/avg/max:  0.00232646  0.00232768  0.00234306 seconds or  21388.6 MUPD/s or  256.663 GB/s
STREAM triad of size 54735672 : min/avg/max:  0.00255931    0.002562  0.00259214 seconds or  21386.9 MUPD/s or  256.642 GB/s
STREAM triad of size 60209240 : min/avg/max:  0.00281541  0.00281772  0.00284869 seconds or  21385.6 MUPD/s or  256.628 GB/s
STREAM triad of size 66230168 : min/avg/max:  0.00309575  0.00309844   0.0031291 seconds or  21393.9 MUPD/s or  256.726 GB/s
STREAM triad of size 72853192 : min/avg/max:  0.00340418  0.00340707  0.00343754 seconds or  21401.1 MUPD/s or  256.813 GB/s
STREAM triad of size 80138512 : min/avg/max:   0.0037432  0.00374573  0.00377562 seconds or  21409.1 MUPD/s or  256.909 GB/s
STREAM triad of size 88152368 : min/avg/max:   0.0041186  0.00412101  0.00415247 seconds or  21403.5 MUPD/s or  256.842 GB/s
STREAM triad of size 96967608 : min/avg/max:  0.00452924    0.004532  0.00456241 seconds or  21409.3 MUPD/s or  256.911 GB/s
