./stream_triad_cuda -min 8 -max 1e8 -align 1
STREAM triad of size        8 : min/avg/max: 2.75654e-06 2.77129e-06 2.80551e-06 seconds or  2.90219 MUPD/s or 0.0348262 GB/s
STREAM triad of size       16 : min/avg/max: 2.66051e-06 2.69515e-06  2.8183e-06 seconds or  6.01389 MUPD/s or 0.0721667 GB/s
STREAM triad of size       24 : min/avg/max:  2.6534e-06 2.66151e-06 2.66496e-06 seconds or  9.04499 MUPD/s or  0.10854 GB/s
STREAM triad of size       32 : min/avg/max: 2.65966e-06 2.66647e-06 2.69009e-06 seconds or  12.0316 MUPD/s or 0.144379 GB/s
STREAM triad of size       40 : min/avg/max: 2.65998e-06  2.6688e-06 2.69085e-06 seconds or  15.0377 MUPD/s or 0.180452 GB/s
STREAM triad of size       48 : min/avg/max: 2.65924e-06 2.67714e-06 2.69269e-06 seconds or  18.0503 MUPD/s or 0.216603 GB/s
STREAM triad of size       56 : min/avg/max: 2.66037e-06 2.66449e-06 2.69209e-06 seconds or  21.0497 MUPD/s or 0.252596 GB/s
STREAM triad of size       64 : min/avg/max: 2.66014e-06 2.66608e-06 2.69112e-06 seconds or  24.0589 MUPD/s or 0.288707 GB/s
STREAM triad of size       72 : min/avg/max:  2.6207e-06 2.66231e-06 2.69249e-06 seconds or  27.4735 MUPD/s or 0.329682 GB/s
STREAM triad of size       80 : min/avg/max: 2.56633e-06 2.65062e-06 2.68245e-06 seconds or  31.1729 MUPD/s or 0.374075 GB/s
STREAM triad of size       96 : min/avg/max: 2.64776e-06 2.66167e-06 2.68499e-06 seconds or  36.2571 MUPD/s or 0.435085 GB/s
STREAM triad of size      112 : min/avg/max: 2.64861e-06 2.65732e-06  2.6874e-06 seconds or  42.2863 MUPD/s or 0.507435 GB/s
STREAM triad of size      128 : min/avg/max:  2.6482e-06 2.66217e-06 2.69087e-06 seconds or  48.3347 MUPD/s or 0.580016 GB/s
STREAM triad of size      144 : min/avg/max: 2.64151e-06 2.65629e-06 2.67759e-06 seconds or  54.5142 MUPD/s or 0.654171 GB/s
STREAM triad of size      160 : min/avg/max: 2.64662e-06   2.664e-06  2.6906e-06 seconds or  60.4544 MUPD/s or 0.725453 GB/s
STREAM triad of size      184 : min/avg/max: 2.64823e-06 2.67023e-06 2.68242e-06 seconds or  69.4805 MUPD/s or 0.833766 GB/s
STREAM triad of size      208 : min/avg/max: 2.64876e-06 2.66309e-06  2.6905e-06 seconds or  78.5272 MUPD/s or 0.942327 GB/s
STREAM triad of size      232 : min/avg/max:  2.6727e-06  2.6788e-06 2.70027e-06 seconds or  86.8036 MUPD/s or  1.04164 GB/s
STREAM triad of size      256 : min/avg/max: 2.67213e-06 2.67759e-06 2.68309e-06 seconds or  95.8039 MUPD/s or  1.14965 GB/s
STREAM triad of size      288 : min/avg/max: 2.66993e-06 2.67775e-06  2.6887e-06 seconds or  107.868 MUPD/s or  1.29442 GB/s
STREAM triad of size      320 : min/avg/max: 2.64496e-06 2.65854e-06 2.68326e-06 seconds or  120.985 MUPD/s or  1.45182 GB/s
STREAM triad of size      360 : min/avg/max: 2.67226e-06 2.67713e-06 2.68389e-06 seconds or  134.717 MUPD/s or  1.61661 GB/s
STREAM triad of size      400 : min/avg/max: 2.62718e-06 2.66649e-06 2.68459e-06 seconds or  152.254 MUPD/s or  1.82705 GB/s
STREAM triad of size      448 : min/avg/max: 2.67179e-06 2.67941e-06 2.68957e-06 seconds or  167.678 MUPD/s or  2.01213 GB/s
STREAM triad of size      496 : min/avg/max: 2.67159e-06 2.68502e-06 2.74143e-06 seconds or  185.657 MUPD/s or  2.22789 GB/s
STREAM triad of size      552 : min/avg/max: 2.66883e-06 2.67823e-06 2.68738e-06 seconds or  206.832 MUPD/s or  2.48199 GB/s
STREAM triad of size      608 : min/avg/max: 2.67004e-06 2.67745e-06 2.68982e-06 seconds or  227.712 MUPD/s or  2.73255 GB/s
STREAM triad of size      672 : min/avg/max: 2.67121e-06 2.67776e-06 2.69783e-06 seconds or  251.572 MUPD/s or  3.01886 GB/s
STREAM triad of size      744 : min/avg/max: 2.64406e-06 2.65484e-06 2.69044e-06 seconds or  281.386 MUPD/s or  3.37663 GB/s
STREAM triad of size      824 : min/avg/max:  2.6711e-06 2.67751e-06 2.69706e-06 seconds or  308.487 MUPD/s or  3.70185 GB/s
STREAM triad of size      912 : min/avg/max: 2.67111e-06 2.67798e-06 2.69672e-06 seconds or  341.431 MUPD/s or  4.09717 GB/s
STREAM triad of size     1008 : min/avg/max: 2.64699e-06 2.67005e-06 2.68994e-06 seconds or  380.809 MUPD/s or  4.56971 GB/s
STREAM triad of size     1112 : min/avg/max: 2.66959e-06 2.67805e-06 2.69024e-06 seconds or  416.544 MUPD/s or  4.99853 GB/s
STREAM triad of size     1224 : min/avg/max: 2.66757e-06 2.67602e-06 2.68979e-06 seconds or  458.845 MUPD/s or  5.50614 GB/s
STREAM triad of size     1352 : min/avg/max: 2.66742e-06 2.67582e-06 2.68578e-06 seconds or  506.857 MUPD/s or  6.08229 GB/s
STREAM triad of size     1488 : min/avg/max: 2.66975e-06 2.67993e-06 2.72412e-06 seconds or  557.356 MUPD/s or  6.68828 GB/s
STREAM triad of size     1640 : min/avg/max: 2.64328e-06 2.66863e-06 2.70467e-06 seconds or  620.441 MUPD/s or  7.44529 GB/s
STREAM triad of size     1808 : min/avg/max: 2.66527e-06 2.67658e-06 2.69984e-06 seconds or  678.354 MUPD/s or  8.14025 GB/s
STREAM triad of size     1992 : min/avg/max: 2.66851e-06 2.67871e-06 2.69496e-06 seconds or  746.484 MUPD/s or  8.95781 GB/s
STREAM triad of size     2192 : min/avg/max: 2.66979e-06   2.677e-06  2.6891e-06 seconds or  821.039 MUPD/s or  9.85247 GB/s
STREAM triad of size     2416 : min/avg/max: 2.67118e-06 2.68886e-06 2.70449e-06 seconds or  904.469 MUPD/s or  10.8536 GB/s
STREAM triad of size     2664 : min/avg/max: 2.67354e-06 2.68305e-06 2.69208e-06 seconds or  996.433 MUPD/s or  11.9572 GB/s
STREAM triad of size     2936 : min/avg/max:  2.6808e-06 2.69161e-06 2.71018e-06 seconds or   1095.2 MUPD/s or  13.1424 GB/s
STREAM triad of size     3232 : min/avg/max: 2.67951e-06 2.68956e-06 2.69906e-06 seconds or  1206.19 MUPD/s or  14.4743 GB/s
STREAM triad of size     3560 : min/avg/max: 2.68352e-06 2.69044e-06 2.69743e-06 seconds or  1326.61 MUPD/s or  15.9194 GB/s
STREAM triad of size     3920 : min/avg/max: 2.67728e-06 2.68903e-06 2.69824e-06 seconds or  1464.17 MUPD/s or  17.5701 GB/s
STREAM triad of size     4320 : min/avg/max: 2.65417e-06 2.67596e-06 2.70404e-06 seconds or  1627.63 MUPD/s or  19.5315 GB/s
STREAM triad of size     4760 : min/avg/max: 2.68176e-06 2.69337e-06 2.71464e-06 seconds or  1774.95 MUPD/s or  21.2994 GB/s
STREAM triad of size     5240 : min/avg/max: 2.68158e-06 2.69447e-06 2.71417e-06 seconds or  1954.07 MUPD/s or  23.4489 GB/s
STREAM triad of size     5768 : min/avg/max:  2.6765e-06 2.69082e-06 2.70548e-06 seconds or  2155.06 MUPD/s or  25.8607 GB/s
STREAM triad of size     6352 : min/avg/max: 2.68203e-06 2.69484e-06 2.71514e-06 seconds or  2368.36 MUPD/s or  28.4203 GB/s
STREAM triad of size     6992 : min/avg/max: 2.67738e-06 2.69204e-06 2.71612e-06 seconds or   2611.5 MUPD/s or  31.3381 GB/s
STREAM triad of size     7696 : min/avg/max: 2.67467e-06 2.68976e-06 2.70467e-06 seconds or  2877.36 MUPD/s or  34.5283 GB/s
STREAM triad of size     8472 : min/avg/max:  2.6787e-06 2.69105e-06 2.71112e-06 seconds or  3162.73 MUPD/s or  37.9527 GB/s
STREAM triad of size     9320 : min/avg/max: 2.67613e-06 2.69078e-06 2.71056e-06 seconds or  3482.64 MUPD/s or  41.7917 GB/s
STREAM triad of size    10256 : min/avg/max: 2.68169e-06 2.68989e-06 2.70185e-06 seconds or  3824.45 MUPD/s or  45.8934 GB/s
STREAM triad of size    11288 : min/avg/max:  2.6714e-06  2.6944e-06  2.7097e-06 seconds or   4225.5 MUPD/s or   50.706 GB/s
STREAM triad of size    12424 : min/avg/max:  2.6741e-06 2.68972e-06 2.73427e-06 seconds or  4646.05 MUPD/s or  55.7526 GB/s
STREAM triad of size    13672 : min/avg/max: 2.67555e-06   2.692e-06 2.73234e-06 seconds or  5109.97 MUPD/s or  61.3196 GB/s
STREAM triad of size    15040 : min/avg/max: 2.68116e-06  2.7036e-06 2.77116e-06 seconds or  5609.51 MUPD/s or  67.3141 GB/s
STREAM triad of size    16552 : min/avg/max: 2.67298e-06 2.69689e-06 2.74922e-06 seconds or  6192.33 MUPD/s or   74.308 GB/s
STREAM triad of size    18208 : min/avg/max: 2.67127e-06 2.69131e-06 2.71155e-06 seconds or  6816.24 MUPD/s or  81.7948 GB/s
STREAM triad of size    20032 : min/avg/max: 2.72054e-06 2.74484e-06 2.84112e-06 seconds or  7363.26 MUPD/s or  88.3591 GB/s
STREAM triad of size    22040 : min/avg/max: 2.67389e-06 2.69081e-06 2.72746e-06 seconds or  8242.67 MUPD/s or  98.9121 GB/s
STREAM triad of size    24248 : min/avg/max: 2.67577e-06 2.70352e-06 2.73112e-06 seconds or  9062.08 MUPD/s or  108.745 GB/s
STREAM triad of size    26680 : min/avg/max:  2.6723e-06 2.68932e-06 2.70843e-06 seconds or  9983.92 MUPD/s or  119.807 GB/s
STREAM triad of size    29352 : min/avg/max: 2.66933e-06 2.69937e-06 2.76745e-06 seconds or    10996 MUPD/s or  131.952 GB/s
STREAM triad of size    32288 : min/avg/max: 2.67452e-06  2.6968e-06 2.73385e-06 seconds or  12072.4 MUPD/s or  144.869 GB/s
STREAM triad of size    35520 : min/avg/max:   2.657e-06 2.69111e-06 2.72104e-06 seconds or  13368.5 MUPD/s or  160.422 GB/s
STREAM triad of size    39080 : min/avg/max: 2.66399e-06 2.69547e-06 2.73708e-06 seconds or  14669.7 MUPD/s or  176.037 GB/s
STREAM triad of size    42992 : min/avg/max:  2.6738e-06 2.71224e-06 2.74964e-06 seconds or    16079 MUPD/s or  192.948 GB/s
STREAM triad of size    47296 : min/avg/max: 2.68459e-06   2.705e-06 2.74168e-06 seconds or  17617.6 MUPD/s or  211.411 GB/s
STREAM triad of size    52032 : min/avg/max: 2.67689e-06 2.69986e-06 2.73877e-06 seconds or  19437.5 MUPD/s or   233.25 GB/s
STREAM triad of size    57240 : min/avg/max: 2.68987e-06 2.71683e-06  2.7529e-06 seconds or  21279.8 MUPD/s or  255.358 GB/s
STREAM triad of size    62968 : min/avg/max: 2.67343e-06  2.7056e-06 2.78028e-06 seconds or  23553.2 MUPD/s or  282.639 GB/s
STREAM triad of size    69272 : min/avg/max: 2.67396e-06 2.69203e-06  2.7596e-06 seconds or  25906.1 MUPD/s or  310.874 GB/s
STREAM triad of size    76200 : min/avg/max: 2.73309e-06 2.73955e-06 2.75847e-06 seconds or  27880.5 MUPD/s or  334.566 GB/s
STREAM triad of size    83824 : min/avg/max: 2.83167e-06  2.8363e-06 2.86306e-06 seconds or  29602.3 MUPD/s or  355.227 GB/s
STREAM triad of size    92208 : min/avg/max: 2.92389e-06 2.92796e-06 2.93139e-06 seconds or    31536 MUPD/s or  378.432 GB/s
STREAM triad of size   101432 : min/avg/max: 3.15947e-06 3.16645e-06  3.1705e-06 seconds or  32104.1 MUPD/s or   385.25 GB/s
STREAM triad of size   111576 : min/avg/max: 3.30468e-06 3.30855e-06 3.31897e-06 seconds or    33763 MUPD/s or  405.156 GB/s
STREAM triad of size   122736 : min/avg/max: 3.44103e-06   3.447e-06 3.45672e-06 seconds or  35668.4 MUPD/s or  428.021 GB/s
STREAM triad of size   135016 : min/avg/max: 3.58951e-06 3.59817e-06 3.60589e-06 seconds or  37614.1 MUPD/s or  451.369 GB/s
STREAM triad of size   148520 : min/avg/max: 3.80055e-06 3.80673e-06 3.81188e-06 seconds or  39078.5 MUPD/s or  468.942 GB/s
STREAM triad of size   163376 : min/avg/max: 4.06168e-06  4.0671e-06 4.07487e-06 seconds or  40223.7 MUPD/s or  482.684 GB/s
STREAM triad of size   179720 : min/avg/max: 4.27491e-06 4.28115e-06 4.28706e-06 seconds or  42040.6 MUPD/s or  504.488 GB/s
STREAM triad of size   197696 : min/avg/max: 4.51972e-06 4.52344e-06 4.52792e-06 seconds or  43740.8 MUPD/s or  524.889 GB/s
STREAM triad of size   217472 : min/avg/max: 4.86127e-06 4.86478e-06 4.87158e-06 seconds or  44735.7 MUPD/s or  536.828 GB/s
STREAM triad of size   239224 : min/avg/max: 5.14358e-06 5.15029e-06 5.15765e-06 seconds or  46509.2 MUPD/s or   558.11 GB/s
STREAM triad of size   263152 : min/avg/max: 5.52672e-06 5.53145e-06 5.54096e-06 seconds or  47614.5 MUPD/s or  571.374 GB/s
STREAM triad of size   289472 : min/avg/max: 5.87363e-06 5.88096e-06 5.88881e-06 seconds or  49283.3 MUPD/s or  591.399 GB/s
STREAM triad of size   318424 : min/avg/max: 6.33077e-06 6.34124e-06   6.357e-06 seconds or  50297.9 MUPD/s or  603.574 GB/s
STREAM triad of size   350272 : min/avg/max: 1.03736e-05 1.03906e-05 1.04016e-05 seconds or  33765.7 MUPD/s or  405.189 GB/s
STREAM triad of size   385304 : min/avg/max:   1.937e-05  1.9465e-05 1.95429e-05 seconds or  19891.7 MUPD/s or  238.701 GB/s
STREAM triad of size   423840 : min/avg/max: 2.08133e-05 2.09341e-05  2.0997e-05 seconds or  20363.9 MUPD/s or  244.367 GB/s
STREAM triad of size   466232 : min/avg/max: 2.30588e-05 2.30922e-05 2.31402e-05 seconds or  20219.3 MUPD/s or  242.632 GB/s
STREAM triad of size   512856 : min/avg/max: 2.54905e-05 2.55258e-05 2.55771e-05 seconds or  20119.5 MUPD/s or  241.434 GB/s
STREAM triad of size   564144 : min/avg/max: 2.83368e-05  2.8349e-05 2.83642e-05 seconds or  19908.6 MUPD/s or  238.903 GB/s
STREAM triad of size   620560 : min/avg/max: 3.10184e-05  3.1041e-05 3.10599e-05 seconds or  20006.2 MUPD/s or  240.074 GB/s
STREAM triad of size   682624 : min/avg/max: 3.38397e-05 3.38541e-05 3.38861e-05 seconds or  20172.3 MUPD/s or  242.067 GB/s
STREAM triad of size   750888 : min/avg/max: 3.70454e-05 3.70752e-05 3.71453e-05 seconds or  20269.4 MUPD/s or  243.233 GB/s
STREAM triad of size   825984 : min/avg/max: 4.08045e-05 4.08244e-05 4.08451e-05 seconds or  20242.5 MUPD/s or  242.909 GB/s
STREAM triad of size   908584 : min/avg/max: 4.46088e-05 4.46337e-05 4.46807e-05 seconds or  20367.8 MUPD/s or  244.414 GB/s
STREAM triad of size   999448 : min/avg/max: 4.87668e-05 4.87867e-05 4.88546e-05 seconds or  20494.4 MUPD/s or  245.933 GB/s
STREAM triad of size  1099400 : min/avg/max: 5.35597e-05 5.35903e-05 5.36379e-05 seconds or  20526.6 MUPD/s or   246.32 GB/s
STREAM triad of size  1209344 : min/avg/max: 5.87309e-05 5.87558e-05 5.88107e-05 seconds or  20591.3 MUPD/s or  247.095 GB/s
STREAM triad of size  1330280 : min/avg/max: 6.43933e-05 6.44307e-05 6.45427e-05 seconds or  20658.7 MUPD/s or  247.904 GB/s
STREAM triad of size  1463312 : min/avg/max: 7.06057e-05 7.06329e-05 7.07164e-05 seconds or  20725.1 MUPD/s or  248.702 GB/s
STREAM triad of size  1609648 : min/avg/max: 7.75022e-05 7.75281e-05 7.75892e-05 seconds or  20769.1 MUPD/s or  249.229 GB/s
STREAM triad of size  1770616 : min/avg/max: 8.49578e-05 8.49739e-05 8.50562e-05 seconds or  20841.1 MUPD/s or  250.093 GB/s
STREAM triad of size  1947680 : min/avg/max: 9.32563e-05 9.32983e-05 9.33741e-05 seconds or  20885.2 MUPD/s or  250.623 GB/s
STREAM triad of size  2142456 : min/avg/max: 0.000102702  0.00010274 0.000102841 seconds or  20860.9 MUPD/s or  250.331 GB/s
STREAM triad of size  2356704 : min/avg/max: 0.000112382 0.000112422 0.000112558 seconds or  20970.6 MUPD/s or  251.647 GB/s
STREAM triad of size  2592376 : min/avg/max: 0.000123506 0.000123545  0.00012369 seconds or  20989.8 MUPD/s or  251.878 GB/s
STREAM triad of size  2851616 : min/avg/max: 0.000135544 0.000135594 0.000135806 seconds or  21038.2 MUPD/s or  252.459 GB/s
STREAM triad of size  3136784 : min/avg/max: 0.000148781 0.000148821 0.000149014 seconds or  21083.3 MUPD/s or  252.999 GB/s
STREAM triad of size  3450464 : min/avg/max: 0.000163216 0.000163265 0.000163481 seconds or  21140.5 MUPD/s or  253.686 GB/s
STREAM triad of size  3795512 : min/avg/max: 0.000179497 0.000179572   0.0001798 seconds or  21145.2 MUPD/s or  253.743 GB/s
STREAM triad of size  4175064 : min/avg/max: 0.000197163 0.000197323 0.000197759 seconds or  21175.7 MUPD/s or  254.109 GB/s
STREAM triad of size  4592576 : min/avg/max: 0.000217134 0.000217321 0.000217751 seconds or  21150.9 MUPD/s or   253.81 GB/s
STREAM triad of size  5051840 : min/avg/max: 0.000238491 0.000238617 0.000239234 seconds or  21182.5 MUPD/s or   254.19 GB/s
STREAM triad of size  5557032 : min/avg/max: 0.000262131 0.000262234 0.000263013 seconds or  21199.5 MUPD/s or  254.394 GB/s
STREAM triad of size  6112736 : min/avg/max:  0.00028767 0.000287815 0.000289154 seconds or  21249.1 MUPD/s or  254.989 GB/s
STREAM triad of size  6724016 : min/avg/max:  0.00031634 0.000316488 0.000317891 seconds or  21255.7 MUPD/s or  255.068 GB/s
STREAM triad of size  7396424 : min/avg/max: 0.000347514 0.000347688 0.000349243 seconds or  21283.8 MUPD/s or  255.406 GB/s
STREAM triad of size  8136072 : min/avg/max: 0.000383288 0.000383551 0.000385446 seconds or  21227.1 MUPD/s or  254.725 GB/s
STREAM triad of size  8949680 : min/avg/max: 0.000420962 0.000421293 0.000423548 seconds or  21260.1 MUPD/s or  255.121 GB/s
STREAM triad of size  9844656 : min/avg/max:  0.00046289 0.000463204 0.000465953 seconds or  21267.8 MUPD/s or  255.214 GB/s
STREAM triad of size 10829128 : min/avg/max: 0.000508586 0.000508937 0.000511921 seconds or  21292.6 MUPD/s or  255.511 GB/s
STREAM triad of size 11912048 : min/avg/max: 0.000560565 0.000560888 0.000564455 seconds or  21250.1 MUPD/s or  255.001 GB/s
STREAM triad of size 13103256 : min/avg/max: 0.000615526 0.000615968 0.000620429 seconds or  21287.9 MUPD/s or  255.455 GB/s
STREAM triad of size 14413584 : min/avg/max: 0.000676591 0.000677007 0.000681629 seconds or  21303.3 MUPD/s or  255.639 GB/s
STREAM triad of size 15854944 : min/avg/max: 0.000743689  0.00074425  0.00074876 seconds or  21319.3 MUPD/s or  255.832 GB/s
STREAM triad of size 17440440 : min/avg/max: 0.000818516   0.0008191 0.000824329 seconds or  21307.4 MUPD/s or  255.689 GB/s
STREAM triad of size 19184488 : min/avg/max: 0.000899647 0.000900153 0.000905569 seconds or  21324.5 MUPD/s or  255.893 GB/s
STREAM triad of size 21102944 : min/avg/max:  0.00099119 0.000991771 0.000998147 seconds or  21290.5 MUPD/s or  255.486 GB/s
STREAM triad of size 23213240 : min/avg/max:  0.00108534  0.00108607   0.0010926 seconds or  21388.1 MUPD/s or  256.657 GB/s
STREAM triad of size 25534568 : min/avg/max:  0.00119771  0.00119867  0.00120802 seconds or  21319.6 MUPD/s or  255.835 GB/s
STREAM triad of size 28088032 : min/avg/max:  0.00131758  0.00131858  0.00132757 seconds or  21317.8 MUPD/s or  255.814 GB/s
STREAM triad of size 30896840 : min/avg/max:  0.00144832  0.00144919  0.00145872 seconds or  21332.9 MUPD/s or  255.995 GB/s
STREAM triad of size 33986528 : min/avg/max:  0.00159294  0.00159474  0.00160857 seconds or  21335.8 MUPD/s or  256.029 GB/s
STREAM triad of size 37385184 : min/avg/max:  0.00175318  0.00175455  0.00176826 seconds or  21324.2 MUPD/s or  255.891 GB/s
STREAM triad of size 41123704 : min/avg/max:  0.00192856  0.00193008  0.00194428 seconds or  21323.5 MUPD/s or  255.882 GB/s
STREAM triad of size 45236080 : min/avg/max:   0.0021195   0.0021209   0.0021351 seconds or  21342.8 MUPD/s or  256.113 GB/s
STREAM triad of size 49759696 : min/avg/max:  0.00233187    0.002333  0.00234707 seconds or    21339 MUPD/s or  256.068 GB/s
STREAM triad of size 54735672 : min/avg/max:  0.00256561  0.00256835  0.00259623 seconds or  21334.4 MUPD/s or  256.013 GB/s
STREAM triad of size 60209240 : min/avg/max:  0.00282247  0.00283207  0.00296137 seconds or  21332.1 MUPD/s or  255.985 GB/s
STREAM triad of size 66230168 : min/avg/max:  0.00310813  0.00311182  0.00313849 seconds or  21308.7 MUPD/s or  255.704 GB/s
STREAM triad of size 72853192 : min/avg/max:  0.00341266   0.0034155  0.00344438 seconds or  21347.9 MUPD/s or  256.175 GB/s
STREAM triad of size 80138512 : min/avg/max:  0.00375478  0.00375805  0.00378742 seconds or    21343 MUPD/s or  256.117 GB/s
STREAM triad of size 88152368 : min/avg/max:  0.00413003  0.00413261  0.00415983 seconds or  21344.2 MUPD/s or  256.131 GB/s
STREAM triad of size 96967608 : min/avg/max:  0.00454044    0.004543  0.00457102 seconds or  21356.4 MUPD/s or  256.277 GB/s
