Please look at https://www.uppmax.uu.se/support/faq/running-jobs-faq/using-matlab-s-distributed-computing/ for instructions on how to use MATLAB in the best way.
./stream_triad_cuda_noarch -min 8 -max 1e8 -align 0
STREAM triad of size        8 : min/avg/max: 2.50446e-06 2.50684e-06  2.5109e-06 seconds or   3.1943 MUPD/s or 0.0383316 GB/s
STREAM triad of size       16 : min/avg/max: 2.52031e-06 2.52295e-06 2.52726e-06 seconds or  6.34842 MUPD/s or 0.076181 GB/s
STREAM triad of size       24 : min/avg/max: 2.51852e-06 2.52322e-06 2.54623e-06 seconds or   9.5294 MUPD/s or 0.114353 GB/s
STREAM triad of size       32 : min/avg/max: 2.51647e-06 2.52507e-06 2.54389e-06 seconds or  12.7162 MUPD/s or 0.152595 GB/s
STREAM triad of size       40 : min/avg/max: 2.51982e-06 2.52842e-06 2.54639e-06 seconds or  15.8741 MUPD/s or  0.19049 GB/s
STREAM triad of size       48 : min/avg/max: 2.51927e-06  2.5236e-06 2.53928e-06 seconds or  19.0531 MUPD/s or 0.228638 GB/s
STREAM triad of size       56 : min/avg/max:  2.5197e-06 2.52476e-06 2.55835e-06 seconds or  22.2249 MUPD/s or 0.266699 GB/s
STREAM triad of size       64 : min/avg/max: 2.51595e-06 2.51961e-06 2.53159e-06 seconds or  25.4377 MUPD/s or 0.305253 GB/s
STREAM triad of size       72 : min/avg/max: 2.51538e-06 2.52558e-06  2.5455e-06 seconds or  28.6239 MUPD/s or 0.343487 GB/s
STREAM triad of size       80 : min/avg/max: 2.51161e-06 2.52241e-06 2.54918e-06 seconds or  31.8521 MUPD/s or 0.382226 GB/s
STREAM triad of size       96 : min/avg/max: 2.51466e-06  2.5286e-06 2.54507e-06 seconds or  38.1761 MUPD/s or 0.458114 GB/s
STREAM triad of size      112 : min/avg/max: 2.51496e-06 2.51857e-06 2.53681e-06 seconds or  44.5335 MUPD/s or 0.534402 GB/s
STREAM triad of size      128 : min/avg/max: 2.51365e-06 2.51945e-06 2.54171e-06 seconds or  50.9219 MUPD/s or 0.611063 GB/s
STREAM triad of size      144 : min/avg/max: 2.51204e-06 2.53923e-06 2.55898e-06 seconds or  57.3239 MUPD/s or 0.687887 GB/s
STREAM triad of size      160 : min/avg/max: 2.51557e-06 2.52435e-06 2.55329e-06 seconds or  63.6039 MUPD/s or 0.763246 GB/s
STREAM triad of size      184 : min/avg/max: 2.51487e-06 2.53316e-06 2.54683e-06 seconds or  73.1648 MUPD/s or 0.877977 GB/s
STREAM triad of size      208 : min/avg/max: 2.51706e-06 2.54053e-06 2.57464e-06 seconds or  82.6361 MUPD/s or 0.991633 GB/s
STREAM triad of size      232 : min/avg/max: 2.51447e-06 2.53113e-06 2.54889e-06 seconds or  92.2659 MUPD/s or  1.10719 GB/s
STREAM triad of size      256 : min/avg/max: 2.51441e-06 2.51932e-06 2.55159e-06 seconds or  101.813 MUPD/s or  1.22176 GB/s
STREAM triad of size      288 : min/avg/max: 2.51442e-06 2.53416e-06 2.54228e-06 seconds or  114.539 MUPD/s or  1.37447 GB/s
STREAM triad of size      320 : min/avg/max: 2.51806e-06 2.53986e-06 2.56625e-06 seconds or  127.082 MUPD/s or  1.52498 GB/s
STREAM triad of size      360 : min/avg/max: 2.51557e-06 2.53599e-06 2.56356e-06 seconds or  143.109 MUPD/s or   1.7173 GB/s
STREAM triad of size      400 : min/avg/max: 2.48365e-06 2.53231e-06  2.5733e-06 seconds or  161.053 MUPD/s or  1.93264 GB/s
STREAM triad of size      448 : min/avg/max: 2.53594e-06 2.53977e-06 2.55846e-06 seconds or  176.661 MUPD/s or  2.11993 GB/s
STREAM triad of size      496 : min/avg/max: 2.51302e-06 2.52459e-06 2.55802e-06 seconds or  197.372 MUPD/s or  2.36846 GB/s
STREAM triad of size      552 : min/avg/max: 2.53654e-06 2.54058e-06  2.5551e-06 seconds or   217.62 MUPD/s or  2.61144 GB/s
STREAM triad of size      608 : min/avg/max:  2.5357e-06 2.54133e-06 2.55576e-06 seconds or  239.776 MUPD/s or  2.87731 GB/s
STREAM triad of size      672 : min/avg/max: 2.51346e-06 2.53365e-06 2.58585e-06 seconds or   267.36 MUPD/s or  3.20832 GB/s
STREAM triad of size      744 : min/avg/max: 2.53468e-06  2.5412e-06 2.56266e-06 seconds or  293.528 MUPD/s or  3.52233 GB/s
STREAM triad of size      824 : min/avg/max: 2.51407e-06 2.52429e-06 2.56249e-06 seconds or  327.756 MUPD/s or  3.93307 GB/s
STREAM triad of size      912 : min/avg/max: 2.53627e-06 2.54192e-06 2.56952e-06 seconds or  359.584 MUPD/s or  4.31501 GB/s
STREAM triad of size     1008 : min/avg/max: 2.53533e-06  2.5406e-06 2.55959e-06 seconds or  397.582 MUPD/s or  4.77098 GB/s
STREAM triad of size     1112 : min/avg/max: 2.53653e-06 2.55213e-06 2.59974e-06 seconds or  438.394 MUPD/s or  5.26073 GB/s
STREAM triad of size     1224 : min/avg/max: 2.53486e-06 2.54176e-06  2.5504e-06 seconds or  482.868 MUPD/s or  5.79441 GB/s
STREAM triad of size     1352 : min/avg/max: 2.53519e-06 2.54319e-06 2.57539e-06 seconds or  533.293 MUPD/s or  6.39952 GB/s
STREAM triad of size     1488 : min/avg/max: 2.53412e-06 2.54164e-06  2.5687e-06 seconds or  587.186 MUPD/s or  7.04623 GB/s
STREAM triad of size     1640 : min/avg/max: 2.53175e-06 2.54141e-06 2.56249e-06 seconds or  647.773 MUPD/s or  7.77328 GB/s
STREAM triad of size     1808 : min/avg/max: 2.53662e-06 2.54294e-06 2.55365e-06 seconds or  712.761 MUPD/s or  8.55313 GB/s
STREAM triad of size     1992 : min/avg/max: 2.53583e-06 2.54181e-06 2.55347e-06 seconds or  785.541 MUPD/s or  9.42649 GB/s
STREAM triad of size     2192 : min/avg/max: 2.53249e-06 2.55127e-06 2.62158e-06 seconds or   865.55 MUPD/s or  10.3866 GB/s
STREAM triad of size     2416 : min/avg/max: 2.53635e-06 2.54711e-06 2.60777e-06 seconds or   952.55 MUPD/s or  11.4306 GB/s
STREAM triad of size     2664 : min/avg/max: 2.51425e-06 2.53543e-06 2.58283e-06 seconds or  1059.56 MUPD/s or  12.7147 GB/s
STREAM triad of size     2936 : min/avg/max: 2.53519e-06 2.54563e-06 2.60366e-06 seconds or   1158.1 MUPD/s or  13.8972 GB/s
STREAM triad of size     3232 : min/avg/max: 2.51126e-06 2.53823e-06 2.59241e-06 seconds or     1287 MUPD/s or   15.444 GB/s
STREAM triad of size     3560 : min/avg/max: 2.53591e-06 2.54131e-06 2.56859e-06 seconds or  1403.84 MUPD/s or   16.846 GB/s
STREAM triad of size     3920 : min/avg/max: 2.53257e-06 2.54557e-06 2.59719e-06 seconds or  1547.84 MUPD/s or   18.574 GB/s
STREAM triad of size     4320 : min/avg/max: 2.53167e-06 2.54171e-06 2.55585e-06 seconds or  1706.38 MUPD/s or  20.4766 GB/s
STREAM triad of size     4760 : min/avg/max: 2.53284e-06 2.54839e-06 2.60504e-06 seconds or  1879.31 MUPD/s or  22.5518 GB/s
STREAM triad of size     5240 : min/avg/max: 2.53136e-06 2.54325e-06 2.58696e-06 seconds or  2070.03 MUPD/s or  24.8404 GB/s
STREAM triad of size     5768 : min/avg/max: 2.53869e-06 2.55667e-06 2.59825e-06 seconds or  2272.04 MUPD/s or  27.2644 GB/s
STREAM triad of size     6352 : min/avg/max: 2.53177e-06 2.54986e-06 2.57877e-06 seconds or  2508.92 MUPD/s or   30.107 GB/s
STREAM triad of size     6992 : min/avg/max: 2.53284e-06 2.54661e-06 2.56916e-06 seconds or  2760.54 MUPD/s or  33.1265 GB/s
STREAM triad of size     7696 : min/avg/max: 2.54153e-06 2.56353e-06 2.59415e-06 seconds or   3028.1 MUPD/s or  36.3372 GB/s
STREAM triad of size     8472 : min/avg/max: 2.53399e-06 2.55476e-06 2.57528e-06 seconds or  3343.35 MUPD/s or  40.1202 GB/s
STREAM triad of size     9320 : min/avg/max: 2.53047e-06 2.54777e-06  2.5684e-06 seconds or  3683.11 MUPD/s or  44.1973 GB/s
STREAM triad of size    10256 : min/avg/max: 2.52926e-06 2.54521e-06 2.57202e-06 seconds or  4054.94 MUPD/s or  48.6592 GB/s
STREAM triad of size    11288 : min/avg/max: 2.53026e-06 2.54874e-06 2.60863e-06 seconds or   4461.2 MUPD/s or  53.5344 GB/s
STREAM triad of size    12424 : min/avg/max: 2.53265e-06 2.54929e-06 2.58248e-06 seconds or  4905.54 MUPD/s or  58.8665 GB/s
STREAM triad of size    13672 : min/avg/max:  2.5445e-06 2.56458e-06 2.60124e-06 seconds or  5373.15 MUPD/s or  64.4778 GB/s
STREAM triad of size    15040 : min/avg/max:  2.5678e-06 2.58903e-06 2.64366e-06 seconds or  5857.16 MUPD/s or  70.2859 GB/s
STREAM triad of size    16552 : min/avg/max: 2.52893e-06  2.5551e-06 2.62242e-06 seconds or  6545.05 MUPD/s or  78.5406 GB/s
STREAM triad of size    18208 : min/avg/max:  2.5356e-06 2.55568e-06 2.60947e-06 seconds or  7180.94 MUPD/s or  86.1713 GB/s
STREAM triad of size    20032 : min/avg/max: 2.50652e-06 2.53162e-06 2.57261e-06 seconds or  7991.95 MUPD/s or  95.9034 GB/s
STREAM triad of size    22040 : min/avg/max: 2.52637e-06 2.55278e-06 2.60204e-06 seconds or  8723.97 MUPD/s or  104.688 GB/s
STREAM triad of size    24248 : min/avg/max: 2.52628e-06 2.54982e-06  2.6233e-06 seconds or   9598.3 MUPD/s or   115.18 GB/s
STREAM triad of size    26680 : min/avg/max: 2.53169e-06 2.55149e-06 2.58713e-06 seconds or  10538.4 MUPD/s or  126.461 GB/s
STREAM triad of size    29352 : min/avg/max: 2.52996e-06  2.5668e-06 2.60625e-06 seconds or  11601.7 MUPD/s or  139.221 GB/s
STREAM triad of size    32288 : min/avg/max: 2.53784e-06  2.5594e-06 2.59635e-06 seconds or  12722.6 MUPD/s or  152.672 GB/s
STREAM triad of size    35520 : min/avg/max: 2.54837e-06 2.58108e-06 2.61212e-06 seconds or  13938.3 MUPD/s or   167.26 GB/s
STREAM triad of size    39080 : min/avg/max: 2.53557e-06 2.55988e-06 2.60583e-06 seconds or  15412.7 MUPD/s or  184.952 GB/s
STREAM triad of size    42992 : min/avg/max:   2.529e-06 2.56333e-06 2.60817e-06 seconds or  16999.6 MUPD/s or  203.995 GB/s
STREAM triad of size    47296 : min/avg/max: 2.57702e-06 2.59734e-06 2.62268e-06 seconds or    18353 MUPD/s or  220.236 GB/s
STREAM triad of size    52032 : min/avg/max:  2.5522e-06  2.5802e-06 2.60943e-06 seconds or  20387.1 MUPD/s or  244.646 GB/s
STREAM triad of size    57240 : min/avg/max: 2.52964e-06 2.58257e-06 2.63033e-06 seconds or  22627.7 MUPD/s or  271.533 GB/s
STREAM triad of size    62968 : min/avg/max: 2.53632e-06 2.56522e-06 2.61368e-06 seconds or  24826.5 MUPD/s or  297.918 GB/s
STREAM triad of size    69272 : min/avg/max: 2.55609e-06 2.57758e-06 2.59953e-06 seconds or  27100.7 MUPD/s or  325.209 GB/s
STREAM triad of size    76200 : min/avg/max: 2.55634e-06 2.58167e-06 2.62956e-06 seconds or  29808.3 MUPD/s or    357.7 GB/s
STREAM triad of size    83824 : min/avg/max: 2.62995e-06 2.63746e-06 2.65445e-06 seconds or  31872.8 MUPD/s or  382.474 GB/s
STREAM triad of size    92208 : min/avg/max: 2.69633e-06 2.71037e-06 2.73475e-06 seconds or  34197.6 MUPD/s or  410.371 GB/s
STREAM triad of size   101432 : min/avg/max: 2.78867e-06 2.79494e-06 2.80078e-06 seconds or  36372.9 MUPD/s or  436.475 GB/s
STREAM triad of size   111576 : min/avg/max: 2.86376e-06  2.8697e-06 2.87674e-06 seconds or  38961.3 MUPD/s or  467.536 GB/s
STREAM triad of size   122736 : min/avg/max: 3.01265e-06 3.01914e-06 3.03094e-06 seconds or  40740.2 MUPD/s or  488.882 GB/s
STREAM triad of size   135016 : min/avg/max: 3.16532e-06 3.16927e-06 3.17522e-06 seconds or  42654.7 MUPD/s or  511.857 GB/s
STREAM triad of size   148520 : min/avg/max:  3.3069e-06 3.31366e-06 3.32033e-06 seconds or  44912.2 MUPD/s or  538.946 GB/s
STREAM triad of size   163376 : min/avg/max: 3.48421e-06 3.48805e-06 3.49234e-06 seconds or  46890.4 MUPD/s or  562.684 GB/s
STREAM triad of size   179720 : min/avg/max: 3.66849e-06 3.67278e-06  3.6768e-06 seconds or  48990.1 MUPD/s or  587.881 GB/s
STREAM triad of size   197696 : min/avg/max: 3.83144e-06 3.84624e-06 3.86117e-06 seconds or  51598.4 MUPD/s or  619.181 GB/s
STREAM triad of size   217472 : min/avg/max:  4.1197e-06 4.12557e-06 4.13101e-06 seconds or  52788.3 MUPD/s or  633.459 GB/s
STREAM triad of size   239224 : min/avg/max: 4.30239e-06 4.30853e-06 4.31368e-06 seconds or  55602.6 MUPD/s or  667.231 GB/s
STREAM triad of size   263152 : min/avg/max: 4.53975e-06 4.54822e-06  4.5574e-06 seconds or  57966.2 MUPD/s or  695.595 GB/s
STREAM triad of size   289472 : min/avg/max: 4.84508e-06 4.84978e-06 4.85852e-06 seconds or  59745.6 MUPD/s or  716.947 GB/s
STREAM triad of size   318424 : min/avg/max: 5.14483e-06 5.15309e-06 5.16688e-06 seconds or    61892 MUPD/s or  742.704 GB/s
STREAM triad of size   350272 : min/avg/max: 9.45459e-06 9.47514e-06 9.49331e-06 seconds or  37047.8 MUPD/s or  444.574 GB/s
STREAM triad of size   385304 : min/avg/max: 1.91267e-05 1.91897e-05 1.92343e-05 seconds or  20144.8 MUPD/s or  241.738 GB/s
STREAM triad of size   423840 : min/avg/max: 2.09219e-05 2.09575e-05 2.09979e-05 seconds or  20258.2 MUPD/s or  243.099 GB/s
STREAM triad of size   466232 : min/avg/max: 2.30119e-05 2.30193e-05 2.30303e-05 seconds or  20260.5 MUPD/s or  243.126 GB/s
STREAM triad of size   512856 : min/avg/max: 2.54468e-05 2.54789e-05 2.55119e-05 seconds or  20154.1 MUPD/s or  241.849 GB/s
STREAM triad of size   564144 : min/avg/max: 2.83327e-05 2.83584e-05 2.84192e-05 seconds or  19911.4 MUPD/s or  238.937 GB/s
STREAM triad of size   620560 : min/avg/max: 3.09455e-05 3.09623e-05 3.09881e-05 seconds or  20053.3 MUPD/s or   240.64 GB/s
STREAM triad of size   682624 : min/avg/max: 3.38464e-05 3.38763e-05 3.39026e-05 seconds or  20168.3 MUPD/s or   242.02 GB/s
STREAM triad of size   750888 : min/avg/max: 3.69748e-05 3.69929e-05 3.70267e-05 seconds or  20308.1 MUPD/s or  243.697 GB/s
STREAM triad of size   825984 : min/avg/max: 4.06811e-05 4.06985e-05 4.07256e-05 seconds or  20303.9 MUPD/s or  243.646 GB/s
STREAM triad of size   908584 : min/avg/max: 4.44958e-05  4.4521e-05 4.45675e-05 seconds or  20419.5 MUPD/s or  245.034 GB/s
STREAM triad of size   999448 : min/avg/max: 4.86833e-05 4.87041e-05 4.87506e-05 seconds or  20529.6 MUPD/s or  246.355 GB/s
STREAM triad of size  1099400 : min/avg/max: 5.33935e-05 5.34211e-05 5.34978e-05 seconds or  20590.5 MUPD/s or  247.086 GB/s
STREAM triad of size  1209344 : min/avg/max: 5.86555e-05 5.86916e-05 5.87633e-05 seconds or  20617.7 MUPD/s or  247.413 GB/s
STREAM triad of size  1330280 : min/avg/max: 6.42167e-05 6.42557e-05 6.43405e-05 seconds or  20715.5 MUPD/s or  248.586 GB/s
STREAM triad of size  1463312 : min/avg/max: 7.04379e-05 7.04691e-05   7.055e-05 seconds or  20774.5 MUPD/s or  249.294 GB/s
STREAM triad of size  1609648 : min/avg/max:  7.7326e-05 7.73602e-05 7.74463e-05 seconds or  20816.4 MUPD/s or  249.797 GB/s
STREAM triad of size  1770616 : min/avg/max: 8.48719e-05 8.49071e-05 8.50278e-05 seconds or  20862.2 MUPD/s or  250.347 GB/s
STREAM triad of size  1947680 : min/avg/max: 9.30075e-05 9.30442e-05 9.31188e-05 seconds or  20941.1 MUPD/s or  251.293 GB/s
STREAM triad of size  2142456 : min/avg/max: 0.000102311 0.000102345 0.000102447 seconds or  20940.6 MUPD/s or  251.288 GB/s
STREAM triad of size  2356704 : min/avg/max: 0.000112078 0.000112116  0.00011224 seconds or  21027.4 MUPD/s or  252.328 GB/s
STREAM triad of size  2592376 : min/avg/max: 0.000123247 0.000123287 0.000123455 seconds or    21034 MUPD/s or  252.408 GB/s
STREAM triad of size  2851616 : min/avg/max: 0.000135208 0.000135254 0.000135375 seconds or  21090.6 MUPD/s or  253.087 GB/s
STREAM triad of size  3136784 : min/avg/max: 0.000148387 0.000148452 0.000148622 seconds or  21139.2 MUPD/s or   253.67 GB/s
STREAM triad of size  3450464 : min/avg/max: 0.000162971 0.000163024 0.000163189 seconds or  21172.3 MUPD/s or  254.067 GB/s
STREAM triad of size  3795512 : min/avg/max: 0.000179193  0.00017926  0.00017957 seconds or  21181.1 MUPD/s or  254.173 GB/s
STREAM triad of size  4175064 : min/avg/max:  0.00019694 0.000197012 0.000197324 seconds or  21199.7 MUPD/s or  254.396 GB/s
STREAM triad of size  4592576 : min/avg/max: 0.000216723 0.000216815 0.000217253 seconds or    21191 MUPD/s or  254.292 GB/s
STREAM triad of size  5051840 : min/avg/max: 0.000237934 0.000238049 0.000238615 seconds or  21232.1 MUPD/s or  254.785 GB/s
STREAM triad of size  5557032 : min/avg/max: 0.000261453 0.000261607 0.000262256 seconds or  21254.4 MUPD/s or  255.053 GB/s
STREAM triad of size  6112736 : min/avg/max: 0.000287065   0.0002872 0.000288449 seconds or  21293.9 MUPD/s or  255.527 GB/s
STREAM triad of size  6724016 : min/avg/max: 0.000315595 0.000315916 0.000317256 seconds or  21305.9 MUPD/s or   255.67 GB/s
STREAM triad of size  7396424 : min/avg/max: 0.000346957 0.000347164 0.000348922 seconds or    21318 MUPD/s or  255.816 GB/s
STREAM triad of size  8136072 : min/avg/max: 0.000382033 0.000382236 0.000384183 seconds or  21296.8 MUPD/s or  255.561 GB/s
STREAM triad of size  8949680 : min/avg/max: 0.000419606 0.000419838 0.000422186 seconds or  21328.8 MUPD/s or  255.945 GB/s
STREAM triad of size  9844656 : min/avg/max: 0.000461736 0.000461987 0.000464666 seconds or    21321 MUPD/s or  255.851 GB/s
STREAM triad of size 10829128 : min/avg/max: 0.000507545 0.000507855 0.000511019 seconds or  21336.3 MUPD/s or  256.036 GB/s
STREAM triad of size 11912048 : min/avg/max: 0.000559115 0.000559402 0.000562933 seconds or  21305.2 MUPD/s or  255.662 GB/s
STREAM triad of size 13103256 : min/avg/max: 0.000613823 0.000614194 0.000618374 seconds or    21347 MUPD/s or  256.164 GB/s
STREAM triad of size 14413584 : min/avg/max: 0.000675534 0.000675932 0.000680736 seconds or  21336.6 MUPD/s or  256.039 GB/s
STREAM triad of size 15854944 : min/avg/max: 0.000741674 0.000742131 0.000746768 seconds or  21377.3 MUPD/s or  256.527 GB/s
STREAM triad of size 17440440 : min/avg/max: 0.000816458 0.000816993  0.00082255 seconds or  21361.1 MUPD/s or  256.333 GB/s
STREAM triad of size 19184488 : min/avg/max: 0.000897645 0.000898138 0.000903739 seconds or    21372 MUPD/s or  256.464 GB/s
STREAM triad of size 21102944 : min/avg/max: 0.000988575 0.000989253 0.000995935 seconds or  21346.8 MUPD/s or  256.162 GB/s
STREAM triad of size 23213240 : min/avg/max:  0.00108276  0.00108337  0.00109095 seconds or  21438.9 MUPD/s or  257.267 GB/s
STREAM triad of size 25534568 : min/avg/max:  0.00119429  0.00119517  0.00120511 seconds or  21380.6 MUPD/s or  256.567 GB/s
STREAM triad of size 28088032 : min/avg/max:  0.00131447  0.00131542  0.00132524 seconds or  21368.3 MUPD/s or  256.419 GB/s
STREAM triad of size 30896840 : min/avg/max:  0.00144502  0.00144568   0.0014549 seconds or  21381.7 MUPD/s or   256.58 GB/s
STREAM triad of size 33986528 : min/avg/max:  0.00158956  0.00159095  0.00160482 seconds or    21381 MUPD/s or  256.572 GB/s
STREAM triad of size 37385184 : min/avg/max:  0.00174823  0.00174987  0.00176392 seconds or  21384.6 MUPD/s or  256.615 GB/s
STREAM triad of size 41123704 : min/avg/max:  0.00192342  0.00192484  0.00193932 seconds or  21380.5 MUPD/s or  256.566 GB/s
STREAM triad of size 45236080 : min/avg/max:  0.00211376  0.00211528  0.00213026 seconds or  21400.7 MUPD/s or  256.809 GB/s
STREAM triad of size 49759696 : min/avg/max:  0.00232506  0.00232624  0.00234024 seconds or  21401.4 MUPD/s or  256.817 GB/s
STREAM triad of size 54735672 : min/avg/max:  0.00255918  0.00256142   0.0025938 seconds or    21388 MUPD/s or  256.656 GB/s
STREAM triad of size 60209240 : min/avg/max:  0.00281482  0.00281725  0.00284712 seconds or  21390.1 MUPD/s or  256.681 GB/s
STREAM triad of size 66230168 : min/avg/max:  0.00309718  0.00309988   0.0031277 seconds or    21384 MUPD/s or  256.608 GB/s
STREAM triad of size 72853192 : min/avg/max:   0.0034039  0.00340689  0.00343805 seconds or  21402.9 MUPD/s or  256.835 GB/s
STREAM triad of size 80138512 : min/avg/max:  0.00374339  0.00374582  0.00377586 seconds or    21408 MUPD/s or  256.896 GB/s
STREAM triad of size 88152368 : min/avg/max:   0.0041182  0.00412168  0.00415127 seconds or  21405.5 MUPD/s or  256.867 GB/s
STREAM triad of size 96967608 : min/avg/max:  0.00452836  0.00453137  0.00455984 seconds or  21413.4 MUPD/s or  256.961 GB/s
