Please look at https://www.uppmax.uu.se/support/faq/running-jobs-faq/using-matlab-s-distributed-computing/ for instructions on how to use MATLAB in the best way.
./stream_triad_cuda_noarch -min 8 -max 1e8 -align 1
STREAM triad of size        8 : min/avg/max: 2.53681e-06 2.54033e-06 2.54438e-06 seconds or  3.15357 MUPD/s or 0.0378428 GB/s
STREAM triad of size       16 : min/avg/max: 2.53789e-06 2.54146e-06 2.54983e-06 seconds or  6.30445 MUPD/s or 0.0756534 GB/s
STREAM triad of size       24 : min/avg/max: 2.53746e-06 2.54415e-06 2.55801e-06 seconds or  9.45829 MUPD/s or 0.113499 GB/s
STREAM triad of size       32 : min/avg/max: 2.53641e-06 2.54091e-06  2.5527e-06 seconds or  12.6163 MUPD/s or 0.151395 GB/s
STREAM triad of size       40 : min/avg/max: 2.53692e-06 2.54273e-06 2.57141e-06 seconds or  15.7672 MUPD/s or 0.189206 GB/s
STREAM triad of size       48 : min/avg/max: 2.53651e-06  2.5433e-06 2.56207e-06 seconds or  18.9236 MUPD/s or 0.227084 GB/s
STREAM triad of size       56 : min/avg/max: 2.53633e-06 2.54099e-06 2.55611e-06 seconds or  22.0792 MUPD/s or  0.26495 GB/s
STREAM triad of size       64 : min/avg/max: 2.53685e-06 2.54223e-06 2.56183e-06 seconds or  25.2282 MUPD/s or 0.302738 GB/s
STREAM triad of size       72 : min/avg/max: 2.53654e-06 2.54318e-06 2.56076e-06 seconds or  28.3852 MUPD/s or 0.340622 GB/s
STREAM triad of size       80 : min/avg/max:  2.5233e-06 2.53986e-06 2.56269e-06 seconds or  31.7046 MUPD/s or 0.380455 GB/s
STREAM triad of size       96 : min/avg/max: 2.53611e-06 2.54373e-06 2.59321e-06 seconds or  37.8533 MUPD/s or 0.454239 GB/s
STREAM triad of size      112 : min/avg/max: 2.53644e-06 2.55143e-06 2.57322e-06 seconds or  44.1564 MUPD/s or 0.529876 GB/s
STREAM triad of size      128 : min/avg/max: 2.53568e-06 2.54821e-06   2.611e-06 seconds or  50.4796 MUPD/s or 0.605756 GB/s
STREAM triad of size      144 : min/avg/max: 2.55059e-06 2.55358e-06 2.57898e-06 seconds or  56.4574 MUPD/s or 0.677489 GB/s
STREAM triad of size      160 : min/avg/max: 2.53676e-06 2.54397e-06 2.56731e-06 seconds or  63.0725 MUPD/s or  0.75687 GB/s
STREAM triad of size      184 : min/avg/max: 2.53572e-06 2.54585e-06 2.57218e-06 seconds or  72.5632 MUPD/s or 0.870758 GB/s
STREAM triad of size      208 : min/avg/max: 2.53591e-06 2.54043e-06 2.55676e-06 seconds or  82.0218 MUPD/s or 0.984262 GB/s
STREAM triad of size      232 : min/avg/max: 2.53502e-06 2.54106e-06 2.55177e-06 seconds or  91.5182 MUPD/s or  1.09822 GB/s
STREAM triad of size      256 : min/avg/max: 2.53638e-06 2.55383e-06 2.59793e-06 seconds or  100.931 MUPD/s or  1.21117 GB/s
STREAM triad of size      288 : min/avg/max: 2.54921e-06  2.5529e-06 2.56977e-06 seconds or  112.976 MUPD/s or  1.35572 GB/s
STREAM triad of size      320 : min/avg/max: 2.53669e-06  2.5393e-06 2.54758e-06 seconds or  126.149 MUPD/s or  1.51378 GB/s
STREAM triad of size      360 : min/avg/max: 2.53437e-06 2.53842e-06 2.54998e-06 seconds or  142.047 MUPD/s or  1.70456 GB/s
STREAM triad of size      400 : min/avg/max: 2.53527e-06  2.5571e-06  2.7153e-06 seconds or  157.774 MUPD/s or  1.89329 GB/s
STREAM triad of size      448 : min/avg/max: 2.53575e-06 2.54856e-06  2.5648e-06 seconds or  176.674 MUPD/s or  2.12009 GB/s
STREAM triad of size      496 : min/avg/max: 2.53463e-06 2.54701e-06 2.61339e-06 seconds or   195.69 MUPD/s or  2.34828 GB/s
STREAM triad of size      552 : min/avg/max: 2.54828e-06  2.5526e-06 2.56202e-06 seconds or  216.617 MUPD/s or   2.5994 GB/s
STREAM triad of size      608 : min/avg/max: 2.54642e-06 2.55242e-06 2.55815e-06 seconds or  238.766 MUPD/s or  2.86519 GB/s
STREAM triad of size      672 : min/avg/max: 2.54694e-06 2.55567e-06 2.58612e-06 seconds or  263.846 MUPD/s or  3.16615 GB/s
STREAM triad of size      744 : min/avg/max: 2.54853e-06 2.55308e-06 2.56978e-06 seconds or  291.933 MUPD/s or   3.5032 GB/s
STREAM triad of size      824 : min/avg/max:  2.5469e-06 2.55197e-06 2.57887e-06 seconds or   323.53 MUPD/s or  3.88236 GB/s
STREAM triad of size      912 : min/avg/max: 2.54763e-06 2.55154e-06 2.57049e-06 seconds or   357.98 MUPD/s or  4.29576 GB/s
STREAM triad of size     1008 : min/avg/max:  2.5487e-06 2.55218e-06 2.56281e-06 seconds or  395.496 MUPD/s or  4.74596 GB/s
STREAM triad of size     1112 : min/avg/max: 2.54586e-06 2.55911e-06 2.62823e-06 seconds or  436.788 MUPD/s or  5.24145 GB/s
STREAM triad of size     1224 : min/avg/max: 2.54357e-06 2.55345e-06 2.57592e-06 seconds or  481.214 MUPD/s or  5.77457 GB/s
STREAM triad of size     1352 : min/avg/max:  2.5318e-06 2.53925e-06 2.55834e-06 seconds or  534.007 MUPD/s or  6.40808 GB/s
STREAM triad of size     1488 : min/avg/max: 2.54358e-06 2.55204e-06 2.57739e-06 seconds or  585.003 MUPD/s or  7.02003 GB/s
STREAM triad of size     1640 : min/avg/max: 2.54533e-06 2.55236e-06   2.563e-06 seconds or  644.318 MUPD/s or  7.73181 GB/s
STREAM triad of size     1808 : min/avg/max: 2.54336e-06 2.55249e-06 2.56697e-06 seconds or  710.871 MUPD/s or  8.53045 GB/s
STREAM triad of size     1992 : min/avg/max: 2.54368e-06 2.55213e-06 2.55956e-06 seconds or  783.118 MUPD/s or  9.39741 GB/s
STREAM triad of size     2192 : min/avg/max: 2.54994e-06 2.64139e-06 2.79731e-06 seconds or  859.627 MUPD/s or  10.3155 GB/s
STREAM triad of size     2416 : min/avg/max: 2.54462e-06 2.55374e-06 2.58737e-06 seconds or  949.454 MUPD/s or  11.3934 GB/s
STREAM triad of size     2664 : min/avg/max: 2.54506e-06 2.55435e-06 2.57659e-06 seconds or  1046.73 MUPD/s or  12.5608 GB/s
STREAM triad of size     2936 : min/avg/max: 2.54237e-06 2.54992e-06  2.5603e-06 seconds or  1154.83 MUPD/s or  13.8579 GB/s
STREAM triad of size     3232 : min/avg/max:  2.5414e-06 2.55235e-06 2.58917e-06 seconds or  1271.74 MUPD/s or  15.2609 GB/s
STREAM triad of size     3560 : min/avg/max: 2.54394e-06 2.55543e-06 2.59205e-06 seconds or   1399.4 MUPD/s or  16.7928 GB/s
STREAM triad of size     3920 : min/avg/max: 2.53957e-06 2.55641e-06 2.58748e-06 seconds or  1543.57 MUPD/s or  18.5228 GB/s
STREAM triad of size     4320 : min/avg/max: 2.54457e-06 2.55407e-06 2.57377e-06 seconds or  1697.73 MUPD/s or  20.3728 GB/s
STREAM triad of size     4760 : min/avg/max: 2.54695e-06 2.55324e-06 2.57574e-06 seconds or   1868.9 MUPD/s or  22.4268 GB/s
STREAM triad of size     5240 : min/avg/max: 2.54375e-06 2.55672e-06 2.59774e-06 seconds or  2059.95 MUPD/s or  24.7194 GB/s
STREAM triad of size     5768 : min/avg/max: 2.54595e-06  2.5531e-06 2.56873e-06 seconds or  2265.56 MUPD/s or  27.1867 GB/s
STREAM triad of size     6352 : min/avg/max: 2.54439e-06 2.55732e-06 2.59169e-06 seconds or  2496.47 MUPD/s or  29.9576 GB/s
STREAM triad of size     6992 : min/avg/max: 2.54315e-06 2.56057e-06 2.60721e-06 seconds or  2749.34 MUPD/s or  32.9921 GB/s
STREAM triad of size     7696 : min/avg/max: 2.54103e-06 2.55662e-06  2.5974e-06 seconds or  3028.69 MUPD/s or  36.3443 GB/s
STREAM triad of size     8472 : min/avg/max: 2.54478e-06  2.5618e-06 2.58914e-06 seconds or  3329.17 MUPD/s or  39.9501 GB/s
STREAM triad of size     9320 : min/avg/max: 2.54668e-06 2.55847e-06 2.59231e-06 seconds or  3659.67 MUPD/s or   43.916 GB/s
STREAM triad of size    10256 : min/avg/max: 2.54022e-06 2.55889e-06 2.59669e-06 seconds or  4037.44 MUPD/s or  48.4493 GB/s
STREAM triad of size    11288 : min/avg/max: 2.54191e-06 2.55926e-06 2.60297e-06 seconds or  4440.75 MUPD/s or   53.289 GB/s
STREAM triad of size    12424 : min/avg/max: 2.52872e-06 2.53578e-06 2.55701e-06 seconds or  4913.15 MUPD/s or  58.9578 GB/s
STREAM triad of size    13672 : min/avg/max: 2.53982e-06  2.5573e-06 2.59183e-06 seconds or  5383.07 MUPD/s or  64.5968 GB/s
STREAM triad of size    15040 : min/avg/max: 2.55981e-06 2.57107e-06 2.59728e-06 seconds or  5875.44 MUPD/s or  70.5053 GB/s
STREAM triad of size    16552 : min/avg/max: 2.54492e-06 2.55521e-06 2.58898e-06 seconds or  6503.93 MUPD/s or  78.0472 GB/s
STREAM triad of size    18208 : min/avg/max: 2.53443e-06 2.55264e-06  2.5828e-06 seconds or  7184.25 MUPD/s or   86.211 GB/s
STREAM triad of size    20032 : min/avg/max: 2.53538e-06 2.56123e-06 2.63236e-06 seconds or  7900.97 MUPD/s or  94.8117 GB/s
STREAM triad of size    22040 : min/avg/max: 2.54017e-06 2.56663e-06  2.6211e-06 seconds or  8676.57 MUPD/s or  104.119 GB/s
STREAM triad of size    24248 : min/avg/max: 2.53823e-06 2.56737e-06 2.63911e-06 seconds or  9553.12 MUPD/s or  114.637 GB/s
STREAM triad of size    26680 : min/avg/max:  2.5594e-06 2.57595e-06 2.60668e-06 seconds or  10424.3 MUPD/s or  125.092 GB/s
STREAM triad of size    29352 : min/avg/max: 2.56527e-06 2.57963e-06 2.60747e-06 seconds or  11442.1 MUPD/s or  137.305 GB/s
STREAM triad of size    32288 : min/avg/max: 2.53841e-06 2.55734e-06 2.58154e-06 seconds or  12719.8 MUPD/s or  152.637 GB/s
STREAM triad of size    35520 : min/avg/max: 2.53841e-06 2.56642e-06 2.61165e-06 seconds or    13993 MUPD/s or  167.916 GB/s
STREAM triad of size    39080 : min/avg/max: 2.53799e-06  2.5641e-06 2.58761e-06 seconds or    15398 MUPD/s or  184.776 GB/s
STREAM triad of size    42992 : min/avg/max: 2.53748e-06 2.55619e-06 2.60886e-06 seconds or  16942.8 MUPD/s or  203.314 GB/s
STREAM triad of size    47296 : min/avg/max: 2.55454e-06  2.5779e-06 2.60133e-06 seconds or  18514.5 MUPD/s or  222.174 GB/s
STREAM triad of size    52032 : min/avg/max: 2.53445e-06 2.56187e-06 2.60772e-06 seconds or  20529.9 MUPD/s or  246.359 GB/s
STREAM triad of size    57240 : min/avg/max: 2.55799e-06 2.57753e-06 2.61013e-06 seconds or  22376.9 MUPD/s or  268.523 GB/s
STREAM triad of size    62968 : min/avg/max: 2.56489e-06 2.58355e-06 2.61673e-06 seconds or    24550 MUPD/s or    294.6 GB/s
STREAM triad of size    69272 : min/avg/max: 2.54966e-06 2.58468e-06 2.61893e-06 seconds or  27169.1 MUPD/s or  326.029 GB/s
STREAM triad of size    76200 : min/avg/max:  2.5942e-06 2.61169e-06 2.63299e-06 seconds or  29373.2 MUPD/s or  352.479 GB/s
STREAM triad of size    83824 : min/avg/max: 2.61634e-06 2.62409e-06 2.63209e-06 seconds or  32038.6 MUPD/s or  384.463 GB/s
STREAM triad of size    92208 : min/avg/max: 2.71012e-06 2.71541e-06  2.7251e-06 seconds or  34023.6 MUPD/s or  408.283 GB/s
STREAM triad of size   101432 : min/avg/max: 2.78738e-06 2.79277e-06 2.79863e-06 seconds or  36389.7 MUPD/s or  436.677 GB/s
STREAM triad of size   111576 : min/avg/max: 2.87799e-06 2.89011e-06 2.89628e-06 seconds or  38768.8 MUPD/s or  465.225 GB/s
STREAM triad of size   122736 : min/avg/max: 3.01631e-06 3.03622e-06 3.24866e-06 seconds or  40690.8 MUPD/s or   488.29 GB/s
STREAM triad of size   135016 : min/avg/max: 3.15955e-06 3.16713e-06 3.17448e-06 seconds or  42732.7 MUPD/s or  512.792 GB/s
STREAM triad of size   148520 : min/avg/max: 3.30081e-06 3.30523e-06 3.31233e-06 seconds or    44995 MUPD/s or   539.94 GB/s
STREAM triad of size   163376 : min/avg/max: 3.46645e-06 3.48263e-06 3.65118e-06 seconds or  47130.6 MUPD/s or  565.567 GB/s
STREAM triad of size   179720 : min/avg/max: 3.66031e-06  3.6662e-06 3.67258e-06 seconds or  49099.6 MUPD/s or  589.196 GB/s
STREAM triad of size   197696 : min/avg/max: 3.84252e-06 3.84807e-06  3.8558e-06 seconds or  51449.6 MUPD/s or  617.395 GB/s
STREAM triad of size   217472 : min/avg/max: 4.12349e-06 4.13015e-06 4.14322e-06 seconds or  52739.8 MUPD/s or  632.878 GB/s
STREAM triad of size   239224 : min/avg/max: 4.30655e-06  4.3118e-06 4.31698e-06 seconds or  55548.9 MUPD/s or  666.587 GB/s
STREAM triad of size   263152 : min/avg/max: 4.58233e-06 4.58939e-06 4.60043e-06 seconds or  57427.6 MUPD/s or  689.131 GB/s
STREAM triad of size   289472 : min/avg/max: 4.87093e-06 4.87695e-06  4.8846e-06 seconds or  59428.5 MUPD/s or  713.142 GB/s
STREAM triad of size   318424 : min/avg/max: 5.16583e-06 5.17167e-06 5.17775e-06 seconds or  61640.5 MUPD/s or  739.685 GB/s
STREAM triad of size   350272 : min/avg/max: 9.46566e-06 9.49968e-06 9.53869e-06 seconds or  37004.5 MUPD/s or  444.054 GB/s
STREAM triad of size   385304 : min/avg/max: 1.91265e-05 1.92032e-05 1.92797e-05 seconds or    20145 MUPD/s or  241.741 GB/s
STREAM triad of size   423840 : min/avg/max:  2.0988e-05 2.10239e-05 2.10528e-05 seconds or  20194.4 MUPD/s or  242.333 GB/s
STREAM triad of size   466232 : min/avg/max: 2.30132e-05 2.30293e-05 2.31213e-05 seconds or  20259.3 MUPD/s or  243.112 GB/s
STREAM triad of size   512856 : min/avg/max: 2.54732e-05  2.5492e-05 2.55079e-05 seconds or  20133.2 MUPD/s or  241.598 GB/s
STREAM triad of size   564144 : min/avg/max: 2.82502e-05 2.82726e-05 2.83053e-05 seconds or  19969.6 MUPD/s or  239.635 GB/s
STREAM triad of size   620560 : min/avg/max: 3.10202e-05 3.10407e-05 3.10687e-05 seconds or    20005 MUPD/s or   240.06 GB/s
STREAM triad of size   682624 : min/avg/max: 3.38128e-05 3.38277e-05 3.38517e-05 seconds or  20188.3 MUPD/s or   242.26 GB/s
STREAM triad of size   750888 : min/avg/max: 3.69833e-05 3.70067e-05 3.70417e-05 seconds or  20303.5 MUPD/s or  243.641 GB/s
STREAM triad of size   825984 : min/avg/max: 4.06825e-05 4.07062e-05 4.07316e-05 seconds or  20303.2 MUPD/s or  243.638 GB/s
STREAM triad of size   908584 : min/avg/max: 4.44742e-05 4.45082e-05 4.45882e-05 seconds or  20429.5 MUPD/s or  245.153 GB/s
STREAM triad of size   999448 : min/avg/max: 4.86751e-05 4.87008e-05 4.87462e-05 seconds or    20533 MUPD/s or  246.396 GB/s
STREAM triad of size  1099400 : min/avg/max: 5.34258e-05 5.34515e-05 5.35143e-05 seconds or  20578.1 MUPD/s or  246.937 GB/s
STREAM triad of size  1209344 : min/avg/max: 5.86319e-05 5.86545e-05  5.8695e-05 seconds or    20626 MUPD/s or  247.513 GB/s
STREAM triad of size  1330280 : min/avg/max: 6.42549e-05 6.42809e-05 6.43114e-05 seconds or  20703.2 MUPD/s or  248.438 GB/s
STREAM triad of size  1463312 : min/avg/max: 7.04494e-05 7.04764e-05 7.05367e-05 seconds or  20771.1 MUPD/s or  249.253 GB/s
STREAM triad of size  1609648 : min/avg/max: 7.73397e-05 7.73688e-05 7.74408e-05 seconds or  20812.7 MUPD/s or  249.753 GB/s
STREAM triad of size  1770616 : min/avg/max: 8.47837e-05 8.48263e-05 8.48813e-05 seconds or  20883.9 MUPD/s or  250.607 GB/s
STREAM triad of size  1947680 : min/avg/max: 9.30081e-05 9.30501e-05 9.31087e-05 seconds or    20941 MUPD/s or  251.292 GB/s
STREAM triad of size  2142456 : min/avg/max:  0.00010232 0.000102369 0.000102501 seconds or  20938.9 MUPD/s or  251.266 GB/s
STREAM triad of size  2356704 : min/avg/max: 0.000112117 0.000112158 0.000112279 seconds or  21020.1 MUPD/s or  252.241 GB/s
STREAM triad of size  2592376 : min/avg/max: 0.000123259 0.000123297 0.000123439 seconds or  21031.9 MUPD/s or  252.383 GB/s
STREAM triad of size  2851616 : min/avg/max: 0.000135225  0.00013527 0.000135396 seconds or    21088 MUPD/s or  253.056 GB/s
STREAM triad of size  3136784 : min/avg/max: 0.000148413 0.000148463 0.000148627 seconds or  21135.5 MUPD/s or  253.627 GB/s
STREAM triad of size  3450464 : min/avg/max: 0.000163018 0.000163057 0.000163223 seconds or  21166.2 MUPD/s or  253.994 GB/s
STREAM triad of size  3795512 : min/avg/max: 0.000179183 0.000179253 0.000179602 seconds or  21182.3 MUPD/s or  254.188 GB/s
STREAM triad of size  4175064 : min/avg/max:  0.00019692 0.000197014 0.000197484 seconds or  21201.8 MUPD/s or  254.422 GB/s
STREAM triad of size  4592576 : min/avg/max: 0.000216731 0.000216856 0.000217629 seconds or  21190.3 MUPD/s or  254.283 GB/s
STREAM triad of size  5051840 : min/avg/max: 0.000237973  0.00023808 0.000239005 seconds or  21228.6 MUPD/s or  254.744 GB/s
STREAM triad of size  5557032 : min/avg/max: 0.000261437 0.000261625 0.000262967 seconds or  21255.7 MUPD/s or  255.068 GB/s
STREAM triad of size  6112736 : min/avg/max: 0.000287039 0.000287222 0.000288672 seconds or  21295.8 MUPD/s or   255.55 GB/s
STREAM triad of size  6724016 : min/avg/max: 0.000315698 0.000315977 0.000317985 seconds or  21298.9 MUPD/s or  255.587 GB/s
STREAM triad of size  7396424 : min/avg/max: 0.000347028 0.000347257 0.000349564 seconds or  21313.6 MUPD/s or  255.763 GB/s
STREAM triad of size  8136072 : min/avg/max: 0.000382023 0.000382313  0.00038528 seconds or  21297.3 MUPD/s or  255.568 GB/s
STREAM triad of size  8949680 : min/avg/max: 0.000419601 0.000419915 0.000423573 seconds or    21329 MUPD/s or  255.948 GB/s
STREAM triad of size  9844656 : min/avg/max: 0.000461756 0.000462085 0.000466333 seconds or    21320 MUPD/s or  255.841 GB/s
STREAM triad of size 10829128 : min/avg/max: 0.000507582 0.000507953  0.00051269 seconds or  21334.7 MUPD/s or  256.017 GB/s
STREAM triad of size 11912048 : min/avg/max: 0.000559073  0.00055954 0.000564996 seconds or  21306.8 MUPD/s or  255.681 GB/s
STREAM triad of size 13103256 : min/avg/max:  0.00061382 0.000614289 0.000620435 seconds or  21347.1 MUPD/s or  256.165 GB/s
STREAM triad of size 14413584 : min/avg/max: 0.000675456 0.000676033  0.00068352 seconds or  21339.1 MUPD/s or  256.069 GB/s
STREAM triad of size 15854944 : min/avg/max: 0.000741608  0.00074219 0.000749612 seconds or  21379.1 MUPD/s or   256.55 GB/s
STREAM triad of size 17440440 : min/avg/max: 0.000816456  0.00081712 0.000826034 seconds or  21361.2 MUPD/s or  256.334 GB/s
STREAM triad of size 19184488 : min/avg/max: 0.000897637 0.000898309 0.000906858 seconds or  21372.2 MUPD/s or  256.466 GB/s
STREAM triad of size 21102944 : min/avg/max: 0.000988626 0.000989442  0.00100048 seconds or  21345.7 MUPD/s or  256.149 GB/s
STREAM triad of size 23213240 : min/avg/max:  0.00108286  0.00108385  0.00109602 seconds or  21436.9 MUPD/s or  257.243 GB/s
STREAM triad of size 25534568 : min/avg/max:  0.00119419  0.00119584  0.00120997 seconds or  21382.2 MUPD/s or  256.587 GB/s
STREAM triad of size 28088032 : min/avg/max:  0.00131464  0.00131589  0.00133024 seconds or  21365.6 MUPD/s or  256.387 GB/s
STREAM triad of size 30896840 : min/avg/max:  0.00144492  0.00144785  0.00147976 seconds or  21383.1 MUPD/s or  256.597 GB/s
STREAM triad of size 33986528 : min/avg/max:  0.00158956   0.0015973  0.00169979 seconds or  21381.1 MUPD/s or  256.574 GB/s
STREAM triad of size 37385184 : min/avg/max:  0.00174832  0.00175013   0.0017722 seconds or  21383.5 MUPD/s or  256.602 GB/s
STREAM triad of size 41123704 : min/avg/max:  0.00192383  0.00192538  0.00194666 seconds or    21376 MUPD/s or  256.512 GB/s
STREAM triad of size 45236080 : min/avg/max:  0.00211385  0.00211557  0.00213795 seconds or  21399.9 MUPD/s or  256.799 GB/s
STREAM triad of size 49759696 : min/avg/max:  0.00232488  0.00232675  0.00234844 seconds or  21403.1 MUPD/s or  256.838 GB/s
STREAM triad of size 54735672 : min/avg/max:  0.00255904   0.0025622  0.00260662 seconds or  21389.1 MUPD/s or  256.669 GB/s
STREAM triad of size 60209240 : min/avg/max:  0.00281466  0.00281782  0.00286117 seconds or  21391.3 MUPD/s or  256.695 GB/s
STREAM triad of size 66230168 : min/avg/max:  0.00309659  0.00310046  0.00314364 seconds or  21388.1 MUPD/s or  256.657 GB/s
STREAM triad of size 72853192 : min/avg/max:  0.00340452  0.00340759  0.00345236 seconds or    21399 MUPD/s or  256.788 GB/s
STREAM triad of size 80138512 : min/avg/max:  0.00374313  0.00374644  0.00378855 seconds or  21409.5 MUPD/s or  256.914 GB/s
STREAM triad of size 88152368 : min/avg/max:  0.00411908  0.00412248  0.00416344 seconds or    21401 MUPD/s or  256.812 GB/s
STREAM triad of size 96967608 : min/avg/max:  0.00452894  0.00453207  0.00457838 seconds or  21410.7 MUPD/s or  256.928 GB/s
