./stream_triad_cuda -min 8 -max 1e8 -align 1
STREAM triad of size        8 : min/avg/max: 2.98043e-06  3.0031e-06  3.0278e-06 seconds or  2.68417 MUPD/s or 0.0644202 GB/s
STREAM triad of size       16 : min/avg/max: 2.43291e-06 2.43518e-06  2.4383e-06 seconds or  6.57648 MUPD/s or 0.157836 GB/s
STREAM triad of size       24 : min/avg/max: 2.43124e-06 2.43674e-06 2.45462e-06 seconds or  9.87149 MUPD/s or 0.236916 GB/s
STREAM triad of size       32 : min/avg/max: 2.43309e-06   2.444e-06 2.45347e-06 seconds or   13.152 MUPD/s or 0.315648 GB/s
STREAM triad of size       40 : min/avg/max: 2.43289e-06 2.43829e-06 2.45342e-06 seconds or  16.4413 MUPD/s or 0.394592 GB/s
STREAM triad of size       48 : min/avg/max: 2.43412e-06 2.45145e-06 2.45686e-06 seconds or  19.7197 MUPD/s or 0.473272 GB/s
STREAM triad of size       56 : min/avg/max: 2.44745e-06 2.45258e-06 2.45622e-06 seconds or   22.881 MUPD/s or 0.549144 GB/s
STREAM triad of size       64 : min/avg/max: 2.43364e-06 2.44232e-06 2.45458e-06 seconds or  26.2981 MUPD/s or 0.631153 GB/s
STREAM triad of size       72 : min/avg/max: 2.43353e-06 2.43927e-06 2.45348e-06 seconds or  29.5866 MUPD/s or 0.710079 GB/s
STREAM triad of size       80 : min/avg/max: 2.41944e-06 2.44052e-06 2.47929e-06 seconds or  33.0655 MUPD/s or 0.793571 GB/s
STREAM triad of size       96 : min/avg/max: 2.43318e-06 2.44761e-06 2.49615e-06 seconds or  39.4545 MUPD/s or 0.946908 GB/s
STREAM triad of size      112 : min/avg/max: 2.43352e-06 2.44147e-06 2.47466e-06 seconds or  46.0239 MUPD/s or  1.10457 GB/s
STREAM triad of size      128 : min/avg/max: 2.43351e-06 2.44571e-06   2.462e-06 seconds or   52.599 MUPD/s or  1.26238 GB/s
STREAM triad of size      144 : min/avg/max: 2.43185e-06 2.43634e-06 2.46469e-06 seconds or  59.2143 MUPD/s or  1.42114 GB/s
STREAM triad of size      160 : min/avg/max:  2.4333e-06  2.4466e-06 2.45701e-06 seconds or  65.7544 MUPD/s or  1.57811 GB/s
STREAM triad of size      184 : min/avg/max: 2.43086e-06 2.44455e-06 2.47411e-06 seconds or  75.6935 MUPD/s or  1.81664 GB/s
STREAM triad of size      208 : min/avg/max:  2.4328e-06  2.4497e-06 2.46879e-06 seconds or  85.4981 MUPD/s or  2.05195 GB/s
STREAM triad of size      232 : min/avg/max: 2.44912e-06 2.45265e-06 2.45846e-06 seconds or  94.7281 MUPD/s or  2.27347 GB/s
STREAM triad of size      256 : min/avg/max: 2.43343e-06 2.44886e-06 2.45864e-06 seconds or  105.201 MUPD/s or  2.52483 GB/s
STREAM triad of size      288 : min/avg/max: 2.45017e-06 2.45328e-06 2.47297e-06 seconds or  117.543 MUPD/s or  2.82103 GB/s
STREAM triad of size      320 : min/avg/max: 2.43352e-06 2.44138e-06  2.5015e-06 seconds or  131.497 MUPD/s or  3.15593 GB/s
STREAM triad of size      360 : min/avg/max: 2.44845e-06 2.45312e-06 2.47324e-06 seconds or  147.032 MUPD/s or  3.52876 GB/s
STREAM triad of size      400 : min/avg/max: 2.45036e-06 2.45401e-06 2.46622e-06 seconds or  163.241 MUPD/s or  3.91778 GB/s
STREAM triad of size      448 : min/avg/max: 2.43064e-06 2.44431e-06 2.47807e-06 seconds or  184.314 MUPD/s or  4.42352 GB/s
STREAM triad of size      496 : min/avg/max: 2.43183e-06 2.43769e-06 2.46076e-06 seconds or  203.962 MUPD/s or  4.89508 GB/s
STREAM triad of size      552 : min/avg/max: 2.43234e-06 2.44862e-06   2.461e-06 seconds or  226.942 MUPD/s or  5.44661 GB/s
STREAM triad of size      608 : min/avg/max: 2.44843e-06 2.45526e-06 2.48314e-06 seconds or  248.322 MUPD/s or  5.95974 GB/s
STREAM triad of size      672 : min/avg/max: 2.44954e-06 2.45304e-06 2.46526e-06 seconds or  274.338 MUPD/s or   6.5841 GB/s
STREAM triad of size      744 : min/avg/max:  2.4491e-06 2.45254e-06 2.45682e-06 seconds or  303.785 MUPD/s or  7.29083 GB/s
STREAM triad of size      824 : min/avg/max: 2.44985e-06 2.45803e-06 2.49233e-06 seconds or  336.347 MUPD/s or  8.07233 GB/s
STREAM triad of size      912 : min/avg/max: 2.44999e-06 2.45392e-06  2.4744e-06 seconds or  372.246 MUPD/s or  8.93391 GB/s
STREAM triad of size     1008 : min/avg/max: 2.44785e-06 2.45378e-06 2.47753e-06 seconds or   411.79 MUPD/s or  9.88296 GB/s
STREAM triad of size     1112 : min/avg/max: 2.44863e-06 2.46066e-06 2.49735e-06 seconds or  454.132 MUPD/s or  10.8992 GB/s
STREAM triad of size     1224 : min/avg/max: 2.44907e-06 2.45329e-06 2.47009e-06 seconds or  499.781 MUPD/s or  11.9947 GB/s
STREAM triad of size     1352 : min/avg/max: 2.44808e-06 2.45345e-06  2.4849e-06 seconds or  552.269 MUPD/s or  13.2545 GB/s
STREAM triad of size     1488 : min/avg/max: 2.43009e-06 2.44581e-06 2.50465e-06 seconds or  612.324 MUPD/s or  14.6958 GB/s
STREAM triad of size     1640 : min/avg/max: 2.44443e-06 2.45239e-06 2.47059e-06 seconds or  670.913 MUPD/s or  16.1019 GB/s
STREAM triad of size     1808 : min/avg/max: 2.44634e-06 2.45659e-06 2.48282e-06 seconds or  739.064 MUPD/s or  17.7375 GB/s
STREAM triad of size     1992 : min/avg/max: 2.44652e-06 2.45539e-06 2.48809e-06 seconds or  814.218 MUPD/s or  19.5412 GB/s
STREAM triad of size     2192 : min/avg/max:   2.444e-06 2.45394e-06 2.49169e-06 seconds or  896.889 MUPD/s or  21.5253 GB/s
STREAM triad of size     2416 : min/avg/max: 2.44694e-06 2.45445e-06  2.4911e-06 seconds or  987.355 MUPD/s or  23.6965 GB/s
STREAM triad of size     2664 : min/avg/max: 2.44745e-06 2.46293e-06 2.51371e-06 seconds or  1088.48 MUPD/s or  26.1235 GB/s
STREAM triad of size     2936 : min/avg/max:   2.429e-06 2.43883e-06 2.49855e-06 seconds or  1208.73 MUPD/s or  29.0095 GB/s
STREAM triad of size     3232 : min/avg/max:  2.4448e-06 2.45424e-06 2.46851e-06 seconds or  1321.99 MUPD/s or  31.7277 GB/s
STREAM triad of size     3560 : min/avg/max: 2.44393e-06 2.45349e-06 2.46789e-06 seconds or  1456.67 MUPD/s or    34.96 GB/s
STREAM triad of size     3920 : min/avg/max: 2.44339e-06 2.45523e-06 2.50983e-06 seconds or  1604.33 MUPD/s or  38.5038 GB/s
STREAM triad of size     4320 : min/avg/max: 2.44216e-06 2.45678e-06 2.50733e-06 seconds or  1768.92 MUPD/s or  42.4542 GB/s
STREAM triad of size     4760 : min/avg/max: 2.44781e-06 2.46062e-06  2.5152e-06 seconds or  1944.59 MUPD/s or  46.6702 GB/s
STREAM triad of size     5240 : min/avg/max: 2.44439e-06 2.45547e-06 2.52258e-06 seconds or  2143.69 MUPD/s or  51.4485 GB/s
STREAM triad of size     5768 : min/avg/max: 2.44195e-06 2.45397e-06 2.48176e-06 seconds or  2362.04 MUPD/s or   56.689 GB/s
STREAM triad of size     6352 : min/avg/max: 2.42545e-06 2.44485e-06 2.49444e-06 seconds or   2618.9 MUPD/s or  62.8535 GB/s
STREAM triad of size     6992 : min/avg/max: 2.44532e-06 2.46233e-06 2.51369e-06 seconds or  2859.34 MUPD/s or  68.6241 GB/s
STREAM triad of size     7696 : min/avg/max: 2.44375e-06 2.45113e-06 2.46461e-06 seconds or  3149.25 MUPD/s or  75.5821 GB/s
STREAM triad of size     8472 : min/avg/max: 2.44192e-06 2.45509e-06 2.48071e-06 seconds or   3469.4 MUPD/s or  83.2656 GB/s
STREAM triad of size     9320 : min/avg/max:  2.4446e-06 2.46973e-06 2.51431e-06 seconds or  3812.48 MUPD/s or  91.4996 GB/s
STREAM triad of size    10256 : min/avg/max: 2.44686e-06 2.47971e-06 2.54967e-06 seconds or   4191.5 MUPD/s or  100.596 GB/s
STREAM triad of size    11288 : min/avg/max: 2.44261e-06 2.46556e-06 2.51687e-06 seconds or  4621.29 MUPD/s or  110.911 GB/s
STREAM triad of size    12424 : min/avg/max: 2.43578e-06 2.46644e-06 2.51757e-06 seconds or  5100.62 MUPD/s or  122.415 GB/s
STREAM triad of size    13672 : min/avg/max: 2.42955e-06 2.46687e-06 2.51548e-06 seconds or  5627.37 MUPD/s or  135.057 GB/s
STREAM triad of size    15040 : min/avg/max: 2.44372e-06 2.46866e-06 2.52245e-06 seconds or  6154.56 MUPD/s or  147.709 GB/s
STREAM triad of size    16552 : min/avg/max: 2.44321e-06 2.48408e-06 2.53533e-06 seconds or  6774.69 MUPD/s or  162.592 GB/s
STREAM triad of size    18208 : min/avg/max: 2.45919e-06 2.47112e-06 2.52396e-06 seconds or  7404.05 MUPD/s or  177.697 GB/s
STREAM triad of size    20032 : min/avg/max: 2.47208e-06 2.49263e-06 2.53757e-06 seconds or  8103.31 MUPD/s or  194.479 GB/s
STREAM triad of size    22040 : min/avg/max: 2.44565e-06 2.48012e-06 2.54471e-06 seconds or  9011.91 MUPD/s or  216.286 GB/s
STREAM triad of size    24248 : min/avg/max: 2.44625e-06 2.46774e-06  2.5173e-06 seconds or  9912.32 MUPD/s or  237.896 GB/s
STREAM triad of size    26680 : min/avg/max: 2.44466e-06 2.46137e-06  2.5394e-06 seconds or  10913.6 MUPD/s or  261.926 GB/s
STREAM triad of size    29352 : min/avg/max: 2.47221e-06 2.48601e-06 2.54753e-06 seconds or  11872.8 MUPD/s or  284.946 GB/s
STREAM triad of size    32288 : min/avg/max: 2.45549e-06 2.48843e-06 2.52225e-06 seconds or  13149.3 MUPD/s or  315.583 GB/s
STREAM triad of size    35520 : min/avg/max: 2.47127e-06 2.48559e-06 2.51545e-06 seconds or  14373.2 MUPD/s or  344.957 GB/s
STREAM triad of size    39080 : min/avg/max: 2.46084e-06 2.48802e-06  2.5104e-06 seconds or  15880.8 MUPD/s or  381.139 GB/s
STREAM triad of size    42992 : min/avg/max: 2.48279e-06 2.49856e-06 2.52199e-06 seconds or    17316 MUPD/s or  415.585 GB/s
STREAM triad of size    47296 : min/avg/max: 2.44729e-06 2.47376e-06 2.52933e-06 seconds or  19325.9 MUPD/s or  463.821 GB/s
STREAM triad of size    52032 : min/avg/max: 2.52074e-06 2.52755e-06 2.53512e-06 seconds or  20641.6 MUPD/s or  495.398 GB/s
STREAM triad of size    57240 : min/avg/max:   2.626e-06 2.63328e-06 2.64377e-06 seconds or  21797.4 MUPD/s or  523.137 GB/s
STREAM triad of size    62968 : min/avg/max: 2.72806e-06 2.73687e-06 2.74417e-06 seconds or  23081.6 MUPD/s or  553.959 GB/s
STREAM triad of size    69272 : min/avg/max: 2.81157e-06 2.81643e-06 2.82483e-06 seconds or  24638.2 MUPD/s or  591.316 GB/s
STREAM triad of size    76200 : min/avg/max: 2.91953e-06 2.92598e-06 2.93003e-06 seconds or  26100.1 MUPD/s or  626.403 GB/s
STREAM triad of size    83824 : min/avg/max:  3.0414e-06 3.04778e-06 3.05239e-06 seconds or    27561 MUPD/s or  661.463 GB/s
STREAM triad of size    92208 : min/avg/max: 3.16754e-06 3.17586e-06 3.18155e-06 seconds or  29110.3 MUPD/s or  698.647 GB/s
STREAM triad of size   101432 : min/avg/max: 3.29164e-06 3.29617e-06 3.30057e-06 seconds or    30815 MUPD/s or   739.56 GB/s
STREAM triad of size   111576 : min/avg/max: 3.34463e-06 3.35025e-06 3.35859e-06 seconds or  33359.7 MUPD/s or  800.633 GB/s
STREAM triad of size   122736 : min/avg/max: 3.51944e-06 3.52803e-06 3.54364e-06 seconds or  34873.8 MUPD/s or   836.97 GB/s
STREAM triad of size   135016 : min/avg/max: 3.69251e-06 3.69843e-06 3.71054e-06 seconds or  36564.8 MUPD/s or  877.556 GB/s
STREAM triad of size   148520 : min/avg/max:  3.8925e-06 3.89741e-06 3.90566e-06 seconds or  38155.4 MUPD/s or   915.73 GB/s
STREAM triad of size   163376 : min/avg/max: 4.11949e-06 4.12516e-06 4.13433e-06 seconds or  39659.3 MUPD/s or  951.823 GB/s
STREAM triad of size   179720 : min/avg/max: 1.05226e-05 1.05797e-05 1.06223e-05 seconds or  17079.4 MUPD/s or  409.905 GB/s
STREAM triad of size   197696 : min/avg/max: 1.96124e-05  1.9649e-05  1.9691e-05 seconds or  10080.2 MUPD/s or  241.924 GB/s
STREAM triad of size   217472 : min/avg/max: 2.12756e-05 2.13164e-05 2.13515e-05 seconds or  10221.7 MUPD/s or   245.32 GB/s
STREAM triad of size   239224 : min/avg/max: 2.29727e-05 2.30399e-05 2.30879e-05 seconds or  10413.4 MUPD/s or  249.922 GB/s
STREAM triad of size   263152 : min/avg/max: 2.52348e-05 2.52736e-05 2.52958e-05 seconds or  10428.1 MUPD/s or  250.276 GB/s
STREAM triad of size   289472 : min/avg/max: 2.74542e-05 2.74858e-05 2.75163e-05 seconds or  10543.8 MUPD/s or  253.052 GB/s
STREAM triad of size   318424 : min/avg/max: 3.23477e-05 3.23691e-05 3.23929e-05 seconds or  9843.79 MUPD/s or  236.251 GB/s
STREAM triad of size   350272 : min/avg/max: 3.58858e-05  3.5947e-05 3.59772e-05 seconds or  9760.75 MUPD/s or  234.258 GB/s
STREAM triad of size   385304 : min/avg/max: 3.96662e-05 3.97489e-05 3.97977e-05 seconds or  9713.66 MUPD/s or  233.128 GB/s
STREAM triad of size   423840 : min/avg/max: 4.37504e-05 4.37743e-05   4.381e-05 seconds or  9687.68 MUPD/s or  232.504 GB/s
STREAM triad of size   466232 : min/avg/max: 4.75107e-05 4.75464e-05 4.76057e-05 seconds or   9813.2 MUPD/s or  235.517 GB/s
STREAM triad of size   512856 : min/avg/max: 5.16618e-05 5.17197e-05 5.18456e-05 seconds or  9927.17 MUPD/s or  238.252 GB/s
STREAM triad of size   564144 : min/avg/max: 5.54926e-05 5.55671e-05 5.56516e-05 seconds or  10166.1 MUPD/s or  243.987 GB/s
STREAM triad of size   620560 : min/avg/max: 6.05184e-05 6.05582e-05 6.06096e-05 seconds or  10254.1 MUPD/s or  246.098 GB/s
STREAM triad of size   682624 : min/avg/max: 6.61835e-05 6.62138e-05 6.62491e-05 seconds or  10314.1 MUPD/s or  247.539 GB/s
STREAM triad of size   750888 : min/avg/max:  7.2224e-05 7.22566e-05 7.23033e-05 seconds or  10396.7 MUPD/s or   249.52 GB/s
STREAM triad of size   825984 : min/avg/max: 7.98529e-05 7.99166e-05 7.99688e-05 seconds or  10343.8 MUPD/s or  248.252 GB/s
STREAM triad of size   908584 : min/avg/max: 8.73213e-05 8.73969e-05 8.74891e-05 seconds or  10405.1 MUPD/s or  249.722 GB/s
STREAM triad of size   999448 : min/avg/max: 9.56742e-05 9.57536e-05 9.58545e-05 seconds or  10446.4 MUPD/s or  250.713 GB/s
STREAM triad of size  1099400 : min/avg/max: 0.000106977 0.000107066 0.000107147 seconds or    10277 MUPD/s or  246.648 GB/s
STREAM triad of size  1209344 : min/avg/max: 0.000116617 0.000116737 0.000116916 seconds or  10370.3 MUPD/s or  248.886 GB/s
STREAM triad of size  1330280 : min/avg/max: 0.000128702 0.000128787 0.000128896 seconds or  10336.1 MUPD/s or  248.067 GB/s
STREAM triad of size  1463312 : min/avg/max: 0.000141022 0.000141148 0.000141271 seconds or  10376.5 MUPD/s or  249.035 GB/s
STREAM triad of size  1609648 : min/avg/max: 0.000153983 0.000154082 0.000154234 seconds or  10453.4 MUPD/s or  250.882 GB/s
STREAM triad of size  1770616 : min/avg/max: 0.000169721 0.000169868 0.000170238 seconds or  10432.5 MUPD/s or   250.38 GB/s
STREAM triad of size  1947680 : min/avg/max:  0.00018628 0.000186416 0.000186747 seconds or  10455.7 MUPD/s or  250.936 GB/s
STREAM triad of size  2142456 : min/avg/max: 0.000204869 0.000205074 0.000205307 seconds or  10457.7 MUPD/s or  250.984 GB/s
STREAM triad of size  2356704 : min/avg/max: 0.000226083 0.000226204 0.000226721 seconds or  10424.1 MUPD/s or  250.178 GB/s
STREAM triad of size  2592376 : min/avg/max: 0.000246601 0.000246807 0.000247209 seconds or  10512.4 MUPD/s or  252.299 GB/s
STREAM triad of size  2851616 : min/avg/max: 0.000271872  0.00027211 0.000272544 seconds or  10488.8 MUPD/s or  251.732 GB/s
STREAM triad of size  3136784 : min/avg/max: 0.000299472 0.000299693 0.000300077 seconds or  10474.4 MUPD/s or  251.385 GB/s
STREAM triad of size  3450464 : min/avg/max: 0.000330214 0.000330538 0.000331318 seconds or  10449.2 MUPD/s or   250.78 GB/s
STREAM triad of size  3795512 : min/avg/max: 0.000358927 0.000359168 0.000360025 seconds or  10574.6 MUPD/s or   253.79 GB/s
STREAM triad of size  4175064 : min/avg/max: 0.000395167 0.000395496  0.00039662 seconds or  10565.3 MUPD/s or  253.568 GB/s
STREAM triad of size  4592576 : min/avg/max: 0.000438601 0.000438873 0.000439858 seconds or    10471 MUPD/s or  251.303 GB/s
STREAM triad of size  5051840 : min/avg/max: 0.000481239 0.000481531 0.000482608 seconds or  10497.6 MUPD/s or  251.942 GB/s
STREAM triad of size  5557032 : min/avg/max: 0.000528428 0.000528873 0.000530733 seconds or  10516.2 MUPD/s or  252.388 GB/s
STREAM triad of size  6112736 : min/avg/max:  0.00058275  0.00058302 0.000584815 seconds or  10489.5 MUPD/s or  251.747 GB/s
STREAM triad of size  6724016 : min/avg/max:  0.00063748 0.000637966 0.000639714 seconds or  10547.8 MUPD/s or  253.147 GB/s
STREAM triad of size  7396424 : min/avg/max:  0.00070379  0.00070424 0.000706244 seconds or  10509.4 MUPD/s or  252.226 GB/s
STREAM triad of size  8136072 : min/avg/max: 0.000776616 0.000777135 0.000779374 seconds or  10476.3 MUPD/s or  251.432 GB/s
STREAM triad of size  8949680 : min/avg/max: 0.000848827 0.000849303 0.000852158 seconds or  10543.6 MUPD/s or  253.046 GB/s
STREAM triad of size  9844656 : min/avg/max: 0.000935187 0.000935777  0.00093854 seconds or  10526.9 MUPD/s or  252.647 GB/s
STREAM triad of size 10829128 : min/avg/max:  0.00102681  0.00102788  0.00103065 seconds or  10546.3 MUPD/s or  253.112 GB/s
STREAM triad of size 11912048 : min/avg/max:  0.00113509  0.00113577   0.0011393 seconds or  10494.4 MUPD/s or  251.866 GB/s
STREAM triad of size 13103256 : min/avg/max:  0.00124835  0.00124894  0.00125206 seconds or  10496.5 MUPD/s or  251.916 GB/s
STREAM triad of size 14413584 : min/avg/max:  0.00137167   0.0013726  0.00137784 seconds or  10508.1 MUPD/s or  252.194 GB/s
STREAM triad of size 15854944 : min/avg/max:  0.00150797  0.00150892  0.00151306 seconds or  10514.1 MUPD/s or  252.338 GB/s
STREAM triad of size 17440440 : min/avg/max:  0.00165904  0.00166009  0.00166573 seconds or  10512.4 MUPD/s or  252.297 GB/s
STREAM triad of size 19184488 : min/avg/max:  0.00182238   0.0018233  0.00182906 seconds or  10527.1 MUPD/s or  252.652 GB/s
STREAM triad of size 21102944 : min/avg/max:  0.00200494  0.00200654  0.00201349 seconds or  10525.5 MUPD/s or  252.612 GB/s
STREAM triad of size 23213240 : min/avg/max:  0.00220013  0.00220193  0.00220953 seconds or  10550.8 MUPD/s or   253.22 GB/s
STREAM triad of size 25534568 : min/avg/max:  0.00242223  0.00242441  0.00243446 seconds or  10541.8 MUPD/s or  253.003 GB/s
STREAM triad of size 28088032 : min/avg/max:  0.00266701   0.0026685  0.00267716 seconds or  10531.6 MUPD/s or   252.76 GB/s
STREAM triad of size 30896840 : min/avg/max:  0.00293301  0.00293485  0.00294598 seconds or  10534.2 MUPD/s or   252.82 GB/s
STREAM triad of size 33986528 : min/avg/max:  0.00321733  0.00322071  0.00323707 seconds or  10563.6 MUPD/s or  253.526 GB/s
STREAM triad of size 37385184 : min/avg/max:  0.00354253  0.00354574  0.00355839 seconds or  10553.2 MUPD/s or  253.278 GB/s
STREAM triad of size 41123704 : min/avg/max:  0.00390659  0.00390969  0.00392291 seconds or  10526.8 MUPD/s or  252.642 GB/s
STREAM triad of size 45236080 : min/avg/max:   0.0042954  0.00429813  0.00431201 seconds or  10531.3 MUPD/s or  252.751 GB/s
STREAM triad of size 49759696 : min/avg/max:  0.00472693  0.00472926  0.00474473 seconds or  10526.8 MUPD/s or  252.644 GB/s
STREAM triad of size 54735672 : min/avg/max:  0.00520465  0.00520909  0.00523984 seconds or  10516.7 MUPD/s or    252.4 GB/s
STREAM triad of size 60209240 : min/avg/max:  0.00571142  0.00571528  0.00574293 seconds or  10541.9 MUPD/s or  253.006 GB/s
STREAM triad of size 66230168 : min/avg/max:  0.00628871  0.00629441  0.00632222 seconds or  10531.6 MUPD/s or  252.758 GB/s
STREAM triad of size 72853192 : min/avg/max:  0.00690266   0.0069098  0.00693994 seconds or  10554.4 MUPD/s or  253.305 GB/s
STREAM triad of size 80138512 : min/avg/max:  0.00759527  0.00760247  0.00763328 seconds or  10551.1 MUPD/s or  253.226 GB/s
STREAM triad of size 88152368 : min/avg/max:  0.00835178  0.00835986  0.00838391 seconds or  10554.9 MUPD/s or  253.318 GB/s
STREAM triad of size 96967608 : min/avg/max:  0.00918299   0.0091896  0.00921407 seconds or  10559.5 MUPD/s or  253.428 GB/s
