./stream_triad_cuda -min 8 -max 1e8 -align 1
STREAM triad of size        8 : min/avg/max: 2.44532e-06 2.44944e-06 2.45742e-06 seconds or  3.27156 MUPD/s or 0.0785175 GB/s
STREAM triad of size       16 : min/avg/max: 2.44303e-06 2.44531e-06 2.45109e-06 seconds or  6.54925 MUPD/s or 0.157182 GB/s
STREAM triad of size       24 : min/avg/max:  2.4429e-06 2.44786e-06 2.46177e-06 seconds or  9.82438 MUPD/s or 0.235785 GB/s
STREAM triad of size       32 : min/avg/max: 2.44281e-06  2.4499e-06  2.4617e-06 seconds or  13.0997 MUPD/s or 0.314392 GB/s
STREAM triad of size       40 : min/avg/max: 2.44359e-06 2.44945e-06 2.46178e-06 seconds or  16.3693 MUPD/s or 0.392864 GB/s
STREAM triad of size       48 : min/avg/max: 2.44317e-06 2.44787e-06 2.46339e-06 seconds or  19.6466 MUPD/s or 0.471518 GB/s
STREAM triad of size       56 : min/avg/max: 2.44318e-06 2.44855e-06 2.45906e-06 seconds or   22.921 MUPD/s or 0.550104 GB/s
STREAM triad of size       64 : min/avg/max: 2.44257e-06 2.45502e-06 2.46805e-06 seconds or  26.2019 MUPD/s or 0.628847 GB/s
STREAM triad of size       72 : min/avg/max: 2.44175e-06 2.44629e-06 2.45807e-06 seconds or   29.487 MUPD/s or 0.707689 GB/s
STREAM triad of size       80 : min/avg/max: 2.44237e-06 2.45011e-06 2.46386e-06 seconds or   32.755 MUPD/s or 0.786121 GB/s
STREAM triad of size       96 : min/avg/max:  2.4428e-06 2.45423e-06 2.50078e-06 seconds or  39.2991 MUPD/s or 0.943178 GB/s
STREAM triad of size      112 : min/avg/max: 2.44311e-06   2.453e-06 2.49411e-06 seconds or  45.8433 MUPD/s or  1.10024 GB/s
STREAM triad of size      128 : min/avg/max: 2.44089e-06 2.45139e-06 2.48431e-06 seconds or  52.4398 MUPD/s or  1.25856 GB/s
STREAM triad of size      144 : min/avg/max:  2.4421e-06 2.45226e-06 2.47014e-06 seconds or  58.9657 MUPD/s or  1.41518 GB/s
STREAM triad of size      160 : min/avg/max: 2.44177e-06 2.44679e-06 2.47354e-06 seconds or  65.5263 MUPD/s or  1.57263 GB/s
STREAM triad of size      184 : min/avg/max: 2.44218e-06 2.45363e-06  2.4923e-06 seconds or  75.3426 MUPD/s or  1.80822 GB/s
STREAM triad of size      208 : min/avg/max: 2.44833e-06 2.45948e-06 2.49342e-06 seconds or  84.9559 MUPD/s or  2.03894 GB/s
STREAM triad of size      232 : min/avg/max:  2.4426e-06 2.45578e-06 2.47194e-06 seconds or  94.9807 MUPD/s or  2.27954 GB/s
STREAM triad of size      256 : min/avg/max: 2.44273e-06 2.45856e-06 2.49397e-06 seconds or  104.801 MUPD/s or  2.51522 GB/s
STREAM triad of size      288 : min/avg/max: 2.45474e-06 2.45704e-06   2.462e-06 seconds or  117.324 MUPD/s or  2.81577 GB/s
STREAM triad of size      320 : min/avg/max: 2.44154e-06 2.46063e-06 2.51234e-06 seconds or  131.065 MUPD/s or  3.14555 GB/s
STREAM triad of size      360 : min/avg/max: 2.45448e-06 2.46216e-06  2.5243e-06 seconds or  146.671 MUPD/s or   3.5201 GB/s
STREAM triad of size      400 : min/avg/max: 2.45423e-06 2.45738e-06 2.46344e-06 seconds or  162.984 MUPD/s or  3.91161 GB/s
STREAM triad of size      448 : min/avg/max: 2.45303e-06  2.4605e-06 2.51741e-06 seconds or  182.631 MUPD/s or  4.38315 GB/s
STREAM triad of size      496 : min/avg/max: 2.45495e-06 2.45751e-06  2.4695e-06 seconds or  202.041 MUPD/s or  4.84899 GB/s
STREAM triad of size      552 : min/avg/max: 2.45464e-06 2.45688e-06 2.46114e-06 seconds or   224.88 MUPD/s or  5.39713 GB/s
STREAM triad of size      608 : min/avg/max: 2.45362e-06 2.46951e-06  2.5719e-06 seconds or  247.797 MUPD/s or  5.94712 GB/s
STREAM triad of size      672 : min/avg/max: 2.45304e-06 2.45809e-06 2.46553e-06 seconds or  273.945 MUPD/s or  6.57469 GB/s
STREAM triad of size      744 : min/avg/max: 2.45287e-06  2.4566e-06 2.46563e-06 seconds or  303.318 MUPD/s or  7.27962 GB/s
STREAM triad of size      824 : min/avg/max: 2.45152e-06 2.45637e-06 2.46516e-06 seconds or  336.118 MUPD/s or  8.06682 GB/s
STREAM triad of size      912 : min/avg/max: 2.45175e-06 2.46405e-06 2.57766e-06 seconds or  371.979 MUPD/s or  8.92749 GB/s
STREAM triad of size     1008 : min/avg/max: 2.45347e-06 2.46067e-06 2.49366e-06 seconds or  410.846 MUPD/s or  9.86031 GB/s
STREAM triad of size     1112 : min/avg/max: 2.45171e-06 2.45874e-06 2.47053e-06 seconds or   453.56 MUPD/s or  10.8854 GB/s
STREAM triad of size     1224 : min/avg/max: 2.45196e-06 2.45613e-06 2.46692e-06 seconds or  499.192 MUPD/s or  11.9806 GB/s
STREAM triad of size     1352 : min/avg/max: 2.45288e-06 2.45719e-06 2.46273e-06 seconds or  551.188 MUPD/s or  13.2285 GB/s
STREAM triad of size     1488 : min/avg/max: 2.45083e-06 2.45568e-06 2.46177e-06 seconds or  607.141 MUPD/s or  14.5714 GB/s
STREAM triad of size     1640 : min/avg/max: 2.45273e-06 2.47369e-06 2.60896e-06 seconds or  668.644 MUPD/s or  16.0475 GB/s
STREAM triad of size     1808 : min/avg/max: 2.45144e-06 2.45885e-06 2.48526e-06 seconds or  737.526 MUPD/s or  17.7006 GB/s
STREAM triad of size     1992 : min/avg/max: 2.45254e-06 2.45853e-06 2.46565e-06 seconds or  812.218 MUPD/s or  19.4932 GB/s
STREAM triad of size     2192 : min/avg/max: 2.45232e-06 2.45802e-06 2.46876e-06 seconds or  893.847 MUPD/s or  21.4523 GB/s
STREAM triad of size     2416 : min/avg/max: 2.45051e-06 2.47387e-06  2.6111e-06 seconds or  985.918 MUPD/s or   23.662 GB/s
STREAM triad of size     2664 : min/avg/max:  2.4539e-06 2.46107e-06 2.48106e-06 seconds or  1085.62 MUPD/s or  26.0548 GB/s
STREAM triad of size     2936 : min/avg/max: 2.44282e-06 2.46679e-06 2.52622e-06 seconds or  1201.89 MUPD/s or  28.8454 GB/s
STREAM triad of size     3232 : min/avg/max: 2.44993e-06 2.45768e-06 2.46969e-06 seconds or  1319.22 MUPD/s or  31.6613 GB/s
STREAM triad of size     3560 : min/avg/max: 2.45201e-06 2.46461e-06 2.49596e-06 seconds or  1451.87 MUPD/s or  34.8448 GB/s
STREAM triad of size     3920 : min/avg/max: 2.45392e-06 2.46494e-06 2.55206e-06 seconds or  1597.44 MUPD/s or  38.3386 GB/s
STREAM triad of size     4320 : min/avg/max:  2.4485e-06 2.46291e-06 2.49041e-06 seconds or  1764.35 MUPD/s or  42.3443 GB/s
STREAM triad of size     4760 : min/avg/max: 2.45088e-06 2.46287e-06 2.51309e-06 seconds or  1942.16 MUPD/s or  46.6118 GB/s
STREAM triad of size     5240 : min/avg/max: 2.45062e-06  2.4589e-06 2.48408e-06 seconds or  2138.23 MUPD/s or  51.3175 GB/s
STREAM triad of size     5768 : min/avg/max: 2.45086e-06 2.46156e-06 2.48903e-06 seconds or  2353.46 MUPD/s or   56.483 GB/s
STREAM triad of size     6352 : min/avg/max: 2.45188e-06 2.46008e-06 2.48131e-06 seconds or  2590.67 MUPD/s or  62.1761 GB/s
STREAM triad of size     6992 : min/avg/max: 2.45099e-06  2.4595e-06 2.49387e-06 seconds or  2852.72 MUPD/s or  68.4653 GB/s
STREAM triad of size     7696 : min/avg/max:  2.4799e-06 2.53069e-06 2.62049e-06 seconds or  3103.35 MUPD/s or  74.4805 GB/s
STREAM triad of size     8472 : min/avg/max: 2.45189e-06 2.49357e-06 2.56059e-06 seconds or  3455.29 MUPD/s or  82.9269 GB/s
STREAM triad of size     9320 : min/avg/max: 2.44819e-06 2.46269e-06 2.50455e-06 seconds or  3806.89 MUPD/s or  91.3654 GB/s
STREAM triad of size    10256 : min/avg/max: 2.45517e-06 2.46564e-06 2.48535e-06 seconds or  4177.31 MUPD/s or  100.255 GB/s
STREAM triad of size    11288 : min/avg/max: 2.45347e-06  2.4671e-06 2.51214e-06 seconds or  4600.83 MUPD/s or   110.42 GB/s
STREAM triad of size    12424 : min/avg/max: 2.46837e-06 2.47396e-06 2.47973e-06 seconds or  5033.28 MUPD/s or  120.799 GB/s
STREAM triad of size    13672 : min/avg/max: 2.53753e-06  2.5413e-06 2.54507e-06 seconds or  5387.92 MUPD/s or   129.31 GB/s
STREAM triad of size    15040 : min/avg/max: 2.59254e-06 2.59451e-06 2.59796e-06 seconds or  5801.25 MUPD/s or   139.23 GB/s
STREAM triad of size    16552 : min/avg/max: 2.63598e-06 2.63923e-06 2.64209e-06 seconds or  6279.25 MUPD/s or  150.702 GB/s
STREAM triad of size    18208 : min/avg/max: 2.69782e-06 2.70194e-06 2.70443e-06 seconds or  6749.15 MUPD/s or   161.98 GB/s
STREAM triad of size    20032 : min/avg/max: 2.79087e-06 2.79361e-06 2.79644e-06 seconds or   7177.7 MUPD/s or  172.265 GB/s
STREAM triad of size    22040 : min/avg/max: 3.12246e-06 3.12367e-06 3.12609e-06 seconds or  7058.54 MUPD/s or  169.405 GB/s
STREAM triad of size    24248 : min/avg/max: 3.23949e-06 3.24198e-06 3.24424e-06 seconds or  7485.13 MUPD/s or  179.643 GB/s
STREAM triad of size    26680 : min/avg/max: 3.30866e-06 3.31198e-06 3.31634e-06 seconds or   8063.7 MUPD/s or  193.529 GB/s
STREAM triad of size    29352 : min/avg/max: 3.42945e-06 3.43248e-06 3.43641e-06 seconds or  8558.81 MUPD/s or  205.412 GB/s
STREAM triad of size    32288 : min/avg/max: 3.78997e-06 3.79425e-06 3.79818e-06 seconds or  8519.32 MUPD/s or  204.464 GB/s
STREAM triad of size    35520 : min/avg/max: 3.94121e-06 3.94373e-06 3.95019e-06 seconds or  9012.46 MUPD/s or  216.299 GB/s
STREAM triad of size    39080 : min/avg/max: 4.08819e-06 4.09134e-06 4.09301e-06 seconds or  9559.24 MUPD/s or  229.422 GB/s
STREAM triad of size    42992 : min/avg/max: 4.51058e-06 4.51591e-06 4.52095e-06 seconds or  9531.37 MUPD/s or  228.753 GB/s
STREAM triad of size    47296 : min/avg/max:  4.6919e-06 4.69554e-06 4.69791e-06 seconds or  10080.4 MUPD/s or  241.929 GB/s
STREAM triad of size    52032 : min/avg/max:  5.0917e-06 5.09411e-06 5.09659e-06 seconds or    10219 MUPD/s or  245.256 GB/s
STREAM triad of size    57240 : min/avg/max: 5.36225e-06 5.36484e-06 5.36966e-06 seconds or  10674.6 MUPD/s or  256.191 GB/s
STREAM triad of size    62968 : min/avg/max: 5.85386e-06 5.85646e-06 5.85881e-06 seconds or  10756.7 MUPD/s or   258.16 GB/s
STREAM triad of size    69272 : min/avg/max: 6.07013e-06 6.07315e-06 6.07899e-06 seconds or    11412 MUPD/s or  273.887 GB/s
STREAM triad of size    76200 : min/avg/max:  6.6623e-06 6.66464e-06 6.66819e-06 seconds or  11437.5 MUPD/s or    274.5 GB/s
STREAM triad of size    83824 : min/avg/max: 7.17495e-06 7.17691e-06 7.18005e-06 seconds or  11682.9 MUPD/s or  280.389 GB/s
STREAM triad of size    92208 : min/avg/max: 7.64149e-06 7.64494e-06 7.65057e-06 seconds or  12066.8 MUPD/s or  289.602 GB/s
STREAM triad of size   101432 : min/avg/max: 8.19417e-06 8.20127e-06 8.20866e-06 seconds or  12378.6 MUPD/s or  297.085 GB/s
STREAM triad of size   111576 : min/avg/max: 8.89556e-06 8.94051e-06 8.96689e-06 seconds or  12542.9 MUPD/s or  301.029 GB/s
STREAM triad of size   122736 : min/avg/max: 9.59897e-06 9.60294e-06 9.61237e-06 seconds or  12786.4 MUPD/s or  306.873 GB/s
STREAM triad of size   135016 : min/avg/max: 1.05494e-05 1.05516e-05 1.05551e-05 seconds or  12798.5 MUPD/s or  307.163 GB/s
STREAM triad of size   148520 : min/avg/max: 1.13593e-05 1.13629e-05 1.13671e-05 seconds or  13074.8 MUPD/s or  313.795 GB/s
STREAM triad of size   163376 : min/avg/max: 1.23113e-05 1.23139e-05 1.23195e-05 seconds or  13270.4 MUPD/s or   318.49 GB/s
STREAM triad of size   179720 : min/avg/max: 1.72065e-05 1.72197e-05  1.7233e-05 seconds or  10444.9 MUPD/s or  250.677 GB/s
STREAM triad of size   197696 : min/avg/max:  2.1457e-05 2.15075e-05 2.15511e-05 seconds or  9213.58 MUPD/s or  221.126 GB/s
STREAM triad of size   217472 : min/avg/max:  2.3882e-05 2.39103e-05 2.39386e-05 seconds or  9106.11 MUPD/s or  218.547 GB/s
STREAM triad of size   239224 : min/avg/max: 2.61742e-05 2.61853e-05 2.61938e-05 seconds or  9139.67 MUPD/s or  219.352 GB/s
STREAM triad of size   263152 : min/avg/max: 2.82643e-05 2.82749e-05 2.82939e-05 seconds or   9310.4 MUPD/s or  223.449 GB/s
STREAM triad of size   289472 : min/avg/max: 3.10345e-05 3.10589e-05 3.10838e-05 seconds or  9327.44 MUPD/s or  223.859 GB/s
STREAM triad of size   318424 : min/avg/max: 3.37719e-05 3.37936e-05 3.38179e-05 seconds or  9428.68 MUPD/s or  226.288 GB/s
STREAM triad of size   350272 : min/avg/max: 3.68589e-05 3.68806e-05 3.68992e-05 seconds or  9503.06 MUPD/s or  228.073 GB/s
STREAM triad of size   385304 : min/avg/max: 4.05338e-05 4.05643e-05 4.05901e-05 seconds or  9505.74 MUPD/s or  228.138 GB/s
STREAM triad of size   423840 : min/avg/max: 4.42701e-05  4.4294e-05 4.43236e-05 seconds or  9573.95 MUPD/s or  229.775 GB/s
STREAM triad of size   466232 : min/avg/max: 4.81868e-05 4.82165e-05 4.82535e-05 seconds or  9675.52 MUPD/s or  232.212 GB/s
STREAM triad of size   512856 : min/avg/max: 5.28684e-05 5.28946e-05 5.29204e-05 seconds or  9700.61 MUPD/s or  232.815 GB/s
STREAM triad of size   564144 : min/avg/max:  5.8186e-05 5.82118e-05 5.82559e-05 seconds or  9695.53 MUPD/s or  232.693 GB/s
STREAM triad of size   620560 : min/avg/max: 6.36458e-05 6.36811e-05 6.37161e-05 seconds or  9750.22 MUPD/s or  234.005 GB/s
STREAM triad of size   682624 : min/avg/max: 6.96534e-05 6.96903e-05 6.97394e-05 seconds or   9800.3 MUPD/s or  235.207 GB/s
STREAM triad of size   750888 : min/avg/max: 7.62486e-05 7.62878e-05  7.6323e-05 seconds or   9847.9 MUPD/s or   236.35 GB/s
STREAM triad of size   825984 : min/avg/max: 8.37861e-05 8.38258e-05  8.3902e-05 seconds or  9858.25 MUPD/s or  236.598 GB/s
STREAM triad of size   908584 : min/avg/max: 9.15781e-05 9.16176e-05 9.16881e-05 seconds or  9921.41 MUPD/s or  238.114 GB/s
STREAM triad of size   999448 : min/avg/max: 0.000100323 0.000100387  0.00010044 seconds or  9962.27 MUPD/s or  239.095 GB/s
STREAM triad of size  1099400 : min/avg/max: 0.000110933 0.000110991 0.000111078 seconds or  9910.46 MUPD/s or  237.851 GB/s
STREAM triad of size  1209344 : min/avg/max:  0.00012155 0.000121624 0.000121716 seconds or  9949.38 MUPD/s or  238.785 GB/s
STREAM triad of size  1330280 : min/avg/max: 0.000132612 0.000132692 0.000132746 seconds or  10031.4 MUPD/s or  240.753 GB/s
STREAM triad of size  1463312 : min/avg/max: 0.000145861 0.000145914 0.000145971 seconds or  10032.2 MUPD/s or  240.774 GB/s
STREAM triad of size  1609648 : min/avg/max: 0.000159805 0.000159893 0.000160064 seconds or  10072.6 MUPD/s or  241.742 GB/s
STREAM triad of size  1770616 : min/avg/max: 0.000175738 0.000175825 0.000175924 seconds or  10075.3 MUPD/s or  241.807 GB/s
STREAM triad of size  1947680 : min/avg/max:  0.00019283 0.000192988 0.000193228 seconds or  10100.5 MUPD/s or  242.412 GB/s
STREAM triad of size  2142456 : min/avg/max: 0.000212998 0.000213112 0.000213236 seconds or  10058.6 MUPD/s or  241.406 GB/s
STREAM triad of size  2356704 : min/avg/max: 0.000234571 0.000234677 0.000234886 seconds or  10046.9 MUPD/s or  241.125 GB/s
STREAM triad of size  2592376 : min/avg/max: 0.000256291 0.000256405 0.000256578 seconds or    10115 MUPD/s or  242.759 GB/s
STREAM triad of size  2851616 : min/avg/max: 0.000282887 0.000283023  0.00028344 seconds or  10080.4 MUPD/s or   241.93 GB/s
STREAM triad of size  3136784 : min/avg/max: 0.000310557 0.000310673 0.000311173 seconds or  10100.5 MUPD/s or  242.412 GB/s
STREAM triad of size  3450464 : min/avg/max: 0.000340801 0.000341026 0.000341736 seconds or  10124.6 MUPD/s or   242.99 GB/s
STREAM triad of size  3795512 : min/avg/max:  0.00037163 0.000371952 0.000372673 seconds or  10213.1 MUPD/s or  245.115 GB/s
STREAM triad of size  4175064 : min/avg/max: 0.000411595 0.000411958 0.000413104 seconds or  10143.6 MUPD/s or  243.447 GB/s
STREAM triad of size  4592576 : min/avg/max: 0.000454196 0.000454529 0.000455855 seconds or  10111.4 MUPD/s or  242.675 GB/s
STREAM triad of size  5051840 : min/avg/max: 0.000499337 0.000499661 0.000501204 seconds or  10117.1 MUPD/s or   242.81 GB/s
STREAM triad of size  5557032 : min/avg/max: 0.000548591 0.000549081 0.000550919 seconds or  10129.6 MUPD/s or  243.111 GB/s
STREAM triad of size  6112736 : min/avg/max: 0.000603372  0.00060378  0.00060596 seconds or    10131 MUPD/s or  243.143 GB/s
STREAM triad of size  6724016 : min/avg/max: 0.000663134 0.000663545  0.00066569 seconds or  10139.8 MUPD/s or  243.354 GB/s
STREAM triad of size  7396424 : min/avg/max:   0.0007299 0.000730436 0.000732823 seconds or  10133.5 MUPD/s or  243.203 GB/s
STREAM triad of size  8136072 : min/avg/max: 0.000806047 0.000806582 0.000809099 seconds or  10093.8 MUPD/s or  242.251 GB/s
STREAM triad of size  8949680 : min/avg/max: 0.000882664 0.000883187 0.000885745 seconds or  10139.4 MUPD/s or  243.345 GB/s
STREAM triad of size  9844656 : min/avg/max: 0.000969066 0.000969785 0.000973232 seconds or  10158.9 MUPD/s or  243.814 GB/s
STREAM triad of size 10829128 : min/avg/max:  0.00106863  0.00106938   0.0010721 seconds or  10133.6 MUPD/s or  243.207 GB/s
STREAM triad of size 11912048 : min/avg/max:  0.00117261  0.00117339  0.00117712 seconds or  10158.5 MUPD/s or  243.805 GB/s
STREAM triad of size 13103256 : min/avg/max:  0.00129457   0.0012954      0.0013 seconds or  10121.7 MUPD/s or  242.921 GB/s
STREAM triad of size 14413584 : min/avg/max:   0.0014228  0.00142393  0.00142834 seconds or  10130.4 MUPD/s or   243.13 GB/s
STREAM triad of size 15854944 : min/avg/max:  0.00156253  0.00156358  0.00156818 seconds or    10147 MUPD/s or  243.527 GB/s
STREAM triad of size 17440440 : min/avg/max:  0.00171757  0.00171861  0.00172484 seconds or  10154.1 MUPD/s or    243.7 GB/s
STREAM triad of size 19184488 : min/avg/max:  0.00188611  0.00188726   0.0018928 seconds or  10171.4 MUPD/s or  244.115 GB/s
STREAM triad of size 21102944 : min/avg/max:  0.00207792   0.0020795  0.00208637 seconds or  10155.8 MUPD/s or   243.74 GB/s
STREAM triad of size 23213240 : min/avg/max:  0.00227918  0.00228072  0.00228852 seconds or  10184.9 MUPD/s or  244.438 GB/s
STREAM triad of size 25534568 : min/avg/max:  0.00251838  0.00252039  0.00252966 seconds or  10139.3 MUPD/s or  243.343 GB/s
STREAM triad of size 28088032 : min/avg/max:  0.00276439  0.00276637  0.00277567 seconds or  10160.6 MUPD/s or  243.856 GB/s
STREAM triad of size 30896840 : min/avg/max:  0.00304273   0.0030448  0.00305657 seconds or  10154.3 MUPD/s or  243.703 GB/s
STREAM triad of size 33986528 : min/avg/max:  0.00334542  0.00334857  0.00336362 seconds or  10159.1 MUPD/s or  243.819 GB/s
STREAM triad of size 37385184 : min/avg/max:   0.0036776  0.00368059  0.00369433 seconds or  10165.6 MUPD/s or  243.975 GB/s
STREAM triad of size 41123704 : min/avg/max:  0.00403908  0.00404307  0.00405753 seconds or  10181.5 MUPD/s or  244.355 GB/s
STREAM triad of size 45236080 : min/avg/max:    0.004458  0.00446163  0.00447594 seconds or  10147.2 MUPD/s or  243.532 GB/s
STREAM triad of size 49759696 : min/avg/max:  0.00489186  0.00489464  0.00491118 seconds or  10171.9 MUPD/s or  244.127 GB/s
STREAM triad of size 54735672 : min/avg/max:  0.00539823  0.00540377  0.00543819 seconds or  10139.6 MUPD/s or  243.349 GB/s
STREAM triad of size 60209240 : min/avg/max:  0.00592462   0.0059288  0.00596046 seconds or  10162.5 MUPD/s or  243.901 GB/s
STREAM triad of size 66230168 : min/avg/max:  0.00651123  0.00651756  0.00654889 seconds or  10171.7 MUPD/s or   244.12 GB/s
STREAM triad of size 72853192 : min/avg/max:   0.0071657  0.00717246  0.00720275 seconds or  10166.9 MUPD/s or  244.006 GB/s
STREAM triad of size 80138512 : min/avg/max:  0.00787537  0.00788218  0.00791153 seconds or  10175.8 MUPD/s or   244.22 GB/s
STREAM triad of size 88152368 : min/avg/max:  0.00866309  0.00866854  0.00869582 seconds or  10175.6 MUPD/s or  244.215 GB/s
STREAM triad of size 96967608 : min/avg/max:  0.00954633  0.00955322  0.00958328 seconds or  10157.6 MUPD/s or  243.782 GB/s
