./stream_triad_cuda -min 8 -max 1e8 -align 1
STREAM triad of size        8 : min/avg/max: 2.46323e-06 2.46737e-06 2.47233e-06 seconds or  3.24777 MUPD/s or 0.0389733 GB/s
STREAM triad of size       16 : min/avg/max:  2.4562e-06  2.4591e-06  2.4679e-06 seconds or  6.51413 MUPD/s or 0.0781696 GB/s
STREAM triad of size       24 : min/avg/max: 2.45618e-06 2.46212e-06 2.47782e-06 seconds or  9.77126 MUPD/s or 0.117255 GB/s
STREAM triad of size       32 : min/avg/max: 2.45606e-06 2.45953e-06 2.46985e-06 seconds or   13.029 MUPD/s or 0.156348 GB/s
STREAM triad of size       40 : min/avg/max: 2.45571e-06 2.45916e-06 2.46795e-06 seconds or  16.2885 MUPD/s or 0.195463 GB/s
STREAM triad of size       48 : min/avg/max: 2.45565e-06 2.46222e-06  2.4749e-06 seconds or  19.5468 MUPD/s or 0.234561 GB/s
STREAM triad of size       56 : min/avg/max: 2.45552e-06 2.46238e-06 2.47669e-06 seconds or  22.8058 MUPD/s or 0.273669 GB/s
STREAM triad of size       64 : min/avg/max: 2.45544e-06 2.45993e-06 2.46879e-06 seconds or  26.0646 MUPD/s or 0.312775 GB/s
STREAM triad of size       72 : min/avg/max: 2.45561e-06 2.45992e-06 2.47263e-06 seconds or  29.3206 MUPD/s or 0.351847 GB/s
STREAM triad of size       80 : min/avg/max: 2.45463e-06 2.46065e-06 2.46936e-06 seconds or  32.5915 MUPD/s or 0.391098 GB/s
STREAM triad of size       96 : min/avg/max:  2.4549e-06 2.46033e-06 2.46963e-06 seconds or  39.1055 MUPD/s or 0.469266 GB/s
STREAM triad of size      112 : min/avg/max: 2.45571e-06 2.46532e-06 2.50063e-06 seconds or   45.608 MUPD/s or 0.547296 GB/s
STREAM triad of size      128 : min/avg/max: 2.43427e-06 2.46387e-06   2.483e-06 seconds or  52.5824 MUPD/s or 0.630989 GB/s
STREAM triad of size      144 : min/avg/max: 2.45728e-06 2.46986e-06 2.50259e-06 seconds or  58.6015 MUPD/s or 0.703218 GB/s
STREAM triad of size      160 : min/avg/max: 2.45513e-06  2.4657e-06 2.49039e-06 seconds or  65.1696 MUPD/s or 0.782035 GB/s
STREAM triad of size      184 : min/avg/max: 2.45418e-06 2.46604e-06 2.49537e-06 seconds or  74.9742 MUPD/s or  0.89969 GB/s
STREAM triad of size      208 : min/avg/max: 2.45368e-06  2.4676e-06 2.49463e-06 seconds or  84.7706 MUPD/s or  1.01725 GB/s
STREAM triad of size      232 : min/avg/max: 2.42481e-06 2.45989e-06 2.49882e-06 seconds or  95.6775 MUPD/s or  1.14813 GB/s
STREAM triad of size      256 : min/avg/max: 2.45887e-06 2.47072e-06 2.50988e-06 seconds or  104.113 MUPD/s or  1.24935 GB/s
STREAM triad of size      288 : min/avg/max: 2.46483e-06 2.46876e-06 2.47374e-06 seconds or  116.844 MUPD/s or  1.40213 GB/s
STREAM triad of size      320 : min/avg/max: 2.46535e-06  2.4716e-06 2.48596e-06 seconds or  129.799 MUPD/s or  1.55759 GB/s
STREAM triad of size      360 : min/avg/max: 2.46497e-06 2.46749e-06 2.47427e-06 seconds or  146.047 MUPD/s or  1.75256 GB/s
STREAM triad of size      400 : min/avg/max: 2.46505e-06 2.47691e-06 2.58349e-06 seconds or  162.268 MUPD/s or  1.94722 GB/s
STREAM triad of size      448 : min/avg/max: 2.46368e-06 2.46902e-06 2.47453e-06 seconds or  181.842 MUPD/s or   2.1821 GB/s
STREAM triad of size      496 : min/avg/max: 2.46472e-06 2.47206e-06 2.52227e-06 seconds or   201.24 MUPD/s or  2.41488 GB/s
STREAM triad of size      552 : min/avg/max: 2.45422e-06 2.46425e-06 2.50051e-06 seconds or  224.919 MUPD/s or  2.69903 GB/s
STREAM triad of size      608 : min/avg/max: 2.45362e-06 2.45681e-06 2.46194e-06 seconds or  247.797 MUPD/s or  2.97356 GB/s
STREAM triad of size      672 : min/avg/max: 2.46409e-06 2.48625e-06 2.65473e-06 seconds or  272.717 MUPD/s or   3.2726 GB/s
STREAM triad of size      744 : min/avg/max: 2.46425e-06 2.47011e-06 2.48438e-06 seconds or  301.917 MUPD/s or  3.62301 GB/s
STREAM triad of size      824 : min/avg/max: 2.46392e-06  2.4708e-06 2.50014e-06 seconds or  334.427 MUPD/s or  4.01312 GB/s
STREAM triad of size      912 : min/avg/max: 2.46477e-06 2.47035e-06 2.48423e-06 seconds or  370.014 MUPD/s or  4.44017 GB/s
STREAM triad of size     1008 : min/avg/max: 2.46338e-06  2.4851e-06 2.61082e-06 seconds or  409.194 MUPD/s or  4.91033 GB/s
STREAM triad of size     1112 : min/avg/max: 2.46395e-06 2.47154e-06  2.4868e-06 seconds or  451.309 MUPD/s or   5.4157 GB/s
STREAM triad of size     1224 : min/avg/max: 2.46312e-06 2.46894e-06 2.48472e-06 seconds or   496.93 MUPD/s or  5.96316 GB/s
STREAM triad of size     1352 : min/avg/max: 2.45135e-06 2.45785e-06 2.48367e-06 seconds or  551.532 MUPD/s or  6.61838 GB/s
STREAM triad of size     1488 : min/avg/max: 2.46355e-06 2.47745e-06 2.55258e-06 seconds or  604.007 MUPD/s or  7.24808 GB/s
STREAM triad of size     1640 : min/avg/max: 2.46466e-06 2.47552e-06 2.50494e-06 seconds or  665.407 MUPD/s or  7.98488 GB/s
STREAM triad of size     1808 : min/avg/max: 2.46328e-06 2.47153e-06 2.49142e-06 seconds or   733.98 MUPD/s or  8.80776 GB/s
STREAM triad of size     1992 : min/avg/max: 2.46318e-06  2.4749e-06  2.5183e-06 seconds or   808.71 MUPD/s or  9.70452 GB/s
STREAM triad of size     2192 : min/avg/max: 2.46293e-06 2.46907e-06  2.4792e-06 seconds or  889.997 MUPD/s or    10.68 GB/s
STREAM triad of size     2416 : min/avg/max: 2.46282e-06 2.46877e-06 2.48686e-06 seconds or  980.989 MUPD/s or  11.7719 GB/s
STREAM triad of size     2664 : min/avg/max:  2.4636e-06 2.47055e-06 2.49052e-06 seconds or  1081.34 MUPD/s or  12.9761 GB/s
STREAM triad of size     2936 : min/avg/max: 2.46181e-06 2.46685e-06  2.4802e-06 seconds or  1192.62 MUPD/s or  14.3114 GB/s
STREAM triad of size     3232 : min/avg/max: 2.46133e-06 2.46876e-06  2.4922e-06 seconds or  1313.11 MUPD/s or  15.7573 GB/s
STREAM triad of size     3560 : min/avg/max: 2.46198e-06 2.46912e-06 2.48294e-06 seconds or  1445.99 MUPD/s or  17.3519 GB/s
STREAM triad of size     3920 : min/avg/max: 2.46111e-06 2.47097e-06 2.50513e-06 seconds or  1592.78 MUPD/s or  19.1133 GB/s
STREAM triad of size     4320 : min/avg/max: 2.46262e-06 2.46753e-06 2.48753e-06 seconds or  1754.23 MUPD/s or  21.0507 GB/s
STREAM triad of size     4760 : min/avg/max: 2.46377e-06 2.47673e-06 2.51252e-06 seconds or     1932 MUPD/s or   23.184 GB/s
STREAM triad of size     5240 : min/avg/max: 2.46069e-06 2.46868e-06  2.5084e-06 seconds or  2129.49 MUPD/s or  25.5538 GB/s
STREAM triad of size     5768 : min/avg/max: 2.46252e-06 2.47092e-06  2.5147e-06 seconds or  2342.31 MUPD/s or  28.1078 GB/s
STREAM triad of size     6352 : min/avg/max: 2.46247e-06 2.46961e-06 2.51331e-06 seconds or  2579.52 MUPD/s or  30.9542 GB/s
STREAM triad of size     6992 : min/avg/max: 2.46151e-06 2.47421e-06 2.50069e-06 seconds or  2840.53 MUPD/s or  34.0864 GB/s
STREAM triad of size     7696 : min/avg/max: 2.46448e-06 2.47487e-06 2.51273e-06 seconds or  3122.77 MUPD/s or  37.4732 GB/s
STREAM triad of size     8472 : min/avg/max: 2.46222e-06  2.4704e-06 2.49849e-06 seconds or  3440.79 MUPD/s or  41.2895 GB/s
STREAM triad of size     9320 : min/avg/max: 2.46521e-06 2.47108e-06 2.48587e-06 seconds or  3780.62 MUPD/s or  45.3674 GB/s
STREAM triad of size    10256 : min/avg/max: 2.45779e-06 2.46954e-06 2.50828e-06 seconds or  4172.85 MUPD/s or  50.0742 GB/s
STREAM triad of size    11288 : min/avg/max: 2.46351e-06 2.46993e-06 2.49014e-06 seconds or  4582.07 MUPD/s or  54.9849 GB/s
STREAM triad of size    12424 : min/avg/max:  2.4596e-06 2.46985e-06 2.49807e-06 seconds or  5051.23 MUPD/s or  60.6148 GB/s
STREAM triad of size    13672 : min/avg/max: 2.46085e-06 2.47234e-06 2.49319e-06 seconds or  5555.81 MUPD/s or  66.6697 GB/s
STREAM triad of size    15040 : min/avg/max: 2.46382e-06 2.47225e-06 2.50436e-06 seconds or  6104.34 MUPD/s or  73.2521 GB/s
STREAM triad of size    16552 : min/avg/max: 2.46251e-06 2.47269e-06  2.5053e-06 seconds or   6721.6 MUPD/s or  80.6592 GB/s
STREAM triad of size    18208 : min/avg/max: 2.46467e-06 2.47738e-06 2.52697e-06 seconds or  7387.61 MUPD/s or  88.6513 GB/s
STREAM triad of size    20032 : min/avg/max: 2.46096e-06 2.47896e-06 2.53635e-06 seconds or   8139.9 MUPD/s or  97.6788 GB/s
STREAM triad of size    22040 : min/avg/max:  2.4583e-06 2.47121e-06 2.49559e-06 seconds or  8965.54 MUPD/s or  107.586 GB/s
STREAM triad of size    24248 : min/avg/max: 2.46357e-06 2.48666e-06 2.51854e-06 seconds or  9842.64 MUPD/s or  118.112 GB/s
STREAM triad of size    26680 : min/avg/max: 2.46672e-06 2.47715e-06 2.50995e-06 seconds or    10816 MUPD/s or  129.792 GB/s
STREAM triad of size    29352 : min/avg/max:  2.4876e-06 2.51586e-06 2.54917e-06 seconds or  11799.3 MUPD/s or  141.592 GB/s
STREAM triad of size    32288 : min/avg/max: 2.48171e-06  2.4979e-06 2.55201e-06 seconds or  13010.4 MUPD/s or  156.124 GB/s
STREAM triad of size    35520 : min/avg/max: 2.46325e-06 2.48175e-06 2.52776e-06 seconds or    14420 MUPD/s or   173.04 GB/s
STREAM triad of size    39080 : min/avg/max: 2.45939e-06 2.48666e-06 2.52687e-06 seconds or  15890.1 MUPD/s or  190.681 GB/s
STREAM triad of size    42992 : min/avg/max: 2.46855e-06 2.48602e-06  2.5189e-06 seconds or  17415.9 MUPD/s or  208.991 GB/s
STREAM triad of size    47296 : min/avg/max: 2.48139e-06 2.49884e-06 2.54139e-06 seconds or  19060.3 MUPD/s or  228.724 GB/s
STREAM triad of size    52032 : min/avg/max: 2.46659e-06 2.48586e-06 2.54747e-06 seconds or  21094.7 MUPD/s or  253.137 GB/s
STREAM triad of size    57240 : min/avg/max: 2.47137e-06 2.49251e-06 2.58595e-06 seconds or  23161.2 MUPD/s or  277.935 GB/s
STREAM triad of size    62968 : min/avg/max: 2.48466e-06 2.52241e-06 2.57907e-06 seconds or  25342.7 MUPD/s or  304.112 GB/s
STREAM triad of size    69272 : min/avg/max: 2.47005e-06 2.49245e-06 2.53753e-06 seconds or  28044.7 MUPD/s or  336.537 GB/s
STREAM triad of size    76200 : min/avg/max: 2.49296e-06 2.51767e-06 2.55001e-06 seconds or  30566.1 MUPD/s or  366.794 GB/s
STREAM triad of size    83824 : min/avg/max: 2.49681e-06 2.53444e-06 2.58287e-06 seconds or  33572.4 MUPD/s or  402.869 GB/s
STREAM triad of size    92208 : min/avg/max: 2.56096e-06 2.57383e-06 2.59239e-06 seconds or  36005.2 MUPD/s or  432.063 GB/s
STREAM triad of size   101432 : min/avg/max: 2.64387e-06 2.70023e-06 3.31956e-06 seconds or  38364.9 MUPD/s or  460.379 GB/s
STREAM triad of size   111576 : min/avg/max: 2.72712e-06  2.7469e-06 2.79115e-06 seconds or  40913.5 MUPD/s or  490.962 GB/s
STREAM triad of size   122736 : min/avg/max: 2.84048e-06 2.84879e-06  2.8668e-06 seconds or  43209.6 MUPD/s or  518.515 GB/s
STREAM triad of size   135016 : min/avg/max: 2.98137e-06 2.98698e-06 2.99879e-06 seconds or  45286.6 MUPD/s or  543.439 GB/s
STREAM triad of size   148520 : min/avg/max: 3.12562e-06 3.13037e-06 3.13503e-06 seconds or    47517 MUPD/s or  570.203 GB/s
STREAM triad of size   163376 : min/avg/max: 3.25858e-06 3.26394e-06 3.27109e-06 seconds or  50137.2 MUPD/s or  601.647 GB/s
STREAM triad of size   179720 : min/avg/max: 3.44147e-06 3.44871e-06 3.45579e-06 seconds or  52221.9 MUPD/s or  626.663 GB/s
STREAM triad of size   197696 : min/avg/max: 3.61026e-06 3.61602e-06 3.63792e-06 seconds or  54759.5 MUPD/s or  657.114 GB/s
STREAM triad of size   217472 : min/avg/max: 3.79577e-06 3.80241e-06 3.81302e-06 seconds or  57293.3 MUPD/s or  687.519 GB/s
STREAM triad of size   239224 : min/avg/max:  4.0045e-06 4.00857e-06 4.01642e-06 seconds or  59738.8 MUPD/s or  716.865 GB/s
STREAM triad of size   263152 : min/avg/max:  4.2678e-06 4.27279e-06 4.28013e-06 seconds or  61659.9 MUPD/s or  739.918 GB/s
STREAM triad of size   289472 : min/avg/max: 4.49688e-06 4.50237e-06 4.50812e-06 seconds or  64371.8 MUPD/s or  772.461 GB/s
STREAM triad of size   318424 : min/avg/max: 4.80089e-06 4.80782e-06 4.81946e-06 seconds or  66326.1 MUPD/s or  795.913 GB/s
STREAM triad of size   350272 : min/avg/max: 9.63386e-06 9.68195e-06 9.73466e-06 seconds or  36358.4 MUPD/s or  436.301 GB/s
STREAM triad of size   385304 : min/avg/max: 1.92787e-05 1.93452e-05 1.94286e-05 seconds or    19986 MUPD/s or  239.832 GB/s
STREAM triad of size   423840 : min/avg/max: 2.07905e-05 2.09018e-05 2.09867e-05 seconds or  20386.2 MUPD/s or  244.635 GB/s
STREAM triad of size   466232 : min/avg/max: 2.29712e-05 2.29995e-05 2.30129e-05 seconds or  20296.4 MUPD/s or  243.557 GB/s
STREAM triad of size   512856 : min/avg/max: 2.53671e-05 2.53854e-05 2.53983e-05 seconds or  20217.3 MUPD/s or  242.608 GB/s
STREAM triad of size   564144 : min/avg/max: 2.82431e-05 2.82556e-05  2.8268e-05 seconds or  19974.6 MUPD/s or  239.695 GB/s
STREAM triad of size   620560 : min/avg/max:  3.0933e-05 3.09528e-05 3.09738e-05 seconds or  20061.4 MUPD/s or  240.737 GB/s
STREAM triad of size   682624 : min/avg/max: 3.37722e-05 3.37894e-05 3.38187e-05 seconds or  20212.6 MUPD/s or  242.552 GB/s
STREAM triad of size   750888 : min/avg/max: 3.69763e-05 3.69943e-05 3.70182e-05 seconds or  20307.3 MUPD/s or  243.687 GB/s
STREAM triad of size   825984 : min/avg/max: 4.07316e-05 4.07546e-05 4.08099e-05 seconds or  20278.7 MUPD/s or  243.344 GB/s
STREAM triad of size   908584 : min/avg/max: 4.45204e-05 4.45414e-05 4.45793e-05 seconds or  20408.3 MUPD/s or  244.899 GB/s
STREAM triad of size   999448 : min/avg/max:  4.8652e-05 4.86723e-05 4.86976e-05 seconds or  20542.8 MUPD/s or  246.514 GB/s
STREAM triad of size  1099400 : min/avg/max: 5.33897e-05 5.34456e-05 5.34935e-05 seconds or    20592 MUPD/s or  247.104 GB/s
STREAM triad of size  1209344 : min/avg/max: 5.85698e-05 5.86036e-05  5.8652e-05 seconds or  20647.9 MUPD/s or  247.775 GB/s
STREAM triad of size  1330280 : min/avg/max: 6.42248e-05 6.42593e-05 6.43054e-05 seconds or  20712.9 MUPD/s or  248.554 GB/s
STREAM triad of size  1463312 : min/avg/max: 7.04581e-05  7.0496e-05 7.05581e-05 seconds or  20768.5 MUPD/s or  249.222 GB/s
STREAM triad of size  1609648 : min/avg/max: 7.73326e-05 7.73616e-05 7.74542e-05 seconds or  20814.6 MUPD/s or  249.775 GB/s
STREAM triad of size  1770616 : min/avg/max: 8.48172e-05 8.48592e-05  8.5088e-05 seconds or  20875.7 MUPD/s or  250.508 GB/s
STREAM triad of size  1947680 : min/avg/max: 9.30695e-05 9.31037e-05 9.31954e-05 seconds or  20927.2 MUPD/s or  251.126 GB/s
STREAM triad of size  2142456 : min/avg/max: 0.000102431 0.000102486  0.00010257 seconds or    20916 MUPD/s or  250.992 GB/s
STREAM triad of size  2356704 : min/avg/max: 0.000112178 0.000112229 0.000112327 seconds or  21008.6 MUPD/s or  252.104 GB/s
STREAM triad of size  2592376 : min/avg/max: 0.000123292 0.000123348 0.000123468 seconds or  21026.4 MUPD/s or  252.317 GB/s
STREAM triad of size  2851616 : min/avg/max: 0.000135282 0.000135358 0.000135466 seconds or  21079.1 MUPD/s or  252.949 GB/s
STREAM triad of size  3136784 : min/avg/max: 0.000148515 0.000148577 0.000148781 seconds or  21120.9 MUPD/s or  253.451 GB/s
STREAM triad of size  3450464 : min/avg/max: 0.000162991 0.000163065 0.000163282 seconds or  21169.7 MUPD/s or  254.036 GB/s
STREAM triad of size  3795512 : min/avg/max: 0.000179276 0.000179337 0.000179612 seconds or  21171.3 MUPD/s or  254.056 GB/s
STREAM triad of size  4175064 : min/avg/max:  0.00019696 0.000197051  0.00019732 seconds or  21197.5 MUPD/s or  254.371 GB/s
STREAM triad of size  4592576 : min/avg/max: 0.000216886 0.000217031 0.000217514 seconds or  21175.1 MUPD/s or  254.101 GB/s
STREAM triad of size  5051840 : min/avg/max: 0.000238134 0.000238254  0.00023882 seconds or  21214.3 MUPD/s or  254.572 GB/s
STREAM triad of size  5557032 : min/avg/max: 0.000261755 0.000261886 0.000262655 seconds or  21229.9 MUPD/s or  254.759 GB/s
STREAM triad of size  6112736 : min/avg/max: 0.000287244 0.000287372 0.000288453 seconds or  21280.6 MUPD/s or  255.368 GB/s
STREAM triad of size  6724016 : min/avg/max: 0.000315863 0.000316045 0.000317449 seconds or  21287.8 MUPD/s or  255.453 GB/s
STREAM triad of size  7396424 : min/avg/max: 0.000347156 0.000347339 0.000349214 seconds or  21305.8 MUPD/s or  255.669 GB/s
STREAM triad of size  8136072 : min/avg/max: 0.000382425 0.000382698 0.000385441 seconds or  21274.9 MUPD/s or  255.299 GB/s
STREAM triad of size  8949680 : min/avg/max: 0.000420179 0.000420503 0.000423185 seconds or  21299.7 MUPD/s or  255.596 GB/s
STREAM triad of size  9844656 : min/avg/max: 0.000462148 0.000462468 0.000465607 seconds or  21301.9 MUPD/s or  255.623 GB/s
STREAM triad of size 10829128 : min/avg/max: 0.000507852  0.00050821 0.000511306 seconds or  21323.4 MUPD/s or  255.881 GB/s
STREAM triad of size 11912048 : min/avg/max:  0.00055977 0.000560092 0.000563828 seconds or  21280.3 MUPD/s or  255.363 GB/s
STREAM triad of size 13103256 : min/avg/max: 0.000614571 0.000614948 0.000619205 seconds or    21321 MUPD/s or  255.852 GB/s
STREAM triad of size 14413584 : min/avg/max: 0.000675811 0.000676262  0.00068136 seconds or  21327.8 MUPD/s or  255.934 GB/s
STREAM triad of size 15854944 : min/avg/max: 0.000742649 0.000743138 0.000748189 seconds or  21349.2 MUPD/s or   256.19 GB/s
STREAM triad of size 17440440 : min/avg/max: 0.000817518 0.000818009 0.000823949 seconds or  21333.4 MUPD/s or  256.001 GB/s
STREAM triad of size 19184488 : min/avg/max: 0.000898357 0.000898867 0.000905109 seconds or  21355.1 MUPD/s or  256.261 GB/s
STREAM triad of size 21102944 : min/avg/max: 0.000989697 0.000990241 0.000998017 seconds or  21322.6 MUPD/s or  255.872 GB/s
STREAM triad of size 23213240 : min/avg/max:  0.00108369  0.00108437  0.00109206 seconds or  21420.6 MUPD/s or  257.048 GB/s
STREAM triad of size 25534568 : min/avg/max:  0.00119551  0.00119656  0.00120635 seconds or  21358.7 MUPD/s or  256.304 GB/s
STREAM triad of size 28088032 : min/avg/max:  0.00131585  0.00131666  0.00132703 seconds or  21345.9 MUPD/s or  256.151 GB/s
STREAM triad of size 30896840 : min/avg/max:  0.00144631  0.00144732  0.00145818 seconds or  21362.6 MUPD/s or  256.351 GB/s
STREAM triad of size 33986528 : min/avg/max:   0.0015908  0.00159237  0.00160788 seconds or  21364.5 MUPD/s or  256.374 GB/s
STREAM triad of size 37385184 : min/avg/max:  0.00175039  0.00175177  0.00176768 seconds or  21358.2 MUPD/s or  256.299 GB/s
STREAM triad of size 41123704 : min/avg/max:   0.0019257  0.00192712  0.00194335 seconds or  21355.3 MUPD/s or  256.263 GB/s
STREAM triad of size 45236080 : min/avg/max:  0.00211607  0.00211748  0.00213309 seconds or  21377.4 MUPD/s or  256.528 GB/s
STREAM triad of size 49759696 : min/avg/max:  0.00232748  0.00232933  0.00234515 seconds or  21379.2 MUPD/s or   256.55 GB/s
STREAM triad of size 54735672 : min/avg/max:  0.00256195  0.00256433  0.00259568 seconds or  21364.8 MUPD/s or  256.378 GB/s
STREAM triad of size 60209240 : min/avg/max:  0.00281759   0.0028203  0.00285098 seconds or    21369 MUPD/s or  256.428 GB/s
STREAM triad of size 66230168 : min/avg/max:  0.00310141  0.00310513  0.00313671 seconds or  21354.8 MUPD/s or  256.258 GB/s
STREAM triad of size 72853192 : min/avg/max:  0.00340715  0.00341045  0.00344233 seconds or  21382.4 MUPD/s or  256.589 GB/s
STREAM triad of size 80138512 : min/avg/max:  0.00374833  0.00375094  0.00378018 seconds or  21379.8 MUPD/s or  256.558 GB/s
STREAM triad of size 88152368 : min/avg/max:  0.00412379  0.00412641  0.00415609 seconds or  21376.5 MUPD/s or  256.519 GB/s
STREAM triad of size 96967608 : min/avg/max:   0.0045334  0.00453693  0.00456713 seconds or  21389.6 MUPD/s or  256.675 GB/s
