./stream_triad_cuda -min 8 -max 1e8 -align 1
Error in computation, got 0 instead of 526
STREAM triad of size        8 : min/avg/max: 1.28153e-07 1.28304e-07 1.29018e-07 seconds or  62.4253 MUPD/s or  1.49821 GB/s
Error in computation, got 0 instead of 526
STREAM triad of size       16 : min/avg/max: 1.28143e-07 1.28479e-07 1.33555e-07 seconds or  124.861 MUPD/s or  2.99666 GB/s
Error in computation, got 0 instead of 526
STREAM triad of size       24 : min/avg/max:  1.2813e-07 1.28222e-07  1.2845e-07 seconds or   187.31 MUPD/s or  4.49545 GB/s
Error in computation, got 0 instead of 526
STREAM triad of size       32 : min/avg/max:  1.2794e-07  1.2822e-07 1.28495e-07 seconds or  250.118 MUPD/s or  6.00283 GB/s
Error in computation, got 0 instead of 526
STREAM triad of size       40 : min/avg/max: 1.28156e-07 1.28345e-07 1.29464e-07 seconds or  312.121 MUPD/s or   7.4909 GB/s
Error in computation, got 0 instead of 526
STREAM triad of size       48 : min/avg/max: 1.28113e-07 1.28206e-07 1.28387e-07 seconds or  374.669 MUPD/s or  8.99205 GB/s
Error in computation, got 0 instead of 526
STREAM triad of size       56 : min/avg/max: 1.28116e-07 1.28339e-07 1.28953e-07 seconds or  437.103 MUPD/s or  10.4905 GB/s
Error in computation, got 0 instead of 526
STREAM triad of size       64 : min/avg/max: 1.27669e-07 1.28142e-07 1.28291e-07 seconds or  501.295 MUPD/s or  12.0311 GB/s
Error in computation, got 0 instead of 526
STREAM triad of size       72 : min/avg/max: 1.27723e-07 1.28137e-07 1.28309e-07 seconds or   563.72 MUPD/s or  13.5293 GB/s
Error in computation, got 0 instead of 526
STREAM triad of size       80 : min/avg/max: 1.28108e-07 1.28905e-07 1.37435e-07 seconds or  624.472 MUPD/s or  14.9873 GB/s
Error in computation, got 0 instead of 526
STREAM triad of size       96 : min/avg/max: 1.28106e-07 1.28232e-07  1.2868e-07 seconds or  749.379 MUPD/s or  17.9851 GB/s
Error in computation, got 0 instead of 526
STREAM triad of size      112 : min/avg/max: 1.27705e-07 1.28138e-07 1.28297e-07 seconds or  877.019 MUPD/s or  21.0485 GB/s
Error in computation, got 0 instead of 526
STREAM triad of size      128 : min/avg/max:  1.2807e-07 1.28196e-07 1.28423e-07 seconds or  999.452 MUPD/s or  23.9868 GB/s
Error in computation, got 0 instead of 526
STREAM triad of size      144 : min/avg/max: 1.28083e-07 1.28223e-07 1.29433e-07 seconds or  1124.27 MUPD/s or  26.9826 GB/s
Error in computation, got 0 instead of 526
STREAM triad of size      160 : min/avg/max: 1.27633e-07 1.28077e-07 1.28311e-07 seconds or  1253.59 MUPD/s or  30.0862 GB/s
Error in computation, got 0 instead of 526
STREAM triad of size      184 : min/avg/max: 1.28037e-07 1.28204e-07 1.28386e-07 seconds or  1437.08 MUPD/s or    34.49 GB/s
Error in computation, got 0 instead of 526
STREAM triad of size      208 : min/avg/max: 1.28092e-07  1.2823e-07 1.28332e-07 seconds or  1623.83 MUPD/s or  38.9719 GB/s
Error in computation, got 0 instead of 526
STREAM triad of size      232 : min/avg/max: 1.28028e-07 1.28182e-07 1.28322e-07 seconds or   1812.1 MUPD/s or  43.4905 GB/s
Error in computation, got 0 instead of 526
STREAM triad of size      256 : min/avg/max: 1.27985e-07 1.28149e-07 1.28352e-07 seconds or  2000.23 MUPD/s or  48.0055 GB/s
Error in computation, got 0 instead of 526
STREAM triad of size      288 : min/avg/max:  1.2799e-07 1.28392e-07 1.31516e-07 seconds or  2250.17 MUPD/s or   54.004 GB/s
Error in computation, got 0 instead of 526
STREAM triad of size      320 : min/avg/max: 1.28059e-07 1.28413e-07 1.29857e-07 seconds or  2498.85 MUPD/s or  59.9723 GB/s
Error in computation, got 0 instead of 526
STREAM triad of size      360 : min/avg/max: 1.28062e-07  1.2818e-07  1.2836e-07 seconds or  2811.13 MUPD/s or  67.4672 GB/s
Error in computation, got 0 instead of 526
STREAM triad of size      400 : min/avg/max: 1.27989e-07   1.282e-07 1.28468e-07 seconds or  3125.26 MUPD/s or  75.0063 GB/s
Error in computation, got 0 instead of 526
STREAM triad of size      448 : min/avg/max: 1.28003e-07 1.28415e-07 1.30194e-07 seconds or  3499.92 MUPD/s or  83.9981 GB/s
Error in computation, got 0 instead of 526
STREAM triad of size      496 : min/avg/max: 1.27951e-07 1.28168e-07 1.28555e-07 seconds or  3876.48 MUPD/s or  93.0356 GB/s
Error in computation, got 0 instead of 526
STREAM triad of size      552 : min/avg/max: 1.27978e-07 1.28199e-07 1.28532e-07 seconds or  4313.23 MUPD/s or  103.517 GB/s
Error in computation, got 0 instead of 526
STREAM triad of size      608 : min/avg/max: 1.27997e-07 1.28172e-07 1.28889e-07 seconds or  4750.13 MUPD/s or  114.003 GB/s
Error in computation, got 0 instead of 526
STREAM triad of size      672 : min/avg/max: 1.28024e-07 1.28232e-07 1.28838e-07 seconds or  5249.02 MUPD/s or  125.976 GB/s
Error in computation, got 0 instead of 526
STREAM triad of size      744 : min/avg/max: 1.27985e-07 1.28164e-07 1.28421e-07 seconds or  5813.17 MUPD/s or  139.516 GB/s
Error in computation, got 0 instead of 526
STREAM triad of size      824 : min/avg/max: 1.27929e-07 1.28217e-07 1.28513e-07 seconds or  6441.08 MUPD/s or  154.586 GB/s
Error in computation, got 0 instead of 526
STREAM triad of size      912 : min/avg/max: 1.27921e-07 1.28249e-07 1.28972e-07 seconds or   7129.4 MUPD/s or  171.106 GB/s
Error in computation, got 0 instead of 526
STREAM triad of size     1008 : min/avg/max: 1.27912e-07 1.28251e-07 1.29266e-07 seconds or  7880.44 MUPD/s or   189.13 GB/s
Error in computation, got 0 instead of 526
STREAM triad of size     1112 : min/avg/max: 1.27994e-07 1.28235e-07 1.29181e-07 seconds or  8687.89 MUPD/s or  208.509 GB/s
Error in computation, got 0 instead of 526
STREAM triad of size     1224 : min/avg/max: 1.27904e-07 1.28244e-07 1.28626e-07 seconds or  9569.66 MUPD/s or  229.672 GB/s
Error in computation, got 0 instead of 526
STREAM triad of size     1352 : min/avg/max: 1.27864e-07 1.28218e-07 1.29189e-07 seconds or  10573.8 MUPD/s or   253.77 GB/s
Error in computation, got 0 instead of 526
STREAM triad of size     1488 : min/avg/max: 1.27933e-07 1.28189e-07 1.28731e-07 seconds or    11631 MUPD/s or  279.145 GB/s
Error in computation, got 0 instead of 526
STREAM triad of size     1640 : min/avg/max: 1.27908e-07 1.28212e-07 1.28509e-07 seconds or  12821.7 MUPD/s or  307.722 GB/s
Error in computation, got 0 instead of 526
STREAM triad of size     1808 : min/avg/max: 1.27997e-07  1.2837e-07 1.29068e-07 seconds or  14125.3 MUPD/s or  339.007 GB/s
Error in computation, got 0 instead of 526
STREAM triad of size     1992 : min/avg/max: 1.27876e-07 1.28226e-07 1.28715e-07 seconds or  15577.6 MUPD/s or  373.862 GB/s
Error in computation, got 0 instead of 526
STREAM triad of size     2192 : min/avg/max: 1.27836e-07 1.28189e-07 1.29003e-07 seconds or  17146.9 MUPD/s or  411.526 GB/s
Error in computation, got 0 instead of 526
STREAM triad of size     2416 : min/avg/max: 1.27969e-07 1.28296e-07 1.29354e-07 seconds or  18879.6 MUPD/s or  453.111 GB/s
Error in computation, got 0 instead of 526
STREAM triad of size     2664 : min/avg/max: 1.27917e-07 1.31931e-07 1.43223e-07 seconds or  20825.9 MUPD/s or  499.822 GB/s
Error in computation, got 0 instead of 526
STREAM triad of size     2936 : min/avg/max: 1.37094e-07 1.37358e-07 1.38095e-07 seconds or    21416 MUPD/s or  513.983 GB/s
Error in computation, got 0 instead of 526
STREAM triad of size     3232 : min/avg/max:  1.3238e-07 1.34061e-07  1.3817e-07 seconds or  24414.5 MUPD/s or  585.948 GB/s
Error in computation, got 0 instead of 526
STREAM triad of size     3560 : min/avg/max: 1.32093e-07 1.32679e-07 1.34406e-07 seconds or  26950.8 MUPD/s or  646.819 GB/s
Error in computation, got 0 instead of 526
STREAM triad of size     3920 : min/avg/max: 1.32235e-07 1.32696e-07 1.33653e-07 seconds or  29644.2 MUPD/s or   711.46 GB/s
Error in computation, got 0 instead of 526
STREAM triad of size     4320 : min/avg/max: 1.32277e-07 1.32685e-07 1.33531e-07 seconds or  32658.8 MUPD/s or  783.812 GB/s
Error in computation, got 0 instead of 526
STREAM triad of size     4760 : min/avg/max: 1.28563e-07 1.32421e-07 1.33799e-07 seconds or  37024.7 MUPD/s or  888.592 GB/s
Error in computation, got 0 instead of 526
STREAM triad of size     5240 : min/avg/max: 1.27528e-07  1.2825e-07 1.29857e-07 seconds or  41089.1 MUPD/s or  986.138 GB/s
Error in computation, got 0 instead of 526
STREAM triad of size     5768 : min/avg/max:  1.2786e-07 1.28318e-07 1.29831e-07 seconds or    45112 MUPD/s or  1082.69 GB/s
Error in computation, got 0 instead of 526
STREAM triad of size     6352 : min/avg/max: 1.27763e-07 1.28357e-07     1.3e-07 seconds or  49717.1 MUPD/s or  1193.21 GB/s
Error in computation, got 0 instead of 526
STREAM triad of size     6992 : min/avg/max: 1.27929e-07 1.28371e-07 1.29942e-07 seconds or  54655.4 MUPD/s or  1311.73 GB/s
Error in computation, got 0 instead of 526
STREAM triad of size     7696 : min/avg/max: 1.27104e-07   1.284e-07 1.30057e-07 seconds or  60548.7 MUPD/s or  1453.17 GB/s
Error in computation, got 0 instead of 526
STREAM triad of size     8472 : min/avg/max: 1.27823e-07 1.28374e-07 1.29465e-07 seconds or  66279.1 MUPD/s or   1590.7 GB/s
Error in computation, got 0 instead of 526
STREAM triad of size     9320 : min/avg/max: 1.27844e-07 1.28768e-07  1.3112e-07 seconds or  72901.2 MUPD/s or  1749.63 GB/s
Error in computation, got 0 instead of 526
STREAM triad of size    10256 : min/avg/max: 1.27965e-07 1.28681e-07 1.30861e-07 seconds or  80146.7 MUPD/s or  1923.52 GB/s
Error in computation, got 0 instead of 526
STREAM triad of size    11288 : min/avg/max: 1.27623e-07 1.28402e-07 1.30787e-07 seconds or    88448 MUPD/s or  2122.75 GB/s
Error in computation, got 0 instead of 526
STREAM triad of size    12424 : min/avg/max: 1.27921e-07 1.28637e-07 1.31299e-07 seconds or  97122.7 MUPD/s or  2330.94 GB/s
Error in computation, got 0 instead of 526
STREAM triad of size    13672 : min/avg/max: 1.27648e-07 1.28648e-07 1.31766e-07 seconds or   107107 MUPD/s or  2570.57 GB/s
Error in computation, got 0 instead of 526
STREAM triad of size    15040 : min/avg/max: 1.27584e-07 1.28328e-07 1.29202e-07 seconds or   117883 MUPD/s or   2829.2 GB/s
Error in computation, got 0 instead of 526
STREAM triad of size    16552 : min/avg/max: 1.26199e-07 1.28549e-07   1.333e-07 seconds or   131158 MUPD/s or  3147.78 GB/s
Error in computation, got 0 instead of 526
STREAM triad of size    18208 : min/avg/max: 1.27337e-07 1.28713e-07 1.29921e-07 seconds or   142990 MUPD/s or  3431.77 GB/s
Error in computation, got 0 instead of 526
STREAM triad of size    20032 : min/avg/max: 1.27696e-07 1.28509e-07 1.29887e-07 seconds or   156873 MUPD/s or  3764.95 GB/s
Error in computation, got 0 instead of 526
STREAM triad of size    22040 : min/avg/max: 1.26767e-07 1.28691e-07 1.34633e-07 seconds or   173862 MUPD/s or  4172.68 GB/s
Error in computation, got 0 instead of 526
STREAM triad of size    24248 : min/avg/max: 1.27677e-07 1.28489e-07  1.2968e-07 seconds or   189916 MUPD/s or  4557.99 GB/s
Error in computation, got 0 instead of 526
STREAM triad of size    26680 : min/avg/max: 1.27795e-07 1.28866e-07 1.31646e-07 seconds or   208773 MUPD/s or  5010.54 GB/s
Error in computation, got 0 instead of 526
STREAM triad of size    29352 : min/avg/max: 1.27656e-07  1.2847e-07 1.29376e-07 seconds or   229931 MUPD/s or  5518.35 GB/s
Error in computation, got 0 instead of 526
STREAM triad of size    32288 : min/avg/max: 1.27885e-07 1.28622e-07 1.30741e-07 seconds or   252477 MUPD/s or  6059.46 GB/s
Error in computation, got 0 instead of 526
STREAM triad of size    35520 : min/avg/max: 1.26812e-07 1.28757e-07 1.30333e-07 seconds or   280099 MUPD/s or  6722.37 GB/s
Error in computation, got 0 instead of 526
STREAM triad of size    39080 : min/avg/max: 1.27268e-07  1.2866e-07 1.31316e-07 seconds or   307068 MUPD/s or  7369.63 GB/s
Error in computation, got 0 instead of 526
STREAM triad of size    42992 : min/avg/max: 1.27762e-07 1.28856e-07 1.31796e-07 seconds or   336501 MUPD/s or  8076.03 GB/s
Error in computation, got 0 instead of 526
STREAM triad of size    47296 : min/avg/max: 1.27964e-07 1.28888e-07 1.31355e-07 seconds or   369605 MUPD/s or  8870.52 GB/s
Error in computation, got 0 instead of 526
STREAM triad of size    52032 : min/avg/max: 1.27739e-07 1.28864e-07 1.33332e-07 seconds or   407332 MUPD/s or  9775.96 GB/s
Error in computation, got 0 instead of 526
STREAM triad of size    57240 : min/avg/max:  1.2803e-07 1.29081e-07 1.33511e-07 seconds or   447084 MUPD/s or    10730 GB/s
Error in computation, got 0 instead of 526
STREAM triad of size    62968 : min/avg/max: 1.27181e-07 1.29288e-07 1.35558e-07 seconds or   495104 MUPD/s or  11882.5 GB/s
Error in computation, got 0 instead of 526
STREAM triad of size    69272 : min/avg/max: 1.27818e-07 1.29126e-07 1.31351e-07 seconds or   541956 MUPD/s or    13007 GB/s
Error in computation, got 0 instead of 526
STREAM triad of size    76200 : min/avg/max: 1.27948e-07 1.29189e-07 1.33079e-07 seconds or   595554 MUPD/s or  14293.3 GB/s
Error in computation, got 0 instead of 526
STREAM triad of size    83824 : min/avg/max: 1.28123e-07 1.29379e-07 1.33448e-07 seconds or   654245 MUPD/s or  15701.9 GB/s
Error in computation, got 0 instead of 526
STREAM triad of size    92208 : min/avg/max: 1.28218e-07 1.29689e-07   1.368e-07 seconds or   719152 MUPD/s or  17259.6 GB/s
Error in computation, got 0 instead of 526
STREAM triad of size   101432 : min/avg/max: 1.28061e-07 1.29577e-07 1.40904e-07 seconds or   792061 MUPD/s or  19009.5 GB/s
Error in computation, got 0 instead of 526
STREAM triad of size   111576 : min/avg/max: 1.28227e-07  1.2968e-07 1.35121e-07 seconds or   870147 MUPD/s or  20883.5 GB/s
Error in computation, got 0 instead of 526
STREAM triad of size   122736 : min/avg/max: 1.28077e-07 1.29758e-07  1.3981e-07 seconds or   958296 MUPD/s or  22999.1 GB/s
Error in computation, got 0 instead of 526
STREAM triad of size   135016 : min/avg/max: 1.28232e-07 1.29449e-07 1.34096e-07 seconds or 1.0529e+06 MUPD/s or  25269.6 GB/s
Error in computation, got 0 instead of 526
STREAM triad of size   148520 : min/avg/max: 1.28355e-07 1.29743e-07 1.35496e-07 seconds or 1.1571e+06 MUPD/s or  27770.5 GB/s
Error in computation, got 0 instead of 526
STREAM triad of size   163376 : min/avg/max: 1.28402e-07 1.30202e-07 1.44029e-07 seconds or 1.27238e+06 MUPD/s or  30537.1 GB/s
Error in computation, got 0 instead of 526
STREAM triad of size   179720 : min/avg/max: 1.28676e-07 1.30281e-07 1.41248e-07 seconds or 1.39668e+06 MUPD/s or  33520.4 GB/s
Error in computation, got 0 instead of 526
STREAM triad of size   197696 : min/avg/max: 1.28727e-07 1.30506e-07 1.41978e-07 seconds or 1.53578e+06 MUPD/s or  36858.7 GB/s
Error in computation, got 0 instead of 526
STREAM triad of size   217472 : min/avg/max: 1.28765e-07 1.30346e-07  1.3941e-07 seconds or 1.68891e+06 MUPD/s or  40533.8 GB/s
Error in computation, got 0 instead of 526
STREAM triad of size   239224 : min/avg/max: 1.28799e-07 1.30414e-07 1.43856e-07 seconds or 1.85734e+06 MUPD/s or  44576.2 GB/s
Error in computation, got 0 instead of 526
STREAM triad of size   263152 : min/avg/max: 1.28911e-07 1.30739e-07 1.42755e-07 seconds or 2.04135e+06 MUPD/s or  48992.5 GB/s
Error in computation, got 0 instead of 526
STREAM triad of size   289472 : min/avg/max:  1.2911e-07 1.31106e-07 1.47165e-07 seconds or 2.24205e+06 MUPD/s or  53809.3 GB/s
Error in computation, got 0 instead of 526
STREAM triad of size   318424 : min/avg/max:  1.2935e-07 1.31451e-07 1.50621e-07 seconds or 2.46172e+06 MUPD/s or  59081.2 GB/s
Error in computation, got 0 instead of 526
STREAM triad of size   350272 : min/avg/max: 1.29375e-07 1.30379e-07 1.41947e-07 seconds or 2.70741e+06 MUPD/s or  64977.8 GB/s
Error in computation, got 0 instead of 526
STREAM triad of size   385304 : min/avg/max: 1.29448e-07 1.31846e-07 1.53317e-07 seconds or 2.97652e+06 MUPD/s or  71436.4 GB/s
Error in computation, got 0 instead of 526
STREAM triad of size   423840 : min/avg/max: 1.29651e-07  1.3233e-07 1.52596e-07 seconds or 3.26908e+06 MUPD/s or    78458 GB/s
Error in computation, got 0 instead of 526
STREAM triad of size   466232 : min/avg/max: 1.29766e-07 1.31493e-07 1.48743e-07 seconds or 3.59286e+06 MUPD/s or  86228.6 GB/s
Error in computation, got 0 instead of 526
STREAM triad of size   512856 : min/avg/max: 1.29892e-07 1.33257e-07 1.62974e-07 seconds or 3.94833e+06 MUPD/s or    94760 GB/s
Error in computation, got 0 instead of 526
STREAM triad of size   564144 : min/avg/max: 1.30599e-07 1.34316e-07 1.67153e-07 seconds or 4.31967e+06 MUPD/s or   103672 GB/s
Error in computation, got 0 instead of 526
STREAM triad of size   620560 : min/avg/max: 1.30708e-07 1.35422e-07 2.06826e-07 seconds or 4.74768e+06 MUPD/s or   113944 GB/s
Error in computation, got 0 instead of 526
STREAM triad of size   682624 : min/avg/max: 1.31411e-07 1.33266e-07 1.58363e-07 seconds or 5.19457e+06 MUPD/s or   124670 GB/s
Error in computation, got 0 instead of 526
STREAM triad of size   750888 : min/avg/max: 1.31331e-07  1.3779e-07 2.20135e-07 seconds or 5.71753e+06 MUPD/s or   137221 GB/s
Error in computation, got 0 instead of 526
STREAM triad of size   825984 : min/avg/max: 1.31678e-07 1.34063e-07 1.63397e-07 seconds or 6.27277e+06 MUPD/s or   150547 GB/s
Error in computation, got 0 instead of 526
STREAM triad of size   908584 : min/avg/max: 1.32245e-07 1.34861e-07 1.71373e-07 seconds or 6.87044e+06 MUPD/s or   164890 GB/s
Error in computation, got 0 instead of 526
STREAM triad of size   999448 : min/avg/max:  1.3271e-07 1.38158e-07   1.862e-07 seconds or 7.53107e+06 MUPD/s or   180746 GB/s
Error in computation, got 0 instead of 526
STREAM triad of size  1099400 : min/avg/max: 1.33322e-07 1.36457e-07 1.76489e-07 seconds or 8.24619e+06 MUPD/s or   197908 GB/s
Error in computation, got 0 instead of 526
STREAM triad of size  1209344 : min/avg/max: 1.33634e-07 1.37334e-07 1.87488e-07 seconds or 9.04966e+06 MUPD/s or   217192 GB/s
Error in computation, got 0 instead of 526
STREAM triad of size  1330280 : min/avg/max:  1.3488e-07 1.38551e-07 1.93293e-07 seconds or 9.86269e+06 MUPD/s or   236705 GB/s
Error in computation, got 0 instead of 526
STREAM triad of size  1463312 : min/avg/max: 1.35279e-07 1.39121e-07 1.96603e-07 seconds or 1.0817e+07 MUPD/s or   259607 GB/s
Error in computation, got 0 instead of 526
STREAM triad of size  1609648 : min/avg/max: 1.36177e-07 1.41097e-07 2.13177e-07 seconds or 1.18202e+07 MUPD/s or   283685 GB/s
Error in computation, got 0 instead of 526
STREAM triad of size  1770616 : min/avg/max: 1.36821e-07 1.42809e-07 2.34268e-07 seconds or 1.29411e+07 MUPD/s or   310586 GB/s
Error in computation, got 0 instead of 526
STREAM triad of size  1947680 : min/avg/max: 1.38392e-07 1.45237e-07 2.53059e-07 seconds or 1.40736e+07 MUPD/s or   337767 GB/s
Error in computation, got 0 instead of 526
STREAM triad of size  2142456 : min/avg/max: 1.39022e-07 1.47983e-07 2.91609e-07 seconds or 1.54109e+07 MUPD/s or   369863 GB/s
Error in computation, got 0 instead of 526
STREAM triad of size  2356704 : min/avg/max: 1.40762e-07 1.50039e-07 3.07429e-07 seconds or 1.67425e+07 MUPD/s or   401820 GB/s
Error in computation, got 0 instead of 526
STREAM triad of size  2592376 : min/avg/max: 1.41789e-07 1.54992e-07 3.81474e-07 seconds or 1.82833e+07 MUPD/s or   438799 GB/s
Error in computation, got 0 instead of 526
STREAM triad of size  2851616 : min/avg/max: 1.42771e-07 1.61436e-07   4.892e-07 seconds or 1.99733e+07 MUPD/s or   479359 GB/s
Error in computation, got 0 instead of 526
STREAM triad of size  3136784 : min/avg/max: 1.45194e-07 1.76397e-07 5.82645e-07 seconds or 2.16042e+07 MUPD/s or   518500 GB/s
Error in computation, got 0 instead of 526
STREAM triad of size  3450464 : min/avg/max: 1.47036e-07 1.81143e-07 7.96036e-07 seconds or 2.34668e+07 MUPD/s or   563204 GB/s
Error in computation, got 0 instead of 526
STREAM triad of size  3795512 : min/avg/max: 1.48231e-07  1.9195e-07 9.86154e-07 seconds or 2.56054e+07 MUPD/s or   614530 GB/s
Error in computation, got 0 instead of 526
STREAM triad of size  4175064 : min/avg/max:    1.51e-07 2.16567e-07 1.13143e-06 seconds or 2.76494e+07 MUPD/s or   663586 GB/s
Error in computation, got 0 instead of 526
STREAM triad of size  4592576 : min/avg/max: 1.53667e-07 2.16638e-07 1.37438e-06 seconds or 2.98866e+07 MUPD/s or   717279 GB/s
Error in computation, got 0 instead of 526
STREAM triad of size  5051840 : min/avg/max: 1.56053e-07 2.24026e-07 1.47905e-06 seconds or 3.23727e+07 MUPD/s or   776944 GB/s
Error in computation, got 0 instead of 526
STREAM triad of size  5557032 : min/avg/max: 1.59412e-07 2.52582e-07 1.69371e-06 seconds or 3.48596e+07 MUPD/s or   836631 GB/s
Error in computation, got 0 instead of 526
STREAM triad of size  6112736 : min/avg/max: 1.61813e-07 2.43166e-07 1.75806e-06 seconds or 3.77767e+07 MUPD/s or   906640 GB/s
Error in computation, got 0 instead of 526
STREAM triad of size  6724016 : min/avg/max: 1.66429e-07 2.62243e-07 2.03879e-06 seconds or 4.04018e+07 MUPD/s or   969644 GB/s
Error in computation, got 0 instead of 526
STREAM triad of size  7396424 : min/avg/max: 1.69462e-07 2.69177e-07 2.11392e-06 seconds or 4.36466e+07 MUPD/s or 1.04752e+06 GB/s
Error in computation, got 0 instead of 526
STREAM triad of size  8136072 : min/avg/max:   1.735e-07  2.8065e-07 2.28333e-06 seconds or 4.68938e+07 MUPD/s or 1.12545e+06 GB/s
Error in computation, got 0 instead of 526
STREAM triad of size  8949680 : min/avg/max: 1.77091e-07 2.96909e-07 2.52245e-06 seconds or 5.05372e+07 MUPD/s or 1.21289e+06 GB/s
Error in computation, got 0 instead of 526
STREAM triad of size  9844656 : min/avg/max:   1.829e-07  3.1263e-07  2.7347e-06 seconds or 5.38253e+07 MUPD/s or 1.29181e+06 GB/s
Error in computation, got 0 instead of 526
STREAM triad of size 10829128 : min/avg/max: 1.89333e-07 3.40478e-07 3.16922e-06 seconds or 5.71961e+07 MUPD/s or 1.37271e+06 GB/s
Error in computation, got 0 instead of 526
STREAM triad of size 11912048 : min/avg/max:  1.9575e-07 3.61906e-07 3.46225e-06 seconds or 6.08534e+07 MUPD/s or 1.46048e+06 GB/s
Error in computation, got 0 instead of 526
STREAM triad of size 13103256 : min/avg/max: 2.06143e-07 3.97171e-07 3.97571e-06 seconds or 6.3564e+07 MUPD/s or 1.52554e+06 GB/s
Error in computation, got 0 instead of 526
STREAM triad of size 14413584 : min/avg/max:   2.185e-07 4.34842e-07  4.4595e-06 seconds or 6.59661e+07 MUPD/s or 1.58319e+06 GB/s
Error in computation, got 0 instead of 526
STREAM triad of size 15854944 : min/avg/max:    2.19e-07 6.77542e-07 5.00883e-06 seconds or 7.2397e+07 MUPD/s or 1.73753e+06 GB/s
Error in computation, got 0 instead of 526
STREAM triad of size 17440440 : min/avg/max:   2.376e-07   4.933e-07  5.2634e-06 seconds or 7.34025e+07 MUPD/s or 1.76166e+06 GB/s
Error in computation, got 0 instead of 526
STREAM triad of size 19184488 : min/avg/max:    2.37e-07  4.9053e-07  5.2024e-06 seconds or 8.09472e+07 MUPD/s or 1.94273e+06 GB/s
Error in computation, got 0 instead of 526
STREAM triad of size 21102944 : min/avg/max:   2.635e-07  5.9595e-07   6.786e-06 seconds or 8.00871e+07 MUPD/s or 1.92209e+06 GB/s
Error in computation, got 0 instead of 526
STREAM triad of size 23213240 : min/avg/max:   2.655e-07 5.86312e-07  6.5835e-06 seconds or 8.74322e+07 MUPD/s or 2.09837e+06 GB/s
Error in computation, got 0 instead of 526
STREAM triad of size 25534568 : min/avg/max: 3.10667e-07 7.37333e-07   8.689e-06 seconds or 8.21928e+07 MUPD/s or 1.97263e+06 GB/s
Error in computation, got 0 instead of 526
STREAM triad of size 28088032 : min/avg/max: 3.12333e-07   7.588e-07 9.10067e-06 seconds or 8.99297e+07 MUPD/s or 2.15831e+06 GB/s
Error in computation, got 0 instead of 526
STREAM triad of size 30896840 : min/avg/max: 3.09667e-07 7.13567e-07   8.244e-06 seconds or 9.97745e+07 MUPD/s or 2.39459e+06 GB/s
Error in computation, got 0 instead of 526
STREAM triad of size 33986528 : min/avg/max:   4.015e-07 1.06013e-06  1.3356e-05 seconds or 8.46489e+07 MUPD/s or 2.03157e+06 GB/s
Error in computation, got 0 instead of 526
STREAM triad of size 37385184 : min/avg/max:   4.005e-07 1.03985e-06   1.296e-05 seconds or 9.33463e+07 MUPD/s or 2.24031e+06 GB/s
Error in computation, got 0 instead of 526
STREAM triad of size 41123704 : min/avg/max:    4.01e-07 1.02315e-06   1.266e-05 seconds or 1.02553e+08 MUPD/s or 2.46127e+06 GB/s
Error in computation, got 0 instead of 526
STREAM triad of size 45236080 : min/avg/max:    4.01e-07 1.06955e-06  1.3525e-05 seconds or 1.12808e+08 MUPD/s or 2.7074e+06 GB/s
Error in computation, got 0 instead of 526
STREAM triad of size 49759696 : min/avg/max:    4.01e-07 1.11883e-06 1.21525e-05 seconds or 1.24089e+08 MUPD/s or 2.97814e+06 GB/s
Error in computation, got 0 instead of 526
STREAM triad of size 54735672 : min/avg/max:    6.69e-07 2.20755e-06  3.0929e-05 seconds or 8.18171e+07 MUPD/s or 1.96361e+06 GB/s
Error in computation, got 0 instead of 526
STREAM triad of size 60209240 : min/avg/max:     6.7e-07 1.95795e-06  2.5956e-05 seconds or 8.98645e+07 MUPD/s or 2.15675e+06 GB/s
Error in computation, got 0 instead of 526
STREAM triad of size 66230168 : min/avg/max:    6.73e-07 1.83695e-06  2.3602e-05 seconds or 9.84104e+07 MUPD/s or 2.36185e+06 GB/s
Error in computation, got 0 instead of 526
STREAM triad of size 72853192 : min/avg/max:    6.71e-07  1.9441e-06   2.567e-05 seconds or 1.08574e+08 MUPD/s or 2.60578e+06 GB/s
Error in computation, got 0 instead of 526
STREAM triad of size 80138512 : min/avg/max:    6.66e-07  1.8494e-06  2.3841e-05 seconds or 1.20328e+08 MUPD/s or 2.88787e+06 GB/s
Error in computation, got 0 instead of 526
STREAM triad of size 88152368 : min/avg/max:     6.7e-07 2.00555e-06  2.6817e-05 seconds or 1.31571e+08 MUPD/s or 3.1577e+06 GB/s
Error in computation, got 0 instead of 526
STREAM triad of size 96967608 : min/avg/max:     6.7e-07 1.97665e-06  2.6145e-05 seconds or 1.44728e+08 MUPD/s or 3.47347e+06 GB/s
