./stream_triad_cuda -min 8 -max 1e8 -align 1
STREAM triad of size        8 : min/avg/max:  2.9068e-06 3.01182e-06 3.03263e-06 seconds or  2.75216 MUPD/s or 0.033026 GB/s
STREAM triad of size       16 : min/avg/max: 2.45864e-06 2.55137e-06 3.03171e-06 seconds or  6.50765 MUPD/s or 0.0780918 GB/s
STREAM triad of size       24 : min/avg/max: 2.45871e-06 2.46843e-06 2.48544e-06 seconds or   9.7612 MUPD/s or 0.117134 GB/s
STREAM triad of size       32 : min/avg/max: 2.45445e-06 2.48134e-06 2.49264e-06 seconds or  13.0375 MUPD/s or  0.15645 GB/s
STREAM triad of size       40 : min/avg/max: 2.43722e-06 2.53952e-06 3.01757e-06 seconds or  16.4121 MUPD/s or 0.196945 GB/s
STREAM triad of size       48 : min/avg/max: 2.45166e-06 2.46113e-06 2.46833e-06 seconds or  19.5785 MUPD/s or 0.234943 GB/s
STREAM triad of size       56 : min/avg/max: 2.44018e-06  2.4614e-06  2.4833e-06 seconds or  22.9491 MUPD/s or  0.27539 GB/s
STREAM triad of size       64 : min/avg/max:  2.4316e-06 2.45807e-06 2.48025e-06 seconds or  26.3202 MUPD/s or 0.315842 GB/s
STREAM triad of size       72 : min/avg/max: 2.45614e-06 2.47545e-06 2.48921e-06 seconds or  29.3143 MUPD/s or 0.351771 GB/s
STREAM triad of size       80 : min/avg/max: 2.46067e-06 2.48136e-06 2.49482e-06 seconds or  32.5115 MUPD/s or 0.390138 GB/s
STREAM triad of size       96 : min/avg/max: 2.45797e-06  2.4753e-06 2.50469e-06 seconds or  39.0566 MUPD/s or 0.468679 GB/s
STREAM triad of size      112 : min/avg/max:  2.4488e-06 2.46197e-06 2.49866e-06 seconds or  45.7367 MUPD/s or  0.54884 GB/s
STREAM triad of size      128 : min/avg/max: 2.43911e-06 2.46739e-06 2.49387e-06 seconds or  52.4781 MUPD/s or 0.629738 GB/s
STREAM triad of size      144 : min/avg/max: 2.46132e-06  2.4793e-06 2.48858e-06 seconds or  58.5053 MUPD/s or 0.702064 GB/s
STREAM triad of size      160 : min/avg/max: 2.47484e-06 2.47982e-06 2.48317e-06 seconds or  64.6507 MUPD/s or 0.775809 GB/s
STREAM triad of size      184 : min/avg/max: 2.44788e-06  2.4677e-06 2.48519e-06 seconds or  75.1671 MUPD/s or 0.902005 GB/s
STREAM triad of size      208 : min/avg/max:  2.4599e-06 2.47837e-06 2.50765e-06 seconds or  84.5562 MUPD/s or  1.01467 GB/s
STREAM triad of size      232 : min/avg/max: 2.45085e-06 2.47666e-06 2.48792e-06 seconds or   94.661 MUPD/s or  1.13593 GB/s
STREAM triad of size      256 : min/avg/max: 2.44122e-06 2.49073e-06 2.54185e-06 seconds or  104.866 MUPD/s or  1.25839 GB/s
STREAM triad of size      288 : min/avg/max: 2.45011e-06 2.46034e-06 2.48492e-06 seconds or  117.546 MUPD/s or  1.41055 GB/s
STREAM triad of size      320 : min/avg/max: 2.47831e-06 2.48393e-06 2.50212e-06 seconds or   129.12 MUPD/s or  1.54944 GB/s
STREAM triad of size      360 : min/avg/max: 2.47596e-06 2.48256e-06 2.51135e-06 seconds or  145.398 MUPD/s or  1.74478 GB/s
STREAM triad of size      400 : min/avg/max: 2.47729e-06 2.48196e-06 2.48745e-06 seconds or  161.466 MUPD/s or   1.9376 GB/s
STREAM triad of size      448 : min/avg/max: 2.47339e-06 2.47857e-06 2.48678e-06 seconds or  181.128 MUPD/s or  2.17354 GB/s
STREAM triad of size      496 : min/avg/max: 2.44714e-06 2.46957e-06 2.48393e-06 seconds or  202.686 MUPD/s or  2.43223 GB/s
STREAM triad of size      552 : min/avg/max: 2.47406e-06 2.47812e-06 2.48431e-06 seconds or  223.115 MUPD/s or  2.67738 GB/s
STREAM triad of size      608 : min/avg/max: 2.44506e-06 2.47402e-06 2.49394e-06 seconds or  248.665 MUPD/s or  2.98398 GB/s
STREAM triad of size      672 : min/avg/max: 2.44266e-06 2.47175e-06 2.47972e-06 seconds or   275.11 MUPD/s or  3.30132 GB/s
STREAM triad of size      744 : min/avg/max: 2.44567e-06 2.46701e-06 2.49972e-06 seconds or  304.211 MUPD/s or  3.65054 GB/s
STREAM triad of size      824 : min/avg/max: 2.46968e-06 2.47625e-06 2.50047e-06 seconds or  333.646 MUPD/s or  4.00376 GB/s
STREAM triad of size      912 : min/avg/max: 2.47788e-06 2.49159e-06 2.57485e-06 seconds or  368.056 MUPD/s or  4.41667 GB/s
STREAM triad of size     1008 : min/avg/max: 2.54794e-06 2.55022e-06 2.55694e-06 seconds or  395.613 MUPD/s or  4.74736 GB/s
STREAM triad of size     1112 : min/avg/max: 2.60562e-06 2.60739e-06 2.61182e-06 seconds or   426.77 MUPD/s or  5.12123 GB/s
STREAM triad of size     1224 : min/avg/max: 2.67161e-06 2.67278e-06 2.67519e-06 seconds or   458.15 MUPD/s or   5.4978 GB/s
STREAM triad of size     1352 : min/avg/max: 3.00538e-06 3.00704e-06 3.00863e-06 seconds or  449.859 MUPD/s or  5.39831 GB/s
STREAM triad of size     1488 : min/avg/max: 3.08717e-06 3.08947e-06 3.09126e-06 seconds or  481.995 MUPD/s or  5.78394 GB/s
STREAM triad of size     1640 : min/avg/max: 3.19563e-06 3.19775e-06 3.20346e-06 seconds or  513.201 MUPD/s or  6.15842 GB/s
STREAM triad of size     1808 : min/avg/max: 3.27664e-06 3.28254e-06 3.28444e-06 seconds or  551.785 MUPD/s or  6.62142 GB/s
STREAM triad of size     1992 : min/avg/max: 3.64142e-06 3.64272e-06 3.64528e-06 seconds or  547.039 MUPD/s or  6.56447 GB/s
STREAM triad of size     2192 : min/avg/max: 3.78367e-06 3.78731e-06 3.79027e-06 seconds or  579.331 MUPD/s or  6.95197 GB/s
STREAM triad of size     2416 : min/avg/max: 3.91379e-06 3.91465e-06 3.91546e-06 seconds or  617.304 MUPD/s or  7.40765 GB/s
STREAM triad of size     2664 : min/avg/max: 4.31715e-06 4.31955e-06 4.32104e-06 seconds or  617.074 MUPD/s or  7.40488 GB/s
STREAM triad of size     2936 : min/avg/max: 4.50644e-06 4.50717e-06 4.50825e-06 seconds or  651.512 MUPD/s or  7.81814 GB/s
STREAM triad of size     3232 : min/avg/max: 4.88076e-06 4.88373e-06 4.89604e-06 seconds or  662.192 MUPD/s or  7.94631 GB/s
STREAM triad of size     3560 : min/avg/max: 5.13469e-06 5.13916e-06 5.14206e-06 seconds or  693.324 MUPD/s or  8.31989 GB/s
STREAM triad of size     3920 : min/avg/max: 5.60626e-06  5.6096e-06 5.62088e-06 seconds or  699.218 MUPD/s or  8.39062 GB/s
STREAM triad of size     4320 : min/avg/max: 5.89685e-06 5.89939e-06 5.90167e-06 seconds or  732.595 MUPD/s or  8.79114 GB/s
STREAM triad of size     4760 : min/avg/max: 6.39816e-06 6.40138e-06 6.40257e-06 seconds or  743.964 MUPD/s or  8.92757 GB/s
STREAM triad of size     5240 : min/avg/max: 6.93199e-06 6.93562e-06 6.93717e-06 seconds or  755.916 MUPD/s or  9.07099 GB/s
STREAM triad of size     5768 : min/avg/max: 7.39794e-06 7.40379e-06 7.40961e-06 seconds or  779.677 MUPD/s or  9.35612 GB/s
STREAM triad of size     6352 : min/avg/max: 7.90496e-06 7.90664e-06 7.90852e-06 seconds or  803.547 MUPD/s or  9.64256 GB/s
STREAM triad of size     6992 : min/avg/max: 8.59702e-06 8.59876e-06 8.60157e-06 seconds or  813.305 MUPD/s or  9.75966 GB/s
STREAM triad of size     7696 : min/avg/max: 9.36839e-06 9.37112e-06 9.37405e-06 seconds or  821.486 MUPD/s or  9.85783 GB/s
STREAM triad of size     8472 : min/avg/max: 1.01859e-05 1.01896e-05 1.01918e-05 seconds or  831.738 MUPD/s or  9.98085 GB/s
STREAM triad of size     9320 : min/avg/max: 1.10116e-05 1.10137e-05 1.10165e-05 seconds or  846.383 MUPD/s or  10.1566 GB/s
STREAM triad of size    10256 : min/avg/max:   1.197e-05 1.19723e-05 1.19745e-05 seconds or  856.806 MUPD/s or  10.2817 GB/s
STREAM triad of size    11288 : min/avg/max:  1.3061e-05 1.30637e-05 1.30658e-05 seconds or   864.25 MUPD/s or   10.371 GB/s
STREAM triad of size    12424 : min/avg/max:  1.4166e-05 1.41702e-05 1.41735e-05 seconds or  877.032 MUPD/s or  10.5244 GB/s
STREAM triad of size    13672 : min/avg/max:  1.5463e-05 1.54645e-05 1.54662e-05 seconds or  884.176 MUPD/s or  10.6101 GB/s
STREAM triad of size    15040 : min/avg/max: 1.68546e-05 1.68575e-05  1.6861e-05 seconds or  892.337 MUPD/s or   10.708 GB/s
STREAM triad of size    16552 : min/avg/max: 1.83685e-05 1.83724e-05 1.83766e-05 seconds or  901.109 MUPD/s or  10.8133 GB/s
STREAM triad of size    18208 : min/avg/max: 2.00501e-05 2.00522e-05 2.00552e-05 seconds or  908.125 MUPD/s or  10.8975 GB/s
STREAM triad of size    20032 : min/avg/max: 2.19622e-05 2.19652e-05  2.1969e-05 seconds or  912.112 MUPD/s or  10.9453 GB/s
STREAM triad of size    22040 : min/avg/max: 2.40201e-05 2.40235e-05 2.40325e-05 seconds or  917.566 MUPD/s or  11.0108 GB/s
STREAM triad of size    24248 : min/avg/max: 2.62646e-05 2.62688e-05 2.62759e-05 seconds or  923.219 MUPD/s or  11.0786 GB/s
STREAM triad of size    26680 : min/avg/max:  2.8745e-05 2.87509e-05 2.87635e-05 seconds or  928.162 MUPD/s or  11.1379 GB/s
STREAM triad of size    29352 : min/avg/max: 3.15265e-05 3.15326e-05 3.15459e-05 seconds or  931.026 MUPD/s or  11.1723 GB/s
STREAM triad of size    32288 : min/avg/max: 3.45074e-05 3.45138e-05 3.45298e-05 seconds or  935.683 MUPD/s or  11.2282 GB/s
STREAM triad of size    35520 : min/avg/max: 3.78204e-05 3.78287e-05 3.78496e-05 seconds or  939.174 MUPD/s or  11.2701 GB/s
STREAM triad of size    39080 : min/avg/max: 4.16824e-05 4.16925e-05 4.17129e-05 seconds or  937.567 MUPD/s or  11.2508 GB/s
STREAM triad of size    42992 : min/avg/max: 4.55322e-05 4.55422e-05 4.55714e-05 seconds or  944.211 MUPD/s or  11.3305 GB/s
STREAM triad of size    47296 : min/avg/max: 4.99613e-05 4.99698e-05 5.00032e-05 seconds or  946.652 MUPD/s or  11.3598 GB/s
STREAM triad of size    52032 : min/avg/max: 5.48596e-05 5.48701e-05 5.49119e-05 seconds or  948.457 MUPD/s or  11.3815 GB/s
STREAM triad of size    57240 : min/avg/max:  6.0184e-05 6.02011e-05 6.02502e-05 seconds or  951.083 MUPD/s or   11.413 GB/s
STREAM triad of size    62968 : min/avg/max:  6.6167e-05 6.61814e-05 6.62611e-05 seconds or  951.653 MUPD/s or  11.4198 GB/s
STREAM triad of size    69272 : min/avg/max: 7.29936e-05 7.30208e-05  7.3114e-05 seconds or  949.015 MUPD/s or  11.3882 GB/s
STREAM triad of size    76200 : min/avg/max: 7.98552e-05 7.98784e-05 7.99593e-05 seconds or  954.227 MUPD/s or  11.4507 GB/s
STREAM triad of size    83824 : min/avg/max: 8.77858e-05 8.78166e-05 8.79455e-05 seconds or  954.869 MUPD/s or  11.4584 GB/s
STREAM triad of size    92208 : min/avg/max: 9.64988e-05 9.65221e-05 9.66812e-05 seconds or  955.535 MUPD/s or  11.4664 GB/s
STREAM triad of size   101432 : min/avg/max: 0.000106022 0.000106052 0.000106218 seconds or   956.71 MUPD/s or  11.4805 GB/s
STREAM triad of size   111576 : min/avg/max: 0.000116626  0.00011666 0.000116879 seconds or  956.702 MUPD/s or  11.4804 GB/s
STREAM triad of size   122736 : min/avg/max: 0.000128332 0.000128377 0.000128662 seconds or  956.396 MUPD/s or  11.4768 GB/s
STREAM triad of size   135016 : min/avg/max:  0.00014075 0.000140792 0.000141093 seconds or  959.264 MUPD/s or  11.5112 GB/s
STREAM triad of size   148520 : min/avg/max: 0.000154929 0.000154978 0.000155361 seconds or  958.634 MUPD/s or  11.5036 GB/s
STREAM triad of size   163376 : min/avg/max: 0.000170265 0.000170325  0.00017079 seconds or  959.537 MUPD/s or  11.5144 GB/s
STREAM triad of size   179720 : min/avg/max: 0.000187335 0.000187402 0.000188002 seconds or  959.352 MUPD/s or  11.5122 GB/s
STREAM triad of size   197696 : min/avg/max: 0.000205966 0.000206058 0.000206753 seconds or  959.849 MUPD/s or  11.5182 GB/s
STREAM triad of size   217472 : min/avg/max: 0.000226515 0.000226609 0.000227528 seconds or  960.078 MUPD/s or  11.5209 GB/s
STREAM triad of size   239224 : min/avg/max: 0.000249239 0.000249356 0.000250486 seconds or  959.817 MUPD/s or  11.5178 GB/s
STREAM triad of size   263152 : min/avg/max: 0.000273384  0.00027352 0.000274843 seconds or  962.572 MUPD/s or  11.5509 GB/s
STREAM triad of size   289472 : min/avg/max: 0.000300744 0.000300872  0.00030237 seconds or  962.518 MUPD/s or  11.5502 GB/s
STREAM triad of size   318424 : min/avg/max: 0.000330747 0.000330918 0.000332739 seconds or  962.743 MUPD/s or  11.5529 GB/s
STREAM triad of size   350272 : min/avg/max: 0.000365273 0.000365766 0.000368221 seconds or  958.931 MUPD/s or  11.5072 GB/s
STREAM triad of size   385304 : min/avg/max: 0.000403696 0.000404436 0.000407306 seconds or  954.442 MUPD/s or  11.4533 GB/s
STREAM triad of size   423840 : min/avg/max: 0.000442593 0.000443538 0.000446659 seconds or   957.63 MUPD/s or  11.4916 GB/s
STREAM triad of size   466232 : min/avg/max: 0.000492439  0.00049339 0.000497384 seconds or  946.782 MUPD/s or  11.3614 GB/s
STREAM triad of size   512856 : min/avg/max: 0.000534652 0.000535803 0.000540785 seconds or  959.234 MUPD/s or  11.5108 GB/s
STREAM triad of size   564144 : min/avg/max: 0.000656733 0.000658046 0.000663296 seconds or  859.015 MUPD/s or  10.3082 GB/s
STREAM triad of size   620560 : min/avg/max: 0.000723844 0.000725503 0.000732527 seconds or  857.312 MUPD/s or  10.2877 GB/s
STREAM triad of size   682624 : min/avg/max:  0.00079577 0.000798024 0.000806533 seconds or  857.815 MUPD/s or  10.2938 GB/s
STREAM triad of size   750888 : min/avg/max: 0.000881313 0.000883809 0.000893715 seconds or  852.011 MUPD/s or  10.2241 GB/s
STREAM triad of size   825984 : min/avg/max: 0.000975688 0.000977731 0.000989399 seconds or  846.566 MUPD/s or  10.1588 GB/s
STREAM triad of size   908584 : min/avg/max:  0.00106765  0.00106973  0.00108532 seconds or  851.016 MUPD/s or  10.2122 GB/s
STREAM triad of size   999448 : min/avg/max:  0.00118128  0.00118418  0.00120247 seconds or   846.07 MUPD/s or  10.1528 GB/s
STREAM triad of size  1099400 : min/avg/max:  0.00118487  0.00118765  0.00121099 seconds or  927.867 MUPD/s or  11.1344 GB/s
STREAM triad of size  1209344 : min/avg/max:  0.00130266  0.00130538  0.00133373 seconds or  928.362 MUPD/s or  11.1403 GB/s
STREAM triad of size  1330280 : min/avg/max:   0.0014345  0.00143799  0.00147227 seconds or  927.346 MUPD/s or  11.1282 GB/s
STREAM triad of size  1463312 : min/avg/max:  0.00157579  0.00158027  0.00162215 seconds or  928.623 MUPD/s or  11.1435 GB/s
STREAM triad of size  1609648 : min/avg/max:  0.00175506  0.00176157  0.00180982 seconds or  917.147 MUPD/s or  11.0058 GB/s
STREAM triad of size  1770616 : min/avg/max:  0.00194711   0.0019534  0.00201394 seconds or  909.357 MUPD/s or  10.9123 GB/s
STREAM triad of size  1947680 : min/avg/max:  0.00216136  0.00216783  0.00223829 seconds or  901.136 MUPD/s or  10.8136 GB/s
STREAM triad of size  2142456 : min/avg/max:  0.00236642  0.00237613  0.00246542 seconds or  905.359 MUPD/s or  10.8643 GB/s
STREAM triad of size  2356704 : min/avg/max:  0.00259128  0.00260059  0.00271065 seconds or  909.476 MUPD/s or  10.9137 GB/s
STREAM triad of size  2592376 : min/avg/max:   0.0028529  0.00286664  0.00299955 seconds or  908.682 MUPD/s or  10.9042 GB/s
STREAM triad of size  2851616 : min/avg/max:  0.00312663  0.00313937  0.00329097 seconds or  912.043 MUPD/s or  10.9445 GB/s
