./stream_triad_cuda -min 8 -max 1e8 -align 1
STREAM triad of size        8 : min/avg/max: 2.46685e-06 2.47031e-06 2.47717e-06 seconds or  3.24301 MUPD/s or 0.0389161 GB/s
STREAM triad of size       16 : min/avg/max: 2.46576e-06 2.46903e-06 2.47228e-06 seconds or  6.48886 MUPD/s or 0.0778664 GB/s
STREAM triad of size       24 : min/avg/max: 2.46366e-06 2.47021e-06 2.48079e-06 seconds or   9.7416 MUPD/s or 0.116899 GB/s
STREAM triad of size       32 : min/avg/max: 2.46552e-06 2.47183e-06 2.48356e-06 seconds or   12.979 MUPD/s or 0.155748 GB/s
STREAM triad of size       40 : min/avg/max: 2.46463e-06 2.47136e-06 2.48262e-06 seconds or  16.2296 MUPD/s or 0.194756 GB/s
STREAM triad of size       48 : min/avg/max:  2.4671e-06 2.47108e-06 2.48188e-06 seconds or   19.456 MUPD/s or 0.233473 GB/s
STREAM triad of size       56 : min/avg/max: 2.46696e-06 2.46858e-06 2.47641e-06 seconds or     22.7 MUPD/s or   0.2724 GB/s
STREAM triad of size       64 : min/avg/max: 2.46261e-06 2.46954e-06 2.48025e-06 seconds or  25.9887 MUPD/s or 0.311865 GB/s
STREAM triad of size       72 : min/avg/max: 2.45249e-06 2.46912e-06 2.48576e-06 seconds or   29.358 MUPD/s or 0.352295 GB/s
STREAM triad of size       80 : min/avg/max: 2.46516e-06 2.46881e-06 2.47951e-06 seconds or  32.4523 MUPD/s or 0.389427 GB/s
STREAM triad of size       96 : min/avg/max: 2.46675e-06 2.47195e-06 2.49874e-06 seconds or  38.9176 MUPD/s or 0.467011 GB/s
STREAM triad of size      112 : min/avg/max: 2.46336e-06 2.47595e-06 2.49976e-06 seconds or  45.4663 MUPD/s or 0.545595 GB/s
STREAM triad of size      128 : min/avg/max: 2.44819e-06 2.46952e-06 2.49217e-06 seconds or  52.2834 MUPD/s or 0.627401 GB/s
STREAM triad of size      144 : min/avg/max: 2.46472e-06  2.4763e-06 2.49656e-06 seconds or  58.4244 MUPD/s or 0.701093 GB/s
STREAM triad of size      160 : min/avg/max: 2.46712e-06 2.47877e-06 2.49083e-06 seconds or  64.8529 MUPD/s or 0.778235 GB/s
STREAM triad of size      184 : min/avg/max:  2.4644e-06 2.47246e-06 2.50177e-06 seconds or  74.6632 MUPD/s or 0.895959 GB/s
STREAM triad of size      208 : min/avg/max: 2.46608e-06 2.47683e-06 2.51627e-06 seconds or  84.3442 MUPD/s or  1.01213 GB/s
STREAM triad of size      232 : min/avg/max:  2.4661e-06 2.47963e-06 2.51916e-06 seconds or  94.0756 MUPD/s or  1.12891 GB/s
STREAM triad of size      256 : min/avg/max: 2.44411e-06 2.47494e-06 2.48555e-06 seconds or  104.742 MUPD/s or   1.2569 GB/s
STREAM triad of size      288 : min/avg/max: 2.46646e-06 2.47632e-06 2.48186e-06 seconds or  116.767 MUPD/s or   1.4012 GB/s
STREAM triad of size      320 : min/avg/max: 2.46558e-06 2.47252e-06 2.48813e-06 seconds or  129.787 MUPD/s or  1.55744 GB/s
STREAM triad of size      360 : min/avg/max: 2.47597e-06 2.47834e-06 2.48191e-06 seconds or  145.398 MUPD/s or  1.74477 GB/s
STREAM triad of size      400 : min/avg/max: 2.46457e-06  2.4709e-06 2.49798e-06 seconds or    162.3 MUPD/s or   1.9476 GB/s
STREAM triad of size      448 : min/avg/max: 2.47749e-06 2.47974e-06 2.48182e-06 seconds or  180.828 MUPD/s or  2.16994 GB/s
STREAM triad of size      496 : min/avg/max: 2.46552e-06  2.4756e-06 2.49733e-06 seconds or  201.174 MUPD/s or  2.41409 GB/s
STREAM triad of size      552 : min/avg/max: 2.47557e-06  2.4804e-06 2.48875e-06 seconds or  222.979 MUPD/s or  2.67575 GB/s
STREAM triad of size      608 : min/avg/max: 2.47631e-06 2.48103e-06 2.50748e-06 seconds or  245.526 MUPD/s or  2.94631 GB/s
STREAM triad of size      672 : min/avg/max: 2.47564e-06 2.48058e-06 2.50347e-06 seconds or  271.445 MUPD/s or  3.25734 GB/s
STREAM triad of size      744 : min/avg/max: 2.46287e-06  2.4682e-06 2.48142e-06 seconds or  302.087 MUPD/s or  3.62504 GB/s
STREAM triad of size      824 : min/avg/max: 2.46379e-06  2.4739e-06 2.49393e-06 seconds or  334.445 MUPD/s or  4.01333 GB/s
STREAM triad of size      912 : min/avg/max: 2.47592e-06  2.4794e-06 2.49108e-06 seconds or  368.347 MUPD/s or  4.42017 GB/s
STREAM triad of size     1008 : min/avg/max: 2.46313e-06 2.47391e-06 2.51385e-06 seconds or  409.235 MUPD/s or  4.91082 GB/s
STREAM triad of size     1112 : min/avg/max: 2.47388e-06 2.47951e-06 2.48582e-06 seconds or  449.497 MUPD/s or  5.39396 GB/s
STREAM triad of size     1224 : min/avg/max: 2.46698e-06 2.48105e-06 2.54121e-06 seconds or  496.154 MUPD/s or  5.95385 GB/s
STREAM triad of size     1352 : min/avg/max: 2.47405e-06 2.48289e-06 2.50267e-06 seconds or  546.473 MUPD/s or  6.55768 GB/s
STREAM triad of size     1488 : min/avg/max:  2.4745e-06 2.48031e-06 2.49695e-06 seconds or  601.334 MUPD/s or  7.21601 GB/s
STREAM triad of size     1640 : min/avg/max: 2.47804e-06 2.48236e-06 2.49329e-06 seconds or  661.813 MUPD/s or  7.94176 GB/s
STREAM triad of size     1808 : min/avg/max: 2.47212e-06 2.47904e-06 2.49109e-06 seconds or  731.357 MUPD/s or  8.77628 GB/s
STREAM triad of size     1992 : min/avg/max:  2.4412e-06 2.46853e-06 2.50846e-06 seconds or  815.992 MUPD/s or  9.79191 GB/s
STREAM triad of size     2192 : min/avg/max: 2.47412e-06 2.48251e-06 2.51279e-06 seconds or  885.971 MUPD/s or  10.6317 GB/s
STREAM triad of size     2416 : min/avg/max: 2.47398e-06 2.47979e-06 2.49391e-06 seconds or  976.564 MUPD/s or  11.7188 GB/s
STREAM triad of size     2664 : min/avg/max: 2.47111e-06 2.48037e-06 2.49154e-06 seconds or  1078.06 MUPD/s or  12.9367 GB/s
STREAM triad of size     2936 : min/avg/max: 2.47462e-06 2.47843e-06 2.48669e-06 seconds or  1186.45 MUPD/s or  14.2374 GB/s
STREAM triad of size     3232 : min/avg/max: 2.47242e-06 2.48013e-06  2.5063e-06 seconds or  1307.22 MUPD/s or  15.6866 GB/s
STREAM triad of size     3560 : min/avg/max: 2.47359e-06 2.47958e-06 2.49347e-06 seconds or   1439.2 MUPD/s or  17.2704 GB/s
STREAM triad of size     3920 : min/avg/max: 2.47416e-06 2.47986e-06 2.49602e-06 seconds or  1584.38 MUPD/s or  19.0125 GB/s
STREAM triad of size     4320 : min/avg/max: 2.47394e-06 2.48111e-06 2.50584e-06 seconds or   1746.2 MUPD/s or  20.9545 GB/s
STREAM triad of size     4760 : min/avg/max: 2.47606e-06 2.48095e-06  2.5099e-06 seconds or  1922.41 MUPD/s or  23.0689 GB/s
STREAM triad of size     5240 : min/avg/max:  2.4773e-06 2.49225e-06 2.51732e-06 seconds or   2115.2 MUPD/s or  25.3825 GB/s
STREAM triad of size     5768 : min/avg/max: 2.47475e-06 2.48105e-06  2.4983e-06 seconds or  2330.74 MUPD/s or  27.9689 GB/s
STREAM triad of size     6352 : min/avg/max:  2.4725e-06 2.48258e-06 2.52577e-06 seconds or  2569.06 MUPD/s or  30.8288 GB/s
STREAM triad of size     6992 : min/avg/max: 2.47399e-06 2.48403e-06 2.52217e-06 seconds or   2826.2 MUPD/s or  33.9144 GB/s
STREAM triad of size     7696 : min/avg/max: 2.47397e-06  2.4837e-06 2.51894e-06 seconds or  3110.78 MUPD/s or  37.3294 GB/s
STREAM triad of size     8472 : min/avg/max:  2.4764e-06 2.49184e-06  2.5275e-06 seconds or   3421.1 MUPD/s or  41.0532 GB/s
STREAM triad of size     9320 : min/avg/max:  2.4759e-06 2.48409e-06 2.50455e-06 seconds or  3764.29 MUPD/s or  45.1715 GB/s
STREAM triad of size    10256 : min/avg/max: 2.47328e-06 2.48367e-06 2.50645e-06 seconds or  4146.71 MUPD/s or  49.7606 GB/s
STREAM triad of size    11288 : min/avg/max: 2.47721e-06 2.48585e-06  2.5064e-06 seconds or  4556.74 MUPD/s or  54.6809 GB/s
STREAM triad of size    12424 : min/avg/max: 2.46073e-06 2.49569e-06 2.56335e-06 seconds or  5048.91 MUPD/s or  60.5869 GB/s
STREAM triad of size    13672 : min/avg/max: 2.47507e-06 2.48445e-06 2.50099e-06 seconds or  5523.88 MUPD/s or  66.2866 GB/s
STREAM triad of size    15040 : min/avg/max:  2.4801e-06 2.49377e-06 2.55393e-06 seconds or  6064.28 MUPD/s or  72.7714 GB/s
STREAM triad of size    16552 : min/avg/max: 2.47414e-06 2.50016e-06  2.5322e-06 seconds or  6690.01 MUPD/s or  80.2801 GB/s
STREAM triad of size    18208 : min/avg/max: 2.46609e-06 2.49064e-06 2.51138e-06 seconds or  7383.35 MUPD/s or  88.6002 GB/s
STREAM triad of size    20032 : min/avg/max: 2.48346e-06 2.49978e-06 2.53318e-06 seconds or  8066.18 MUPD/s or  96.7941 GB/s
STREAM triad of size    22040 : min/avg/max: 2.47451e-06 2.49774e-06 2.52512e-06 seconds or  8906.83 MUPD/s or  106.882 GB/s
STREAM triad of size    24248 : min/avg/max: 2.47191e-06 2.49582e-06 2.53389e-06 seconds or   9809.4 MUPD/s or  117.713 GB/s
STREAM triad of size    26680 : min/avg/max:  2.4781e-06 2.48911e-06 2.52761e-06 seconds or  10766.3 MUPD/s or  129.196 GB/s
STREAM triad of size    29352 : min/avg/max: 2.53684e-06 2.54567e-06 2.56452e-06 seconds or  11570.3 MUPD/s or  138.844 GB/s
STREAM triad of size    32288 : min/avg/max: 2.59251e-06 2.59988e-06 2.61004e-06 seconds or  12454.3 MUPD/s or  149.452 GB/s
STREAM triad of size    35520 : min/avg/max: 2.64542e-06 2.66134e-06 2.76846e-06 seconds or    13427 MUPD/s or  161.124 GB/s
STREAM triad of size    39080 : min/avg/max: 2.72393e-06 2.72766e-06 2.73186e-06 seconds or  14346.9 MUPD/s or  172.163 GB/s
STREAM triad of size    42992 : min/avg/max: 3.00709e-06 3.01705e-06 3.02821e-06 seconds or  14296.9 MUPD/s or  171.563 GB/s
STREAM triad of size    47296 : min/avg/max: 3.12336e-06 3.12915e-06 3.13602e-06 seconds or  15142.7 MUPD/s or  181.712 GB/s
STREAM triad of size    52032 : min/avg/max: 3.25919e-06 3.26253e-06 3.26778e-06 seconds or  15964.7 MUPD/s or  191.576 GB/s
STREAM triad of size    57240 : min/avg/max: 3.34369e-06 3.35099e-06 3.35862e-06 seconds or  17118.8 MUPD/s or  205.426 GB/s
STREAM triad of size    62968 : min/avg/max: 3.63652e-06 3.64082e-06  3.6479e-06 seconds or  17315.4 MUPD/s or  207.785 GB/s
STREAM triad of size    69272 : min/avg/max:  3.8032e-06 3.80928e-06 3.81652e-06 seconds or  18214.1 MUPD/s or   218.57 GB/s
STREAM triad of size    76200 : min/avg/max: 3.96456e-06 3.96985e-06 3.97396e-06 seconds or  19220.3 MUPD/s or  230.643 GB/s
STREAM triad of size    83824 : min/avg/max: 4.35401e-06 4.37649e-06 4.39927e-06 seconds or  19252.2 MUPD/s or  231.026 GB/s
STREAM triad of size    92208 : min/avg/max: 4.55134e-06 4.56956e-06 4.58907e-06 seconds or  20259.5 MUPD/s or  243.114 GB/s
STREAM triad of size   101432 : min/avg/max: 4.76234e-06 4.76755e-06 4.77335e-06 seconds or  21298.8 MUPD/s or  255.585 GB/s
STREAM triad of size   111576 : min/avg/max: 5.18209e-06 5.18773e-06 5.19147e-06 seconds or  21531.1 MUPD/s or  258.373 GB/s
STREAM triad of size   122736 : min/avg/max: 5.50374e-06 5.50791e-06 5.51212e-06 seconds or  22300.5 MUPD/s or  267.606 GB/s
STREAM triad of size   135016 : min/avg/max: 5.87074e-06 5.87465e-06  5.8791e-06 seconds or  22998.1 MUPD/s or  275.978 GB/s
STREAM triad of size   148520 : min/avg/max: 6.36279e-06 6.36738e-06 6.37427e-06 seconds or  23341.9 MUPD/s or  280.103 GB/s
STREAM triad of size   163376 : min/avg/max:  6.7996e-06 6.80397e-06 6.80699e-06 seconds or  24027.3 MUPD/s or  288.328 GB/s
STREAM triad of size   179720 : min/avg/max:  7.2987e-06 7.30319e-06 7.30875e-06 seconds or  24623.6 MUPD/s or  295.483 GB/s
STREAM triad of size   197696 : min/avg/max: 7.91518e-06 7.91997e-06 7.92558e-06 seconds or  24976.8 MUPD/s or  299.722 GB/s
STREAM triad of size   217472 : min/avg/max: 8.55184e-06 8.55664e-06 8.56374e-06 seconds or  25429.9 MUPD/s or  305.158 GB/s
STREAM triad of size   239224 : min/avg/max: 9.22512e-06 9.22934e-06 9.23634e-06 seconds or  25931.8 MUPD/s or  311.182 GB/s
STREAM triad of size   263152 : min/avg/max: 1.00319e-05 1.00358e-05 1.00443e-05 seconds or  26231.6 MUPD/s or   314.78 GB/s
STREAM triad of size   289472 : min/avg/max: 1.09396e-05 1.09447e-05 1.09542e-05 seconds or    26461 MUPD/s or  317.532 GB/s
STREAM triad of size   318424 : min/avg/max:  1.1809e-05 1.18149e-05 1.18273e-05 seconds or  26964.4 MUPD/s or  323.573 GB/s
STREAM triad of size   350272 : min/avg/max: 1.62117e-05 1.62277e-05 1.62431e-05 seconds or  21606.1 MUPD/s or  259.274 GB/s
STREAM triad of size   385304 : min/avg/max: 2.05039e-05 2.05448e-05 2.06007e-05 seconds or  18791.8 MUPD/s or  225.501 GB/s
STREAM triad of size   423840 : min/avg/max: 2.29005e-05 2.29364e-05 2.29695e-05 seconds or  18507.9 MUPD/s or  222.095 GB/s
STREAM triad of size   466232 : min/avg/max: 2.54226e-05 2.54566e-05 2.55252e-05 seconds or  18339.3 MUPD/s or  220.071 GB/s
STREAM triad of size   512856 : min/avg/max: 2.75771e-05 2.75977e-05 2.76619e-05 seconds or  18597.2 MUPD/s or  223.166 GB/s
STREAM triad of size   564144 : min/avg/max: 3.00916e-05 3.01179e-05 3.01422e-05 seconds or  18747.6 MUPD/s or  224.971 GB/s
STREAM triad of size   620560 : min/avg/max: 3.28905e-05 3.29139e-05 3.29523e-05 seconds or  18867.5 MUPD/s or   226.41 GB/s
STREAM triad of size   682624 : min/avg/max:  3.6198e-05 3.62207e-05 3.62618e-05 seconds or  18858.1 MUPD/s or  226.297 GB/s
STREAM triad of size   750888 : min/avg/max: 3.91599e-05 3.91954e-05 3.92436e-05 seconds or  19174.9 MUPD/s or  230.099 GB/s
STREAM triad of size   825984 : min/avg/max: 4.29597e-05 4.30202e-05 4.30787e-05 seconds or    19227 MUPD/s or  230.724 GB/s
STREAM triad of size   908584 : min/avg/max: 4.71914e-05 4.72191e-05 4.72604e-05 seconds or  19253.2 MUPD/s or  231.038 GB/s
STREAM triad of size   999448 : min/avg/max:  5.1442e-05 5.14863e-05 5.15494e-05 seconds or  19428.6 MUPD/s or  233.144 GB/s
STREAM triad of size  1099400 : min/avg/max: 5.64948e-05 5.65385e-05 5.66266e-05 seconds or  19460.2 MUPD/s or  233.523 GB/s
STREAM triad of size  1209344 : min/avg/max: 6.20837e-05 6.21296e-05 6.21747e-05 seconds or  19479.3 MUPD/s or  233.751 GB/s
STREAM triad of size  1330280 : min/avg/max: 6.79926e-05 6.80724e-05  6.8176e-05 seconds or  19565.1 MUPD/s or  234.781 GB/s
STREAM triad of size  1463312 : min/avg/max: 7.42296e-05 7.43001e-05 7.44027e-05 seconds or  19713.3 MUPD/s or   236.56 GB/s
STREAM triad of size  1609648 : min/avg/max: 8.19444e-05 8.19848e-05 8.20495e-05 seconds or  19643.2 MUPD/s or  235.718 GB/s
STREAM triad of size  1770616 : min/avg/max: 8.89776e-05 8.90794e-05 8.91726e-05 seconds or  19899.6 MUPD/s or  238.795 GB/s
STREAM triad of size  1947680 : min/avg/max: 9.76268e-05 9.77237e-05 9.78762e-05 seconds or  19950.3 MUPD/s or  239.403 GB/s
STREAM triad of size  2142456 : min/avg/max: 0.000107984 0.000108137  0.00010841 seconds or  19840.5 MUPD/s or  238.085 GB/s
STREAM triad of size  2356704 : min/avg/max: 0.000118293 0.000118384 0.000118524 seconds or  19922.5 MUPD/s or   239.07 GB/s
STREAM triad of size  2592376 : min/avg/max: 0.000129785 0.000129889 0.000130085 seconds or  19974.5 MUPD/s or  239.693 GB/s
STREAM triad of size  2851616 : min/avg/max:  0.00014229 0.000142366 0.000142542 seconds or  20040.9 MUPD/s or  240.491 GB/s
STREAM triad of size  3136784 : min/avg/max: 0.000156544 0.000156631 0.000156773 seconds or  20037.7 MUPD/s or  240.453 GB/s
STREAM triad of size  3450464 : min/avg/max: 0.000171129 0.000171212 0.000171601 seconds or  20162.9 MUPD/s or  241.955 GB/s
STREAM triad of size  3795512 : min/avg/max: 0.000188116  0.00018829 0.000188629 seconds or  20176.4 MUPD/s or  242.117 GB/s
STREAM triad of size  4175064 : min/avg/max: 0.000206691 0.000206856 0.000207273 seconds or  20199.5 MUPD/s or  242.394 GB/s
STREAM triad of size  4592576 : min/avg/max: 0.000227997 0.000228191 0.000228849 seconds or  20143.2 MUPD/s or  241.718 GB/s
STREAM triad of size  5051840 : min/avg/max: 0.000249867  0.00025006 0.000250777 seconds or  20218.1 MUPD/s or  242.617 GB/s
STREAM triad of size  5557032 : min/avg/max: 0.000275366 0.000275543 0.000276481 seconds or  20180.5 MUPD/s or  242.166 GB/s
STREAM triad of size  6112736 : min/avg/max: 0.000302529 0.000302764 0.000303792 seconds or  20205.4 MUPD/s or  242.465 GB/s
STREAM triad of size  6724016 : min/avg/max: 0.000332162 0.000332523 0.000334221 seconds or  20243.2 MUPD/s or  242.918 GB/s
STREAM triad of size  7396424 : min/avg/max:  0.00036177 0.000362302 0.000364076 seconds or  20445.1 MUPD/s or  245.341 GB/s
STREAM triad of size  8136072 : min/avg/max: 0.000400922  0.00040144 0.000403975 seconds or  20293.4 MUPD/s or  243.521 GB/s
STREAM triad of size  8949680 : min/avg/max: 0.000442451 0.000442827 0.000445191 seconds or  20227.5 MUPD/s or   242.73 GB/s
STREAM triad of size  9844656 : min/avg/max: 0.000485335 0.000485993  0.00048884 seconds or  20284.3 MUPD/s or  243.411 GB/s
STREAM triad of size 10829128 : min/avg/max: 0.000533265 0.000533767 0.000537019 seconds or  20307.2 MUPD/s or  243.687 GB/s
STREAM triad of size 11912048 : min/avg/max: 0.000589495 0.000590155 0.000593755 seconds or  20207.2 MUPD/s or  242.487 GB/s
STREAM triad of size 13103256 : min/avg/max: 0.000647175  0.00064804  0.00065327 seconds or  20246.8 MUPD/s or  242.962 GB/s
STREAM triad of size 14413584 : min/avg/max: 0.000710966 0.000711633 0.000716363 seconds or  20273.2 MUPD/s or  243.279 GB/s
STREAM triad of size 15854944 : min/avg/max: 0.000779312 0.000779972 0.000785118 seconds or  20344.8 MUPD/s or  244.138 GB/s
STREAM triad of size 17440440 : min/avg/max: 0.000859408 0.000860171 0.000865664 seconds or  20293.6 MUPD/s or  243.523 GB/s
STREAM triad of size 19184488 : min/avg/max: 0.000943663 0.000944833 0.000951365 seconds or  20329.8 MUPD/s or  243.958 GB/s
STREAM triad of size 21102944 : min/avg/max:  0.00104047  0.00104185  0.00104989 seconds or  20282.2 MUPD/s or  243.387 GB/s
STREAM triad of size 23213240 : min/avg/max:  0.00113312   0.0011349   0.0011416 seconds or  20486.1 MUPD/s or  245.833 GB/s
STREAM triad of size 25534568 : min/avg/max:   0.0012544  0.00125642    0.001266 seconds or  20355.9 MUPD/s or  244.271 GB/s
STREAM triad of size 28088032 : min/avg/max:  0.00138194  0.00138331  0.00139522 seconds or    20325 MUPD/s or    243.9 GB/s
STREAM triad of size 30896840 : min/avg/max:  0.00151806  0.00151985  0.00152943 seconds or  20352.9 MUPD/s or  244.235 GB/s
STREAM triad of size 33986528 : min/avg/max:  0.00167177  0.00167376   0.0016885 seconds or  20329.7 MUPD/s or  243.956 GB/s
STREAM triad of size 37385184 : min/avg/max:  0.00183906  0.00184093  0.00185433 seconds or  20328.4 MUPD/s or  243.941 GB/s
STREAM triad of size 41123704 : min/avg/max:  0.00202741  0.00202944  0.00204504 seconds or  20283.9 MUPD/s or  243.407 GB/s
STREAM triad of size 45236080 : min/avg/max:   0.0022251  0.00222759  0.00224112 seconds or  20329.9 MUPD/s or  243.958 GB/s
STREAM triad of size 49759696 : min/avg/max:  0.00244664  0.00244925  0.00246358 seconds or  20337.9 MUPD/s or  244.055 GB/s
STREAM triad of size 54735672 : min/avg/max:  0.00268572  0.00269001  0.00271566 seconds or  20380.2 MUPD/s or  244.563 GB/s
STREAM triad of size 60209240 : min/avg/max:  0.00296169  0.00296625  0.00299473 seconds or  20329.4 MUPD/s or  243.952 GB/s
STREAM triad of size 66230168 : min/avg/max:  0.00325075  0.00325538  0.00328327 seconds or  20373.8 MUPD/s or  244.486 GB/s
STREAM triad of size 72853192 : min/avg/max:  0.00358019  0.00358507  0.00361417 seconds or  20348.9 MUPD/s or  244.187 GB/s
STREAM triad of size 80138512 : min/avg/max:  0.00394022  0.00394558  0.00397606 seconds or  20338.6 MUPD/s or  244.063 GB/s
STREAM triad of size 88152368 : min/avg/max:  0.00433491   0.0043397  0.00437067 seconds or  20335.4 MUPD/s or  244.025 GB/s
STREAM triad of size 96967608 : min/avg/max:  0.00476853  0.00477532  0.00480596 seconds or  20334.9 MUPD/s or  244.019 GB/s
