Please look at https://www.uppmax.uu.se/support/faq/running-jobs-faq/using-matlab-s-distributed-computing/ for instructions on how to use MATLAB in the best way.

Currently Loaded Modules:
  1) gcc/12.1.0

 

STREAM triad of size        8 : min/avg/max: 8.10166e-09 8.14211e-09 8.29931e-09 seconds or  987.451 MUPD/s or  11.8494 GB/s
STREAM triad of size       16 : min/avg/max: 1.61433e-08 1.61809e-08 1.62404e-08 seconds or  991.123 MUPD/s or  11.8935 GB/s
STREAM triad of size       24 : min/avg/max: 2.41832e-08 2.42109e-08 2.42629e-08 seconds or  992.423 MUPD/s or  11.9091 GB/s
STREAM triad of size       32 : min/avg/max: 3.22267e-08 3.24127e-08   3.561e-08 seconds or  992.967 MUPD/s or  11.9156 GB/s
STREAM triad of size       40 : min/avg/max: 4.34151e-08 4.34965e-08 4.35947e-08 seconds or  921.338 MUPD/s or  11.0561 GB/s
STREAM triad of size       48 : min/avg/max: 4.87472e-08 4.88144e-08 4.88715e-08 seconds or  984.671 MUPD/s or  11.8161 GB/s
STREAM triad of size       56 : min/avg/max: 5.41249e-08 5.42148e-08 5.43866e-08 seconds or  1034.64 MUPD/s or  12.4157 GB/s
STREAM triad of size       64 : min/avg/max: 5.94751e-08 5.95517e-08 5.96234e-08 seconds or  1076.08 MUPD/s or   12.913 GB/s
STREAM triad of size       72 : min/avg/max: 6.48434e-08 6.49075e-08 6.49758e-08 seconds or  1110.37 MUPD/s or  13.3244 GB/s
STREAM triad of size       80 : min/avg/max: 7.01942e-08 7.06246e-08 7.27306e-08 seconds or  1139.69 MUPD/s or  13.6763 GB/s
STREAM triad of size       96 : min/avg/max: 8.08946e-08 8.10194e-08 8.15671e-08 seconds or  1186.73 MUPD/s or  14.2408 GB/s
STREAM triad of size      112 : min/avg/max:    9.16e-08 9.17096e-08 9.20798e-08 seconds or  1222.71 MUPD/s or  14.6725 GB/s
STREAM triad of size      128 : min/avg/max: 1.02358e-07  1.0241e-07 1.02469e-07 seconds or  1250.51 MUPD/s or  15.0061 GB/s
STREAM triad of size      144 : min/avg/max: 1.13027e-07  1.1311e-07  1.1319e-07 seconds or  1274.04 MUPD/s or  15.2884 GB/s
STREAM triad of size      160 : min/avg/max: 1.23771e-07 1.23856e-07 1.23984e-07 seconds or  1292.71 MUPD/s or  15.5126 GB/s
STREAM triad of size      184 : min/avg/max: 1.39842e-07 1.40033e-07 1.41244e-07 seconds or  1315.77 MUPD/s or  15.7893 GB/s
STREAM triad of size      208 : min/avg/max: 1.55909e-07 1.56007e-07 1.56161e-07 seconds or  1334.12 MUPD/s or  16.0094 GB/s
STREAM triad of size      232 : min/avg/max: 1.71933e-07 1.72082e-07 1.72262e-07 seconds or  1349.36 MUPD/s or  16.1923 GB/s
STREAM triad of size      256 : min/avg/max: 1.88048e-07 1.88268e-07 1.89023e-07 seconds or  1361.36 MUPD/s or  16.3363 GB/s
STREAM triad of size      288 : min/avg/max: 2.09492e-07 2.09593e-07  2.0974e-07 seconds or  1374.76 MUPD/s or  16.4971 GB/s
STREAM triad of size      320 : min/avg/max: 2.30922e-07 2.31003e-07 2.31115e-07 seconds or  1385.75 MUPD/s or   16.629 GB/s
STREAM triad of size      360 : min/avg/max: 2.57674e-07 2.57771e-07  2.5786e-07 seconds or  1397.11 MUPD/s or  16.7653 GB/s
STREAM triad of size      400 : min/avg/max: 2.84462e-07  2.8457e-07 2.84749e-07 seconds or  1406.17 MUPD/s or   16.874 GB/s
STREAM triad of size      448 : min/avg/max: 3.16624e-07 3.16711e-07 3.16855e-07 seconds or  1414.93 MUPD/s or  16.9791 GB/s
STREAM triad of size      496 : min/avg/max: 3.48768e-07 3.48849e-07 3.48962e-07 seconds or  1422.15 MUPD/s or  17.0658 GB/s
STREAM triad of size      552 : min/avg/max:  3.8628e-07 3.86568e-07 3.88518e-07 seconds or  1429.02 MUPD/s or  17.1482 GB/s
STREAM triad of size      608 : min/avg/max: 4.23769e-07 4.28795e-07 4.43024e-07 seconds or  1434.74 MUPD/s or  17.2169 GB/s
STREAM triad of size      672 : min/avg/max: 4.66636e-07 4.66869e-07   4.671e-07 seconds or   1440.1 MUPD/s or  17.2811 GB/s
STREAM triad of size      744 : min/avg/max: 5.14858e-07 5.15204e-07 5.15824e-07 seconds or  1445.06 MUPD/s or  17.3407 GB/s
STREAM triad of size      824 : min/avg/max: 5.68433e-07 5.68616e-07 5.68948e-07 seconds or   1449.6 MUPD/s or  17.3952 GB/s
STREAM triad of size      912 : min/avg/max: 6.27347e-07 6.27582e-07 6.27983e-07 seconds or  1453.74 MUPD/s or  17.4449 GB/s
STREAM triad of size     1008 : min/avg/max: 6.91653e-07 6.91957e-07 6.92653e-07 seconds or  1457.38 MUPD/s or  17.4885 GB/s
STREAM triad of size     1112 : min/avg/max:   7.613e-07 7.61962e-07 7.68877e-07 seconds or  1460.66 MUPD/s or  17.5279 GB/s
STREAM triad of size     1224 : min/avg/max: 8.36351e-07 8.36655e-07 8.37569e-07 seconds or   1463.5 MUPD/s or   17.562 GB/s
STREAM triad of size     1352 : min/avg/max: 9.22033e-07  9.2239e-07 9.23051e-07 seconds or  1466.32 MUPD/s or  17.5959 GB/s
STREAM triad of size     1488 : min/avg/max:  1.0131e-06 1.01348e-06 1.01455e-06 seconds or  1468.75 MUPD/s or  17.6251 GB/s
STREAM triad of size     1640 : min/avg/max: 1.11491e-06 1.11631e-06  1.1267e-06 seconds or  1470.97 MUPD/s or  17.6516 GB/s
STREAM triad of size     1808 : min/avg/max: 1.22748e-06 1.23121e-06 1.27171e-06 seconds or  1472.94 MUPD/s or  17.6753 GB/s
STREAM triad of size     1992 : min/avg/max: 1.35072e-06 1.35184e-06 1.35815e-06 seconds or  1474.76 MUPD/s or  17.6972 GB/s
STREAM triad of size     2192 : min/avg/max: 1.48468e-06 1.48514e-06 1.48581e-06 seconds or  1476.41 MUPD/s or  17.7169 GB/s
STREAM triad of size     2416 : min/avg/max: 1.63474e-06 1.63618e-06 1.64329e-06 seconds or  1477.91 MUPD/s or  17.7349 GB/s
STREAM triad of size     2664 : min/avg/max: 1.80083e-06 1.80145e-06 1.80276e-06 seconds or  1479.32 MUPD/s or  17.7518 GB/s
STREAM triad of size     2936 : min/avg/max: 1.98867e-06 1.98965e-06 1.99121e-06 seconds or  1476.37 MUPD/s or  17.7164 GB/s
STREAM triad of size     3232 : min/avg/max: 2.18664e-06 2.18771e-06    2.19e-06 seconds or  1478.06 MUPD/s or  17.7368 GB/s
STREAM triad of size     3560 : min/avg/max: 2.40804e-06  2.4134e-06 2.49256e-06 seconds or  1478.38 MUPD/s or  17.7406 GB/s
STREAM triad of size     3920 : min/avg/max: 2.65024e-06 2.65561e-06 2.70014e-06 seconds or  1479.11 MUPD/s or  17.7493 GB/s
STREAM triad of size     4320 : min/avg/max:  2.9161e-06 2.91782e-06 2.91991e-06 seconds or  1481.43 MUPD/s or  17.7772 GB/s
STREAM triad of size     4760 : min/avg/max: 3.21508e-06 3.21679e-06 3.23184e-06 seconds or  1480.52 MUPD/s or  17.7663 GB/s
STREAM triad of size     5240 : min/avg/max: 3.53534e-06 3.53697e-06  3.5541e-06 seconds or  1482.18 MUPD/s or  17.7861 GB/s
STREAM triad of size     5768 : min/avg/max: 3.89188e-06 3.89314e-06 3.89731e-06 seconds or  1482.06 MUPD/s or  17.7847 GB/s
STREAM triad of size     6352 : min/avg/max: 4.28077e-06 4.28303e-06 4.28547e-06 seconds or  1483.84 MUPD/s or  17.8061 GB/s
STREAM triad of size     6992 : min/avg/max: 4.71418e-06  4.7163e-06 4.71881e-06 seconds or  1483.18 MUPD/s or  17.7982 GB/s
STREAM triad of size     7696 : min/avg/max: 5.20046e-06 5.20257e-06 5.21322e-06 seconds or  1479.87 MUPD/s or  17.7584 GB/s
STREAM triad of size     8472 : min/avg/max: 5.70835e-06 5.70973e-06  5.7119e-06 seconds or  1484.14 MUPD/s or  17.8097 GB/s
STREAM triad of size     9320 : min/avg/max: 6.27719e-06 6.27876e-06  6.2829e-06 seconds or  1484.74 MUPD/s or  17.8169 GB/s
STREAM triad of size    10256 : min/avg/max: 7.08796e-06 7.09365e-06 7.16034e-06 seconds or  1446.96 MUPD/s or  17.3635 GB/s
STREAM triad of size    11288 : min/avg/max: 7.79971e-06 7.80147e-06 7.80324e-06 seconds or  1447.23 MUPD/s or  17.3668 GB/s
STREAM triad of size    12424 : min/avg/max: 8.36372e-06 8.36571e-06   8.373e-06 seconds or  1485.46 MUPD/s or  17.8256 GB/s
STREAM triad of size    13672 : min/avg/max: 9.22384e-06 9.23429e-06 9.32318e-06 seconds or  1482.25 MUPD/s or   17.787 GB/s
STREAM triad of size    15040 : min/avg/max: 1.01682e-05 1.01712e-05 1.01749e-05 seconds or  1479.12 MUPD/s or  17.7495 GB/s
STREAM triad of size    16552 : min/avg/max: 1.11976e-05 1.12002e-05 1.12106e-05 seconds or  1478.18 MUPD/s or  17.7381 GB/s
STREAM triad of size    18208 : min/avg/max: 1.23269e-05 1.23289e-05 1.23326e-05 seconds or   1477.1 MUPD/s or  17.7252 GB/s
STREAM triad of size    20032 : min/avg/max: 1.35661e-05 1.35719e-05 1.36463e-05 seconds or  1476.62 MUPD/s or  17.7194 GB/s
STREAM triad of size    22040 : min/avg/max:  1.4984e-05 1.49966e-05 1.50713e-05 seconds or   1470.9 MUPD/s or  17.6508 GB/s
STREAM triad of size    24248 : min/avg/max: 1.65316e-05 1.65365e-05 1.65408e-05 seconds or  1466.77 MUPD/s or  17.6012 GB/s
STREAM triad of size    26680 : min/avg/max:  1.8293e-05 1.82978e-05 1.83017e-05 seconds or  1458.48 MUPD/s or  17.5018 GB/s
STREAM triad of size    29352 : min/avg/max: 2.01959e-05 2.02019e-05 2.02286e-05 seconds or  1453.36 MUPD/s or  17.4404 GB/s
STREAM triad of size    32288 : min/avg/max: 2.22946e-05 2.23012e-05 2.23102e-05 seconds or  1448.24 MUPD/s or  17.3789 GB/s
STREAM triad of size    35520 : min/avg/max: 2.46999e-05 2.47038e-05 2.47108e-05 seconds or  1438.07 MUPD/s or  17.2568 GB/s
STREAM triad of size    39080 : min/avg/max: 2.72338e-05 2.72392e-05 2.72559e-05 seconds or  1434.98 MUPD/s or  17.2198 GB/s
STREAM triad of size    42992 : min/avg/max: 2.99906e-05 3.00096e-05 3.01432e-05 seconds or  1433.52 MUPD/s or  17.2022 GB/s
STREAM triad of size    47296 : min/avg/max: 3.31166e-05 3.31215e-05  3.3133e-05 seconds or  1428.16 MUPD/s or   17.138 GB/s
STREAM triad of size    52032 : min/avg/max:  3.6454e-05 3.64617e-05 3.64863e-05 seconds or  1427.33 MUPD/s or   17.128 GB/s
STREAM triad of size    57240 : min/avg/max:  4.0105e-05 4.01111e-05 4.01249e-05 seconds or  1427.25 MUPD/s or   17.127 GB/s
STREAM triad of size    62968 : min/avg/max: 4.41131e-05 4.41197e-05 4.41292e-05 seconds or  1427.42 MUPD/s or   17.129 GB/s
STREAM triad of size    69272 : min/avg/max: 4.85435e-05 4.85554e-05 4.85952e-05 seconds or  1427.01 MUPD/s or  17.1241 GB/s
STREAM triad of size    76200 : min/avg/max: 5.33959e-05 5.34034e-05 5.34185e-05 seconds or  1427.07 MUPD/s or  17.1249 GB/s
STREAM triad of size    83824 : min/avg/max: 5.87071e-05 5.87697e-05 5.90246e-05 seconds or  1427.83 MUPD/s or   17.134 GB/s
STREAM triad of size    92208 : min/avg/max: 6.46105e-05 6.46215e-05 6.46785e-05 seconds or  1427.14 MUPD/s or  17.1256 GB/s
STREAM triad of size   101432 : min/avg/max: 7.10931e-05 7.11062e-05 7.11275e-05 seconds or  1426.75 MUPD/s or   17.121 GB/s
STREAM triad of size   111576 : min/avg/max: 7.81896e-05 7.82657e-05 7.86401e-05 seconds or  1426.99 MUPD/s or  17.1239 GB/s
STREAM triad of size   122736 : min/avg/max: 8.60168e-05 8.61442e-05 8.75119e-05 seconds or  1426.88 MUPD/s or  17.1226 GB/s
STREAM triad of size   135016 : min/avg/max: 9.46303e-05 9.47108e-05 9.50884e-05 seconds or  1426.77 MUPD/s or  17.1213 GB/s
STREAM triad of size   148520 : min/avg/max:  0.00010416 0.000104215 0.000104351 seconds or  1425.88 MUPD/s or  17.1106 GB/s
STREAM triad of size   163376 : min/avg/max: 0.000114625 0.000114664 0.000115195 seconds or  1425.31 MUPD/s or  17.1038 GB/s
STREAM triad of size   179720 : min/avg/max: 0.000126284 0.000126351 0.000126808 seconds or  1423.14 MUPD/s or  17.0776 GB/s
STREAM triad of size   197696 : min/avg/max: 0.000139942 0.000139976 0.000140105 seconds or   1412.7 MUPD/s or  16.9524 GB/s
STREAM triad of size   217472 : min/avg/max: 0.000154423 0.000154452 0.000154506 seconds or  1408.29 MUPD/s or  16.8994 GB/s
STREAM triad of size   239224 : min/avg/max: 0.000170251 0.000170283 0.000170364 seconds or  1405.12 MUPD/s or  16.8615 GB/s
STREAM triad of size   263152 : min/avg/max: 0.000187378 0.000187409 0.000187607 seconds or  1404.39 MUPD/s or  16.8527 GB/s
STREAM triad of size   289472 : min/avg/max: 0.000205962 0.000206093 0.000206172 seconds or  1405.46 MUPD/s or  16.8655 GB/s
STREAM triad of size   318424 : min/avg/max: 0.000226646  0.00022667 0.000226724 seconds or  1404.94 MUPD/s or  16.8593 GB/s
STREAM triad of size   350272 : min/avg/max:  0.00024936  0.00024952 0.000251721 seconds or  1404.68 MUPD/s or  16.8562 GB/s
STREAM triad of size   385304 : min/avg/max: 0.000274426 0.000274468 0.000274576 seconds or  1404.04 MUPD/s or  16.8484 GB/s
STREAM triad of size   423840 : min/avg/max: 0.000301869  0.00030192 0.000302064 seconds or  1404.05 MUPD/s or  16.8487 GB/s
STREAM triad of size   466232 : min/avg/max: 0.000331915 0.000332534 0.000334964 seconds or  1404.67 MUPD/s or  16.8561 GB/s
STREAM triad of size   512856 : min/avg/max: 0.000365167 0.000365226  0.00036539 seconds or  1404.44 MUPD/s or  16.8533 GB/s
STREAM triad of size   564144 : min/avg/max: 0.000401547 0.000402112 0.000410988 seconds or  1404.93 MUPD/s or  16.8591 GB/s
STREAM triad of size   620560 : min/avg/max: 0.000441605 0.000441654 0.000441812 seconds or  1405.24 MUPD/s or  16.8628 GB/s
STREAM triad of size   682624 : min/avg/max: 0.000485953 0.000488389 0.000502879 seconds or  1404.71 MUPD/s or  16.8565 GB/s
STREAM triad of size   750888 : min/avg/max: 0.000534812  0.00053494 0.000535497 seconds or  1404.02 MUPD/s or  16.8483 GB/s
STREAM triad of size   825984 : min/avg/max: 0.000591661 0.000592487 0.000598427 seconds or  1396.04 MUPD/s or  16.7525 GB/s
STREAM triad of size   908584 : min/avg/max: 0.000654527 0.000654829 0.000655494 seconds or  1388.15 MUPD/s or  16.6578 GB/s
STREAM triad of size   999448 : min/avg/max: 0.000718405 0.000718981 0.000721772 seconds or   1391.2 MUPD/s or  16.6944 GB/s
STREAM triad of size  1099400 : min/avg/max: 0.000797404 0.000797912 0.000799425 seconds or  1378.72 MUPD/s or  16.5447 GB/s
STREAM triad of size  1209344 : min/avg/max: 0.000903481 0.000904759 0.000908276 seconds or  1338.54 MUPD/s or  16.0625 GB/s
STREAM triad of size  1330280 : min/avg/max: 0.000992969 0.000995029 0.000999341 seconds or   1339.7 MUPD/s or  16.0764 GB/s
STREAM triad of size  1463312 : min/avg/max:  0.00114861  0.00115176  0.00115745 seconds or  1273.98 MUPD/s or  15.2878 GB/s
STREAM triad of size  1609648 : min/avg/max:  0.00129983  0.00130245  0.00130842 seconds or  1238.36 MUPD/s or  14.8603 GB/s
STREAM triad of size  1770616 : min/avg/max:  0.00151834  0.00152091  0.00152539 seconds or  1166.15 MUPD/s or  13.9938 GB/s
STREAM triad of size  1947680 : min/avg/max:  0.00172914  0.00173265  0.00174204 seconds or  1126.39 MUPD/s or  13.5167 GB/s
STREAM triad of size  2142456 : min/avg/max:  0.00196135  0.00196326  0.00196966 seconds or  1092.34 MUPD/s or   13.108 GB/s
STREAM triad of size  2356704 : min/avg/max:  0.00220103  0.00220561  0.00221566 seconds or  1070.73 MUPD/s or  12.8487 GB/s
STREAM triad of size  2592376 : min/avg/max:  0.00245668  0.00246278  0.00247128 seconds or  1055.23 MUPD/s or  12.6628 GB/s
STREAM triad of size  2851616 : min/avg/max:  0.00267947  0.00272681  0.00274413 seconds or  1064.25 MUPD/s or   12.771 GB/s
STREAM triad of size  3136784 : min/avg/max:  0.00300913  0.00301438  0.00302316 seconds or  1042.42 MUPD/s or  12.5091 GB/s
STREAM triad of size  3450464 : min/avg/max:  0.00333444  0.00334044  0.00335477 seconds or   1034.8 MUPD/s or  12.4176 GB/s
STREAM triad of size  3795512 : min/avg/max:  0.00368068  0.00368711  0.00370835 seconds or   1031.2 MUPD/s or  12.3744 GB/s
STREAM triad of size  4175064 : min/avg/max:  0.00405499  0.00406436  0.00409488 seconds or  1029.61 MUPD/s or  12.3553 GB/s
STREAM triad of size  4592576 : min/avg/max:  0.00446453   0.0044776  0.00452449 seconds or  1028.68 MUPD/s or  12.3442 GB/s
STREAM triad of size  5051840 : min/avg/max:  0.00491192  0.00492186  0.00494815 seconds or  1028.49 MUPD/s or  12.3418 GB/s
STREAM triad of size  5557032 : min/avg/max:  0.00539933  0.00540788  0.00543427 seconds or  1029.21 MUPD/s or  12.3505 GB/s
STREAM triad of size  6112736 : min/avg/max:  0.00594699  0.00595715   0.0059739 seconds or  1027.87 MUPD/s or  12.3345 GB/s
STREAM triad of size  6724016 : min/avg/max:  0.00653719  0.00655256  0.00657537 seconds or  1028.58 MUPD/s or   12.343 GB/s
STREAM triad of size  7396424 : min/avg/max:  0.00717173   0.0071815  0.00721414 seconds or  1031.33 MUPD/s or   12.376 GB/s
STREAM triad of size  8136072 : min/avg/max:   0.0079253  0.00793535  0.00798968 seconds or   1026.6 MUPD/s or  12.3191 GB/s
STREAM triad of size  8949680 : min/avg/max:  0.00855745  0.00869817  0.00873207 seconds or  1045.83 MUPD/s or    12.55 GB/s
STREAM triad of size  9844656 : min/avg/max:  0.00956043  0.00957701  0.00964016 seconds or  1029.73 MUPD/s or  12.3567 GB/s
STREAM triad of size 10829128 : min/avg/max:   0.0104909   0.0105147   0.0105469 seconds or  1032.24 MUPD/s or  12.3869 GB/s
STREAM triad of size 11912048 : min/avg/max:   0.0115998   0.0116593   0.0123911 seconds or  1026.92 MUPD/s or  12.3231 GB/s
STREAM triad of size 13103256 : min/avg/max:   0.0127715   0.0127899    0.012858 seconds or  1025.98 MUPD/s or  12.3118 GB/s
STREAM triad of size 14413584 : min/avg/max:   0.0140294   0.0140499   0.0140963 seconds or  1027.38 MUPD/s or  12.3286 GB/s
STREAM triad of size 15854944 : min/avg/max:   0.0154321   0.0154669   0.0156596 seconds or   1027.4 MUPD/s or  12.3288 GB/s
STREAM triad of size 17440440 : min/avg/max:   0.0169638   0.0170024   0.0170638 seconds or   1028.1 MUPD/s or  12.3372 GB/s
STREAM triad of size 19184488 : min/avg/max:   0.0185799    0.018616   0.0186757 seconds or  1032.54 MUPD/s or  12.3905 GB/s
STREAM triad of size 21102944 : min/avg/max:   0.0205846   0.0206115   0.0206805 seconds or  1025.18 MUPD/s or  12.3022 GB/s
STREAM triad of size 23213240 : min/avg/max:   0.0224851   0.0225311   0.0226265 seconds or  1032.38 MUPD/s or  12.3886 GB/s
STREAM triad of size 25534568 : min/avg/max:    0.024953   0.0250071   0.0250837 seconds or  1023.31 MUPD/s or  12.2797 GB/s
STREAM triad of size 28088032 : min/avg/max:   0.0273232   0.0274422   0.0279286 seconds or  1027.99 MUPD/s or  12.3359 GB/s
STREAM triad of size 30896840 : min/avg/max:   0.0301805    0.030241   0.0303411 seconds or  1023.73 MUPD/s or  12.2848 GB/s
STREAM triad of size 33986528 : min/avg/max:   0.0330898   0.0331633   0.0334107 seconds or   1027.1 MUPD/s or  12.3252 GB/s
STREAM triad of size 37385184 : min/avg/max:   0.0365279   0.0366181   0.0367403 seconds or  1023.47 MUPD/s or  12.2816 GB/s
STREAM triad of size 41123704 : min/avg/max:   0.0398671   0.0399051   0.0399869 seconds or  1031.52 MUPD/s or  12.3782 GB/s
STREAM triad of size 45236080 : min/avg/max:   0.0434056   0.0434846   0.0436568 seconds or  1042.17 MUPD/s or  12.5061 GB/s
STREAM triad of size 49759696 : min/avg/max:   0.0484439   0.0485923   0.0490198 seconds or  1027.16 MUPD/s or  12.3259 GB/s
STREAM triad of size 54735672 : min/avg/max:   0.0533059   0.0533963   0.0536737 seconds or  1026.82 MUPD/s or  12.3219 GB/s
STREAM triad of size 60209240 : min/avg/max:   0.0579794   0.0580914   0.0583157 seconds or  1038.46 MUPD/s or  12.4615 GB/s
STREAM triad of size 66230168 : min/avg/max:    0.064605   0.0647016   0.0650213 seconds or  1025.16 MUPD/s or  12.3019 GB/s
STREAM triad of size 72853192 : min/avg/max:   0.0711957   0.0713575    0.071648 seconds or  1023.28 MUPD/s or  12.2794 GB/s
STREAM triad of size 80138512 : min/avg/max:    0.078275   0.0783915   0.0785738 seconds or  1023.81 MUPD/s or  12.2857 GB/s
STREAM triad of size 88152368 : min/avg/max:   0.0858861   0.0860489   0.0863238 seconds or  1026.39 MUPD/s or  12.3166 GB/s
STREAM triad of size 96967608 : min/avg/max:   0.0945064   0.0978856    0.128764 seconds or  1026.04 MUPD/s or  12.3125 GB/s
