Please look at https://www.uppmax.uu.se/support/faq/running-jobs-faq/using-matlab-s-distributed-computing/ for instructions on how to use MATLAB in the best way.

Currently Loaded Modules:
  1) gcc/12.1.0

 

STREAM triad of size        8 : min/avg/max: 8.10228e-09 8.13427e-09 8.25992e-09 seconds or  987.376 MUPD/s or  11.8485 GB/s
STREAM triad of size       16 : min/avg/max: 1.61325e-08 1.61904e-08 1.64876e-08 seconds or  991.784 MUPD/s or  11.9014 GB/s
STREAM triad of size       24 : min/avg/max: 2.41889e-08 2.42297e-08 2.43533e-08 seconds or  992.191 MUPD/s or  11.9063 GB/s
STREAM triad of size       32 : min/avg/max: 3.22174e-08 3.48039e-08 3.81274e-08 seconds or  993.251 MUPD/s or   11.919 GB/s
STREAM triad of size       40 : min/avg/max: 4.34047e-08 4.34679e-08 4.35513e-08 seconds or   921.56 MUPD/s or  11.0587 GB/s
STREAM triad of size       48 : min/avg/max: 4.87551e-08 4.88001e-08  4.8834e-08 seconds or  984.513 MUPD/s or  11.8142 GB/s
STREAM triad of size       56 : min/avg/max: 5.41399e-08 5.41853e-08 5.42461e-08 seconds or  1034.36 MUPD/s or  12.4123 GB/s
STREAM triad of size       64 : min/avg/max: 5.94838e-08 5.95822e-08 5.97482e-08 seconds or  1075.92 MUPD/s or  12.9111 GB/s
STREAM triad of size       72 : min/avg/max: 6.48226e-08  6.4919e-08 6.50815e-08 seconds or  1110.72 MUPD/s or  13.3287 GB/s
STREAM triad of size       80 : min/avg/max: 7.01671e-08 7.02447e-08 7.03245e-08 seconds or  1140.14 MUPD/s or  13.6816 GB/s
STREAM triad of size       96 : min/avg/max: 8.09046e-08 8.09643e-08 8.10211e-08 seconds or  1186.58 MUPD/s or   14.239 GB/s
STREAM triad of size      112 : min/avg/max: 9.16527e-08 9.17076e-08 9.17599e-08 seconds or     1222 MUPD/s or   14.664 GB/s
STREAM triad of size      128 : min/avg/max: 1.02348e-07 1.02395e-07  1.0245e-07 seconds or  1250.63 MUPD/s or  15.0076 GB/s
STREAM triad of size      144 : min/avg/max: 1.13039e-07 1.13167e-07 1.14149e-07 seconds or   1273.9 MUPD/s or  15.2868 GB/s
STREAM triad of size      160 : min/avg/max: 1.23731e-07 1.23943e-07 1.24806e-07 seconds or  1293.12 MUPD/s or  15.5175 GB/s
STREAM triad of size      184 : min/avg/max: 1.39826e-07 1.39978e-07  1.4055e-07 seconds or  1315.92 MUPD/s or  15.7911 GB/s
STREAM triad of size      208 : min/avg/max: 1.55887e-07 1.56009e-07 1.56349e-07 seconds or   1334.3 MUPD/s or  16.0116 GB/s
STREAM triad of size      232 : min/avg/max: 1.71964e-07 1.72046e-07 1.72133e-07 seconds or  1349.12 MUPD/s or  16.1894 GB/s
STREAM triad of size      256 : min/avg/max:  1.8804e-07 1.88148e-07  1.8838e-07 seconds or  1361.41 MUPD/s or  16.3369 GB/s
STREAM triad of size      288 : min/avg/max: 2.09454e-07 2.09561e-07 2.09708e-07 seconds or     1375 MUPD/s or     16.5 GB/s
STREAM triad of size      320 : min/avg/max:  2.3089e-07 2.31125e-07 2.32132e-07 seconds or  1385.94 MUPD/s or  16.6313 GB/s
STREAM triad of size      360 : min/avg/max: 2.57671e-07 2.57808e-07 2.58095e-07 seconds or  1397.13 MUPD/s or  16.7656 GB/s
STREAM triad of size      400 : min/avg/max: 2.84488e-07 2.84604e-07 2.84775e-07 seconds or  1406.04 MUPD/s or  16.8724 GB/s
STREAM triad of size      448 : min/avg/max: 3.16559e-07 3.16725e-07 3.16918e-07 seconds or  1415.22 MUPD/s or  16.9826 GB/s
STREAM triad of size      496 : min/avg/max: 3.48809e-07 3.48891e-07 3.49061e-07 seconds or  1421.98 MUPD/s or  17.0638 GB/s
STREAM triad of size      552 : min/avg/max: 3.86249e-07 3.86403e-07 3.86598e-07 seconds or  1429.13 MUPD/s or  17.1496 GB/s
STREAM triad of size      608 : min/avg/max: 4.23792e-07 4.23907e-07 4.24226e-07 seconds or  1434.67 MUPD/s or   17.216 GB/s
STREAM triad of size      672 : min/avg/max: 4.66658e-07 4.67046e-07 4.71455e-07 seconds or  1440.03 MUPD/s or  17.2803 GB/s
STREAM triad of size      744 : min/avg/max: 5.14839e-07 5.15022e-07 5.15316e-07 seconds or  1445.11 MUPD/s or  17.3414 GB/s
STREAM triad of size      824 : min/avg/max: 5.68388e-07  5.6861e-07 5.68927e-07 seconds or  1449.71 MUPD/s or  17.3966 GB/s
STREAM triad of size      912 : min/avg/max: 6.27326e-07 6.27535e-07 6.28068e-07 seconds or  1453.79 MUPD/s or  17.4455 GB/s
STREAM triad of size     1008 : min/avg/max: 6.91621e-07 6.91794e-07  6.9212e-07 seconds or  1457.45 MUPD/s or  17.4893 GB/s
STREAM triad of size     1112 : min/avg/max: 7.61306e-07 7.61546e-07 7.62159e-07 seconds or  1460.65 MUPD/s or  17.5278 GB/s
STREAM triad of size     1224 : min/avg/max: 8.36329e-07 8.37472e-07 8.54613e-07 seconds or  1463.54 MUPD/s or  17.5625 GB/s
STREAM triad of size     1352 : min/avg/max: 9.22089e-07 9.22476e-07 9.26932e-07 seconds or  1466.24 MUPD/s or  17.5948 GB/s
STREAM triad of size     1488 : min/avg/max: 1.01318e-06 1.01466e-06 1.01833e-06 seconds or  1468.64 MUPD/s or  17.6236 GB/s
STREAM triad of size     1640 : min/avg/max:  1.1149e-06 1.11536e-06  1.1164e-06 seconds or  1470.98 MUPD/s or  17.6518 GB/s
STREAM triad of size     1808 : min/avg/max: 1.22747e-06 1.22775e-06 1.22841e-06 seconds or  1472.94 MUPD/s or  17.6753 GB/s
STREAM triad of size     1992 : min/avg/max: 1.35072e-06 1.35107e-06 1.35202e-06 seconds or  1474.77 MUPD/s or  17.6972 GB/s
STREAM triad of size     2192 : min/avg/max: 1.48467e-06 1.48503e-06 1.48576e-06 seconds or  1476.42 MUPD/s or  17.7171 GB/s
STREAM triad of size     2416 : min/avg/max: 1.63467e-06 1.63498e-06 1.63562e-06 seconds or  1477.98 MUPD/s or  17.7357 GB/s
STREAM triad of size     2664 : min/avg/max: 1.80088e-06 1.80283e-06 1.83211e-06 seconds or  1479.28 MUPD/s or  17.7514 GB/s
STREAM triad of size     2936 : min/avg/max: 1.98845e-06 1.99216e-06  2.0022e-06 seconds or  1476.53 MUPD/s or  17.7183 GB/s
STREAM triad of size     3232 : min/avg/max: 2.18664e-06  2.1888e-06 2.19765e-06 seconds or  1478.06 MUPD/s or  17.7368 GB/s
STREAM triad of size     3560 : min/avg/max: 2.40827e-06  2.4093e-06 2.41059e-06 seconds or  1478.24 MUPD/s or  17.7389 GB/s
STREAM triad of size     3920 : min/avg/max: 2.64977e-06 2.65073e-06 2.65219e-06 seconds or  1479.37 MUPD/s or  17.7525 GB/s
STREAM triad of size     4320 : min/avg/max: 2.91646e-06 2.91791e-06 2.91986e-06 seconds or  1481.25 MUPD/s or   17.775 GB/s
STREAM triad of size     4760 : min/avg/max:  3.2149e-06 3.21627e-06 3.21838e-06 seconds or   1480.6 MUPD/s or  17.7672 GB/s
STREAM triad of size     5240 : min/avg/max: 3.53595e-06 3.53731e-06 3.54022e-06 seconds or  1481.92 MUPD/s or   17.783 GB/s
STREAM triad of size     5768 : min/avg/max: 3.89276e-06 3.89496e-06 3.91326e-06 seconds or  1481.72 MUPD/s or  17.7807 GB/s
STREAM triad of size     6352 : min/avg/max: 4.28055e-06 4.28336e-06 4.30448e-06 seconds or  1483.92 MUPD/s or  17.8071 GB/s
STREAM triad of size     6992 : min/avg/max: 4.71379e-06  4.7424e-06 4.88049e-06 seconds or  1483.31 MUPD/s or  17.7997 GB/s
STREAM triad of size     7696 : min/avg/max: 5.19994e-06 5.20262e-06 5.20733e-06 seconds or  1480.02 MUPD/s or  17.7602 GB/s
STREAM triad of size     8472 : min/avg/max: 5.70772e-06 5.70961e-06 5.71464e-06 seconds or   1484.3 MUPD/s or  17.8117 GB/s
STREAM triad of size     9320 : min/avg/max: 6.27642e-06 6.27827e-06 6.28315e-06 seconds or  1484.92 MUPD/s or  17.8191 GB/s
STREAM triad of size    10256 : min/avg/max: 7.08493e-06 7.08738e-06 7.09086e-06 seconds or  1447.58 MUPD/s or   17.371 GB/s
STREAM triad of size    11288 : min/avg/max:  7.7929e-06 7.79657e-06 7.80181e-06 seconds or   1448.5 MUPD/s or   17.382 GB/s
STREAM triad of size    12424 : min/avg/max: 8.36377e-06   8.375e-06 8.45105e-06 seconds or  1485.45 MUPD/s or  17.8254 GB/s
STREAM triad of size    13672 : min/avg/max: 9.20405e-06 9.20923e-06 9.22516e-06 seconds or  1485.43 MUPD/s or  17.8252 GB/s
STREAM triad of size    15040 : min/avg/max: 1.01265e-05 1.01302e-05 1.01384e-05 seconds or  1485.22 MUPD/s or  17.8226 GB/s
STREAM triad of size    16552 : min/avg/max: 1.11416e-05 1.11448e-05 1.11543e-05 seconds or  1485.61 MUPD/s or  17.8273 GB/s
STREAM triad of size    18208 : min/avg/max: 1.22638e-05 1.22673e-05 1.22769e-05 seconds or  1484.69 MUPD/s or  17.8163 GB/s
STREAM triad of size    20032 : min/avg/max: 1.35229e-05 1.35342e-05 1.36051e-05 seconds or  1481.34 MUPD/s or  17.7761 GB/s
STREAM triad of size    22040 : min/avg/max: 1.50368e-05 1.50407e-05 1.50481e-05 seconds or  1465.74 MUPD/s or  17.5889 GB/s
STREAM triad of size    24248 : min/avg/max: 1.66151e-05 1.66191e-05 1.66265e-05 seconds or   1459.4 MUPD/s or  17.5128 GB/s
STREAM triad of size    26680 : min/avg/max: 1.84715e-05 1.84864e-05 1.85691e-05 seconds or  1444.39 MUPD/s or  17.3326 GB/s
STREAM triad of size    29352 : min/avg/max: 2.03059e-05 2.03405e-05 2.05064e-05 seconds or  1445.49 MUPD/s or  17.3459 GB/s
STREAM triad of size    32288 : min/avg/max: 2.23747e-05 2.23824e-05 2.23926e-05 seconds or  1443.06 MUPD/s or  17.3167 GB/s
STREAM triad of size    35520 : min/avg/max: 2.47512e-05 2.47584e-05 2.47768e-05 seconds or  1435.08 MUPD/s or   17.221 GB/s
STREAM triad of size    39080 : min/avg/max: 2.73055e-05  2.7318e-05 2.74338e-05 seconds or  1431.21 MUPD/s or  17.1746 GB/s
STREAM triad of size    42992 : min/avg/max: 3.01324e-05 3.01403e-05 3.01574e-05 seconds or  1426.77 MUPD/s or  17.1212 GB/s
STREAM triad of size    47296 : min/avg/max: 3.31501e-05 3.31607e-05 3.31835e-05 seconds or  1426.72 MUPD/s or  17.1207 GB/s
STREAM triad of size    52032 : min/avg/max: 3.64664e-05 3.64908e-05 3.66395e-05 seconds or  1426.85 MUPD/s or  17.1222 GB/s
STREAM triad of size    57240 : min/avg/max: 4.01209e-05 4.01348e-05 4.01541e-05 seconds or  1426.69 MUPD/s or  17.1203 GB/s
STREAM triad of size    62968 : min/avg/max: 4.41311e-05 4.41409e-05 4.41758e-05 seconds or  1426.84 MUPD/s or  17.1221 GB/s
STREAM triad of size    69272 : min/avg/max: 4.85204e-05 4.85319e-05 4.85567e-05 seconds or  1427.69 MUPD/s or  17.1323 GB/s
STREAM triad of size    76200 : min/avg/max: 5.34079e-05 5.34228e-05 5.34624e-05 seconds or  1426.75 MUPD/s or  17.1211 GB/s
STREAM triad of size    83824 : min/avg/max: 5.87363e-05 5.87508e-05 5.87801e-05 seconds or  1427.12 MUPD/s or  17.1255 GB/s
STREAM triad of size    92208 : min/avg/max: 6.46405e-05  6.4651e-05  6.4669e-05 seconds or  1426.47 MUPD/s or  17.1177 GB/s
STREAM triad of size   101432 : min/avg/max: 7.11017e-05 7.12847e-05 7.17375e-05 seconds or  1426.58 MUPD/s or  17.1189 GB/s
STREAM triad of size   111576 : min/avg/max: 7.81742e-05 7.82194e-05 7.85614e-05 seconds or  1427.27 MUPD/s or  17.1273 GB/s
STREAM triad of size   122736 : min/avg/max: 8.60388e-05 8.60633e-05 8.61206e-05 seconds or  1426.52 MUPD/s or  17.1182 GB/s
STREAM triad of size   135016 : min/avg/max: 9.46339e-05 9.46554e-05 9.47185e-05 seconds or  1426.72 MUPD/s or  17.1206 GB/s
STREAM triad of size   148520 : min/avg/max: 0.000104106  0.00010414 0.000104192 seconds or  1426.62 MUPD/s or  17.1194 GB/s
STREAM triad of size   163376 : min/avg/max: 0.000114603 0.000114652 0.000115112 seconds or  1425.58 MUPD/s or  17.1069 GB/s
STREAM triad of size   179720 : min/avg/max: 0.000126402 0.000126446 0.000126504 seconds or  1421.82 MUPD/s or  17.0618 GB/s
STREAM triad of size   197696 : min/avg/max: 0.000139972 0.000140129 0.000140958 seconds or  1412.39 MUPD/s or  16.9487 GB/s
STREAM triad of size   217472 : min/avg/max: 0.000154385 0.000154523  0.00015623 seconds or  1408.63 MUPD/s or  16.9036 GB/s
STREAM triad of size   239224 : min/avg/max:  0.00017026 0.000170303 0.000170428 seconds or  1405.05 MUPD/s or  16.8607 GB/s
STREAM triad of size   263152 : min/avg/max: 0.000187276 0.000187316 0.000187389 seconds or  1405.16 MUPD/s or  16.8619 GB/s
STREAM triad of size   289472 : min/avg/max: 0.000206047 0.000206118 0.000206255 seconds or  1404.89 MUPD/s or  16.8586 GB/s
STREAM triad of size   318424 : min/avg/max: 0.000226652 0.000226707 0.000226832 seconds or   1404.9 MUPD/s or  16.8588 GB/s
STREAM triad of size   350272 : min/avg/max: 0.000249465 0.000249647 0.000250199 seconds or  1404.09 MUPD/s or  16.8491 GB/s
STREAM triad of size   385304 : min/avg/max: 0.000274349 0.000274746  0.00027697 seconds or  1404.43 MUPD/s or  16.8532 GB/s
STREAM triad of size   423840 : min/avg/max: 0.000301746  0.00030219 0.000305423 seconds or  1404.63 MUPD/s or  16.8555 GB/s
STREAM triad of size   466232 : min/avg/max: 0.000331968 0.000332157  0.00033267 seconds or  1404.45 MUPD/s or  16.8534 GB/s
STREAM triad of size   512856 : min/avg/max: 0.000365098 0.000365584 0.000372885 seconds or  1404.71 MUPD/s or  16.8565 GB/s
STREAM triad of size   564144 : min/avg/max: 0.000401674 0.000401793 0.000401932 seconds or  1404.48 MUPD/s or  16.8538 GB/s
STREAM triad of size   620560 : min/avg/max: 0.000441815 0.000441905 0.000442092 seconds or  1404.57 MUPD/s or  16.8548 GB/s
STREAM triad of size   682624 : min/avg/max: 0.000486023  0.00048619 0.000486494 seconds or  1404.51 MUPD/s or  16.8541 GB/s
STREAM triad of size   750888 : min/avg/max:  0.00053472 0.000535496 0.000539401 seconds or  1404.26 MUPD/s or  16.8512 GB/s
STREAM triad of size   825984 : min/avg/max: 0.000588012 0.000588477 0.000591425 seconds or  1404.71 MUPD/s or  16.8565 GB/s
STREAM triad of size   908584 : min/avg/max: 0.000646932 0.000647138 0.000647825 seconds or  1404.45 MUPD/s or  16.8534 GB/s
STREAM triad of size   999448 : min/avg/max: 0.000716091 0.000716314 0.000716882 seconds or   1395.7 MUPD/s or  16.7484 GB/s
STREAM triad of size  1099400 : min/avg/max:  0.00078942 0.000790053 0.000791197 seconds or  1392.67 MUPD/s or   16.712 GB/s
STREAM triad of size  1209344 : min/avg/max: 0.000884242 0.000887337 0.000897618 seconds or  1367.66 MUPD/s or  16.4119 GB/s
STREAM triad of size  1330280 : min/avg/max: 0.000993373 0.000995148  0.00100595 seconds or  1339.15 MUPD/s or  16.0699 GB/s
STREAM triad of size  1463312 : min/avg/max:  0.00113486  0.00113727   0.0011457 seconds or  1289.42 MUPD/s or  15.4731 GB/s
STREAM triad of size  1609648 : min/avg/max:  0.00129218  0.00129488  0.00130011 seconds or  1245.69 MUPD/s or  14.9482 GB/s
STREAM triad of size  1770616 : min/avg/max:   0.0014903  0.00149358  0.00150569 seconds or   1188.1 MUPD/s or  14.2571 GB/s
STREAM triad of size  1947680 : min/avg/max:  0.00171281  0.00171603  0.00172179 seconds or  1137.13 MUPD/s or  13.6455 GB/s
STREAM triad of size  2142456 : min/avg/max:  0.00195125  0.00195363  0.00195881 seconds or  1097.99 MUPD/s or  13.1759 GB/s
STREAM triad of size  2356704 : min/avg/max:  0.00219743  0.00220055   0.0022086 seconds or  1072.48 MUPD/s or  12.8698 GB/s
STREAM triad of size  2592376 : min/avg/max:  0.00245918  0.00246512  0.00248091 seconds or  1054.16 MUPD/s or  12.6499 GB/s
STREAM triad of size  2851616 : min/avg/max:  0.00274073  0.00274489  0.00276278 seconds or  1040.46 MUPD/s or  12.4855 GB/s
STREAM triad of size  3136784 : min/avg/max:  0.00302129  0.00302864  0.00306124 seconds or  1038.23 MUPD/s or  12.4587 GB/s
STREAM triad of size  3450464 : min/avg/max:  0.00333851  0.00334424  0.00335018 seconds or  1033.54 MUPD/s or  12.4024 GB/s
STREAM triad of size  3795512 : min/avg/max:  0.00368249  0.00369488  0.00373671 seconds or  1030.69 MUPD/s or  12.3683 GB/s
STREAM triad of size  4175064 : min/avg/max:  0.00405316   0.0040611  0.00409945 seconds or  1030.08 MUPD/s or  12.3609 GB/s
STREAM triad of size  4592576 : min/avg/max:  0.00439433  0.00457044  0.00465331 seconds or  1045.11 MUPD/s or  12.5414 GB/s
STREAM triad of size  5051840 : min/avg/max:   0.0049107  0.00499532  0.00506255 seconds or  1028.74 MUPD/s or  12.3449 GB/s
STREAM triad of size  5557032 : min/avg/max:  0.00540259  0.00541422  0.00544421 seconds or  1028.59 MUPD/s or   12.343 GB/s
STREAM triad of size  6112736 : min/avg/max:  0.00594162  0.00594819  0.00597159 seconds or   1028.8 MUPD/s or  12.3456 GB/s
STREAM triad of size  6724016 : min/avg/max:  0.00653824  0.00655158   0.0065711 seconds or  1028.41 MUPD/s or   12.341 GB/s
STREAM triad of size  7396424 : min/avg/max:  0.00717816  0.00718774  0.00721096 seconds or  1030.41 MUPD/s or  12.3649 GB/s
STREAM triad of size  8136072 : min/avg/max:  0.00790568  0.00792224  0.00795899 seconds or  1029.14 MUPD/s or  12.3497 GB/s
STREAM triad of size  8949680 : min/avg/max:  0.00869841  0.00871863  0.00876893 seconds or  1028.89 MUPD/s or  12.3466 GB/s
STREAM triad of size  9844656 : min/avg/max:  0.00957302  0.00959937  0.00964999 seconds or  1028.38 MUPD/s or  12.3405 GB/s
STREAM triad of size 10829128 : min/avg/max:   0.0105155   0.0105388   0.0105619 seconds or  1029.82 MUPD/s or  12.3579 GB/s
STREAM triad of size 11912048 : min/avg/max:   0.0115889   0.0118325   0.0148775 seconds or  1027.89 MUPD/s or  12.3347 GB/s
STREAM triad of size 13103256 : min/avg/max:   0.0125319   0.0127506   0.0128872 seconds or  1045.59 MUPD/s or  12.5471 GB/s
STREAM triad of size 14413584 : min/avg/max:   0.0140085   0.0140569   0.0141753 seconds or  1028.92 MUPD/s or   12.347 GB/s
STREAM triad of size 15854944 : min/avg/max:   0.0154072   0.0154936   0.0159826 seconds or  1029.06 MUPD/s or  12.3487 GB/s
STREAM triad of size 17440440 : min/avg/max:   0.0169314    0.016958   0.0170212 seconds or  1030.07 MUPD/s or  12.3608 GB/s
STREAM triad of size 19184488 : min/avg/max:   0.0186604   0.0186929   0.0187386 seconds or  1028.09 MUPD/s or   12.337 GB/s
STREAM triad of size 21102944 : min/avg/max:   0.0205396   0.0205763   0.0206941 seconds or  1027.43 MUPD/s or  12.3291 GB/s
STREAM triad of size 23213240 : min/avg/max:   0.0225433   0.0225751   0.0226548 seconds or  1029.72 MUPD/s or  12.3566 GB/s
STREAM triad of size 25534568 : min/avg/max:   0.0248831   0.0249442   0.0251866 seconds or  1026.18 MUPD/s or  12.3142 GB/s
STREAM triad of size 28088032 : min/avg/max:   0.0273031   0.0273564   0.0274803 seconds or  1028.75 MUPD/s or   12.345 GB/s
STREAM triad of size 30896840 : min/avg/max:   0.0300727   0.0301283    0.030225 seconds or   1027.4 MUPD/s or  12.3288 GB/s
STREAM triad of size 33986528 : min/avg/max:   0.0330448   0.0331488   0.0334826 seconds or   1028.5 MUPD/s or   12.342 GB/s
STREAM triad of size 37385184 : min/avg/max:   0.0358669   0.0364057    0.037846 seconds or  1042.33 MUPD/s or   12.508 GB/s
STREAM triad of size 41123704 : min/avg/max:   0.0398591   0.0399943   0.0403931 seconds or  1031.73 MUPD/s or  12.3807 GB/s
STREAM triad of size 45236080 : min/avg/max:   0.0435443   0.0436124   0.0437748 seconds or  1038.85 MUPD/s or  12.4662 GB/s
STREAM triad of size 49759696 : min/avg/max:   0.0483515   0.0484429   0.0487001 seconds or  1029.12 MUPD/s or  12.3495 GB/s
STREAM triad of size 54735672 : min/avg/max:   0.0531762    0.053334   0.0539308 seconds or  1029.33 MUPD/s or  12.3519 GB/s
STREAM triad of size 60209240 : min/avg/max:   0.0579835   0.0581345   0.0583375 seconds or  1038.39 MUPD/s or  12.4606 GB/s
STREAM triad of size 66230168 : min/avg/max:    0.064503   0.0648879   0.0698808 seconds or  1026.78 MUPD/s or  12.3213 GB/s
STREAM triad of size 72853192 : min/avg/max:    0.071019   0.0711719   0.0715207 seconds or  1025.83 MUPD/s or  12.3099 GB/s
STREAM triad of size 80138512 : min/avg/max:   0.0768605   0.0782452   0.0785726 seconds or  1042.65 MUPD/s or  12.5118 GB/s
STREAM triad of size 88152368 : min/avg/max:   0.0857993   0.0859634    0.086276 seconds or  1027.43 MUPD/s or  12.3291 GB/s
STREAM triad of size 96967608 : min/avg/max:   0.0944699   0.0984053    0.140835 seconds or  1026.44 MUPD/s or  12.3173 GB/s
