./stream_triad_cuda -min 8 -max 1e8 -align 1
STREAM triad of size        8 : min/avg/max: 2.47167e-06 2.47558e-06 2.47997e-06 seconds or  3.23668 MUPD/s or 0.0776803 GB/s
STREAM triad of size       16 : min/avg/max: 2.47733e-06 2.47885e-06 2.48206e-06 seconds or  6.45856 MUPD/s or 0.155005 GB/s
STREAM triad of size       24 : min/avg/max: 2.47424e-06 2.48123e-06 2.49756e-06 seconds or  9.69995 MUPD/s or 0.232799 GB/s
STREAM triad of size       32 : min/avg/max: 2.47706e-06 2.48292e-06 2.49918e-06 seconds or  12.9185 MUPD/s or 0.310045 GB/s
STREAM triad of size       40 : min/avg/max: 2.47486e-06 2.48488e-06 2.49826e-06 seconds or  16.1625 MUPD/s or 0.387901 GB/s
STREAM triad of size       48 : min/avg/max: 2.47641e-06 2.48062e-06 2.50018e-06 seconds or  19.3829 MUPD/s or 0.465189 GB/s
STREAM triad of size       56 : min/avg/max: 2.47203e-06 2.48343e-06 2.50506e-06 seconds or  22.6535 MUPD/s or 0.543683 GB/s
STREAM triad of size       64 : min/avg/max:  2.4824e-06 2.49417e-06 2.50765e-06 seconds or  25.7815 MUPD/s or 0.618757 GB/s
STREAM triad of size       72 : min/avg/max: 2.47625e-06 2.47992e-06 2.49852e-06 seconds or  29.0762 MUPD/s or 0.697829 GB/s
STREAM triad of size       80 : min/avg/max: 2.47593e-06 2.47808e-06 2.48548e-06 seconds or   32.311 MUPD/s or 0.775465 GB/s
STREAM triad of size       96 : min/avg/max: 2.47445e-06 2.47883e-06 2.48282e-06 seconds or  38.7965 MUPD/s or 0.931116 GB/s
STREAM triad of size      112 : min/avg/max: 2.47128e-06 2.48464e-06 2.51599e-06 seconds or  45.3206 MUPD/s or   1.0877 GB/s
STREAM triad of size      128 : min/avg/max: 2.45855e-06 2.48404e-06  2.5034e-06 seconds or  52.0633 MUPD/s or  1.24952 GB/s
STREAM triad of size      144 : min/avg/max: 2.46822e-06 2.48717e-06 2.51924e-06 seconds or  58.3415 MUPD/s or   1.4002 GB/s
STREAM triad of size      160 : min/avg/max: 2.47607e-06 2.49817e-06 2.56073e-06 seconds or  64.6185 MUPD/s or  1.55084 GB/s
STREAM triad of size      184 : min/avg/max:  2.4787e-06 2.48677e-06 2.50723e-06 seconds or  74.2324 MUPD/s or  1.78158 GB/s
STREAM triad of size      208 : min/avg/max:  2.4558e-06 2.48899e-06 2.51546e-06 seconds or  84.6974 MUPD/s or  2.03274 GB/s
STREAM triad of size      232 : min/avg/max: 2.47576e-06 2.49221e-06  2.5025e-06 seconds or  93.7085 MUPD/s or    2.249 GB/s
STREAM triad of size      256 : min/avg/max: 2.49614e-06 2.49873e-06 2.50512e-06 seconds or  102.559 MUPD/s or   2.4614 GB/s
STREAM triad of size      288 : min/avg/max: 2.49366e-06 2.49856e-06 2.51544e-06 seconds or  115.493 MUPD/s or  2.77183 GB/s
STREAM triad of size      320 : min/avg/max: 2.49513e-06 2.49967e-06 2.54465e-06 seconds or   128.25 MUPD/s or    3.078 GB/s
STREAM triad of size      360 : min/avg/max: 2.49559e-06 2.49871e-06 2.51502e-06 seconds or  144.255 MUPD/s or  3.46211 GB/s
STREAM triad of size      400 : min/avg/max: 2.49502e-06 2.50034e-06 2.51739e-06 seconds or  160.319 MUPD/s or  3.84766 GB/s
STREAM triad of size      448 : min/avg/max:  2.4952e-06 2.50351e-06 2.54077e-06 seconds or  179.545 MUPD/s or  4.30907 GB/s
STREAM triad of size      496 : min/avg/max:  2.4942e-06  2.5016e-06 2.53285e-06 seconds or  198.861 MUPD/s or  4.77267 GB/s
STREAM triad of size      552 : min/avg/max: 2.47505e-06 2.48845e-06 2.52179e-06 seconds or  223.026 MUPD/s or  5.35261 GB/s
STREAM triad of size      608 : min/avg/max: 2.47778e-06 2.49171e-06 2.50329e-06 seconds or  245.381 MUPD/s or  5.88914 GB/s
STREAM triad of size      672 : min/avg/max: 2.47389e-06 2.48232e-06 2.51118e-06 seconds or  271.637 MUPD/s or  6.51929 GB/s
STREAM triad of size      744 : min/avg/max: 2.49394e-06 2.49917e-06 2.53044e-06 seconds or  298.324 MUPD/s or  7.15976 GB/s
STREAM triad of size      824 : min/avg/max: 2.49433e-06 2.49958e-06 2.53177e-06 seconds or  330.349 MUPD/s or  7.92838 GB/s
STREAM triad of size      912 : min/avg/max: 2.49331e-06 2.49982e-06 2.52369e-06 seconds or  365.779 MUPD/s or  8.77869 GB/s
STREAM triad of size     1008 : min/avg/max: 2.49219e-06 2.50502e-06 2.61266e-06 seconds or  404.463 MUPD/s or  9.70712 GB/s
STREAM triad of size     1112 : min/avg/max: 2.49506e-06 2.50221e-06 2.52115e-06 seconds or   445.68 MUPD/s or  10.6963 GB/s
STREAM triad of size     1224 : min/avg/max: 2.49426e-06 2.49899e-06 2.51643e-06 seconds or  490.726 MUPD/s or  11.7774 GB/s
STREAM triad of size     1352 : min/avg/max:  2.4933e-06 2.50124e-06 2.53115e-06 seconds or  542.252 MUPD/s or  13.0141 GB/s
STREAM triad of size     1488 : min/avg/max: 2.49431e-06 2.50153e-06 2.54229e-06 seconds or  596.557 MUPD/s or  14.3174 GB/s
STREAM triad of size     1640 : min/avg/max: 2.49239e-06 2.50998e-06 2.56515e-06 seconds or  658.004 MUPD/s or  15.7921 GB/s
STREAM triad of size     1808 : min/avg/max: 2.49446e-06 2.50264e-06 2.55249e-06 seconds or  724.807 MUPD/s or  17.3954 GB/s
STREAM triad of size     1992 : min/avg/max: 2.49225e-06 2.50205e-06 2.54008e-06 seconds or  799.279 MUPD/s or  19.1827 GB/s
STREAM triad of size     2192 : min/avg/max: 2.49182e-06 2.50298e-06 2.55041e-06 seconds or  879.678 MUPD/s or  21.1123 GB/s
STREAM triad of size     2416 : min/avg/max: 2.49254e-06 2.50202e-06 2.55578e-06 seconds or  969.291 MUPD/s or   23.263 GB/s
STREAM triad of size     2664 : min/avg/max: 2.48978e-06 2.50131e-06 2.54402e-06 seconds or  1069.98 MUPD/s or  25.6794 GB/s
STREAM triad of size     2936 : min/avg/max: 2.48932e-06  2.5079e-06 2.54447e-06 seconds or  1179.44 MUPD/s or  28.3066 GB/s
STREAM triad of size     3232 : min/avg/max: 2.48904e-06 2.50139e-06 2.54635e-06 seconds or  1298.49 MUPD/s or  31.1638 GB/s
STREAM triad of size     3560 : min/avg/max: 2.48791e-06  2.5028e-06 2.55043e-06 seconds or  1430.92 MUPD/s or  34.3421 GB/s
STREAM triad of size     3920 : min/avg/max: 2.49254e-06 2.50426e-06  2.5527e-06 seconds or  1572.69 MUPD/s or  37.7446 GB/s
STREAM triad of size     4320 : min/avg/max: 2.48786e-06 2.51156e-06 2.55812e-06 seconds or  1736.43 MUPD/s or  41.6743 GB/s
STREAM triad of size     4760 : min/avg/max: 2.48813e-06 2.50261e-06 2.53797e-06 seconds or  1913.09 MUPD/s or  45.9141 GB/s
STREAM triad of size     5240 : min/avg/max: 2.48717e-06 2.49987e-06 2.54775e-06 seconds or  2106.81 MUPD/s or  50.5634 GB/s
STREAM triad of size     5768 : min/avg/max: 2.48612e-06 2.50799e-06 2.55304e-06 seconds or  2320.08 MUPD/s or  55.6819 GB/s
STREAM triad of size     6352 : min/avg/max: 2.48782e-06 2.50356e-06 2.56603e-06 seconds or  2553.24 MUPD/s or  61.2778 GB/s
STREAM triad of size     6992 : min/avg/max: 2.48778e-06 2.50966e-06 2.55814e-06 seconds or  2810.53 MUPD/s or  67.4528 GB/s
STREAM triad of size     7696 : min/avg/max: 2.48872e-06 2.51318e-06 2.55063e-06 seconds or  3092.35 MUPD/s or  74.2163 GB/s
STREAM triad of size     8472 : min/avg/max: 2.49894e-06 2.51827e-06 2.56606e-06 seconds or  3390.24 MUPD/s or  81.3657 GB/s
STREAM triad of size     9320 : min/avg/max: 2.48455e-06 2.51513e-06 2.59854e-06 seconds or  3751.19 MUPD/s or  90.0286 GB/s
STREAM triad of size    10256 : min/avg/max: 2.50596e-06 2.52821e-06 2.57443e-06 seconds or  4092.64 MUPD/s or  98.2233 GB/s
STREAM triad of size    11288 : min/avg/max: 2.48195e-06 2.50982e-06 2.59162e-06 seconds or  4548.04 MUPD/s or  109.153 GB/s
STREAM triad of size    12424 : min/avg/max: 2.51037e-06 2.52747e-06 2.55526e-06 seconds or  4949.07 MUPD/s or  118.778 GB/s
STREAM triad of size    13672 : min/avg/max: 2.51305e-06 2.53479e-06 2.57307e-06 seconds or   5440.4 MUPD/s or  130.569 GB/s
STREAM triad of size    15040 : min/avg/max:  2.4879e-06 2.50844e-06 2.54664e-06 seconds or  6045.27 MUPD/s or  145.086 GB/s
STREAM triad of size    16552 : min/avg/max: 2.50026e-06 2.52074e-06 2.56121e-06 seconds or  6620.11 MUPD/s or  158.883 GB/s
STREAM triad of size    18208 : min/avg/max: 2.48544e-06 2.51235e-06  2.5716e-06 seconds or  7325.86 MUPD/s or  175.821 GB/s
STREAM triad of size    20032 : min/avg/max: 2.49167e-06 2.52266e-06 2.58313e-06 seconds or  8039.59 MUPD/s or   192.95 GB/s
STREAM triad of size    22040 : min/avg/max:  2.4877e-06 2.52504e-06 2.55917e-06 seconds or  8859.58 MUPD/s or   212.63 GB/s
STREAM triad of size    24248 : min/avg/max: 2.48205e-06 2.52844e-06 2.58481e-06 seconds or  9769.35 MUPD/s or  234.464 GB/s
STREAM triad of size    26680 : min/avg/max: 2.50438e-06 2.54525e-06 2.57597e-06 seconds or  10653.3 MUPD/s or   255.68 GB/s
STREAM triad of size    29352 : min/avg/max: 2.47852e-06 2.52058e-06 2.57208e-06 seconds or  11842.5 MUPD/s or  284.221 GB/s
STREAM triad of size    32288 : min/avg/max: 2.48253e-06 2.52486e-06 2.57298e-06 seconds or  13006.1 MUPD/s or  312.146 GB/s
STREAM triad of size    35520 : min/avg/max: 2.48177e-06 2.52499e-06 2.58611e-06 seconds or  14312.4 MUPD/s or  343.497 GB/s
STREAM triad of size    39080 : min/avg/max:  2.4916e-06 2.52574e-06 2.60051e-06 seconds or  15684.7 MUPD/s or  376.433 GB/s
STREAM triad of size    42992 : min/avg/max: 2.50405e-06 2.53842e-06 2.60178e-06 seconds or    17169 MUPD/s or  412.055 GB/s
STREAM triad of size    47296 : min/avg/max: 2.53457e-06  2.5556e-06 2.58163e-06 seconds or  18660.3 MUPD/s or  447.848 GB/s
STREAM triad of size    52032 : min/avg/max:  2.5141e-06 2.54081e-06 2.59464e-06 seconds or  20696.1 MUPD/s or  496.706 GB/s
STREAM triad of size    57240 : min/avg/max: 2.50453e-06 2.54429e-06 2.59525e-06 seconds or  22854.6 MUPD/s or  548.509 GB/s
STREAM triad of size    62968 : min/avg/max:  2.6136e-06 2.62086e-06 2.62697e-06 seconds or  24092.4 MUPD/s or  578.218 GB/s
STREAM triad of size    69272 : min/avg/max: 2.68522e-06 2.68913e-06 2.69697e-06 seconds or  25797.5 MUPD/s or  619.141 GB/s
STREAM triad of size    76200 : min/avg/max: 2.79692e-06 2.80181e-06 2.80625e-06 seconds or  27244.2 MUPD/s or  653.862 GB/s
STREAM triad of size    83824 : min/avg/max: 2.88156e-06 2.88637e-06 2.89049e-06 seconds or  29089.8 MUPD/s or  698.154 GB/s
STREAM triad of size    92208 : min/avg/max: 2.98662e-06 3.00237e-06 3.19882e-06 seconds or  30873.7 MUPD/s or  740.969 GB/s
STREAM triad of size   101432 : min/avg/max: 3.11016e-06 3.11813e-06 3.12419e-06 seconds or  32613.1 MUPD/s or  782.714 GB/s
STREAM triad of size   111576 : min/avg/max: 3.17965e-06 3.18495e-06 3.19433e-06 seconds or  35090.7 MUPD/s or  842.176 GB/s
STREAM triad of size   122736 : min/avg/max: 3.33944e-06 3.34542e-06  3.3532e-06 seconds or  36753.4 MUPD/s or  882.082 GB/s
STREAM triad of size   135016 : min/avg/max: 3.49488e-06  3.5009e-06 3.50542e-06 seconds or  38632.6 MUPD/s or  927.181 GB/s
STREAM triad of size   148520 : min/avg/max:  3.6636e-06 3.66993e-06 3.67563e-06 seconds or  40539.3 MUPD/s or  972.944 GB/s
STREAM triad of size   163376 : min/avg/max: 3.84273e-06 3.84633e-06 3.85524e-06 seconds or  42515.6 MUPD/s or  1020.37 GB/s
STREAM triad of size   179720 : min/avg/max: 1.04353e-05 1.04767e-05 1.05172e-05 seconds or  17222.3 MUPD/s or  413.336 GB/s
STREAM triad of size   197696 : min/avg/max: 1.96747e-05 1.97155e-05 1.97271e-05 seconds or  10048.2 MUPD/s or  241.158 GB/s
STREAM triad of size   217472 : min/avg/max: 2.12732e-05 2.13151e-05 2.13773e-05 seconds or  10222.8 MUPD/s or  245.348 GB/s
STREAM triad of size   239224 : min/avg/max: 2.28915e-05 2.29782e-05 2.30422e-05 seconds or  10450.3 MUPD/s or  250.808 GB/s
STREAM triad of size   263152 : min/avg/max: 2.51839e-05 2.52216e-05 2.52539e-05 seconds or  10449.2 MUPD/s or  250.782 GB/s
STREAM triad of size   289472 : min/avg/max: 2.74496e-05 2.74757e-05 2.75285e-05 seconds or  10545.6 MUPD/s or  253.094 GB/s
STREAM triad of size   318424 : min/avg/max:  3.2637e-05 3.26976e-05 3.27552e-05 seconds or  9756.53 MUPD/s or  234.157 GB/s
STREAM triad of size   350272 : min/avg/max: 3.63732e-05 3.64338e-05 3.64806e-05 seconds or  9629.95 MUPD/s or  231.119 GB/s
STREAM triad of size   385304 : min/avg/max: 4.00155e-05 4.00569e-05 4.01163e-05 seconds or  9628.88 MUPD/s or  231.093 GB/s
STREAM triad of size   423840 : min/avg/max:  4.3922e-05 4.39708e-05 4.40065e-05 seconds or  9649.83 MUPD/s or  231.596 GB/s
STREAM triad of size   466232 : min/avg/max: 4.77713e-05  4.7817e-05 4.78572e-05 seconds or  9759.67 MUPD/s or  234.232 GB/s
STREAM triad of size   512856 : min/avg/max: 5.19313e-05 5.19731e-05 5.20303e-05 seconds or  9875.66 MUPD/s or  237.016 GB/s
STREAM triad of size   564144 : min/avg/max:  5.6231e-05 5.63795e-05 5.65594e-05 seconds or  10032.6 MUPD/s or  240.783 GB/s
STREAM triad of size   620560 : min/avg/max: 6.08627e-05 6.10032e-05 6.11124e-05 seconds or  10196.1 MUPD/s or  244.706 GB/s
STREAM triad of size   682624 : min/avg/max: 6.62825e-05 6.63652e-05 6.64819e-05 seconds or  10298.7 MUPD/s or  247.169 GB/s
STREAM triad of size   750888 : min/avg/max: 7.21989e-05 7.22634e-05 7.22964e-05 seconds or  10400.3 MUPD/s or  249.607 GB/s
STREAM triad of size   825984 : min/avg/max:  7.9724e-05 7.98407e-05 7.99315e-05 seconds or  10360.5 MUPD/s or  248.653 GB/s
STREAM triad of size   908584 : min/avg/max: 8.77269e-05 8.78443e-05 8.79922e-05 seconds or    10357 MUPD/s or  248.567 GB/s
STREAM triad of size   999448 : min/avg/max:   9.616e-05 9.64319e-05 9.66582e-05 seconds or  10393.6 MUPD/s or  249.446 GB/s
STREAM triad of size  1099400 : min/avg/max: 0.000107151 0.000107244 0.000107377 seconds or  10260.3 MUPD/s or  246.247 GB/s
STREAM triad of size  1209344 : min/avg/max: 0.000117405  0.00011748 0.000117585 seconds or  10300.6 MUPD/s or  247.215 GB/s
STREAM triad of size  1330280 : min/avg/max: 0.000129671 0.000129854 0.000130025 seconds or  10258.9 MUPD/s or  246.213 GB/s
STREAM triad of size  1463312 : min/avg/max: 0.000142295 0.000142526 0.000142703 seconds or  10283.7 MUPD/s or  246.808 GB/s
STREAM triad of size  1609648 : min/avg/max: 0.000155987 0.000156163 0.000156301 seconds or  10319.1 MUPD/s or  247.658 GB/s
STREAM triad of size  1770616 : min/avg/max:  0.00017058 0.000170785 0.000170944 seconds or    10380 MUPD/s or  249.119 GB/s
STREAM triad of size  1947680 : min/avg/max: 0.000186819 0.000186975  0.00018712 seconds or  10425.5 MUPD/s or  250.212 GB/s
STREAM triad of size  2142456 : min/avg/max: 0.000205841 0.000206052 0.000206235 seconds or  10408.3 MUPD/s or    249.8 GB/s
STREAM triad of size  2356704 : min/avg/max: 0.000226403 0.000226647 0.000226926 seconds or  10409.3 MUPD/s or  249.823 GB/s
STREAM triad of size  2592376 : min/avg/max: 0.000247578 0.000247775  0.00024841 seconds or    10471 MUPD/s or  251.303 GB/s
STREAM triad of size  2851616 : min/avg/max: 0.000273294 0.000273614 0.000273977 seconds or  10434.2 MUPD/s or  250.421 GB/s
STREAM triad of size  3136784 : min/avg/max: 0.000301179 0.000301469 0.000302265 seconds or    10415 MUPD/s or   249.96 GB/s
STREAM triad of size  3450464 : min/avg/max: 0.000331623 0.000331872 0.000332897 seconds or  10404.8 MUPD/s or  249.715 GB/s
STREAM triad of size  3795512 : min/avg/max: 0.000360458 0.000360816 0.000362292 seconds or  10529.7 MUPD/s or  252.713 GB/s
STREAM triad of size  4175064 : min/avg/max: 0.000397337 0.000397831  0.00039946 seconds or  10507.6 MUPD/s or  252.183 GB/s
STREAM triad of size  4592576 : min/avg/max: 0.000439886 0.000440192 0.000442129 seconds or  10440.4 MUPD/s or  250.569 GB/s
STREAM triad of size  5051840 : min/avg/max: 0.000484188 0.000484653 0.000486881 seconds or  10433.6 MUPD/s or  250.407 GB/s
STREAM triad of size  5557032 : min/avg/max: 0.000530598 0.000531088 0.000534164 seconds or  10473.1 MUPD/s or  251.355 GB/s
STREAM triad of size  6112736 : min/avg/max: 0.000585263 0.000585688 0.000588386 seconds or  10444.4 MUPD/s or  250.666 GB/s
STREAM triad of size  6724016 : min/avg/max: 0.000640271 0.000640779 0.000643674 seconds or  10501.8 MUPD/s or  252.044 GB/s
STREAM triad of size  7396424 : min/avg/max: 0.000706229 0.000706721 0.000709719 seconds or  10473.1 MUPD/s or  251.355 GB/s
STREAM triad of size  8136072 : min/avg/max: 0.000779039 0.000779914 0.000782989 seconds or  10443.7 MUPD/s or  250.649 GB/s
STREAM triad of size  8949680 : min/avg/max: 0.000852177 0.000852991 0.000857222 seconds or  10502.1 MUPD/s or  252.051 GB/s
STREAM triad of size  9844656 : min/avg/max: 0.000938251 0.000939078 0.000942638 seconds or  10492.6 MUPD/s or  251.821 GB/s
STREAM triad of size 10829128 : min/avg/max:  0.00103178  0.00103285  0.00103774 seconds or  10495.6 MUPD/s or  251.893 GB/s
STREAM triad of size 11912048 : min/avg/max:  0.00114247  0.00114353  0.00114832 seconds or  10426.6 MUPD/s or  250.238 GB/s
STREAM triad of size 13103256 : min/avg/max:  0.00125537   0.0012564  0.00126206 seconds or  10437.8 MUPD/s or  250.507 GB/s
STREAM triad of size 14413584 : min/avg/max:  0.00137902  0.00138033   0.0013872 seconds or    10452 MUPD/s or  250.849 GB/s
STREAM triad of size 15854944 : min/avg/max:  0.00151461  0.00151588  0.00152296 seconds or    10468 MUPD/s or  251.231 GB/s
STREAM triad of size 17440440 : min/avg/max:  0.00166693  0.00166854  0.00167684 seconds or  10462.6 MUPD/s or  251.102 GB/s
STREAM triad of size 19184488 : min/avg/max:  0.00183042  0.00183181  0.00183959 seconds or  10480.9 MUPD/s or  251.542 GB/s
STREAM triad of size 21102944 : min/avg/max:  0.00201428  0.00201626  0.00202743 seconds or  10476.7 MUPD/s or  251.441 GB/s
STREAM triad of size 23213240 : min/avg/max:  0.00220966  0.00221113  0.00222137 seconds or  10505.3 MUPD/s or  252.128 GB/s
STREAM triad of size 25534568 : min/avg/max:   0.0024339   0.0024367  0.00244884 seconds or  10491.2 MUPD/s or   251.79 GB/s
STREAM triad of size 28088032 : min/avg/max:   0.0026795  0.00268167  0.00269479 seconds or  10482.6 MUPD/s or  251.581 GB/s
STREAM triad of size 30896840 : min/avg/max:  0.00295027  0.00295254  0.00296583 seconds or  10472.5 MUPD/s or  251.341 GB/s
STREAM triad of size 33986528 : min/avg/max:  0.00323074  0.00323553  0.00325653 seconds or  10519.7 MUPD/s or  252.474 GB/s
STREAM triad of size 37385184 : min/avg/max:  0.00355682  0.00356094  0.00358103 seconds or  10510.8 MUPD/s or   252.26 GB/s
STREAM triad of size 41123704 : min/avg/max:  0.00392899  0.00393221   0.0039549 seconds or  10466.7 MUPD/s or  251.202 GB/s
STREAM triad of size 45236080 : min/avg/max:  0.00431578  0.00431982   0.0043409 seconds or  10481.6 MUPD/s or  251.557 GB/s
STREAM triad of size 49759696 : min/avg/max:  0.00475555  0.00476209  0.00477879 seconds or  10463.5 MUPD/s or  251.124 GB/s
STREAM triad of size 54735672 : min/avg/max:  0.00522991  0.00523774  0.00528467 seconds or  10465.9 MUPD/s or  251.181 GB/s
STREAM triad of size 60209240 : min/avg/max:  0.00573757   0.0057434  0.00578384 seconds or  10493.9 MUPD/s or  251.853 GB/s
STREAM triad of size 66230168 : min/avg/max:   0.0063242  0.00633024  0.00637112 seconds or  10472.5 MUPD/s or   251.34 GB/s
STREAM triad of size 72853192 : min/avg/max:  0.00693635  0.00694472  0.00698068 seconds or  10503.1 MUPD/s or  252.074 GB/s
STREAM triad of size 80138512 : min/avg/max:  0.00762962  0.00764109   0.0076824 seconds or  10503.6 MUPD/s or  252.086 GB/s
STREAM triad of size 88152368 : min/avg/max:  0.00838846  0.00839778  0.00844367 seconds or  10508.8 MUPD/s or   252.21 GB/s
STREAM triad of size 96967608 : min/avg/max:  0.00922623  0.00923651   0.0092764 seconds or    10510 MUPD/s or   252.24 GB/s
