./stream_triad_cuda -min 8 -max 1e8 -align 1
STREAM triad of size        8 : min/avg/max: 2.41402e-06   2.418e-06 2.42233e-06 seconds or  3.31398 MUPD/s or 0.0397677 GB/s
STREAM triad of size       16 : min/avg/max: 2.39548e-06 2.40135e-06 2.40895e-06 seconds or  6.67924 MUPD/s or 0.0801509 GB/s
STREAM triad of size       24 : min/avg/max: 2.40426e-06 2.41914e-06 2.43672e-06 seconds or  9.98229 MUPD/s or 0.119788 GB/s
STREAM triad of size       32 : min/avg/max:  2.3976e-06 2.41024e-06 2.42719e-06 seconds or  13.3467 MUPD/s or  0.16016 GB/s
STREAM triad of size       40 : min/avg/max: 2.40217e-06 2.41771e-06 2.44002e-06 seconds or  16.6516 MUPD/s or 0.199819 GB/s
STREAM triad of size       48 : min/avg/max: 2.40283e-06 2.40895e-06  2.4211e-06 seconds or  19.9765 MUPD/s or 0.239718 GB/s
STREAM triad of size       56 : min/avg/max: 2.39782e-06 2.40175e-06 2.41496e-06 seconds or  23.3545 MUPD/s or 0.280254 GB/s
STREAM triad of size       64 : min/avg/max: 2.40271e-06 2.40962e-06 2.42683e-06 seconds or  26.6366 MUPD/s or 0.319639 GB/s
STREAM triad of size       72 : min/avg/max: 2.39863e-06 2.40872e-06 2.43096e-06 seconds or  30.0172 MUPD/s or 0.360206 GB/s
STREAM triad of size       80 : min/avg/max: 2.40063e-06 2.41218e-06  2.4389e-06 seconds or  33.3246 MUPD/s or 0.399895 GB/s
STREAM triad of size       96 : min/avg/max: 2.42521e-06 2.42772e-06 2.43465e-06 seconds or  39.5842 MUPD/s or  0.47501 GB/s
STREAM triad of size      112 : min/avg/max: 2.40136e-06 2.40658e-06 2.42416e-06 seconds or  46.6403 MUPD/s or 0.559684 GB/s
STREAM triad of size      128 : min/avg/max: 2.40087e-06 2.40936e-06 2.45299e-06 seconds or   53.314 MUPD/s or 0.639768 GB/s
STREAM triad of size      144 : min/avg/max: 2.38116e-06 2.42106e-06 2.45448e-06 seconds or  60.4746 MUPD/s or 0.725695 GB/s
STREAM triad of size      160 : min/avg/max: 2.40898e-06 2.42284e-06 2.44315e-06 seconds or  66.4182 MUPD/s or 0.797019 GB/s
STREAM triad of size      184 : min/avg/max: 2.39837e-06 2.40782e-06 2.43714e-06 seconds or  76.7188 MUPD/s or 0.920625 GB/s
STREAM triad of size      208 : min/avg/max: 2.39731e-06 2.41795e-06 2.44901e-06 seconds or  86.7639 MUPD/s or  1.04117 GB/s
STREAM triad of size      232 : min/avg/max: 2.40656e-06 2.41442e-06 2.45262e-06 seconds or  96.4031 MUPD/s or  1.15684 GB/s
STREAM triad of size      256 : min/avg/max: 2.40685e-06 2.41855e-06 2.44204e-06 seconds or  106.363 MUPD/s or  1.27636 GB/s
STREAM triad of size      288 : min/avg/max: 2.40089e-06 2.41071e-06 2.43285e-06 seconds or  119.956 MUPD/s or  1.43947 GB/s
STREAM triad of size      320 : min/avg/max: 2.40489e-06 2.42285e-06 2.45931e-06 seconds or  133.062 MUPD/s or  1.59675 GB/s
STREAM triad of size      360 : min/avg/max: 2.42211e-06 2.42612e-06 2.43318e-06 seconds or  148.631 MUPD/s or  1.78357 GB/s
STREAM triad of size      400 : min/avg/max: 2.41825e-06 2.42758e-06 2.47354e-06 seconds or  165.409 MUPD/s or  1.98491 GB/s
STREAM triad of size      448 : min/avg/max: 2.40447e-06 2.42006e-06 2.43047e-06 seconds or   186.32 MUPD/s or  2.23584 GB/s
STREAM triad of size      496 : min/avg/max: 2.41946e-06 2.42705e-06 2.43643e-06 seconds or  205.004 MUPD/s or  2.46005 GB/s
STREAM triad of size      552 : min/avg/max: 2.42169e-06 2.43243e-06  2.4782e-06 seconds or   227.94 MUPD/s or  2.73528 GB/s
STREAM triad of size      608 : min/avg/max: 2.42257e-06 2.42665e-06 2.43224e-06 seconds or  250.973 MUPD/s or  3.01168 GB/s
STREAM triad of size      672 : min/avg/max: 2.41768e-06 2.42556e-06 2.43041e-06 seconds or  277.953 MUPD/s or  3.33543 GB/s
STREAM triad of size      744 : min/avg/max: 2.42021e-06 2.43115e-06 2.50504e-06 seconds or  307.412 MUPD/s or  3.68894 GB/s
STREAM triad of size      824 : min/avg/max: 2.42137e-06 2.42723e-06 2.45703e-06 seconds or  340.303 MUPD/s or  4.08364 GB/s
STREAM triad of size      912 : min/avg/max:  2.4207e-06 2.42698e-06 2.43465e-06 seconds or  376.751 MUPD/s or  4.52101 GB/s
STREAM triad of size     1008 : min/avg/max: 2.40061e-06 2.42481e-06 2.46116e-06 seconds or  419.893 MUPD/s or  5.03871 GB/s
STREAM triad of size     1112 : min/avg/max: 2.42681e-06 2.44526e-06 2.64298e-06 seconds or  458.214 MUPD/s or  5.49857 GB/s
STREAM triad of size     1224 : min/avg/max: 2.42091e-06  2.4295e-06 2.45322e-06 seconds or  505.595 MUPD/s or  6.06714 GB/s
STREAM triad of size     1352 : min/avg/max: 2.42441e-06  2.4293e-06 2.44476e-06 seconds or  557.661 MUPD/s or  6.69194 GB/s
STREAM triad of size     1488 : min/avg/max: 2.41723e-06 2.42753e-06 2.45708e-06 seconds or  615.582 MUPD/s or  7.38698 GB/s
STREAM triad of size     1640 : min/avg/max:  2.4178e-06 2.42738e-06 2.44739e-06 seconds or  678.301 MUPD/s or  8.13962 GB/s
STREAM triad of size     1808 : min/avg/max: 2.41716e-06  2.4283e-06 2.44047e-06 seconds or  747.984 MUPD/s or  8.97581 GB/s
STREAM triad of size     1992 : min/avg/max: 2.42368e-06 2.42914e-06 2.43733e-06 seconds or  821.892 MUPD/s or   9.8627 GB/s
STREAM triad of size     2192 : min/avg/max: 2.41971e-06 2.42758e-06 2.46063e-06 seconds or  905.895 MUPD/s or  10.8707 GB/s
STREAM triad of size     2416 : min/avg/max: 2.41524e-06 2.42839e-06 2.47401e-06 seconds or  1000.31 MUPD/s or  12.0038 GB/s
STREAM triad of size     2664 : min/avg/max: 2.41964e-06 2.45661e-06 2.57761e-06 seconds or  1100.99 MUPD/s or  13.2119 GB/s
STREAM triad of size     2936 : min/avg/max:   2.421e-06  2.4407e-06 2.56938e-06 seconds or  1212.72 MUPD/s or  14.5527 GB/s
STREAM triad of size     3232 : min/avg/max: 2.41713e-06 2.42934e-06 2.45855e-06 seconds or  1337.12 MUPD/s or  16.0455 GB/s
STREAM triad of size     3560 : min/avg/max: 2.41206e-06 2.42583e-06 2.45697e-06 seconds or  1475.92 MUPD/s or   17.711 GB/s
STREAM triad of size     3920 : min/avg/max: 2.42009e-06  2.4367e-06  2.4798e-06 seconds or  1619.78 MUPD/s or  19.4373 GB/s
STREAM triad of size     4320 : min/avg/max: 2.41421e-06 2.42602e-06 2.46551e-06 seconds or   1789.4 MUPD/s or  21.4728 GB/s
STREAM triad of size     4760 : min/avg/max: 2.40997e-06 2.42422e-06  2.4611e-06 seconds or  1975.13 MUPD/s or  23.7015 GB/s
STREAM triad of size     5240 : min/avg/max: 2.41242e-06  2.4269e-06 2.45596e-06 seconds or   2172.1 MUPD/s or  26.0652 GB/s
STREAM triad of size     5768 : min/avg/max: 2.41407e-06 2.42849e-06 2.45091e-06 seconds or  2389.33 MUPD/s or  28.6719 GB/s
STREAM triad of size     6352 : min/avg/max: 2.42217e-06 2.44145e-06 2.51246e-06 seconds or  2622.44 MUPD/s or  31.4692 GB/s
STREAM triad of size     6992 : min/avg/max: 2.41263e-06 2.43065e-06 2.47024e-06 seconds or  2898.08 MUPD/s or   34.777 GB/s
STREAM triad of size     7696 : min/avg/max: 2.41694e-06 2.44465e-06 2.50458e-06 seconds or  3184.19 MUPD/s or  38.2102 GB/s
STREAM triad of size     8472 : min/avg/max: 2.41111e-06 2.42681e-06 2.46743e-06 seconds or  3513.73 MUPD/s or  42.1648 GB/s
STREAM triad of size     9320 : min/avg/max: 2.40973e-06 2.42869e-06 2.49897e-06 seconds or  3867.65 MUPD/s or  46.4118 GB/s
STREAM triad of size    10256 : min/avg/max: 2.41229e-06  2.4269e-06 2.48176e-06 seconds or  4251.57 MUPD/s or  51.0188 GB/s
STREAM triad of size    11288 : min/avg/max: 2.41816e-06 2.43456e-06 2.47597e-06 seconds or  4668.01 MUPD/s or  56.0162 GB/s
STREAM triad of size    12424 : min/avg/max: 2.41086e-06 2.42951e-06 2.50141e-06 seconds or  5153.34 MUPD/s or  61.8401 GB/s
STREAM triad of size    13672 : min/avg/max: 2.42952e-06 2.44129e-06 2.49955e-06 seconds or  5627.46 MUPD/s or  67.5295 GB/s
STREAM triad of size    15040 : min/avg/max: 2.49541e-06 2.50502e-06 2.50915e-06 seconds or  6027.07 MUPD/s or  72.3249 GB/s
STREAM triad of size    16552 : min/avg/max: 2.54119e-06 2.55006e-06 2.57034e-06 seconds or  6513.49 MUPD/s or  78.1619 GB/s
STREAM triad of size    18208 : min/avg/max: 2.60839e-06 2.61915e-06 2.62602e-06 seconds or  6980.54 MUPD/s or  83.7665 GB/s
STREAM triad of size    20032 : min/avg/max: 2.69974e-06 2.70377e-06 2.71278e-06 seconds or  7419.98 MUPD/s or  89.0398 GB/s
STREAM triad of size    22040 : min/avg/max: 3.00535e-06 3.00823e-06 3.01182e-06 seconds or  7333.58 MUPD/s or  88.0029 GB/s
STREAM triad of size    24248 : min/avg/max: 3.08979e-06 3.09908e-06 3.10345e-06 seconds or  7847.79 MUPD/s or  94.1735 GB/s
STREAM triad of size    26680 : min/avg/max:  3.1892e-06 3.19257e-06 3.19973e-06 seconds or  8365.73 MUPD/s or  100.389 GB/s
STREAM triad of size    29352 : min/avg/max: 3.29377e-06 3.29981e-06 3.30617e-06 seconds or  8911.36 MUPD/s or  106.936 GB/s
STREAM triad of size    32288 : min/avg/max: 3.65724e-06  3.6596e-06 3.66307e-06 seconds or  8828.51 MUPD/s or  105.942 GB/s
STREAM triad of size    35520 : min/avg/max: 3.80242e-06  3.8054e-06 3.80845e-06 seconds or  9341.42 MUPD/s or  112.097 GB/s
STREAM triad of size    39080 : min/avg/max: 3.95615e-06 3.95951e-06 3.96243e-06 seconds or  9878.28 MUPD/s or  118.539 GB/s
STREAM triad of size    42992 : min/avg/max: 4.31353e-06 4.31554e-06 4.31851e-06 seconds or  9966.77 MUPD/s or  119.601 GB/s
STREAM triad of size    47296 : min/avg/max: 4.48847e-06 4.49236e-06 4.49671e-06 seconds or  10537.2 MUPD/s or  126.447 GB/s
STREAM triad of size    52032 : min/avg/max: 4.89804e-06 4.90529e-06 4.91299e-06 seconds or    10623 MUPD/s or  127.476 GB/s
STREAM triad of size    57240 : min/avg/max:   5.117e-06  5.1197e-06 5.12299e-06 seconds or  11186.2 MUPD/s or  134.235 GB/s
STREAM triad of size    62968 : min/avg/max: 5.57591e-06 5.58005e-06 5.58278e-06 seconds or  11292.9 MUPD/s or  135.514 GB/s
STREAM triad of size    69272 : min/avg/max: 5.88051e-06 5.88259e-06 5.88419e-06 seconds or  11779.9 MUPD/s or  141.359 GB/s
STREAM triad of size    76200 : min/avg/max: 6.36943e-06 6.37168e-06   6.378e-06 seconds or  11963.4 MUPD/s or  143.561 GB/s
STREAM triad of size    83824 : min/avg/max: 6.85583e-06  6.8649e-06 6.97617e-06 seconds or  12226.7 MUPD/s or   146.72 GB/s
STREAM triad of size    92208 : min/avg/max: 7.31178e-06 7.36656e-06 7.40137e-06 seconds or  12610.9 MUPD/s or  151.331 GB/s
STREAM triad of size   101432 : min/avg/max: 7.88801e-06 7.89121e-06 7.89505e-06 seconds or    12859 MUPD/s or  154.308 GB/s
STREAM triad of size   111576 : min/avg/max: 8.55915e-06 8.56111e-06 8.56538e-06 seconds or  13035.9 MUPD/s or   156.43 GB/s
STREAM triad of size   122736 : min/avg/max: 9.23734e-06 9.24119e-06 9.24558e-06 seconds or  13286.9 MUPD/s or  159.443 GB/s
STREAM triad of size   135016 : min/avg/max: 1.01383e-05 1.01402e-05 1.01427e-05 seconds or  13317.4 MUPD/s or  159.809 GB/s
STREAM triad of size   148520 : min/avg/max: 1.09292e-05 1.09319e-05 1.09367e-05 seconds or  13589.3 MUPD/s or  163.071 GB/s
STREAM triad of size   163376 : min/avg/max: 1.18628e-05 1.18665e-05  1.1869e-05 seconds or  13772.1 MUPD/s or  165.266 GB/s
STREAM triad of size   179720 : min/avg/max: 1.29069e-05 1.29143e-05   1.292e-05 seconds or  13924.4 MUPD/s or  167.092 GB/s
STREAM triad of size   197696 : min/avg/max: 1.40793e-05 1.40826e-05 1.40871e-05 seconds or  14041.6 MUPD/s or  168.499 GB/s
STREAM triad of size   217472 : min/avg/max: 1.53345e-05 1.53389e-05 1.53454e-05 seconds or  14181.9 MUPD/s or  170.183 GB/s
STREAM triad of size   239224 : min/avg/max: 1.67072e-05 1.67128e-05 1.67209e-05 seconds or  14318.6 MUPD/s or  171.824 GB/s
STREAM triad of size   263152 : min/avg/max: 1.81781e-05 1.81833e-05  1.8193e-05 seconds or  14476.3 MUPD/s or  173.716 GB/s
STREAM triad of size   289472 : min/avg/max: 1.99013e-05 1.99054e-05 1.99141e-05 seconds or  14545.4 MUPD/s or  174.545 GB/s
STREAM triad of size   318424 : min/avg/max: 2.17261e-05  2.1734e-05  2.1752e-05 seconds or  14656.3 MUPD/s or  175.875 GB/s
STREAM triad of size   350272 : min/avg/max: 2.82887e-05 2.83457e-05  2.8652e-05 seconds or    12382 MUPD/s or  148.584 GB/s
STREAM triad of size   385304 : min/avg/max: 3.56636e-05 3.58765e-05 3.62063e-05 seconds or  10803.8 MUPD/s or  129.646 GB/s
STREAM triad of size   423840 : min/avg/max: 3.90335e-05 3.90872e-05 3.91397e-05 seconds or  10858.4 MUPD/s or  130.301 GB/s
STREAM triad of size   466232 : min/avg/max:  4.2912e-05 4.29602e-05  4.2997e-05 seconds or  10864.8 MUPD/s or  130.378 GB/s
STREAM triad of size   512856 : min/avg/max: 4.68617e-05  4.6908e-05 4.69668e-05 seconds or    10944 MUPD/s or  131.329 GB/s
STREAM triad of size   564144 : min/avg/max:  5.1428e-05 5.14988e-05 5.16218e-05 seconds or  10969.6 MUPD/s or  131.635 GB/s
STREAM triad of size   620560 : min/avg/max: 5.63818e-05 5.64479e-05 5.65008e-05 seconds or  11006.4 MUPD/s or  132.077 GB/s
STREAM triad of size   682624 : min/avg/max: 6.17892e-05 6.18544e-05 6.19219e-05 seconds or  11047.6 MUPD/s or  132.571 GB/s
STREAM triad of size   750888 : min/avg/max: 6.77194e-05 6.77749e-05 6.78686e-05 seconds or  11088.2 MUPD/s or  133.059 GB/s
STREAM triad of size   825984 : min/avg/max: 7.42034e-05 7.42806e-05 7.43565e-05 seconds or  11131.3 MUPD/s or  133.576 GB/s
STREAM triad of size   908584 : min/avg/max: 8.14053e-05 8.14697e-05 8.15942e-05 seconds or  11161.2 MUPD/s or  133.935 GB/s
STREAM triad of size   999448 : min/avg/max: 8.94833e-05 8.95509e-05 8.96294e-05 seconds or  11169.1 MUPD/s or  134.029 GB/s
STREAM triad of size  1099400 : min/avg/max:  9.7361e-05 9.74641e-05 9.76059e-05 seconds or    11292 MUPD/s or  135.504 GB/s
STREAM triad of size  1209344 : min/avg/max: 0.000106919 0.000107039 0.000107108 seconds or  11310.8 MUPD/s or   135.73 GB/s
STREAM triad of size  1330280 : min/avg/max: 0.000117491 0.000117591 0.000117675 seconds or  11322.4 MUPD/s or  135.868 GB/s
STREAM triad of size  1463312 : min/avg/max: 0.000128925 0.000129086 0.000129213 seconds or  11350.1 MUPD/s or  136.201 GB/s
STREAM triad of size  1609648 : min/avg/max:  0.00014255 0.000142668 0.000142842 seconds or  11291.8 MUPD/s or  135.502 GB/s
STREAM triad of size  1770616 : min/avg/max: 0.000156718 0.000156849 0.000156985 seconds or  11298.1 MUPD/s or  135.578 GB/s
STREAM triad of size  1947680 : min/avg/max: 0.000172065 0.000172278 0.000172445 seconds or  11319.4 MUPD/s or  135.833 GB/s
STREAM triad of size  2142456 : min/avg/max: 0.000187348 0.000187567 0.000187833 seconds or  11435.7 MUPD/s or  137.229 GB/s
STREAM triad of size  2356704 : min/avg/max: 0.000205885 0.000206089 0.000206281 seconds or  11446.7 MUPD/s or   137.36 GB/s
STREAM triad of size  2592376 : min/avg/max: 0.000226617 0.000226819 0.000227077 seconds or  11439.4 MUPD/s or  137.273 GB/s
STREAM triad of size  2851616 : min/avg/max: 0.000251144 0.000251355 0.000251619 seconds or  11354.5 MUPD/s or  136.254 GB/s
STREAM triad of size  3136784 : min/avg/max: 0.000275781 0.000276063 0.000276288 seconds or  11374.2 MUPD/s or   136.49 GB/s
STREAM triad of size  3450464 : min/avg/max: 0.000302067 0.000302321 0.000302607 seconds or  11422.9 MUPD/s or  137.074 GB/s
STREAM triad of size  3795512 : min/avg/max: 0.000332263 0.000332517 0.000332994 seconds or  11423.2 MUPD/s or  137.078 GB/s
STREAM triad of size  4175064 : min/avg/max: 0.000366523 0.000366733 0.000367185 seconds or    11391 MUPD/s or  136.692 GB/s
STREAM triad of size  4592576 : min/avg/max: 0.000401313 0.000401762 0.000402411 seconds or  11443.9 MUPD/s or  137.327 GB/s
STREAM triad of size  5051840 : min/avg/max: 0.000440211 0.000440584 0.000441227 seconds or    11476 MUPD/s or  137.712 GB/s
STREAM triad of size  5557032 : min/avg/max: 0.000486016 0.000486455 0.000487499 seconds or  11433.9 MUPD/s or  137.206 GB/s
STREAM triad of size  6112736 : min/avg/max: 0.000535055 0.000535732 0.000536674 seconds or  11424.5 MUPD/s or  137.094 GB/s
STREAM triad of size  6724016 : min/avg/max: 0.000588853 0.000589621 0.000590921 seconds or  11418.8 MUPD/s or  137.026 GB/s
STREAM triad of size  7396424 : min/avg/max: 0.000647507 0.000648248 0.000650375 seconds or  11422.9 MUPD/s or  137.075 GB/s
STREAM triad of size  8136072 : min/avg/max: 0.000713427 0.000714324 0.000716529 seconds or  11404.2 MUPD/s or  136.851 GB/s
STREAM triad of size  8949680 : min/avg/max: 0.000780906 0.000781837 0.000784137 seconds or  11460.6 MUPD/s or  137.528 GB/s
STREAM triad of size  9844656 : min/avg/max: 0.000859824 0.000861043 0.000863788 seconds or  11449.6 MUPD/s or  137.395 GB/s
STREAM triad of size 10829128 : min/avg/max: 0.000947435 0.000948371  0.00095177 seconds or  11429.9 MUPD/s or  137.159 GB/s
STREAM triad of size 11912048 : min/avg/max:  0.00103623  0.00103772  0.00104184 seconds or  11495.5 MUPD/s or  137.947 GB/s
STREAM triad of size 13103256 : min/avg/max:  0.00113834  0.00114001  0.00114503 seconds or  11510.8 MUPD/s or   138.13 GB/s
STREAM triad of size 14413584 : min/avg/max:  0.00125639  0.00125813   0.0012643 seconds or  11472.2 MUPD/s or  137.666 GB/s
STREAM triad of size 15854944 : min/avg/max:    0.001384  0.00138594  0.00138975 seconds or  11455.9 MUPD/s or   137.47 GB/s
STREAM triad of size 17440440 : min/avg/max:  0.00151115  0.00151356  0.00151989 seconds or  11541.2 MUPD/s or  138.494 GB/s
STREAM triad of size 19184488 : min/avg/max:  0.00167058  0.00167273  0.00167983 seconds or  11483.7 MUPD/s or  137.805 GB/s
STREAM triad of size 21102944 : min/avg/max:  0.00182926  0.00183172  0.00184046 seconds or  11536.3 MUPD/s or  138.436 GB/s
STREAM triad of size 23213240 : min/avg/max:  0.00201809  0.00202053  0.00202935 seconds or  11502.6 MUPD/s or  138.031 GB/s
STREAM triad of size 25534568 : min/avg/max:  0.00222569  0.00222963   0.0022404 seconds or  11472.7 MUPD/s or  137.672 GB/s
STREAM triad of size 28088032 : min/avg/max:  0.00244585  0.00245007  0.00246036 seconds or  11483.9 MUPD/s or  137.807 GB/s
STREAM triad of size 30896840 : min/avg/max:  0.00269009  0.00269353   0.0027072 seconds or  11485.4 MUPD/s or  137.825 GB/s
STREAM triad of size 33986528 : min/avg/max:  0.00295704  0.00296363  0.00297701 seconds or  11493.4 MUPD/s or  137.921 GB/s
STREAM triad of size 37385184 : min/avg/max:  0.00323655  0.00324137  0.00325449 seconds or  11550.9 MUPD/s or  138.611 GB/s
STREAM triad of size 41123704 : min/avg/max:  0.00357608   0.0035794    0.003594 seconds or  11499.7 MUPD/s or  137.996 GB/s
STREAM triad of size 45236080 : min/avg/max:  0.00393629  0.00394311  0.00395676 seconds or  11492.1 MUPD/s or  137.905 GB/s
STREAM triad of size 49759696 : min/avg/max:  0.00431106  0.00431887  0.00433485 seconds or  11542.3 MUPD/s or  138.508 GB/s
STREAM triad of size 54735672 : min/avg/max:  0.00477499   0.0047831  0.00481717 seconds or    11463 MUPD/s or  137.556 GB/s
STREAM triad of size 60209240 : min/avg/max:  0.00523464  0.00524309  0.00527453 seconds or  11502.1 MUPD/s or  138.025 GB/s
STREAM triad of size 66230168 : min/avg/max:   0.0057254  0.00573579  0.00577124 seconds or  11567.8 MUPD/s or  138.813 GB/s
STREAM triad of size 72853192 : min/avg/max:  0.00634104  0.00634769  0.00637952 seconds or  11489.1 MUPD/s or   137.87 GB/s
STREAM triad of size 80138512 : min/avg/max:  0.00697999  0.00698838  0.00702737 seconds or  11481.2 MUPD/s or  137.774 GB/s
STREAM triad of size 88152368 : min/avg/max:  0.00767945  0.00768697  0.00772567 seconds or    11479 MUPD/s or  137.748 GB/s
STREAM triad of size 96967608 : min/avg/max:  0.00842691  0.00843738  0.00847901 seconds or  11506.9 MUPD/s or  138.083 GB/s
